{"level":"info","message":{"action":"findUnique","duration":"2ms","model":"DynamicField"},"timestamp":"2024-12-25T18:33:17.019Z"}
{"level":"info","message":{"action":"create","duration":"4ms","model":"DynamicField"},"timestamp":"2024-12-25T18:33:17.060Z"}
{"level":"info","message":{"action":"findUnique","duration":"1ms","model":"DynamicField"},"timestamp":"2024-12-25T18:33:28.029Z"}
{"level":"info","message":{"action":"create","duration":"4ms","model":"DynamicField"},"timestamp":"2024-12-25T18:33:28.034Z"}
{"level":"info","message":{"action":"findUnique","duration":"68ms","model":"DynamicField"},"timestamp":"2024-12-25T18:33:53.109Z"}
{"level":"info","message":{"action":"create","duration":"1ms","model":"DynamicField"},"timestamp":"2024-12-25T18:33:53.111Z"}
{"level":"info","message":{"action":"delete","duration":"4ms","model":"DynamicField"},"timestamp":"2024-12-25T18:33:57.675Z"}
{"level":"info","message":{"action":"findUnique","duration":"2ms","model":"DynamicField"},"timestamp":"2024-12-25T18:34:50.057Z"}
{"level":"info","message":{"action":"findUnique","duration":"1ms","model":"DynamicField"},"timestamp":"2024-12-25T18:35:54.751Z"}
{"level":"info","message":{"action":"findUnique","duration":"1ms","model":"DynamicField"},"timestamp":"2024-12-25T18:36:16.217Z"}
{"level":"info","message":{"action":"create","duration":"2ms","model":"DynamicField"},"timestamp":"2024-12-25T18:36:16.219Z"}
{"level":"info","message":{"action":"delete","duration":"4ms","model":"DynamicField"},"timestamp":"2024-12-25T18:36:20.681Z"}
{"level":"info","message":{"action":"delete","duration":"3ms","model":"DynamicField"},"timestamp":"2024-12-25T18:38:40.772Z"}
{"level":"info","message":{"action":"delete","duration":"5ms","model":"DynamicField"},"timestamp":"2024-12-25T18:38:56.759Z"}
{"level":"info","message":{"action":"findUnique","duration":"1ms","model":"DynamicField"},"timestamp":"2024-12-25T18:39:05.599Z"}
{"level":"info","message":{"action":"create","duration":"4ms","model":"DynamicField"},"timestamp":"2024-12-25T18:39:05.603Z"}
{"level":"info","message":{"action":"findUnique","duration":"1ms","model":"DynamicField"},"timestamp":"2024-12-25T18:39:15.009Z"}
{"level":"info","message":{"action":"create","duration":"13ms","model":"DynamicField"},"timestamp":"2024-12-25T18:39:15.023Z"}
{"level":"info","message":{"action":"delete","duration":"4ms","model":"DynamicField"},"timestamp":"2024-12-25T18:41:21.120Z"}
{"level":"info","message":{"action":"findUnique","duration":"1ms","model":"DynamicField"},"timestamp":"2024-12-25T18:41:33.319Z"}
{"level":"info","message":{"action":"create","duration":"5ms","model":"DynamicField"},"timestamp":"2024-12-25T18:41:33.324Z"}
{"level":"info","message":{"action":"delete","duration":"4ms","model":"DynamicField"},"timestamp":"2024-12-25T18:41:42.668Z"}
{"level":"info","message":{"action":"delete","duration":"5ms","model":"DynamicField"},"timestamp":"2024-12-25T18:41:44.587Z"}
{"level":"info","message":{"action":"findFirst","duration":"414ms","model":"User"},"timestamp":"2024-12-26T15:49:57.480Z"}
{"level":"info","message":{"action":"findFirst","duration":"45ms","model":"User"},"timestamp":"2024-12-26T15:55:11.680Z"}
{"level":"info","message":{"action":"findFirst","duration":"13ms","model":"User"},"timestamp":"2024-12-26T15:58:46.604Z"}
{"level":"info","message":{"action":"findFirst","duration":"4ms","model":"masterUser"},"timestamp":"2024-12-26T15:58:46.609Z"}
{"level":"info","message":{"action":"update","duration":"173ms","model":"User"},"timestamp":"2024-12-26T15:58:46.854Z"}
{"level":"info","message":{"action":"create","duration":"11ms","model":"NetworkLog"},"timestamp":"2024-12-26T15:58:47.853Z"}
{"level":"info","message":{"action":"findFirst","duration":"2ms","model":"User"},"timestamp":"2024-12-26T16:02:00.649Z"}
{"level":"info","message":{"action":"findFirst","duration":"3ms","model":"masterUser"},"timestamp":"2024-12-26T16:02:00.652Z"}
{"level":"info","message":{"action":"update","duration":"6ms","model":"User"},"timestamp":"2024-12-26T16:02:00.741Z"}
{"level":"info","message":{"action":"create","duration":"4ms","model":"NetworkLog"},"timestamp":"2024-12-26T16:02:01.315Z"}
{"level":"info","message":{"action":"findFirst","duration":"2ms","model":"User"},"timestamp":"2024-12-26T16:02:27.390Z"}
{"level":"info","message":{"action":"findFirst","duration":"1ms","model":"masterUser"},"timestamp":"2024-12-26T16:02:27.392Z"}
{"level":"info","message":{"action":"update","duration":"4ms","model":"User"},"timestamp":"2024-12-26T16:02:27.469Z"}
{"level":"info","message":{"action":"create","duration":"6ms","model":"NetworkLog"},"timestamp":"2024-12-26T16:02:28.507Z"}
{"level":"info","message":{"action":"findFirst","duration":"2ms","model":"User"},"timestamp":"2024-12-26T16:03:37.488Z"}
{"level":"info","message":{"action":"findFirst","duration":"1ms","model":"masterUser"},"timestamp":"2024-12-26T16:03:37.490Z"}
{"level":"info","message":{"action":"update","duration":"6ms","model":"User"},"timestamp":"2024-12-26T16:03:37.566Z"}
{"level":"info","message":{"action":"create","duration":"4ms","model":"NetworkLog"},"timestamp":"2024-12-26T16:03:37.925Z"}
{"level":"info","message":{"action":"findFirst","duration":"12ms","model":"User"},"timestamp":"2024-12-26T16:05:03.254Z"}
{"level":"info","message":{"action":"findFirst","duration":"3ms","model":"masterUser"},"timestamp":"2024-12-26T16:05:03.258Z"}
{"level":"info","message":{"action":"update","duration":"7ms","model":"User"},"timestamp":"2024-12-26T16:05:03.340Z"}
{"level":"info","message":{"action":"create","duration":"5ms","model":"NetworkLog"},"timestamp":"2024-12-26T16:05:04.015Z"}
{"level":"info","message":{"action":"findFirst","duration":"2ms","model":"User"},"timestamp":"2024-12-26T16:06:44.641Z"}
{"level":"info","message":{"action":"findFirst","duration":"1ms","model":"masterUser"},"timestamp":"2024-12-26T16:06:44.642Z"}
{"level":"info","message":{"action":"update","duration":"5ms","model":"User"},"timestamp":"2024-12-26T16:06:44.717Z"}
{"level":"info","message":{"action":"create","duration":"4ms","model":"NetworkLog"},"timestamp":"2024-12-26T16:06:45.212Z"}
{"level":"info","message":{"action":"findFirst","duration":"2ms","model":"User"},"timestamp":"2024-12-26T16:07:21.914Z"}
{"level":"info","message":{"action":"findFirst","duration":"2ms","model":"masterUser"},"timestamp":"2024-12-26T16:07:21.916Z"}
{"level":"info","message":{"action":"update","duration":"5ms","model":"User"},"timestamp":"2024-12-26T16:07:21.990Z"}
{"level":"info","message":{"action":"create","duration":"5ms","model":"NetworkLog"},"timestamp":"2024-12-26T16:07:22.401Z"}
{"level":"info","message":{"action":"findUnique","duration":"2ms","model":"User"},"timestamp":"2024-12-26T16:07:22.418Z"}
{"level":"info","message":{"action":"findUnique","duration":"2ms","model":"masterUser"},"timestamp":"2024-12-26T16:07:22.420Z"}
{"level":"info","message":{"action":"findMany","duration":"10ms","model":"Patient"},"timestamp":"2024-12-26T16:07:22.490Z"}
{"level":"info","message":"Fetched 3 patients from the database.","timestamp":"2024-12-26T16:07:22.491Z"}
{"level":"info","message":{"action":"findMany","duration":"38ms","model":"masterUser"},"timestamp":"2024-12-26T16:07:22.521Z"}
{"level":"info","message":{"action":"findFirst","duration":"1ms","model":"User"},"timestamp":"2024-12-26T16:08:13.943Z"}
{"level":"info","message":{"action":"findFirst","duration":"12ms","model":"User"},"timestamp":"2024-12-26T16:23:35.921Z"}
{"level":"info","message":{"action":"findFirst","duration":"2ms","model":"masterUser"},"timestamp":"2024-12-26T16:23:35.925Z"}
{"level":"info","message":{"action":"findFirst","duration":"13ms","model":"User"},"timestamp":"2024-12-26T16:26:59.904Z"}
{"level":"info","message":{"action":"findFirst","duration":"2ms","model":"masterUser"},"timestamp":"2024-12-26T16:26:59.908Z"}
{"level":"info","message":{"action":"update","duration":"5ms","model":"User"},"timestamp":"2024-12-26T16:26:59.984Z"}
{"level":"info","message":{"action":"create","duration":"4ms","model":"NetworkLog"},"timestamp":"2024-12-26T16:27:00.613Z"}
{"level":"info","message":{"action":"findUnique","duration":"2ms","model":"User"},"timestamp":"2024-12-26T16:27:15.504Z"}
{"level":"info","message":{"action":"findUnique","duration":"2ms","model":"masterUser"},"timestamp":"2024-12-26T16:27:15.506Z"}
{"level":"info","message":{"action":"findMany","duration":"3ms","model":"masterUser"},"timestamp":"2024-12-26T16:27:15.559Z"}
{"level":"info","message":{"action":"findMany","duration":"4ms","model":"Patient"},"timestamp":"2024-12-26T16:27:15.562Z"}
{"level":"info","message":"Fetched 3 patients from the database.","timestamp":"2024-12-26T16:27:15.563Z"}
{"level":"info","message":{"action":"findFirst","duration":"1ms","model":"User"},"timestamp":"2024-12-26T16:28:08.599Z"}
{"level":"info","message":{"action":"update","duration":"5ms","model":"User"},"timestamp":"2024-12-26T16:28:08.604Z"}
{"level":"info","message":{"action":"findFirst","duration":"2ms","model":"User"},"timestamp":"2024-12-26T16:28:11.794Z"}
{"level":"info","message":{"action":"findFirst","duration":"1ms","model":"masterUser"},"timestamp":"2024-12-26T16:28:11.795Z"}
{"level":"info","message":{"action":"findFirst","duration":"1ms","model":"User"},"timestamp":"2024-12-26T16:28:17.709Z"}
{"level":"info","message":{"action":"findFirst","duration":"1ms","model":"masterUser"},"timestamp":"2024-12-26T16:28:17.711Z"}
{"level":"info","message":{"action":"update","duration":"7ms","model":"User"},"timestamp":"2024-12-26T16:28:17.787Z"}
{"level":"info","message":{"action":"create","duration":"6ms","model":"NetworkLog"},"timestamp":"2024-12-26T16:28:18.227Z"}
{"level":"info","message":{"action":"findUnique","duration":"2ms","model":"User"},"timestamp":"2024-12-26T16:28:20.788Z"}
{"level":"info","message":{"action":"findUnique","duration":"1ms","model":"masterUser"},"timestamp":"2024-12-26T16:28:20.789Z"}
{"level":"info","message":{"action":"findMany","duration":"2ms","model":"masterUser"},"timestamp":"2024-12-26T16:28:20.810Z"}
{"level":"info","message":{"action":"findMany","duration":"2ms","model":"Patient"},"timestamp":"2024-12-26T16:28:20.815Z"}
{"level":"info","message":"Fetched 3 patients from the database.","timestamp":"2024-12-26T16:28:20.815Z"}
{"level":"info","message":{"action":"findFirst","duration":"2ms","model":"User"},"timestamp":"2024-12-26T16:28:37.821Z"}
{"level":"info","message":{"action":"update","duration":"5ms","model":"User"},"timestamp":"2024-12-26T16:28:37.826Z"}
{"level":"info","message":{"action":"findFirst","duration":"2ms","model":"User"},"timestamp":"2024-12-26T16:28:57.009Z"}
{"level":"info","message":{"action":"findFirst","duration":"1ms","model":"masterUser"},"timestamp":"2024-12-26T16:28:57.010Z"}
{"level":"info","message":{"action":"update","duration":"3ms","model":"User"},"timestamp":"2024-12-26T16:28:57.084Z"}
{"level":"info","message":{"action":"create","duration":"6ms","model":"NetworkLog"},"timestamp":"2024-12-26T16:28:57.853Z"}
{"level":"info","message":{"action":"findUnique","duration":"1ms","model":"User"},"timestamp":"2024-12-26T16:29:03.239Z"}
{"level":"info","message":{"action":"findUnique","duration":"1ms","model":"masterUser"},"timestamp":"2024-12-26T16:29:03.240Z"}
{"level":"info","message":{"action":"findMany","duration":"9ms","model":"masterUser"},"timestamp":"2024-12-26T16:29:03.302Z"}
{"level":"info","message":{"action":"findMany","duration":"16ms","model":"Patient"},"timestamp":"2024-12-26T16:29:03.309Z"}
{"level":"info","message":"Fetched 3 patients from the database.","timestamp":"2024-12-26T16:29:03.309Z"}
{"level":"info","message":{"action":"findMany","duration":"16ms","model":"masterUser"},"timestamp":"2024-12-26T16:34:41.770Z"}
{"level":"info","message":{"action":"findMany","duration":"26ms","model":"Patient"},"timestamp":"2024-12-26T16:34:41.783Z"}
{"level":"info","message":"Fetched 3 patients from the database.","timestamp":"2024-12-26T16:34:41.783Z"}
{"level":"info","message":{"action":"findFirst","duration":"2ms","model":"User"},"timestamp":"2024-12-26T16:34:43.955Z"}
{"level":"info","message":{"action":"update","duration":"6ms","model":"User"},"timestamp":"2024-12-26T16:34:43.961Z"}
{"level":"info","message":{"action":"findFirst","duration":"1ms","model":"User"},"timestamp":"2024-12-26T16:34:58.727Z"}
{"level":"info","message":{"action":"findFirst","duration":"2ms","model":"masterUser"},"timestamp":"2024-12-26T16:34:58.729Z"}
{"level":"info","message":{"action":"update","duration":"6ms","model":"User"},"timestamp":"2024-12-26T16:34:58.803Z"}
{"level":"info","message":{"action":"create","duration":"4ms","model":"NetworkLog"},"timestamp":"2024-12-26T16:34:59.369Z"}
{"level":"info","message":{"action":"findUnique","duration":"3ms","model":"User"},"timestamp":"2024-12-26T16:35:01.911Z"}
{"level":"info","message":{"action":"findUnique","duration":"1ms","model":"masterUser"},"timestamp":"2024-12-26T16:35:01.913Z"}
{"level":"info","message":{"action":"findMany","duration":"3ms","model":"masterUser"},"timestamp":"2024-12-26T16:35:01.958Z"}
{"level":"info","message":{"action":"findMany","duration":"4ms","model":"Patient"},"timestamp":"2024-12-26T16:35:01.960Z"}
{"level":"info","message":"Fetched 3 patients from the database.","timestamp":"2024-12-26T16:35:01.961Z"}
{"level":"info","message":{"action":"findFirst","duration":"1ms","model":"User"},"timestamp":"2024-12-26T16:35:32.904Z"}
{"level":"info","message":{"action":"update","duration":"5ms","model":"User"},"timestamp":"2024-12-26T16:35:32.909Z"}
{"level":"info","message":{"action":"findFirst","duration":"12ms","model":"User"},"timestamp":"2024-12-26T16:40:08.671Z"}
{"level":"info","message":{"action":"findFirst","duration":"2ms","model":"masterUser"},"timestamp":"2024-12-26T16:40:08.675Z"}
{"level":"info","message":{"action":"update","duration":"5ms","model":"User"},"timestamp":"2024-12-26T16:40:08.754Z"}
{"level":"info","message":{"action":"create","duration":"6ms","model":"NetworkLog"},"timestamp":"2024-12-26T16:40:09.538Z"}
{"level":"info","message":{"action":"findFirst","duration":"13ms","model":"User"},"timestamp":"2024-12-26T16:46:56.444Z"}
{"level":"info","message":{"action":"findFirst","duration":"2ms","model":"masterUser"},"timestamp":"2024-12-26T16:46:56.447Z"}
{"level":"info","message":{"action":"update","duration":"7ms","model":"User"},"timestamp":"2024-12-26T16:46:56.527Z"}
{"level":"info","message":{"action":"create","duration":"7ms","model":"NetworkLog"},"timestamp":"2024-12-26T16:46:57.012Z"}
{"level":"info","message":{"action":"findFirst","duration":"2ms","model":"User"},"timestamp":"2024-12-26T16:48:11.700Z"}
{"level":"info","message":{"action":"findFirst","duration":"1ms","model":"masterUser"},"timestamp":"2024-12-26T16:48:11.701Z"}
{"level":"info","message":{"action":"update","duration":"4ms","model":"User"},"timestamp":"2024-12-26T16:48:11.771Z"}
{"level":"info","message":{"action":"create","duration":"7ms","model":"NetworkLog"},"timestamp":"2024-12-26T16:48:12.127Z"}
{"level":"info","message":{"action":"findUnique","duration":"3ms","model":"User"},"timestamp":"2024-12-26T16:48:14.410Z"}
{"level":"info","message":{"action":"findUnique","duration":"2ms","model":"masterUser"},"timestamp":"2024-12-26T16:48:14.413Z"}
{"level":"info","message":{"action":"update","duration":"3ms","model":"User"},"timestamp":"2024-12-26T16:48:14.420Z"}
