{"level":"info","message":{"action":"findFirst","duration":"455ms","model":"User"},"timestamp":"2025-01-06T15:32:16.586Z"}
{"level":"info","message":{"action":"findFirst","duration":"8ms","model":"masterUser"},"timestamp":"2025-01-06T15:32:16.596Z"}
{"level":"info","message":{"action":"update","duration":"66ms","model":"User"},"timestamp":"2025-01-06T15:32:16.748Z"}
{"level":"info","message":{"action":"create","duration":"26ms","model":"NetworkLog"},"timestamp":"2025-01-06T15:32:31.002Z"}
{"level":"info","message":{"action":"findUnique","duration":"24ms","model":"User"},"timestamp":"2025-01-06T15:32:49.211Z"}
{"level":"info","message":{"action":"findUnique","duration":"3ms","model":"masterUser"},"timestamp":"2025-01-06T15:32:49.215Z"}
{"level":"info","message":{"action":"update","duration":"5ms","model":"User"},"timestamp":"2025-01-06T15:32:49.224Z"}
{"level":"info","message":{"action":"findUnique","duration":"1ms","model":"User"},"timestamp":"2025-01-06T15:32:49.239Z"}
{"level":"info","message":{"action":"findUnique","duration":"2ms","model":"masterUser"},"timestamp":"2025-01-06T15:32:49.241Z"}
{"level":"info","message":{"action":"findMany","duration":"194ms","model":"masterUser"},"timestamp":"2025-01-06T15:32:49.507Z"}
{"level":"info","message":{"action":"findFirst","duration":"2ms","model":"User"},"timestamp":"2025-01-06T15:32:53.391Z"}
{"level":"info","message":{"action":"update","duration":"3ms","model":"User"},"timestamp":"2025-01-06T15:32:53.394Z"}
{"level":"info","message":{"action":"findFirst","duration":"14ms","model":"User"},"timestamp":"2025-01-06T15:35:31.456Z"}
{"level":"info","message":{"action":"findFirst","duration":"2ms","model":"masterUser"},"timestamp":"2025-01-06T15:35:31.459Z"}
{"level":"info","message":{"action":"update","duration":"6ms","model":"User"},"timestamp":"2025-01-06T15:35:31.543Z"}
{"level":"info","message":{"action":"create","duration":"4ms","model":"NetworkLog"},"timestamp":"2025-01-06T15:35:32.467Z"}
{"level":"info","message":{"action":"findUnique","duration":"2ms","model":"User"},"timestamp":"2025-01-06T15:35:37.597Z"}
{"level":"info","message":{"action":"findUnique","duration":"2ms","model":"masterUser"},"timestamp":"2025-01-06T15:35:37.599Z"}
{"level":"info","message":{"action":"update","duration":"9ms","model":"User"},"timestamp":"2025-01-06T15:35:37.613Z"}
{"level":"info","message":{"action":"findUnique","duration":"3ms","model":"User"},"timestamp":"2025-01-06T15:35:37.628Z"}
{"level":"info","message":{"action":"findUnique","duration":"2ms","model":"masterUser"},"timestamp":"2025-01-06T15:35:37.631Z"}
{"level":"info","message":{"action":"findMany","duration":"2ms","model":"masterUser"},"timestamp":"2025-01-06T15:35:37.663Z"}
{"level":"info","message":{"action":"findFirst","duration":"1ms","model":"User"},"timestamp":"2025-01-06T15:35:41.710Z"}
{"level":"info","message":{"action":"update","duration":"5ms","model":"User"},"timestamp":"2025-01-06T15:35:41.715Z"}
{"level":"info","message":{"action":"findFirst","duration":"14ms","model":"User"},"timestamp":"2025-01-06T16:01:01.546Z"}
{"level":"info","message":{"action":"findFirst","duration":"2ms","model":"masterUser"},"timestamp":"2025-01-06T16:01:01.552Z"}
{"level":"info","message":{"action":"update","duration":"6ms","model":"User"},"timestamp":"2025-01-06T16:01:01.635Z"}
{"level":"info","message":{"action":"create","duration":"5ms","model":"NetworkLog"},"timestamp":"2025-01-06T16:01:02.652Z"}
{"level":"info","message":{"action":"findUnique","duration":"2ms","model":"User"},"timestamp":"2025-01-06T16:01:04.689Z"}
{"level":"info","message":{"action":"findUnique","duration":"1ms","model":"masterUser"},"timestamp":"2025-01-06T16:01:04.691Z"}
{"level":"info","message":{"action":"update","duration":"5ms","model":"User"},"timestamp":"2025-01-06T16:01:04.700Z"}
{"level":"info","message":{"action":"findUnique","duration":"2ms","model":"User"},"timestamp":"2025-01-06T16:01:04.715Z"}
{"level":"info","message":{"action":"findUnique","duration":"2ms","model":"masterUser"},"timestamp":"2025-01-06T16:01:04.718Z"}
{"level":"info","message":{"action":"findMany","duration":"14ms","model":"masterUser"},"timestamp":"2025-01-06T16:01:04.778Z"}
{"level":"info","message":{"action":"findFirst","duration":"2ms","model":"User"},"timestamp":"2025-01-06T16:01:08.366Z"}
{"level":"info","message":{"action":"update","duration":"3ms","model":"User"},"timestamp":"2025-01-06T16:01:08.369Z"}
{"level":"info","message":{"action":"findFirst","duration":"459ms","model":"User"},"timestamp":"2025-01-06T16:29:06.818Z"}
{"level":"info","message":{"action":"findFirst","duration":"2ms","model":"masterUser"},"timestamp":"2025-01-06T16:29:06.822Z"}
{"level":"info","message":{"action":"update","duration":"27ms","model":"User"},"timestamp":"2025-01-06T16:29:06.952Z"}
{"level":"info","message":{"action":"findUnique","duration":"2ms","model":"User"},"timestamp":"2025-01-06T16:29:09.023Z"}
{"level":"info","message":{"action":"findFirst","duration":"12ms","model":"User"},"timestamp":"2025-01-06T16:30:55.584Z"}
{"level":"info","message":{"action":"findFirst","duration":"2ms","model":"masterUser"},"timestamp":"2025-01-06T16:30:55.588Z"}
{"level":"info","message":{"action":"update","duration":"6ms","model":"User"},"timestamp":"2025-01-06T16:30:55.665Z"}
{"level":"info","message":{"action":"findUnique","duration":"3ms","model":"User"},"timestamp":"2025-01-06T16:31:04.073Z"}
{"level":"info","message":{"action":"findFirst","duration":"12ms","model":"User"},"timestamp":"2025-01-06T16:32:24.549Z"}
{"level":"info","message":{"action":"findFirst","duration":"2ms","model":"masterUser"},"timestamp":"2025-01-06T16:32:24.553Z"}
{"level":"info","message":{"action":"update","duration":"5ms","model":"User"},"timestamp":"2025-01-06T16:32:24.629Z"}
{"level":"info","message":{"action":"findUnique","duration":"2ms","model":"User"},"timestamp":"2025-01-06T16:32:26.475Z"}
{"level":"info","message":{"action":"update","duration":"22ms","model":"User"},"timestamp":"2025-01-06T16:32:26.501Z"}
{"level":"info","message":{"action":"findUnique","duration":"1ms","model":"User"},"timestamp":"2025-01-06T16:32:26.518Z"}
{"level":"info","message":{"action":"findMany","duration":"39ms","model":"masterUser"},"timestamp":"2025-01-06T16:32:26.585Z"}
{"level":"info","message":{"action":"findFirst","duration":"2ms","model":"User"},"timestamp":"2025-01-06T16:32:28.846Z"}
{"level":"info","message":{"action":"update","duration":"42ms","model":"User"},"timestamp":"2025-01-06T16:32:28.889Z"}
{"level":"info","message":{"action":"findFirst","duration":"13ms","model":"User"},"timestamp":"2025-01-06T16:37:52.400Z"}
{"level":"info","message":{"action":"findFirst","duration":"3ms","model":"masterUser"},"timestamp":"2025-01-06T16:37:52.404Z"}
{"level":"info","message":{"action":"update","duration":"8ms","model":"User"},"timestamp":"2025-01-06T16:37:52.481Z"}
{"level":"info","message":{"action":"findUnique","duration":"1ms","model":"User"},"timestamp":"2025-01-06T16:37:54.737Z"}
{"level":"info","message":{"action":"update","duration":"6ms","model":"User"},"timestamp":"2025-01-06T16:37:54.748Z"}
{"level":"info","message":{"action":"findUnique","duration":"1ms","model":"User"},"timestamp":"2025-01-06T16:37:54.764Z"}
{"level":"info","message":{"action":"findFirst","duration":"1ms","model":"User"},"timestamp":"2025-01-06T16:37:58.174Z"}
{"level":"info","message":{"action":"update","duration":"4ms","model":"User"},"timestamp":"2025-01-06T16:37:58.179Z"}
{"level":"info","message":{"action":"findFirst","duration":"12ms","model":"User"},"timestamp":"2025-01-06T16:40:37.909Z"}
{"level":"info","message":{"action":"findFirst","duration":"2ms","model":"masterUser"},"timestamp":"2025-01-06T16:40:37.914Z"}
{"level":"info","message":{"action":"update","duration":"5ms","model":"User"},"timestamp":"2025-01-06T16:40:37.990Z"}
{"level":"info","message":{"action":"findUnique","duration":"2ms","model":"User"},"timestamp":"2025-01-06T16:40:40.404Z"}
{"level":"info","message":{"action":"update","duration":"6ms","model":"User"},"timestamp":"2025-01-06T16:40:40.415Z"}
{"level":"info","message":{"action":"findUnique","duration":"1ms","model":"User"},"timestamp":"2025-01-06T16:40:40.427Z"}
{"level":"info","message":{"action":"findFirst","duration":"289ms","model":"User"},"timestamp":"2025-01-06T16:43:50.209Z"}
{"level":"info","message":{"action":"update","duration":"6ms","model":"User"},"timestamp":"2025-01-06T16:43:50.215Z"}
{"level":"info","message":{"action":"findFirst","duration":"12ms","model":"User"},"timestamp":"2025-01-06T16:44:35.873Z"}
{"level":"info","message":{"action":"findFirst","duration":"2ms","model":"masterUser"},"timestamp":"2025-01-06T16:44:35.877Z"}
{"level":"info","message":{"action":"update","duration":"5ms","model":"User"},"timestamp":"2025-01-06T16:44:35.960Z"}
{"level":"info","message":{"action":"create","duration":"79ms","model":"NetworkLog"},"timestamp":"2025-01-06T16:44:36.781Z"}
{"level":"info","message":{"action":"findUnique","duration":"3ms","model":"User"},"timestamp":"2025-01-06T16:44:39.187Z"}
{"level":"info","message":{"action":"update","duration":"6ms","model":"User"},"timestamp":"2025-01-06T16:44:39.199Z"}
{"level":"info","message":{"action":"findUnique","duration":"2ms","model":"User"},"timestamp":"2025-01-06T16:44:39.222Z"}
{"level":"info","message":{"action":"findFirst","duration":"2ms","model":"User"},"timestamp":"2025-01-06T16:44:44.026Z"}
{"level":"info","message":{"action":"update","duration":"4ms","model":"User"},"timestamp":"2025-01-06T16:44:44.030Z"}
{"level":"info","message":{"action":"findFirst","duration":"11ms","model":"User"},"timestamp":"2025-01-06T17:00:19.641Z"}
{"level":"info","message":{"action":"findFirst","duration":"2ms","model":"masterUser"},"timestamp":"2025-01-06T17:00:19.644Z"}
{"level":"info","message":{"action":"update","duration":"6ms","model":"User"},"timestamp":"2025-01-06T17:00:19.727Z"}
{"level":"info","message":{"action":"create","duration":"4ms","model":"NetworkLog"},"timestamp":"2025-01-06T17:00:20.463Z"}
{"level":"info","message":{"action":"findFirst","duration":"2ms","model":"User"},"timestamp":"2025-01-06T17:01:52.937Z"}
{"level":"info","message":{"action":"findFirst","duration":"1ms","model":"masterUser"},"timestamp":"2025-01-06T17:01:52.939Z"}
{"level":"info","message":{"action":"findFirst","duration":"2ms","model":"User"},"timestamp":"2025-01-06T17:02:26.669Z"}
{"level":"info","message":{"action":"findFirst","duration":"1ms","model":"masterUser"},"timestamp":"2025-01-06T17:02:26.670Z"}
{"level":"info","message":{"action":"findFirst","duration":"2ms","model":"User"},"timestamp":"2025-01-06T17:02:35.088Z"}
{"level":"info","message":{"action":"findFirst","duration":"1ms","model":"masterUser"},"timestamp":"2025-01-06T17:02:35.089Z"}
{"level":"info","message":{"action":"findFirst","duration":"11ms","model":"User"},"timestamp":"2025-01-06T17:08:53.244Z"}
{"level":"info","message":{"action":"findFirst","duration":"2ms","model":"masterUser"},"timestamp":"2025-01-06T17:08:53.249Z"}
{"level":"info","message":{"action":"update","duration":"6ms","model":"User"},"timestamp":"2025-01-06T17:08:53.329Z"}
{"level":"info","message":{"action":"create","duration":"6ms","model":"NetworkLog"},"timestamp":"2025-01-06T17:08:54.011Z"}
{"level":"info","message":{"action":"findUnique","duration":"2ms","model":"User"},"timestamp":"2025-01-06T17:08:55.936Z"}
{"level":"info","message":{"action":"update","duration":"3ms","model":"User"},"timestamp":"2025-01-06T17:08:55.942Z"}
{"level":"info","message":{"action":"findUnique","duration":"2ms","model":"User"},"timestamp":"2025-01-06T17:08:55.958Z"}
{"level":"info","message":{"action":"findFirst","duration":"2ms","model":"User"},"timestamp":"2025-01-06T17:08:58.951Z"}
{"level":"info","message":{"action":"update","duration":"5ms","model":"User"},"timestamp":"2025-01-06T17:08:58.956Z"}
{"level":"info","message":{"action":"findFirst","duration":"12ms","model":"User"},"timestamp":"2025-01-06T17:13:10.383Z"}
{"level":"info","message":{"action":"findFirst","duration":"2ms","model":"masterUser"},"timestamp":"2025-01-06T17:13:10.388Z"}
{"level":"info","message":{"action":"findFirst","duration":"1ms","model":"User"},"timestamp":"2025-01-06T17:13:17.663Z"}
{"level":"info","message":{"action":"findFirst","duration":"1ms","model":"masterUser"},"timestamp":"2025-01-06T17:13:17.665Z"}
{"level":"info","message":{"action":"findFirst","duration":"1ms","model":"User"},"timestamp":"2025-01-06T17:13:23.530Z"}
{"level":"info","message":{"action":"findFirst","duration":"1ms","model":"masterUser"},"timestamp":"2025-01-06T17:13:23.532Z"}
{"level":"info","message":{"action":"findFirst","duration":"2ms","model":"User"},"timestamp":"2025-01-06T17:13:30.406Z"}
{"level":"info","message":{"action":"findFirst","duration":"1ms","model":"masterUser"},"timestamp":"2025-01-06T17:13:30.407Z"}
{"level":"info","message":{"action":"findFirst","duration":"1ms","model":"User"},"timestamp":"2025-01-06T17:13:37.108Z"}
{"level":"info","message":{"action":"findFirst","duration":"1ms","model":"masterUser"},"timestamp":"2025-01-06T17:13:37.110Z"}
{"level":"info","message":{"action":"findFirst","duration":"1ms","model":"User"},"timestamp":"2025-01-06T17:13:38.591Z"}
{"level":"info","message":{"action":"findFirst","duration":"2ms","model":"masterUser"},"timestamp":"2025-01-06T17:13:38.593Z"}
{"level":"info","message":{"action":"findFirst","duration":"2ms","model":"User"},"timestamp":"2025-01-06T17:14:20.738Z"}
{"level":"info","message":{"action":"findFirst","duration":"1ms","model":"masterUser"},"timestamp":"2025-01-06T17:14:20.739Z"}
{"level":"info","message":{"action":"findFirst","duration":"1ms","model":"User"},"timestamp":"2025-01-06T17:14:54.574Z"}
{"level":"info","message":{"action":"findFirst","duration":"1ms","model":"masterUser"},"timestamp":"2025-01-06T17:14:54.576Z"}
{"level":"info","message":{"action":"findFirst","duration":"11ms","model":"User"},"timestamp":"2025-01-06T17:17:14.562Z"}
{"level":"info","message":{"action":"findFirst","duration":"2ms","model":"masterUser"},"timestamp":"2025-01-06T17:17:14.568Z"}
{"level":"info","message":{"action":"update","duration":"8ms","model":"User"},"timestamp":"2025-01-06T17:17:14.649Z"}
{"level":"info","message":{"action":"create","duration":"5ms","model":"NetworkLog"},"timestamp":"2025-01-06T17:17:15.315Z"}
{"level":"info","message":{"action":"findUnique","duration":"2ms","model":"User"},"timestamp":"2025-01-06T17:17:20.257Z"}
{"level":"info","message":{"action":"update","duration":"7ms","model":"User"},"timestamp":"2025-01-06T17:17:20.266Z"}
{"level":"info","message":{"action":"findUnique","duration":"2ms","model":"User"},"timestamp":"2025-01-06T17:17:20.283Z"}
{"level":"info","message":{"action":"findFirst","duration":"1ms","model":"User"},"timestamp":"2025-01-06T17:17:24.810Z"}
{"level":"info","message":{"action":"update","duration":"4ms","model":"User"},"timestamp":"2025-01-06T17:17:24.814Z"}
{"level":"info","message":{"action":"findFirst","duration":"2ms","model":"User"},"timestamp":"2025-01-06T17:17:32.851Z"}
{"level":"info","message":{"action":"findFirst","duration":"1ms","model":"masterUser"},"timestamp":"2025-01-06T17:17:32.852Z"}
{"level":"info","message":{"action":"findFirst","duration":"2ms","model":"User"},"timestamp":"2025-01-06T17:17:37.613Z"}
{"level":"info","message":{"action":"findFirst","duration":"2ms","model":"masterUser"},"timestamp":"2025-01-06T17:17:37.615Z"}
{"level":"info","message":{"action":"findFirst","duration":"1ms","model":"User"},"timestamp":"2025-01-06T17:17:41.696Z"}
{"level":"info","message":{"action":"findFirst","duration":"1ms","model":"masterUser"},"timestamp":"2025-01-06T17:17:41.697Z"}
{"level":"info","message":{"action":"findFirst","duration":"1ms","model":"User"},"timestamp":"2025-01-06T17:17:46.393Z"}
{"level":"info","message":{"action":"findFirst","duration":"1ms","model":"masterUser"},"timestamp":"2025-01-06T17:17:46.394Z"}
{"level":"info","message":{"action":"findFirst","duration":"1ms","model":"User"},"timestamp":"2025-01-06T17:18:04.226Z"}
{"level":"info","message":{"action":"findFirst","duration":"0ms","model":"masterUser"},"timestamp":"2025-01-06T17:18:04.227Z"}
{"level":"info","message":{"action":"findFirst","duration":"2ms","model":"User"},"timestamp":"2025-01-06T17:19:59.451Z"}
{"level":"info","message":{"action":"findFirst","duration":"1ms","model":"masterUser"},"timestamp":"2025-01-06T17:19:59.452Z"}
{"level":"info","message":{"action":"findFirst","duration":"2ms","model":"User"},"timestamp":"2025-01-06T17:21:31.493Z"}
{"level":"info","message":{"action":"findFirst","duration":"2ms","model":"masterUser"},"timestamp":"2025-01-06T17:21:31.495Z"}
{"level":"info","message":{"action":"findFirst","duration":"133ms","model":"User"},"timestamp":"2025-01-06T17:22:33.449Z"}
{"level":"info","message":{"action":"findFirst","duration":"1ms","model":"masterUser"},"timestamp":"2025-01-06T17:22:33.450Z"}
{"level":"info","message":{"action":"findFirst","duration":"1ms","model":"User"},"timestamp":"2025-01-06T17:23:26.726Z"}
{"level":"info","message":{"action":"findFirst","duration":"1ms","model":"masterUser"},"timestamp":"2025-01-06T17:23:26.727Z"}
{"level":"info","message":{"action":"update","duration":"1684ms","model":"User"},"timestamp":"2025-01-06T17:23:28.487Z"}
{"level":"info","message":{"action":"create","duration":"1742ms","model":"NetworkLog"},"timestamp":"2025-01-06T17:23:31.345Z"}
{"level":"info","message":{"action":"findUnique","duration":"1ms","model":"User"},"timestamp":"2025-01-06T17:23:33.527Z"}
{"level":"info","message":{"action":"update","duration":"453ms","model":"User"},"timestamp":"2025-01-06T17:23:33.982Z"}
{"level":"info","message":{"action":"findUnique","duration":"2ms","model":"User"},"timestamp":"2025-01-06T17:23:33.998Z"}
{"level":"info","message":{"action":"findFirst","duration":"2ms","model":"User"},"timestamp":"2025-01-06T17:23:35.804Z"}
{"level":"info","message":{"action":"update","duration":"10ms","model":"User"},"timestamp":"2025-01-06T17:23:35.814Z"}
{"level":"info","message":{"action":"findFirst","duration":"2ms","model":"User"},"timestamp":"2025-01-06T17:23:42.159Z"}
{"level":"info","message":{"action":"findFirst","duration":"1ms","model":"masterUser"},"timestamp":"2025-01-06T17:23:42.160Z"}
{"level":"info","message":{"action":"findFirst","duration":"2ms","model":"User"},"timestamp":"2025-01-06T17:25:14.429Z"}
{"level":"info","message":{"action":"findFirst","duration":"0ms","model":"masterUser"},"timestamp":"2025-01-06T17:25:14.431Z"}
{"level":"info","message":{"action":"findFirst","duration":"1ms","model":"User"},"timestamp":"2025-01-06T17:25:31.926Z"}
{"level":"info","message":{"action":"findFirst","duration":"1ms","model":"masterUser"},"timestamp":"2025-01-06T17:25:31.927Z"}
{"level":"info","message":{"action":"findFirst","duration":"1ms","model":"User"},"timestamp":"2025-01-06T17:25:36.476Z"}
{"level":"info","message":{"action":"findFirst","duration":"1ms","model":"masterUser"},"timestamp":"2025-01-06T17:25:36.477Z"}
{"level":"info","message":{"action":"findFirst","duration":"266ms","model":"User"},"timestamp":"2025-01-06T17:28:20.538Z"}
{"level":"info","message":{"action":"findFirst","duration":"11ms","model":"masterUser"},"timestamp":"2025-01-06T17:28:20.549Z"}
{"level":"info","message":{"action":"findUnique","duration":"2ms","model":"User"},"timestamp":"2025-01-06T17:28:55.944Z"}
{"level":"info","message":{"action":"update","duration":"113ms","model":"User"},"timestamp":"2025-01-06T17:28:56.057Z"}
{"level":"info","message":{"action":"findFirst","duration":"26ms","model":"User"},"timestamp":"2025-01-06T17:34:55.005Z"}
{"level":"info","message":{"action":"findFirst","duration":"15ms","model":"masterUser"},"timestamp":"2025-01-06T17:34:55.022Z"}
{"level":"info","message":{"action":"findFirst","duration":"1ms","model":"User"},"timestamp":"2025-01-06T17:35:05.730Z"}
{"level":"info","message":{"action":"findFirst","duration":"1ms","model":"masterUser"},"timestamp":"2025-01-06T17:35:05.731Z"}
{"level":"info","message":{"action":"findFirst","duration":"1ms","model":"User"},"timestamp":"2025-01-06T17:35:32.544Z"}
{"level":"info","message":{"action":"findFirst","duration":"1ms","model":"masterUser"},"timestamp":"2025-01-06T17:35:32.546Z"}
{"level":"info","message":{"action":"findFirst","duration":"1ms","model":"User"},"timestamp":"2025-01-06T17:36:42.747Z"}
{"level":"info","message":{"action":"findFirst","duration":"1ms","model":"masterUser"},"timestamp":"2025-01-06T17:36:42.748Z"}
{"level":"info","message":{"action":"findFirst","duration":"1ms","model":"User"},"timestamp":"2025-01-06T17:37:15.963Z"}
{"level":"info","message":{"action":"findFirst","duration":"1ms","model":"masterUser"},"timestamp":"2025-01-06T17:37:15.964Z"}
{"level":"info","message":{"action":"findFirst","duration":"1ms","model":"User"},"timestamp":"2025-01-06T17:37:47.360Z"}
{"level":"info","message":{"action":"findFirst","duration":"1ms","model":"masterUser"},"timestamp":"2025-01-06T17:37:47.362Z"}
{"level":"info","message":{"action":"findFirst","duration":"1ms","model":"User"},"timestamp":"2025-01-06T17:37:48.556Z"}
{"level":"info","message":{"action":"findFirst","duration":"1ms","model":"masterUser"},"timestamp":"2025-01-06T17:37:48.558Z"}
{"level":"info","message":{"action":"findFirst","duration":"2ms","model":"User"},"timestamp":"2025-01-06T17:37:49.101Z"}
{"level":"info","message":{"action":"findFirst","duration":"1ms","model":"masterUser"},"timestamp":"2025-01-06T17:37:49.102Z"}
{"level":"info","message":{"action":"findFirst","duration":"1ms","model":"User"},"timestamp":"2025-01-06T17:37:49.735Z"}
{"level":"info","message":{"action":"findFirst","duration":"1ms","model":"masterUser"},"timestamp":"2025-01-06T17:37:49.737Z"}
{"level":"info","message":{"action":"findFirst","duration":"2ms","model":"User"},"timestamp":"2025-01-06T17:37:50.261Z"}
{"level":"info","message":{"action":"findFirst","duration":"1ms","model":"masterUser"},"timestamp":"2025-01-06T17:37:50.262Z"}
{"level":"info","message":{"action":"findFirst","duration":"1ms","model":"User"},"timestamp":"2025-01-06T17:37:50.890Z"}
{"level":"info","message":{"action":"findFirst","duration":"1ms","model":"masterUser"},"timestamp":"2025-01-06T17:37:50.891Z"}
{"level":"info","message":{"action":"findFirst","duration":"1ms","model":"User"},"timestamp":"2025-01-06T17:37:51.359Z"}
{"level":"info","message":{"action":"findFirst","duration":"2ms","model":"masterUser"},"timestamp":"2025-01-06T17:37:51.361Z"}
{"level":"info","message":{"action":"findFirst","duration":"1ms","model":"User"},"timestamp":"2025-01-06T17:38:30.797Z"}
{"level":"info","message":{"action":"findFirst","duration":"1ms","model":"masterUser"},"timestamp":"2025-01-06T17:38:30.798Z"}
{"level":"info","message":{"action":"findFirst","duration":"2ms","model":"User"},"timestamp":"2025-01-06T17:39:38.579Z"}
{"level":"info","message":{"action":"findFirst","duration":"1ms","model":"masterUser"},"timestamp":"2025-01-06T17:39:38.580Z"}
{"level":"info","message":{"action":"findFirst","duration":"50ms","model":"User"},"timestamp":"2025-01-06T17:41:04.903Z"}
{"level":"info","message":{"action":"findFirst","duration":"3ms","model":"masterUser"},"timestamp":"2025-01-06T17:41:04.906Z"}
{"level":"info","message":{"action":"update","duration":"8ms","model":"User"},"timestamp":"2025-01-06T17:41:04.987Z"}
{"level":"info","message":{"action":"create","duration":"20ms","model":"NetworkLog"},"timestamp":"2025-01-06T17:41:05.552Z"}
{"level":"info","message":{"action":"findUnique","duration":"1ms","model":"User"},"timestamp":"2025-01-06T17:41:07.524Z"}
{"level":"info","message":{"action":"update","duration":"6ms","model":"User"},"timestamp":"2025-01-06T17:41:07.532Z"}
{"level":"info","message":{"action":"findUnique","duration":"2ms","model":"User"},"timestamp":"2025-01-06T17:41:07.550Z"}
{"level":"info","message":{"action":"findFirst","duration":"1ms","model":"User"},"timestamp":"2025-01-06T17:41:09.797Z"}
{"level":"info","message":{"action":"update","duration":"5ms","model":"User"},"timestamp":"2025-01-06T17:41:09.802Z"}
{"level":"info","message":{"action":"findFirst","duration":"2ms","model":"User"},"timestamp":"2025-01-06T17:41:18.066Z"}
{"level":"info","message":{"action":"findFirst","duration":"1ms","model":"masterUser"},"timestamp":"2025-01-06T17:41:18.067Z"}
{"level":"info","message":{"action":"findFirst","duration":"1ms","model":"User"},"timestamp":"2025-01-06T17:41:29.932Z"}
{"level":"info","message":{"action":"findFirst","duration":"1ms","model":"masterUser"},"timestamp":"2025-01-06T17:41:29.934Z"}
{"level":"info","message":{"action":"findFirst","duration":"1ms","model":"User"},"timestamp":"2025-01-06T17:41:32.423Z"}
{"level":"info","message":{"action":"findFirst","duration":"1ms","model":"masterUser"},"timestamp":"2025-01-06T17:41:32.424Z"}
{"level":"info","message":{"action":"findFirst","duration":"1ms","model":"User"},"timestamp":"2025-01-06T17:41:35.335Z"}
{"level":"info","message":{"action":"findFirst","duration":"0ms","model":"masterUser"},"timestamp":"2025-01-06T17:41:35.336Z"}
{"level":"info","message":{"action":"findFirst","duration":"198ms","model":"User"},"timestamp":"2025-01-06T17:46:20.477Z"}
{"level":"info","message":{"action":"findFirst","duration":"2ms","model":"masterUser"},"timestamp":"2025-01-06T17:46:20.481Z"}
{"level":"info","message":{"action":"update","duration":"21ms","model":"User"},"timestamp":"2025-01-06T17:46:20.576Z"}
{"level":"info","message":{"action":"create","duration":"37ms","model":"NetworkLog"},"timestamp":"2025-01-06T17:46:21.415Z"}
{"level":"info","message":{"action":"findUnique","duration":"2ms","model":"User"},"timestamp":"2025-01-06T17:46:23.270Z"}
{"level":"info","message":{"action":"update","duration":"4ms","model":"User"},"timestamp":"2025-01-06T17:46:23.311Z"}
{"level":"info","message":{"action":"findUnique","duration":"1ms","model":"User"},"timestamp":"2025-01-06T17:46:23.330Z"}
{"level":"info","message":{"action":"findFirst","duration":"2ms","model":"User"},"timestamp":"2025-01-06T17:46:25.441Z"}
{"level":"info","message":{"action":"update","duration":"5ms","model":"User"},"timestamp":"2025-01-06T17:46:25.446Z"}
{"level":"info","message":{"action":"findFirst","duration":"2ms","model":"User"},"timestamp":"2025-01-06T17:48:20.577Z"}
{"level":"info","message":{"action":"findFirst","duration":"2ms","model":"masterUser"},"timestamp":"2025-01-06T17:48:20.579Z"}
{"level":"info","message":{"action":"findFirst","duration":"146ms","model":"User"},"timestamp":"2025-01-06T17:57:21.162Z"}
{"level":"info","message":{"action":"findFirst","duration":"4ms","model":"masterUser"},"timestamp":"2025-01-06T17:57:21.169Z"}
{"level":"info","message":{"action":"findFirst","duration":"2ms","model":"User"},"timestamp":"2025-01-06T17:57:37.749Z"}
{"level":"info","message":{"action":"findFirst","duration":"1ms","model":"masterUser"},"timestamp":"2025-01-06T17:57:37.750Z"}
{"level":"info","message":{"action":"findFirst","duration":"2ms","model":"User"},"timestamp":"2025-01-06T17:57:40.519Z"}
{"level":"info","message":{"action":"findFirst","duration":"1ms","model":"masterUser"},"timestamp":"2025-01-06T17:57:40.520Z"}
{"level":"info","message":{"action":"findFirst","duration":"1ms","model":"User"},"timestamp":"2025-01-06T17:57:42.035Z"}
{"level":"info","message":{"action":"findFirst","duration":"1ms","model":"masterUser"},"timestamp":"2025-01-06T17:57:42.036Z"}
{"level":"info","message":{"action":"update","duration":"8ms","model":"User"},"timestamp":"2025-01-06T17:57:42.115Z"}
{"level":"info","message":{"action":"create","duration":"39ms","model":"NetworkLog"},"timestamp":"2025-01-06T17:57:42.801Z"}
{"level":"info","message":{"action":"findFirst","duration":"1ms","model":"User"},"timestamp":"2025-01-06T17:58:28.584Z"}
{"level":"info","message":{"action":"findFirst","duration":"1ms","model":"masterUser"},"timestamp":"2025-01-06T17:58:28.586Z"}
{"level":"info","message":{"action":"findFirst","duration":"1ms","model":"User"},"timestamp":"2025-01-06T17:58:39.298Z"}
{"level":"info","message":{"action":"findFirst","duration":"1ms","model":"masterUser"},"timestamp":"2025-01-06T17:58:39.299Z"}
{"level":"info","message":{"action":"findFirst","duration":"1ms","model":"User"},"timestamp":"2025-01-06T17:58:41.506Z"}
{"level":"info","message":{"action":"findFirst","duration":"1ms","model":"masterUser"},"timestamp":"2025-01-06T17:58:41.507Z"}
{"level":"info","message":{"action":"findFirst","duration":"1ms","model":"User"},"timestamp":"2025-01-06T17:58:46.597Z"}
{"level":"info","message":{"action":"findFirst","duration":"0ms","model":"masterUser"},"timestamp":"2025-01-06T17:58:46.598Z"}
{"level":"info","message":{"action":"findFirst","duration":"1ms","model":"User"},"timestamp":"2025-01-06T17:58:49.423Z"}
{"level":"info","message":{"action":"findFirst","duration":"1ms","model":"masterUser"},"timestamp":"2025-01-06T17:58:49.425Z"}
{"level":"info","message":{"action":"findFirst","duration":"1ms","model":"User"},"timestamp":"2025-01-06T17:58:54.665Z"}
{"level":"info","message":{"action":"findFirst","duration":"1ms","model":"masterUser"},"timestamp":"2025-01-06T17:58:54.667Z"}
{"level":"info","message":{"action":"findFirst","duration":"12ms","model":"User"},"timestamp":"2025-01-06T17:59:10.352Z"}
{"level":"info","message":{"action":"findFirst","duration":"3ms","model":"masterUser"},"timestamp":"2025-01-06T17:59:10.356Z"}
{"level":"info","message":{"action":"findFirst","duration":"2ms","model":"User"},"timestamp":"2025-01-06T17:59:14.445Z"}
{"level":"info","message":{"action":"findFirst","duration":"2ms","model":"masterUser"},"timestamp":"2025-01-06T17:59:14.447Z"}
{"level":"info","message":{"action":"findFirst","duration":"1ms","model":"User"},"timestamp":"2025-01-06T17:59:16.367Z"}
{"level":"info","message":{"action":"findFirst","duration":"1ms","model":"masterUser"},"timestamp":"2025-01-06T17:59:16.369Z"}
{"level":"info","message":{"action":"findFirst","duration":"1ms","model":"User"},"timestamp":"2025-01-06T17:59:18.339Z"}
{"level":"info","message":{"action":"findFirst","duration":"1ms","model":"masterUser"},"timestamp":"2025-01-06T17:59:18.340Z"}
{"level":"info","message":{"action":"findFirst","duration":"2ms","model":"User"},"timestamp":"2025-01-06T18:00:06.737Z"}
{"level":"info","message":{"action":"findFirst","duration":"2ms","model":"masterUser"},"timestamp":"2025-01-06T18:00:06.739Z"}
{"level":"info","message":{"action":"findFirst","duration":"1ms","model":"User"},"timestamp":"2025-01-06T18:00:39.411Z"}
{"level":"info","message":{"action":"findFirst","duration":"1ms","model":"masterUser"},"timestamp":"2025-01-06T18:00:39.413Z"}
{"level":"info","message":{"action":"findFirst","duration":"1ms","model":"User"},"timestamp":"2025-01-06T18:00:47.581Z"}
{"level":"info","message":{"action":"findFirst","duration":"1ms","model":"masterUser"},"timestamp":"2025-01-06T18:00:47.583Z"}
{"level":"info","message":{"action":"findFirst","duration":"1ms","model":"User"},"timestamp":"2025-01-06T18:01:47.656Z"}
{"level":"info","message":{"action":"findFirst","duration":"1ms","model":"masterUser"},"timestamp":"2025-01-06T18:01:47.658Z"}
{"level":"info","message":{"action":"findFirst","duration":"1ms","model":"User"},"timestamp":"2025-01-06T18:02:39.044Z"}
{"level":"info","message":{"action":"findFirst","duration":"1ms","model":"masterUser"},"timestamp":"2025-01-06T18:02:39.045Z"}
{"level":"info","message":{"action":"findFirst","duration":"2ms","model":"User"},"timestamp":"2025-01-06T18:03:40.081Z"}
{"level":"info","message":{"action":"findFirst","duration":"1ms","model":"masterUser"},"timestamp":"2025-01-06T18:03:40.082Z"}
{"level":"info","message":{"action":"findFirst","duration":"1ms","model":"User"},"timestamp":"2025-01-06T18:04:07.190Z"}
{"level":"info","message":{"action":"findFirst","duration":"1ms","model":"masterUser"},"timestamp":"2025-01-06T18:04:07.191Z"}
{"level":"info","message":{"action":"findFirst","duration":"5ms","model":"User"},"timestamp":"2025-01-06T18:04:15.874Z"}
{"level":"info","message":{"action":"findFirst","duration":"2ms","model":"masterUser"},"timestamp":"2025-01-06T18:04:15.876Z"}
{"level":"info","message":{"action":"findFirst","duration":"2ms","model":"User"},"timestamp":"2025-01-06T18:04:36.720Z"}
{"level":"info","message":{"action":"findFirst","duration":"1ms","model":"masterUser"},"timestamp":"2025-01-06T18:04:36.721Z"}
{"level":"info","message":{"action":"findFirst","duration":"1ms","model":"User"},"timestamp":"2025-01-06T18:04:48.961Z"}
{"level":"info","message":{"action":"findFirst","duration":"1ms","model":"masterUser"},"timestamp":"2025-01-06T18:04:48.963Z"}
{"level":"info","message":{"action":"findFirst","duration":"2ms","model":"User"},"timestamp":"2025-01-06T18:05:41.265Z"}
{"level":"info","message":{"action":"findFirst","duration":"1ms","model":"masterUser"},"timestamp":"2025-01-06T18:05:41.266Z"}
{"level":"info","message":{"action":"findFirst","duration":"58ms","model":"User"},"timestamp":"2025-01-06T18:07:48.190Z"}
{"level":"info","message":{"action":"findFirst","duration":"2ms","model":"masterUser"},"timestamp":"2025-01-06T18:07:48.194Z"}
{"level":"info","message":{"action":"update","duration":"5ms","model":"User"},"timestamp":"2025-01-06T18:07:48.329Z"}
{"level":"info","message":{"action":"create","duration":"75ms","model":"NetworkLog"},"timestamp":"2025-01-06T18:07:49.231Z"}
{"level":"info","message":{"action":"findUnique","duration":"2ms","model":"User"},"timestamp":"2025-01-06T18:07:51.181Z"}
{"level":"info","message":{"action":"update","duration":"72ms","model":"User"},"timestamp":"2025-01-06T18:07:51.257Z"}
{"level":"info","message":{"action":"findUnique","duration":"2ms","model":"User"},"timestamp":"2025-01-06T18:07:51.274Z"}
{"level":"info","message":{"action":"findFirst","duration":"2ms","model":"User"},"timestamp":"2025-01-06T18:07:54.262Z"}
{"level":"info","message":{"action":"update","duration":"31ms","model":"User"},"timestamp":"2025-01-06T18:07:54.293Z"}
{"level":"info","message":{"action":"findFirst","duration":"52ms","model":"User"},"timestamp":"2025-01-06T18:09:02.909Z"}
{"level":"info","message":{"action":"findFirst","duration":"2ms","model":"masterUser"},"timestamp":"2025-01-06T18:09:02.911Z"}
{"level":"info","message":{"action":"findFirst","duration":"1ms","model":"User"},"timestamp":"2025-01-06T18:09:12.684Z"}
{"level":"info","message":{"action":"findFirst","duration":"1ms","model":"masterUser"},"timestamp":"2025-01-06T18:09:12.685Z"}
{"level":"info","message":{"action":"update","duration":"6ms","model":"User"},"timestamp":"2025-01-06T18:09:12.760Z"}
{"level":"info","message":{"action":"create","duration":"4ms","model":"NetworkLog"},"timestamp":"2025-01-06T18:09:13.316Z"}
{"level":"info","message":{"action":"findFirst","duration":"2ms","model":"User"},"timestamp":"2025-01-06T18:09:20.177Z"}
{"level":"info","message":{"action":"findFirst","duration":"1ms","model":"masterUser"},"timestamp":"2025-01-06T18:09:20.178Z"}
{"level":"info","message":{"action":"update","duration":"5ms","model":"User"},"timestamp":"2025-01-06T18:09:20.251Z"}
{"level":"info","message":{"action":"create","duration":"4ms","model":"NetworkLog"},"timestamp":"2025-01-06T18:09:20.826Z"}
{"level":"info","message":{"action":"findUnique","duration":"1ms","model":"User"},"timestamp":"2025-01-06T18:09:22.853Z"}
{"level":"info","message":{"action":"update","duration":"6ms","model":"User"},"timestamp":"2025-01-06T18:09:22.861Z"}
{"level":"info","message":{"action":"findUnique","duration":"1ms","model":"User"},"timestamp":"2025-01-06T18:09:22.875Z"}
{"level":"info","message":{"action":"findFirst","duration":"1ms","model":"User"},"timestamp":"2025-01-06T18:09:25.106Z"}
{"level":"info","message":{"action":"update","duration":"4ms","model":"User"},"timestamp":"2025-01-06T18:09:25.111Z"}
{"level":"info","message":{"action":"findFirst","duration":"2ms","model":"User"},"timestamp":"2025-01-06T18:11:37.753Z"}
{"level":"info","message":{"action":"findFirst","duration":"1ms","model":"masterUser"},"timestamp":"2025-01-06T18:11:37.754Z"}
{"level":"info","message":{"action":"findFirst","duration":"281ms","model":"User"},"timestamp":"2025-01-06T18:16:19.600Z"}
{"level":"info","message":{"action":"findFirst","duration":"2ms","model":"masterUser"},"timestamp":"2025-01-06T18:16:19.602Z"}
{"level":"info","message":{"action":"findFirst","duration":"1ms","model":"User"},"timestamp":"2025-01-06T18:16:22.658Z"}
{"level":"info","message":{"action":"findFirst","duration":"1ms","model":"masterUser"},"timestamp":"2025-01-06T18:16:22.659Z"}
{"level":"info","message":{"action":"findFirst","duration":"1ms","model":"User"},"timestamp":"2025-01-06T18:16:25.124Z"}
{"level":"info","message":{"action":"findFirst","duration":"2ms","model":"masterUser"},"timestamp":"2025-01-06T18:16:25.126Z"}
{"level":"info","message":{"action":"findFirst","duration":"1ms","model":"User"},"timestamp":"2025-01-06T18:18:03.738Z"}
{"level":"info","message":{"action":"findFirst","duration":"0ms","model":"masterUser"},"timestamp":"2025-01-06T18:18:03.739Z"}
{"level":"info","message":{"action":"findFirst","duration":"2ms","model":"User"},"timestamp":"2025-01-06T18:19:12.905Z"}
{"level":"info","message":{"action":"findFirst","duration":"1ms","model":"masterUser"},"timestamp":"2025-01-06T18:19:12.906Z"}
{"level":"info","message":{"action":"findFirst","duration":"2ms","model":"User"},"timestamp":"2025-01-06T18:19:46.615Z"}
{"level":"info","message":{"action":"findFirst","duration":"1ms","model":"masterUser"},"timestamp":"2025-01-06T18:19:46.616Z"}
{"level":"info","message":{"action":"findFirst","duration":"2ms","model":"User"},"timestamp":"2025-01-06T18:20:22.312Z"}
{"level":"info","message":{"action":"findFirst","duration":"1ms","model":"masterUser"},"timestamp":"2025-01-06T18:20:22.313Z"}
{"level":"info","message":{"action":"findUnique","duration":"2ms","model":"User"},"timestamp":"2025-01-06T18:20:24.644Z"}
{"level":"info","message":{"action":"update","duration":"7ms","model":"User"},"timestamp":"2025-01-06T18:20:24.652Z"}
{"level":"info","message":{"action":"findFirst","duration":"2ms","model":"User"},"timestamp":"2025-01-06T18:20:41.992Z"}
{"level":"info","message":{"action":"findFirst","duration":"1ms","model":"masterUser"},"timestamp":"2025-01-06T18:20:41.993Z"}
{"level":"info","message":{"action":"findFirst","duration":"1ms","model":"User"},"timestamp":"2025-01-06T18:20:55.254Z"}
{"level":"info","message":{"action":"findFirst","duration":"1ms","model":"masterUser"},"timestamp":"2025-01-06T18:20:55.255Z"}
{"level":"info","message":{"action":"findFirst","duration":"4ms","model":"User"},"timestamp":"2025-01-06T18:20:57.413Z"}
{"level":"info","message":{"action":"findFirst","duration":"2ms","model":"masterUser"},"timestamp":"2025-01-06T18:20:57.415Z"}
{"level":"info","message":{"action":"findFirst","duration":"1ms","model":"User"},"timestamp":"2025-01-06T18:21:13.855Z"}
{"level":"info","message":{"action":"findFirst","duration":"0ms","model":"masterUser"},"timestamp":"2025-01-06T18:21:13.856Z"}
{"level":"info","message":{"action":"findFirst","duration":"5ms","model":"User"},"timestamp":"2025-01-06T18:21:56.619Z"}
{"level":"info","message":{"action":"findFirst","duration":"15ms","model":"masterUser"},"timestamp":"2025-01-06T18:21:56.634Z"}
{"level":"info","message":{"action":"update","duration":"70ms","model":"User"},"timestamp":"2025-01-06T18:21:56.773Z"}
{"level":"info","message":{"action":"create","duration":"6ms","model":"NetworkLog"},"timestamp":"2025-01-06T18:21:57.402Z"}
{"level":"info","message":{"action":"findUnique","duration":"2ms","model":"User"},"timestamp":"2025-01-06T18:21:59.432Z"}
{"level":"info","message":{"action":"update","duration":"68ms","model":"User"},"timestamp":"2025-01-06T18:21:59.502Z"}
{"level":"info","message":{"action":"findUnique","duration":"64ms","model":"User"},"timestamp":"2025-01-06T18:21:59.577Z"}
{"level":"info","message":{"action":"findFirst","duration":"1ms","model":"User"},"timestamp":"2025-01-06T18:22:01.824Z"}
{"level":"info","message":{"action":"update","duration":"3ms","model":"User"},"timestamp":"2025-01-06T18:22:01.828Z"}
{"level":"info","message":{"action":"findFirst","duration":"1ms","model":"User"},"timestamp":"2025-01-06T18:22:07.925Z"}
{"level":"info","message":{"action":"findFirst","duration":"2ms","model":"masterUser"},"timestamp":"2025-01-06T18:22:07.927Z"}
{"level":"info","message":{"action":"findFirst","duration":"2ms","model":"User"},"timestamp":"2025-01-06T18:22:23.078Z"}
{"level":"info","message":{"action":"findFirst","duration":"1ms","model":"masterUser"},"timestamp":"2025-01-06T18:22:23.079Z"}
