{"level":"info","message":{"action":"findUnique","duration":"10ms","model":"User"},"timestamp":"2024-11-24T05:00:07.026Z"}
{"level":"info","message":{"action":"create","duration":"29ms","model":"Otp"},"timestamp":"2024-11-24T05:00:07.117Z"}
{"level":"info","message":{"action":"findUnique","duration":"2ms","model":"User"},"timestamp":"2024-11-24T05:00:36.559Z"}
{"level":"info","message":{"action":"findFirst","duration":"23ms","model":"Otp"},"timestamp":"2024-11-24T05:00:36.582Z"}
{"level":"info","message":{"action":"findUnique","duration":"2ms","model":"User"},"timestamp":"2024-11-24T05:00:40.663Z"}
{"level":"info","message":{"action":"findFirst","duration":"2ms","model":"Otp"},"timestamp":"2024-11-24T05:00:40.665Z"}
{"level":"info","message":{"action":"delete","duration":"35ms","model":"Otp"},"timestamp":"2024-11-24T05:00:40.700Z"}
{"level":"info","message":{"action":"update","duration":"4ms","model":"User"},"timestamp":"2024-11-24T05:00:40.709Z"}
{"level":"info","message":{"action":"findUnique","duration":"404ms","model":"User"},"timestamp":"2024-11-24T10:34:17.052Z"}
{"level":"info","message":{"action":"findUnique","duration":"2ms","model":"User"},"timestamp":"2024-11-24T10:34:17.055Z"}
{"level":"info","message":{"action":"findUnique","duration":"10ms","model":"User"},"timestamp":"2024-11-24T10:36:25.576Z"}
{"level":"info","message":{"action":"findUnique","duration":"2ms","model":"User"},"timestamp":"2024-11-24T10:36:25.580Z"}
{"level":"info","message":{"action":"create","duration":"10ms","model":"User"},"timestamp":"2024-11-24T10:36:25.654Z"}
{"level":"info","message":"User registered: rcprajapaksha123@gmail.com","timestamp":"2024-11-24T10:36:25.655Z"}
{"level":"info","message":{"action":"findUnique","duration":"1ms","model":"User"},"timestamp":"2024-11-24T10:36:52.851Z"}
{"level":"info","message":{"action":"create","duration":"32ms","model":"Otp"},"timestamp":"2024-11-24T10:36:52.948Z"}
{"level":"info","message":{"action":"findUnique","duration":"2ms","model":"User"},"timestamp":"2024-11-24T10:37:26.798Z"}
{"level":"info","message":{"action":"findFirst","duration":"49ms","model":"Otp"},"timestamp":"2024-11-24T10:37:26.847Z"}
{"level":"info","message":{"action":"delete","duration":"7ms","model":"Otp"},"timestamp":"2024-11-24T10:37:26.854Z"}
{"level":"info","message":{"action":"update","duration":"7ms","model":"User"},"timestamp":"2024-11-24T10:37:26.864Z"}
{"level":"info","message":{"action":"findUnique","duration":"41ms","model":"User"},"timestamp":"2024-11-24T10:43:06.269Z"}
{"level":"info","message":{"action":"create","duration":"2ms","model":"Otp"},"timestamp":"2024-11-24T10:43:06.341Z"}
{"level":"info","message":{"action":"findUnique","duration":"13ms","model":"User"},"timestamp":"2024-11-24T10:54:42.507Z"}
{"level":"info","message":{"action":"create","duration":"5ms","model":"Otp"},"timestamp":"2024-11-24T10:54:42.578Z"}
{"level":"info","message":{"action":"findUnique","duration":"2ms","model":"User"},"timestamp":"2024-11-24T10:56:41.937Z"}
{"level":"info","message":{"action":"findUnique","duration":"1ms","model":"User"},"timestamp":"2024-11-24T10:56:41.939Z"}
{"level":"info","message":{"action":"create","duration":"5ms","model":"User"},"timestamp":"2024-11-24T10:56:42.013Z"}
{"level":"info","message":"User registered: rcprajapaksha123@gmail.com","timestamp":"2024-11-24T10:56:42.013Z"}
{"level":"info","message":{"action":"findUnique","duration":"2ms","model":"User"},"timestamp":"2024-11-24T10:57:00.734Z"}
{"level":"info","message":{"action":"create","duration":"2ms","model":"Otp"},"timestamp":"2024-11-24T10:57:00.804Z"}
{"level":"info","message":{"action":"findUnique","duration":"12ms","model":"User"},"timestamp":"2024-11-24T10:59:16.154Z"}
{"level":"info","message":{"action":"findUnique","duration":"12ms","model":"User"},"timestamp":"2024-11-24T11:02:06.000Z"}
{"level":"info","message":{"action":"findUnique","duration":"1ms","model":"User"},"timestamp":"2024-11-24T11:02:32.449Z"}
{"level":"info","message":{"action":"findUnique","duration":"2ms","model":"User"},"timestamp":"2024-11-24T11:02:32.452Z"}
{"level":"info","message":{"action":"create","duration":"5ms","model":"User"},"timestamp":"2024-11-24T11:02:32.521Z"}
{"level":"info","message":"User registered: rcprajapaksha123@gmail.com","timestamp":"2024-11-24T11:02:32.522Z"}
{"level":"info","message":{"action":"findUnique","duration":"2ms","model":"User"},"timestamp":"2024-11-24T11:02:37.398Z"}
{"level":"info","message":{"action":"findUnique","duration":"11ms","model":"User"},"timestamp":"2024-11-24T11:05:17.420Z"}
{"level":"info","message":{"action":"findUnique","duration":"2ms","model":"User"},"timestamp":"2024-11-24T11:06:07.034Z"}
{"level":"info","message":{"action":"findUnique","duration":"2ms","model":"User"},"timestamp":"2024-11-24T11:06:07.036Z"}
{"level":"info","message":{"action":"create","duration":"4ms","model":"User"},"timestamp":"2024-11-24T11:06:07.107Z"}
{"level":"info","message":"User registered: rcprajapaksha123@gmail.com","timestamp":"2024-11-24T11:06:07.107Z"}
{"level":"info","message":{"action":"findUnique","duration":"1ms","model":"User"},"timestamp":"2024-11-24T11:06:10.485Z"}
{"level":"info","message":{"action":"findUnique","duration":"14ms","model":"User"},"timestamp":"2024-11-24T11:08:19.170Z"}
{"level":"info","message":{"action":"findUnique","duration":"379ms","model":"User"},"timestamp":"2024-11-24T11:26:27.563Z"}
{"level":"info","message":{"action":"findUnique","duration":"2ms","model":"User"},"timestamp":"2024-11-24T11:26:27.567Z"}
{"level":"info","message":{"action":"create","duration":"26ms","model":"User"},"timestamp":"2024-11-24T11:26:27.678Z"}
{"level":"info","message":"User registered: rcprajapaksha123@gmail.com","timestamp":"2024-11-24T11:26:27.679Z"}
{"level":"info","message":{"action":"findUnique","duration":"1ms","model":"User"},"timestamp":"2024-11-24T11:26:31.050Z"}
{"level":"info","message":{"action":"findUnique","duration":"11ms","model":"User"},"timestamp":"2024-11-24T11:27:54.594Z"}
{"level":"info","message":{"action":"create","duration":"39ms","model":"Otp"},"timestamp":"2024-11-24T11:27:54.702Z"}
{"level":"info","message":{"action":"findUnique","duration":"1ms","model":"User"},"timestamp":"2024-11-24T11:28:31.692Z"}
{"level":"info","message":{"action":"findFirst","duration":"40ms","model":"Otp"},"timestamp":"2024-11-24T11:28:31.733Z"}
{"level":"info","message":{"action":"delete","duration":"20ms","model":"Otp"},"timestamp":"2024-11-24T11:28:31.754Z"}
{"level":"info","message":{"action":"update","duration":"14ms","model":"User"},"timestamp":"2024-11-24T11:28:31.774Z"}
{"level":"error","message":"Error during registration: \nInvalid `prisma.user.findUnique()` invocation in\nD:\\Projects\\user_authentication\\backend\\controllers\\registerController.js:16:50\n\n  13 \n  14 try {\n  15     // Check for duplicate email or username in the database\n→ 16     const duplicateEmail = await prisma.user.findUnique(\nThe column `auth_db.User.isAdmin` does not exist in the current database.","timestamp":"2024-11-24T11:45:27.389Z"}
{"level":"error","message":"Error during registration: \nInvalid `prisma.user.findUnique()` invocation in\nD:\\Projects\\user_authentication\\backend\\controllers\\registerController.js:16:50\n\n  13 \n  14 try {\n  15     // Check for duplicate email or username in the database\n→ 16     const duplicateEmail = await prisma.user.findUnique(\nThe column `auth_db.User.isAdmin` does not exist in the current database.","timestamp":"2024-11-24T11:46:32.050Z"}
{"level":"info","message":{"action":"findUnique","duration":"13ms","model":"User"},"timestamp":"2024-11-24T11:48:00.664Z"}
{"level":"info","message":{"action":"findUnique","duration":"2ms","model":"User"},"timestamp":"2024-11-24T11:48:00.668Z"}
{"level":"info","message":{"action":"create","duration":"5ms","model":"User"},"timestamp":"2024-11-24T11:48:00.736Z"}
{"level":"info","message":"User registered: rcprajapaksha123@gmail.com","timestamp":"2024-11-24T11:48:00.737Z"}
{"level":"info","message":{"action":"findUnique","duration":"3ms","model":"User"},"timestamp":"2024-11-24T11:48:14.854Z"}
{"level":"info","message":{"action":"update","duration":"3ms","model":"User"},"timestamp":"2024-11-24T11:48:14.933Z"}
{"level":"info","message":{"action":"findUnique","duration":"13ms","model":"User"},"timestamp":"2024-11-24T11:54:12.179Z"}
{"level":"info","message":{"action":"findUnique","duration":"22ms","model":"User"},"timestamp":"2024-11-24T12:01:16.471Z"}
{"level":"info","message":{"action":"findUnique","duration":"12ms","model":"User"},"timestamp":"2024-11-24T12:02:56.891Z"}
