{"level":"info","message":{"action":"findUnique","duration":"381ms","model":"User"},"timestamp":"2024-11-25T03:25:12.931Z"}
{"level":"info","message":{"action":"update","duration":"31ms","model":"User"},"timestamp":"2024-11-25T03:25:13.076Z"}
{"level":"info","message":{"action":"findUnique","duration":"2ms","model":"User"},"timestamp":"2024-11-25T03:25:13.088Z"}
{"level":"info","message":{"action":"findUnique","duration":"28ms","model":"User"},"timestamp":"2024-11-25T03:33:16.655Z"}
{"level":"info","message":{"action":"create","duration":"106ms","model":"Otp"},"timestamp":"2024-11-25T03:33:16.822Z"}
{"level":"info","message":{"action":"findUnique","duration":"2ms","model":"User"},"timestamp":"2024-11-25T03:33:42.782Z"}
{"level":"info","message":{"action":"findFirst","duration":"98ms","model":"Otp"},"timestamp":"2024-11-25T03:33:42.880Z"}
{"level":"info","message":{"action":"delete","duration":"13ms","model":"Otp"},"timestamp":"2024-11-25T03:33:42.894Z"}
{"level":"info","message":{"action":"update","duration":"5ms","model":"User"},"timestamp":"2024-11-25T03:33:42.901Z"}
{"level":"info","message":{"action":"findUnique","duration":"1ms","model":"User"},"timestamp":"2024-11-25T03:33:42.914Z"}
{"level":"info","message":{"action":"findUnique","duration":"29ms","model":"User"},"timestamp":"2024-11-25T04:09:09.726Z"}
{"level":"info","message":{"action":"update","duration":"4ms","model":"User"},"timestamp":"2024-11-25T04:09:09.790Z"}
{"level":"info","message":{"action":"findUnique","duration":"1ms","model":"User"},"timestamp":"2024-11-25T04:09:09.802Z"}
{"level":"info","message":{"action":"findUnique","duration":"1ms","model":"User"},"timestamp":"2024-11-25T04:11:23.242Z"}
{"level":"info","message":{"action":"create","duration":"3ms","model":"Otp"},"timestamp":"2024-11-25T04:11:23.306Z"}
{"level":"info","message":{"action":"findUnique","duration":"2ms","model":"User"},"timestamp":"2024-11-25T04:11:46.990Z"}
{"level":"info","message":{"action":"findFirst","duration":"1ms","model":"Otp"},"timestamp":"2024-11-25T04:11:46.991Z"}
{"level":"info","message":{"action":"delete","duration":"2ms","model":"Otp"},"timestamp":"2024-11-25T04:11:46.993Z"}
{"level":"info","message":{"action":"update","duration":"2ms","model":"User"},"timestamp":"2024-11-25T04:11:46.998Z"}
{"level":"info","message":{"action":"findUnique","duration":"1ms","model":"User"},"timestamp":"2024-11-25T04:11:47.011Z"}
{"level":"info","message":{"action":"findUnique","duration":"5ms","model":"User"},"timestamp":"2024-11-25T04:23:18.179Z"}
{"level":"info","message":{"action":"update","duration":"4ms","model":"User"},"timestamp":"2024-11-25T04:23:18.251Z"}
{"level":"info","message":{"action":"findUnique","duration":"1ms","model":"User"},"timestamp":"2024-11-25T04:23:49.998Z"}
{"level":"info","message":{"action":"findUnique","duration":"1ms","model":"User"},"timestamp":"2024-11-25T04:23:58.934Z"}
{"level":"info","message":{"action":"findUnique","duration":"33ms","model":"User"},"timestamp":"2024-11-25T06:10:28.183Z"}
{"level":"info","message":{"action":"update","duration":"4ms","model":"User"},"timestamp":"2024-11-25T06:10:28.257Z"}
{"level":"info","message":{"action":"findUnique","duration":"1ms","model":"User"},"timestamp":"2024-11-25T06:10:50.173Z"}
{"level":"info","message":{"action":"findUnique","duration":"1ms","model":"User"},"timestamp":"2024-11-25T06:10:56.995Z"}
{"level":"info","message":{"action":"findUnique","duration":"5ms","model":"User"},"timestamp":"2024-11-25T06:15:52.430Z"}
{"level":"info","message":{"action":"create","duration":"16ms","model":"Otp"},"timestamp":"2024-11-25T06:15:52.509Z"}
{"level":"info","message":{"action":"findUnique","duration":"2ms","model":"User"},"timestamp":"2024-11-25T06:16:34.649Z"}
{"level":"info","message":{"action":"findFirst","duration":"129ms","model":"Otp"},"timestamp":"2024-11-25T06:16:34.778Z"}
{"level":"info","message":{"action":"delete","duration":"9ms","model":"Otp"},"timestamp":"2024-11-25T06:16:34.787Z"}
{"level":"info","message":{"action":"update","duration":"27ms","model":"User"},"timestamp":"2024-11-25T06:16:34.816Z"}
{"level":"info","message":{"action":"findUnique","duration":"1ms","model":"User"},"timestamp":"2024-11-25T06:16:41.186Z"}
{"level":"info","message":{"action":"findUnique","duration":"2ms","model":"User"},"timestamp":"2024-11-25T06:16:51.101Z"}
{"level":"info","message":{"action":"findUnique","duration":"1ms","model":"User"},"timestamp":"2024-11-25T06:17:20.893Z"}
{"level":"info","message":{"action":"update","duration":"5ms","model":"User"},"timestamp":"2024-11-25T06:17:20.962Z"}
{"level":"info","message":{"action":"findUnique","duration":"1ms","model":"User"},"timestamp":"2024-11-25T06:17:20.975Z"}
{"level":"info","message":{"action":"findUnique","duration":"11ms","model":"User"},"timestamp":"2024-11-25T06:26:48.605Z"}
{"level":"info","message":{"action":"create","duration":"4ms","model":"Otp"},"timestamp":"2024-11-25T06:26:48.675Z"}
{"level":"info","message":{"action":"findUnique","duration":"1ms","model":"User"},"timestamp":"2024-11-25T06:27:10.829Z"}
{"level":"info","message":{"action":"findFirst","duration":"2ms","model":"Otp"},"timestamp":"2024-11-25T06:27:10.832Z"}
{"level":"info","message":{"action":"delete","duration":"3ms","model":"Otp"},"timestamp":"2024-11-25T06:27:10.835Z"}
{"level":"info","message":{"action":"update","duration":"4ms","model":"User"},"timestamp":"2024-11-25T06:27:10.842Z"}
{"level":"info","message":{"action":"findUnique","duration":"1ms","model":"User"},"timestamp":"2024-11-25T06:27:10.854Z"}
{"level":"info","message":{"action":"findUnique","duration":"1ms","model":"User"},"timestamp":"2024-11-25T06:27:52.765Z"}
{"level":"info","message":{"action":"update","duration":"3ms","model":"User"},"timestamp":"2024-11-25T06:27:52.830Z"}
{"level":"info","message":{"action":"findUnique","duration":"1ms","model":"User"},"timestamp":"2024-11-25T06:27:52.843Z"}
{"level":"info","message":{"action":"findUnique","duration":"4ms","model":"User"},"timestamp":"2024-11-25T07:08:26.341Z"}
{"level":"info","message":{"action":"update","duration":"4ms","model":"User"},"timestamp":"2024-11-25T07:08:26.408Z"}
{"level":"info","message":{"action":"findUnique","duration":"2ms","model":"User"},"timestamp":"2024-11-25T07:08:26.420Z"}
{"level":"info","message":{"action":"findUnique","duration":"5ms","model":"User"},"timestamp":"2024-11-25T07:20:47.478Z"}
{"level":"info","message":{"action":"update","duration":"4ms","model":"User"},"timestamp":"2024-11-25T07:20:47.545Z"}
{"level":"info","message":{"action":"findUnique","duration":"1ms","model":"User"},"timestamp":"2024-11-25T07:21:13.823Z"}
{"level":"info","message":{"action":"findUnique","duration":"2ms","model":"User"},"timestamp":"2024-11-25T07:21:13.825Z"}
{"level":"info","message":{"action":"create","duration":"3ms","model":"User"},"timestamp":"2024-11-25T07:21:13.911Z"}
{"level":"info","message":"User registered: chanka123@gmail.com","timestamp":"2024-11-25T07:21:13.911Z"}
{"level":"info","message":{"action":"findUnique","duration":"2ms","model":"User"},"timestamp":"2024-11-25T07:22:40.933Z"}
{"level":"info","message":{"action":"findUnique","duration":"1ms","model":"User"},"timestamp":"2024-11-25T07:22:40.934Z"}
{"level":"info","message":{"action":"findUnique","duration":"1ms","model":"User"},"timestamp":"2024-11-25T07:22:46.507Z"}
{"level":"info","message":{"action":"findUnique","duration":"1ms","model":"User"},"timestamp":"2024-11-25T07:22:46.508Z"}
{"level":"info","message":{"action":"create","duration":"4ms","model":"User"},"timestamp":"2024-11-25T07:22:46.574Z"}
{"level":"info","message":"User registered: chanka@gmail.com","timestamp":"2024-11-25T07:22:46.574Z"}
{"level":"info","message":{"action":"findUnique","duration":"25ms","model":"User"},"timestamp":"2024-11-25T08:15:35.358Z"}
{"level":"info","message":{"action":"create","duration":"4ms","model":"Otp"},"timestamp":"2024-11-25T08:15:35.425Z"}
{"level":"info","message":{"action":"findUnique","duration":"1ms","model":"User"},"timestamp":"2024-11-25T08:15:54.492Z"}
{"level":"info","message":{"action":"findFirst","duration":"1ms","model":"Otp"},"timestamp":"2024-11-25T08:15:54.494Z"}
{"level":"info","message":{"action":"delete","duration":"3ms","model":"Otp"},"timestamp":"2024-11-25T08:15:54.497Z"}
{"level":"info","message":{"action":"update","duration":"4ms","model":"User"},"timestamp":"2024-11-25T08:15:54.505Z"}
{"level":"info","message":{"action":"findUnique","duration":"1ms","model":"User"},"timestamp":"2024-11-25T08:15:54.518Z"}
{"level":"info","message":{"action":"findUnique","duration":"4ms","model":"User"},"timestamp":"2024-11-25T09:08:39.473Z"}
{"level":"info","message":{"action":"update","duration":"5ms","model":"User"},"timestamp":"2024-11-25T09:08:39.540Z"}
{"level":"info","message":{"action":"findUnique","duration":"1ms","model":"User"},"timestamp":"2024-11-25T09:08:39.552Z"}
{"level":"info","message":{"action":"findUnique","duration":"12ms","model":"User"},"timestamp":"2024-11-25T10:10:05.154Z"}
{"level":"info","message":{"action":"update","duration":"36ms","model":"User"},"timestamp":"2024-11-25T10:10:05.261Z"}
{"level":"info","message":{"action":"findUnique","duration":"1ms","model":"User"},"timestamp":"2024-11-25T10:10:05.278Z"}
{"level":"info","message":{"action":"findUnique","duration":"2ms","model":"User"},"timestamp":"2024-11-25T10:12:14.739Z"}
{"level":"info","message":{"action":"update","duration":"5ms","model":"User"},"timestamp":"2024-11-25T10:12:14.806Z"}
{"level":"info","message":{"action":"findUnique","duration":"1ms","model":"User"},"timestamp":"2024-11-25T10:12:14.818Z"}
{"level":"info","message":{"action":"findUnique","duration":"2ms","model":"User"},"timestamp":"2024-11-25T10:13:36.658Z"}
{"level":"info","message":{"action":"update","duration":"4ms","model":"User"},"timestamp":"2024-11-25T10:13:36.724Z"}
{"level":"info","message":{"action":"findUnique","duration":"2ms","model":"User"},"timestamp":"2024-11-25T10:13:36.737Z"}
{"level":"info","message":{"action":"findUnique","duration":"1ms","model":"User"},"timestamp":"2024-11-25T10:13:54.889Z"}
{"level":"info","message":{"action":"update","duration":"3ms","model":"User"},"timestamp":"2024-11-25T10:13:54.954Z"}
{"level":"info","message":{"action":"findUnique","duration":"2ms","model":"User"},"timestamp":"2024-11-25T10:13:54.968Z"}
{"level":"info","message":{"action":"findUnique","duration":"11ms","model":"User"},"timestamp":"2024-11-25T10:24:19.724Z"}
{"level":"info","message":{"action":"update","duration":"16ms","model":"User"},"timestamp":"2024-11-25T10:24:19.804Z"}
{"level":"info","message":{"action":"findUnique","duration":"1ms","model":"User"},"timestamp":"2024-11-25T10:24:19.818Z"}
{"level":"info","message":{"action":"findUnique","duration":"2ms","model":"User"},"timestamp":"2024-11-25T10:24:51.024Z"}
{"level":"info","message":{"action":"create","duration":"5ms","model":"Otp"},"timestamp":"2024-11-25T10:24:51.089Z"}
{"level":"info","message":{"action":"findUnique","duration":"2ms","model":"User"},"timestamp":"2024-11-25T10:25:14.289Z"}
{"level":"info","message":{"action":"findFirst","duration":"2ms","model":"Otp"},"timestamp":"2024-11-25T10:25:14.292Z"}
{"level":"info","message":{"action":"delete","duration":"4ms","model":"Otp"},"timestamp":"2024-11-25T10:25:14.296Z"}
{"level":"info","message":{"action":"update","duration":"4ms","model":"User"},"timestamp":"2024-11-25T10:25:14.303Z"}
{"level":"info","message":{"action":"findUnique","duration":"2ms","model":"User"},"timestamp":"2024-11-25T10:25:14.319Z"}
{"level":"info","message":{"action":"findUnique","duration":"5ms","model":"User"},"timestamp":"2024-11-25T10:32:08.873Z"}
{"level":"info","message":{"action":"update","duration":"4ms","model":"User"},"timestamp":"2024-11-25T10:32:08.940Z"}
{"level":"info","message":{"action":"findUnique","duration":"1ms","model":"User"},"timestamp":"2024-11-25T10:32:08.950Z"}
{"level":"info","message":{"action":"findUnique","duration":"4ms","model":"User"},"timestamp":"2024-11-25T10:49:51.171Z"}
{"level":"info","message":{"action":"update","duration":"6ms","model":"User"},"timestamp":"2024-11-25T10:49:51.238Z"}
{"level":"info","message":{"action":"findUnique","duration":"2ms","model":"User"},"timestamp":"2024-11-25T10:49:51.250Z"}
{"level":"info","message":{"action":"findUnique","duration":"2ms","model":"User"},"timestamp":"2024-11-25T10:50:20.837Z"}
{"level":"info","message":{"action":"update","duration":"4ms","model":"User"},"timestamp":"2024-11-25T10:50:20.901Z"}
{"level":"info","message":{"action":"findUnique","duration":"1ms","model":"User"},"timestamp":"2024-11-25T10:50:20.912Z"}
{"level":"info","message":{"action":"findUnique","duration":"1ms","model":"User"},"timestamp":"2024-11-25T10:51:22.101Z"}
{"level":"info","message":{"action":"update","duration":"58ms","model":"User"},"timestamp":"2024-11-25T10:51:22.220Z"}
{"level":"info","message":{"action":"findUnique","duration":"1ms","model":"User"},"timestamp":"2024-11-25T10:51:22.232Z"}
{"level":"info","message":{"action":"findUnique","duration":"4ms","model":"User"},"timestamp":"2024-11-25T10:56:50.423Z"}
{"level":"info","message":{"action":"update","duration":"6ms","model":"User"},"timestamp":"2024-11-25T10:56:50.492Z"}
{"level":"info","message":{"action":"findUnique","duration":"1ms","model":"User"},"timestamp":"2024-11-25T10:56:50.501Z"}
{"level":"info","message":{"action":"findUnique","duration":"1ms","model":"User"},"timestamp":"2024-11-25T10:57:19.518Z"}
{"level":"info","message":{"action":"create","duration":"4ms","model":"Otp"},"timestamp":"2024-11-25T10:57:19.587Z"}
{"level":"info","message":{"action":"findUnique","duration":"1ms","model":"User"},"timestamp":"2024-11-25T10:57:40.596Z"}
{"level":"info","message":{"action":"findFirst","duration":"1ms","model":"Otp"},"timestamp":"2024-11-25T10:57:40.598Z"}
{"level":"info","message":{"action":"delete","duration":"2ms","model":"Otp"},"timestamp":"2024-11-25T10:57:40.600Z"}
{"level":"info","message":{"action":"update","duration":"2ms","model":"User"},"timestamp":"2024-11-25T10:57:40.604Z"}
{"level":"info","message":{"action":"findUnique","duration":"2ms","model":"User"},"timestamp":"2024-11-25T10:57:40.615Z"}
{"level":"info","message":{"action":"findUnique","duration":"4ms","model":"User"},"timestamp":"2024-11-25T11:17:30.715Z"}
{"level":"info","message":{"action":"update","duration":"5ms","model":"User"},"timestamp":"2024-11-25T11:17:30.784Z"}
{"level":"info","message":{"action":"findUnique","duration":"2ms","model":"User"},"timestamp":"2024-11-25T11:17:30.794Z"}
{"level":"info","message":{"action":"findUnique","duration":"5ms","model":"User"},"timestamp":"2024-11-25T11:56:45.165Z"}
{"level":"info","message":{"action":"update","duration":"33ms","model":"User"},"timestamp":"2024-11-25T11:56:45.259Z"}
{"level":"info","message":{"action":"findUnique","duration":"1ms","model":"User"},"timestamp":"2024-11-25T11:56:45.268Z"}
