{"level":"info","message":{"action":"findUnique","duration":"14ms","model":"User"},"timestamp":"2024-11-22T06:54:44.869Z"}
{"level":"info","message":{"action":"update","duration":"5ms","model":"User"},"timestamp":"2024-11-22T06:54:44.945Z"}
{"level":"info","message":{"action":"findUnique","duration":"2ms","model":"User"},"timestamp":"2024-11-22T06:59:14.835Z"}
{"level":"info","message":{"action":"update","duration":"4ms","model":"User"},"timestamp":"2024-11-22T06:59:14.840Z"}
{"level":"info","message":{"action":"findUnique","duration":"32ms","model":"User"},"timestamp":"2024-11-22T07:01:09.415Z"}
{"level":"info","message":{"action":"update","duration":"4ms","model":"User"},"timestamp":"2024-11-22T07:01:09.420Z"}
{"level":"info","message":{"action":"findUnique","duration":"11ms","model":"User"},"timestamp":"2024-11-22T07:06:56.021Z"}
{"level":"info","message":{"action":"update","duration":"5ms","model":"User"},"timestamp":"2024-11-22T07:06:56.027Z"}
{"level":"info","message":{"action":"findFirst","duration":"56ms","model":"User"},"timestamp":"2024-11-22T07:07:45.385Z"}
{"level":"info","message":{"action":"findFirst","duration":"1ms","model":"User"},"timestamp":"2024-11-22T07:08:04.490Z"}
{"level":"info","message":{"action":"findUnique","duration":"2ms","model":"User"},"timestamp":"2024-11-22T07:09:41.231Z"}
{"level":"info","message":{"action":"findUnique","duration":"3ms","model":"User"},"timestamp":"2024-11-22T07:09:41.234Z"}
{"level":"info","message":{"action":"findUnique","duration":"2ms","model":"User"},"timestamp":"2024-11-22T07:09:56.353Z"}
{"level":"info","message":{"action":"findUnique","duration":"1ms","model":"User"},"timestamp":"2024-11-22T07:09:56.354Z"}
{"level":"info","message":{"action":"create","duration":"73ms","model":"User"},"timestamp":"2024-11-22T07:09:56.515Z"}
{"level":"info","message":"User registered: dulaj@gmail.com","timestamp":"2024-11-22T07:09:56.515Z"}
{"level":"info","message":{"action":"findUnique","duration":"1ms","model":"User"},"timestamp":"2024-11-22T07:10:46.211Z"}
{"level":"info","message":{"action":"update","duration":"3ms","model":"User"},"timestamp":"2024-11-22T07:10:46.280Z"}
{"level":"info","message":{"action":"findUnique","duration":"1ms","model":"User"},"timestamp":"2024-11-22T07:11:10.766Z"}
{"level":"info","message":{"action":"update","duration":"3ms","model":"User"},"timestamp":"2024-11-22T07:11:10.769Z"}
{"level":"info","message":{"action":"findFirst","duration":"1ms","model":"User"},"timestamp":"2024-11-22T07:11:32.261Z"}
{"level":"info","message":{"action":"findUnique","duration":"5ms","model":"User"},"timestamp":"2024-11-22T07:12:51.078Z"}
{"level":"info","message":{"action":"update","duration":"5ms","model":"User"},"timestamp":"2024-11-22T07:12:51.146Z"}
{"level":"info","message":{"action":"findUnique","duration":"1ms","model":"User"},"timestamp":"2024-11-22T07:13:11.885Z"}
{"level":"info","message":{"action":"update","duration":"30ms","model":"User"},"timestamp":"2024-11-22T07:13:11.915Z"}
{"level":"info","message":{"action":"findFirst","duration":"2ms","model":"User"},"timestamp":"2024-11-22T07:14:48.419Z"}
{"level":"info","message":{"action":"findUnique","duration":"12ms","model":"User"},"timestamp":"2024-11-22T07:22:58.898Z"}
{"level":"info","message":{"action":"update","duration":"6ms","model":"User"},"timestamp":"2024-11-22T07:22:58.906Z"}
{"level":"info","message":{"action":"findFirst","duration":"3ms","model":"User"},"timestamp":"2024-11-22T07:24:38.728Z"}
{"level":"info","message":{"action":"findUnique","duration":"10ms","model":"User"},"timestamp":"2024-11-22T07:27:14.902Z"}
{"level":"info","message":{"action":"findUnique","duration":"2ms","model":"User"},"timestamp":"2024-11-22T07:27:14.905Z"}
{"level":"info","message":{"action":"create","duration":"5ms","model":"User"},"timestamp":"2024-11-22T07:27:14.978Z"}
{"level":"info","message":"User registered: rcprajapaksha123@gmail.com","timestamp":"2024-11-22T07:27:14.978Z"}
{"level":"info","message":{"action":"findUnique","duration":"1ms","model":"User"},"timestamp":"2024-11-22T07:27:40.101Z"}
{"level":"info","message":{"action":"findUnique","duration":"1ms","model":"User"},"timestamp":"2024-11-22T07:28:06.848Z"}
{"level":"info","message":{"action":"update","duration":"4ms","model":"User"},"timestamp":"2024-11-22T07:28:06.922Z"}
{"level":"info","message":{"action":"findUnique","duration":"1ms","model":"User"},"timestamp":"2024-11-22T07:28:19.136Z"}
{"level":"info","message":{"action":"update","duration":"3ms","model":"User"},"timestamp":"2024-11-22T07:28:19.140Z"}
{"level":"info","message":{"action":"findFirst","duration":"2ms","model":"User"},"timestamp":"2024-11-22T07:28:53.176Z"}
{"level":"info","message":{"action":"findUnique","duration":"2ms","model":"User"},"timestamp":"2024-11-22T07:30:27.695Z"}
{"level":"info","message":{"action":"update","duration":"4ms","model":"User"},"timestamp":"2024-11-22T07:30:27.699Z"}
{"level":"info","message":{"action":"findFirst","duration":"2ms","model":"User"},"timestamp":"2024-11-22T07:31:03.940Z"}
{"level":"info","message":{"action":"update","duration":"36ms","model":"User"},"timestamp":"2024-11-22T07:31:04.041Z"}
{"level":"info","message":{"action":"findUnique","duration":"1ms","model":"User"},"timestamp":"2024-11-22T07:32:01.597Z"}
{"level":"info","message":{"action":"findUnique","duration":"4ms","model":"User"},"timestamp":"2024-11-22T07:32:23.626Z"}
{"level":"info","message":{"action":"update","duration":"4ms","model":"User"},"timestamp":"2024-11-22T07:32:23.694Z"}
{"level":"info","message":{"action":"findFirst","duration":"2ms","model":"User"},"timestamp":"2024-11-22T07:33:56.046Z"}
{"level":"info","message":{"action":"findFirst","duration":"13ms","model":"User"},"timestamp":"2024-11-22T07:36:30.093Z"}
{"level":"info","message":{"action":"findUnique","duration":"6ms","model":"User"},"timestamp":"2024-11-22T07:43:57.241Z"}
{"level":"info","message":{"action":"update","duration":"4ms","model":"User"},"timestamp":"2024-11-22T07:43:57.307Z"}
{"level":"info","message":{"action":"findUnique","duration":"2ms","model":"User"},"timestamp":"2024-11-22T07:44:13.893Z"}
{"level":"info","message":{"action":"findUnique","duration":"1ms","model":"User"},"timestamp":"2024-11-22T07:44:22.393Z"}
{"level":"info","message":{"action":"update","duration":"3ms","model":"User"},"timestamp":"2024-11-22T07:44:22.397Z"}
{"level":"info","message":{"action":"findFirst","duration":"1ms","model":"User"},"timestamp":"2024-11-22T07:44:43.988Z"}
{"level":"info","message":{"action":"findFirst","duration":"2ms","model":"User"},"timestamp":"2024-11-22T07:45:07.680Z"}
{"level":"info","message":{"action":"findFirst","duration":"2ms","model":"User"},"timestamp":"2024-11-22T07:46:04.540Z"}
{"level":"info","message":{"action":"update","duration":"4ms","model":"User"},"timestamp":"2024-11-22T07:46:04.607Z"}
{"level":"info","message":{"action":"findUnique","duration":"10ms","model":"User"},"timestamp":"2024-11-22T08:39:25.755Z"}
{"level":"info","message":{"action":"findUnique","duration":"1ms","model":"User"},"timestamp":"2024-11-22T08:39:32.271Z"}
{"level":"info","message":{"action":"update","duration":"5ms","model":"User"},"timestamp":"2024-11-22T08:39:32.277Z"}
{"level":"info","message":{"action":"findFirst","duration":"2ms","model":"User"},"timestamp":"2024-11-22T08:40:24.816Z"}
{"level":"info","message":{"action":"update","duration":"5ms","model":"User"},"timestamp":"2024-11-22T08:40:24.883Z"}
{"level":"info","message":{"action":"findUnique","duration":"12ms","model":"User"},"timestamp":"2024-11-22T11:25:29.378Z"}
{"level":"info","message":{"action":"findUnique","duration":"1ms","model":"User"},"timestamp":"2024-11-22T11:26:32.119Z"}
{"level":"info","message":{"action":"findUnique","duration":"1ms","model":"User"},"timestamp":"2024-11-22T11:26:32.122Z"}
{"level":"info","message":{"action":"create","duration":"83ms","model":"User"},"timestamp":"2024-11-22T11:26:32.268Z"}
{"level":"info","message":"User registered: rcprajapaksha123@gmail.com","timestamp":"2024-11-22T11:26:32.268Z"}
{"level":"info","message":{"action":"findUnique","duration":"1ms","model":"User"},"timestamp":"2024-11-22T11:26:43.830Z"}
{"level":"info","message":{"action":"findUnique","duration":"1ms","model":"User"},"timestamp":"2024-11-22T11:28:02.487Z"}
{"level":"info","message":{"action":"findUnique","duration":"1ms","model":"User"},"timestamp":"2024-11-22T11:28:20.122Z"}
{"level":"info","message":{"action":"findUnique","duration":"1ms","model":"User"},"timestamp":"2024-11-22T11:28:45.826Z"}
{"level":"info","message":{"action":"findUnique","duration":"26ms","model":"User"},"timestamp":"2024-11-22T11:34:48.026Z"}
{"level":"info","message":{"action":"findUnique","duration":"13ms","model":"User"},"timestamp":"2024-11-22T11:37:54.185Z"}
{"level":"info","message":{"action":"findUnique","duration":"1ms","model":"User"},"timestamp":"2024-11-22T11:38:33.365Z"}
{"level":"info","message":{"action":"findFirst","duration":"1ms","model":"Otp"},"timestamp":"2024-11-22T11:38:33.367Z"}
{"level":"info","message":{"action":"findUnique","duration":"7ms","model":"User"},"timestamp":"2024-11-22T11:46:50.810Z"}
{"level":"info","message":{"action":"findUnique","duration":"1ms","model":"User"},"timestamp":"2024-11-22T11:47:11.118Z"}
{"level":"info","message":{"action":"findUnique","duration":"12ms","model":"User"},"timestamp":"2024-11-22T11:50:40.919Z"}
{"level":"info","message":{"action":"findUnique","duration":"2ms","model":"User"},"timestamp":"2024-11-22T11:51:05.865Z"}
{"level":"info","message":{"action":"findUnique","duration":"2ms","model":"User"},"timestamp":"2024-11-22T11:51:21.120Z"}
{"level":"info","message":{"action":"findUnique","duration":"1ms","model":"User"},"timestamp":"2024-11-22T11:51:26.191Z"}
{"level":"info","message":{"action":"findUnique","duration":"15ms","model":"User"},"timestamp":"2024-11-22T11:59:57.347Z"}
{"level":"info","message":{"action":"create","duration":"27ms","model":"Otp"},"timestamp":"2024-11-22T11:59:57.444Z"}
{"level":"info","message":{"action":"findUnique","duration":"12ms","model":"User"},"timestamp":"2024-11-22T12:04:04.736Z"}
{"level":"info","message":{"action":"create","duration":"4ms","model":"Otp"},"timestamp":"2024-11-22T12:04:04.808Z"}
{"level":"info","message":{"action":"findUnique","duration":"2ms","model":"User"},"timestamp":"2024-11-22T12:04:30.242Z"}
{"level":"info","message":{"action":"findUnique","duration":"2ms","model":"User"},"timestamp":"2024-11-22T12:05:57.065Z"}
{"level":"info","message":{"action":"findUnique","duration":"1ms","model":"User"},"timestamp":"2024-11-22T12:06:07.206Z"}
{"level":"info","message":{"action":"create","duration":"2ms","model":"Otp"},"timestamp":"2024-11-22T12:06:07.272Z"}
{"level":"info","message":{"action":"findUnique","duration":"1ms","model":"User"},"timestamp":"2024-11-22T12:06:30.150Z"}
