{"level":"info","message":{"action":"findFirst","duration":"429ms","model":"User"},"timestamp":"2024-12-08T05:25:10.328Z"}
{"level":"info","message":{"action":"update","duration":"20ms","model":"User"},"timestamp":"2024-12-08T05:25:10.430Z"}
{"level":"info","message":{"action":"create","duration":"9ms","model":"NetworkLog"},"timestamp":"2024-12-08T05:25:11.329Z"}
{"level":"info","message":{"action":"findUnique","duration":"1ms","model":"User"},"timestamp":"2024-12-08T05:25:11.346Z"}
{"level":"info","message":{"action":"findMany","duration":"12ms","model":"masterUser"},"timestamp":"2024-12-08T05:25:11.396Z"}
{"level":"info","message":{"action":"findMany","duration":"16ms","model":"Patient"},"timestamp":"2024-12-08T05:25:11.402Z"}
{"level":"info","message":"Fetched 3 patients from the database.","timestamp":"2024-12-08T05:25:11.402Z"}
{"level":"info","message":{"action":"findMany","duration":"20ms","model":"masterUser"},"timestamp":"2024-12-08T06:52:10.833Z"}
{"level":"info","message":{"action":"findMany","duration":"26ms","model":"Patient"},"timestamp":"2024-12-08T06:52:10.843Z"}
{"level":"info","message":"Fetched 3 patients from the database.","timestamp":"2024-12-08T06:52:10.843Z"}
{"level":"info","message":{"action":"findMany","duration":"2ms","model":"masterUser"},"timestamp":"2024-12-08T06:52:25.290Z"}
{"level":"info","message":{"action":"findMany","duration":"18ms","model":"masterUser"},"timestamp":"2024-12-08T06:52:43.500Z"}
{"level":"info","message":{"action":"findMany","duration":"20ms","model":"Patient"},"timestamp":"2024-12-08T06:52:43.503Z"}
{"level":"info","message":"Fetched 3 patients from the database.","timestamp":"2024-12-08T06:52:43.503Z"}
{"level":"info","message":{"action":"findMany","duration":"29ms","model":"masterUser"},"timestamp":"2024-12-08T06:59:48.682Z"}
{"level":"info","message":{"action":"findMany","duration":"30ms","model":"Patient"},"timestamp":"2024-12-08T06:59:48.684Z"}
{"level":"info","message":"Fetched 3 patients from the database.","timestamp":"2024-12-08T06:59:48.685Z"}
{"level":"info","message":{"action":"findMany","duration":"3ms","model":"masterUser"},"timestamp":"2024-12-08T06:59:57.467Z"}
{"level":"info","message":{"action":"findMany","duration":"2ms","model":"masterUser"},"timestamp":"2024-12-08T06:59:58.994Z"}
{"level":"info","message":{"action":"findMany","duration":"1ms","model":"masterUser"},"timestamp":"2024-12-08T07:00:01.388Z"}
{"level":"info","message":{"action":"findMany","duration":"3ms","model":"masterUser"},"timestamp":"2024-12-08T07:00:10.534Z"}
{"level":"info","message":{"action":"findMany","duration":"3ms","model":"masterUser"},"timestamp":"2024-12-08T07:00:11.884Z"}
{"level":"info","message":{"action":"findMany","duration":"5ms","model":"Patient"},"timestamp":"2024-12-08T07:00:11.888Z"}
{"level":"info","message":"Fetched 3 patients from the database.","timestamp":"2024-12-08T07:00:11.889Z"}
{"level":"info","message":{"action":"findMany","duration":"2ms","model":"masterUser"},"timestamp":"2024-12-08T07:03:05.800Z"}
{"level":"info","message":{"action":"findMany","duration":"2ms","model":"Patient"},"timestamp":"2024-12-08T07:03:05.801Z"}
{"level":"info","message":"Fetched 3 patients from the database.","timestamp":"2024-12-08T07:03:05.801Z"}
{"level":"info","message":{"action":"update","duration":"183ms","model":"masterUser"},"timestamp":"2024-12-08T07:12:37.936Z"}
{"level":"info","message":{"action":"findMany","duration":"140ms","model":"masterUser"},"timestamp":"2024-12-08T08:45:20.775Z"}
{"level":"info","message":{"action":"findMany","duration":"2ms","model":"masterUser"},"timestamp":"2024-12-08T08:45:36.605Z"}
{"level":"info","message":{"action":"findMany","duration":"6ms","model":"masterUser"},"timestamp":"2024-12-08T08:52:47.024Z"}
{"level":"info","message":{"action":"findMany","duration":"29ms","model":"Patient"},"timestamp":"2024-12-08T08:52:47.049Z"}
{"level":"info","message":"Fetched 3 patients from the database.","timestamp":"2024-12-08T08:52:47.050Z"}
{"level":"info","message":{"action":"findMany","duration":"3ms","model":"masterUser"},"timestamp":"2024-12-08T08:52:57.809Z"}
{"level":"info","message":{"action":"findMany","duration":"6ms","model":"Patient"},"timestamp":"2024-12-08T08:52:57.812Z"}
{"level":"info","message":"Fetched 3 patients from the database.","timestamp":"2024-12-08T08:52:57.812Z"}
{"level":"info","message":{"action":"update","duration":"41ms","model":"masterUser"},"timestamp":"2024-12-08T09:11:29.185Z"}
{"level":"info","message":{"action":"update","duration":"4ms","model":"masterUser"},"timestamp":"2024-12-08T09:14:09.682Z"}
{"level":"info","message":{"action":"update","duration":"13ms","model":"masterUser"},"timestamp":"2024-12-08T09:16:38.907Z"}
{"level":"info","message":{"action":"update","duration":"9ms","model":"masterUser"},"timestamp":"2024-12-08T09:22:13.476Z"}
{"level":"info","message":{"action":"update","duration":"5ms","model":"masterUser"},"timestamp":"2024-12-08T09:24:34.277Z"}
{"level":"info","message":{"action":"findMany","duration":"6ms","model":"masterUser"},"timestamp":"2024-12-08T09:24:38.828Z"}
{"level":"info","message":{"action":"findMany","duration":"8ms","model":"Patient"},"timestamp":"2024-12-08T09:24:38.832Z"}
{"level":"info","message":"Fetched 3 patients from the database.","timestamp":"2024-12-08T09:24:38.832Z"}
{"level":"info","message":{"action":"findMany","duration":"3ms","model":"masterUser"},"timestamp":"2024-12-08T09:28:34.877Z"}
{"level":"info","message":{"action":"findMany","duration":"3ms","model":"Patient"},"timestamp":"2024-12-08T09:28:34.879Z"}
{"level":"info","message":"Fetched 3 patients from the database.","timestamp":"2024-12-08T09:28:34.879Z"}
{"level":"info","message":{"action":"update","duration":"5ms","model":"masterUser"},"timestamp":"2024-12-08T09:29:06.360Z"}
{"level":"info","message":{"action":"findMany","duration":"2ms","model":"masterUser"},"timestamp":"2024-12-08T09:29:24.578Z"}
{"level":"info","message":{"action":"findMany","duration":"5ms","model":"Patient"},"timestamp":"2024-12-08T09:29:24.582Z"}
{"level":"info","message":"Fetched 3 patients from the database.","timestamp":"2024-12-08T09:29:24.583Z"}
{"level":"info","message":{"action":"update","duration":"3ms","model":"masterUser"},"timestamp":"2024-12-08T09:29:30.744Z"}
{"level":"info","message":{"action":"findMany","duration":"3ms","model":"masterUser"},"timestamp":"2024-12-08T09:29:37.119Z"}
{"level":"info","message":{"action":"findMany","duration":"3ms","model":"Patient"},"timestamp":"2024-12-08T09:29:37.121Z"}
{"level":"info","message":"Fetched 3 patients from the database.","timestamp":"2024-12-08T09:29:37.121Z"}
{"level":"info","message":{"action":"findMany","duration":"5ms","model":"masterUser"},"timestamp":"2024-12-08T09:34:51.616Z"}
{"level":"info","message":{"action":"findMany","duration":"2ms","model":"masterUser"},"timestamp":"2024-12-08T09:34:53.607Z"}
{"level":"info","message":{"action":"findMany","duration":"2ms","model":"masterUser"},"timestamp":"2024-12-08T09:35:24.608Z"}
{"level":"info","message":{"action":"findMany","duration":"4ms","model":"masterUser"},"timestamp":"2024-12-08T09:35:28.340Z"}
{"level":"info","message":{"action":"findMany","duration":"4ms","model":"Patient"},"timestamp":"2024-12-08T09:35:28.344Z"}
{"level":"info","message":"Fetched 3 patients from the database.","timestamp":"2024-12-08T09:35:28.344Z"}
{"level":"info","message":{"action":"update","duration":"5ms","model":"masterUser"},"timestamp":"2024-12-08T09:35:33.217Z"}
{"level":"info","message":{"action":"findMany","duration":"3ms","model":"masterUser"},"timestamp":"2024-12-08T09:36:25.625Z"}
{"level":"info","message":{"action":"findMany","duration":"2ms","model":"Patient"},"timestamp":"2024-12-08T09:36:25.626Z"}
{"level":"info","message":"Fetched 3 patients from the database.","timestamp":"2024-12-08T09:36:25.626Z"}
{"level":"info","message":{"action":"findMany","duration":"4ms","model":"masterUser"},"timestamp":"2024-12-08T09:36:49.974Z"}
{"level":"info","message":{"action":"findMany","duration":"10ms","model":"Patient"},"timestamp":"2024-12-08T09:36:49.981Z"}
{"level":"info","message":"Fetched 3 patients from the database.","timestamp":"2024-12-08T09:36:49.981Z"}
{"level":"info","message":{"action":"update","duration":"5ms","model":"masterUser"},"timestamp":"2024-12-08T09:36:54.660Z"}
{"level":"info","message":{"action":"findMany","duration":"2ms","model":"Patient"},"timestamp":"2024-12-08T09:37:10.909Z"}
{"level":"info","message":"Fetched 3 patients from the database.","timestamp":"2024-12-08T09:37:10.909Z"}
{"level":"info","message":{"action":"findMany","duration":"5ms","model":"masterUser"},"timestamp":"2024-12-08T09:37:10.910Z"}
{"level":"info","message":{"action":"update","duration":"3ms","model":"masterUser"},"timestamp":"2024-12-08T09:37:19.996Z"}
{"level":"info","message":{"action":"findFirst","duration":"30ms","model":"User"},"timestamp":"2024-12-08T09:37:31.766Z"}
{"level":"info","message":{"action":"update","duration":"14ms","model":"User"},"timestamp":"2024-12-08T09:37:31.856Z"}
{"level":"info","message":{"action":"create","duration":"80ms","model":"NetworkLog"},"timestamp":"2024-12-08T09:37:32.939Z"}
{"level":"info","message":{"action":"findUnique","duration":"2ms","model":"User"},"timestamp":"2024-12-08T09:37:32.951Z"}
{"level":"info","message":{"action":"findMany","duration":"2ms","model":"masterUser"},"timestamp":"2024-12-08T09:37:32.988Z"}
{"level":"info","message":{"action":"findMany","duration":"3ms","model":"Patient"},"timestamp":"2024-12-08T09:37:32.991Z"}
{"level":"info","message":"Fetched 3 patients from the database.","timestamp":"2024-12-08T09:37:32.991Z"}
{"level":"info","message":{"action":"findMany","duration":"5ms","model":"Patient"},"timestamp":"2024-12-08T09:37:38.070Z"}
{"level":"info","message":"Fetched 3 patients from the database.","timestamp":"2024-12-08T09:37:38.070Z"}
{"level":"info","message":{"action":"findMany","duration":"13ms","model":"masterUser"},"timestamp":"2024-12-08T09:37:38.077Z"}
{"level":"info","message":{"action":"update","duration":"3ms","model":"masterUser"},"timestamp":"2024-12-08T09:37:43.116Z"}
{"level":"info","message":{"action":"findMany","duration":"1ms","model":"masterUser"},"timestamp":"2024-12-08T09:38:24.616Z"}
{"level":"info","message":{"action":"findMany","duration":"3ms","model":"Patient"},"timestamp":"2024-12-08T09:38:24.618Z"}
{"level":"info","message":"Fetched 3 patients from the database.","timestamp":"2024-12-08T09:38:24.618Z"}
{"level":"info","message":{"action":"findMany","duration":"1ms","model":"masterUser"},"timestamp":"2024-12-08T09:38:32.668Z"}
{"level":"info","message":{"action":"findMany","duration":"3ms","model":"Patient"},"timestamp":"2024-12-08T09:38:32.673Z"}
{"level":"info","message":"Fetched 3 patients from the database.","timestamp":"2024-12-08T09:38:32.673Z"}
{"level":"info","message":{"action":"update","duration":"3ms","model":"masterUser"},"timestamp":"2024-12-08T09:38:37.716Z"}
{"level":"info","message":{"action":"findMany","duration":"2ms","model":"masterUser"},"timestamp":"2024-12-08T09:38:44.659Z"}
{"level":"info","message":{"action":"findMany","duration":"3ms","model":"Patient"},"timestamp":"2024-12-08T09:38:44.660Z"}
{"level":"info","message":"Fetched 3 patients from the database.","timestamp":"2024-12-08T09:38:44.660Z"}
{"level":"info","message":{"action":"findMany","duration":"2ms","model":"masterUser"},"timestamp":"2024-12-08T09:39:06.607Z"}
{"level":"info","message":{"action":"findMany","duration":"1ms","model":"masterUser"},"timestamp":"2024-12-08T09:39:09.608Z"}
{"level":"info","message":{"action":"findMany","duration":"1ms","model":"masterUser"},"timestamp":"2024-12-08T09:39:30.868Z"}
{"level":"info","message":{"action":"findMany","duration":"2ms","model":"Patient"},"timestamp":"2024-12-08T09:39:30.870Z"}
{"level":"info","message":"Fetched 3 patients from the database.","timestamp":"2024-12-08T09:39:30.870Z"}
{"level":"info","message":{"action":"update","duration":"5ms","model":"masterUser"},"timestamp":"2024-12-08T09:39:37.086Z"}
{"level":"info","message":{"action":"findMany","duration":"3ms","model":"Patient"},"timestamp":"2024-12-08T09:40:07.694Z"}
{"level":"info","message":"Fetched 3 patients from the database.","timestamp":"2024-12-08T09:40:07.695Z"}
{"level":"info","message":{"action":"findMany","duration":"7ms","model":"masterUser"},"timestamp":"2024-12-08T09:40:07.696Z"}
{"level":"info","message":{"action":"update","duration":"3ms","model":"masterUser"},"timestamp":"2024-12-08T09:40:15.690Z"}
{"level":"info","message":{"action":"findMany","duration":"2ms","model":"masterUser"},"timestamp":"2024-12-08T09:40:19.891Z"}
{"level":"info","message":{"action":"findMany","duration":"4ms","model":"Patient"},"timestamp":"2024-12-08T09:40:19.894Z"}
{"level":"info","message":"Fetched 3 patients from the database.","timestamp":"2024-12-08T09:40:19.894Z"}
{"level":"info","message":{"action":"update","duration":"10ms","model":"masterUser"},"timestamp":"2024-12-08T09:57:36.625Z"}
{"level":"info","message":{"action":"findMany","duration":"2ms","model":"masterUser"},"timestamp":"2024-12-08T09:58:51.612Z"}
{"level":"info","message":{"action":"findMany","duration":"6ms","model":"masterUser"},"timestamp":"2024-12-08T09:58:56.679Z"}
{"level":"info","message":{"action":"findMany","duration":"17ms","model":"Patient"},"timestamp":"2024-12-08T09:58:56.693Z"}
{"level":"info","message":"Fetched 3 patients from the database.","timestamp":"2024-12-08T09:58:56.694Z"}
{"level":"info","message":{"action":"update","duration":"8ms","model":"masterUser"},"timestamp":"2024-12-08T09:59:05.060Z"}
{"level":"info","message":{"action":"update","duration":"5ms","model":"masterUser"},"timestamp":"2024-12-08T09:59:09.510Z"}
{"level":"info","message":{"action":"findMany","duration":"10ms","model":"masterUser"},"timestamp":"2024-12-08T09:59:15.223Z"}
{"level":"info","message":{"action":"findMany","duration":"5ms","model":"Patient"},"timestamp":"2024-12-08T09:59:15.227Z"}
{"level":"info","message":"Fetched 3 patients from the database.","timestamp":"2024-12-08T09:59:15.227Z"}
{"level":"info","message":{"action":"findMany","duration":"1ms","model":"masterUser"},"timestamp":"2024-12-08T09:59:27.608Z"}
{"level":"info","message":{"action":"update","duration":"7ms","model":"masterUser"},"timestamp":"2024-12-08T10:00:11.019Z"}
{"level":"info","message":{"action":"findMany","duration":"4ms","model":"masterUser"},"timestamp":"2024-12-08T10:00:14.314Z"}
{"level":"info","message":{"action":"findMany","duration":"4ms","model":"Patient"},"timestamp":"2024-12-08T10:00:14.317Z"}
{"level":"info","message":"Fetched 3 patients from the database.","timestamp":"2024-12-08T10:00:14.318Z"}
{"level":"info","message":{"action":"findMany","duration":"6ms","model":"masterUser"},"timestamp":"2024-12-08T10:11:05.612Z"}
{"level":"info","message":{"action":"findMany","duration":"1ms","model":"masterUser"},"timestamp":"2024-12-08T10:11:10.605Z"}
{"level":"info","message":{"action":"findMany","duration":"1ms","model":"masterUser"},"timestamp":"2024-12-08T10:11:13.617Z"}
{"level":"info","message":{"action":"update","duration":"4ms","model":"masterUser"},"timestamp":"2024-12-08T10:11:50.551Z"}
{"level":"info","message":{"action":"findMany","duration":"2ms","model":"masterUser"},"timestamp":"2024-12-08T10:11:55.449Z"}
{"level":"info","message":{"action":"findMany","duration":"5ms","model":"Patient"},"timestamp":"2024-12-08T10:11:55.453Z"}
{"level":"info","message":"Fetched 3 patients from the database.","timestamp":"2024-12-08T10:11:55.453Z"}
{"level":"info","message":{"action":"findMany","duration":"2ms","model":"masterUser"},"timestamp":"2024-12-08T10:12:45.956Z"}
{"level":"info","message":{"action":"findMany","duration":"3ms","model":"Patient"},"timestamp":"2024-12-08T10:12:45.958Z"}
{"level":"info","message":"Fetched 3 patients from the database.","timestamp":"2024-12-08T10:12:45.958Z"}
{"level":"info","message":{"action":"update","duration":"3ms","model":"masterUser"},"timestamp":"2024-12-08T10:12:52.297Z"}
{"level":"info","message":{"action":"findMany","duration":"3ms","model":"masterUser"},"timestamp":"2024-12-08T10:13:01.125Z"}
{"level":"info","message":{"action":"findMany","duration":"5ms","model":"Patient"},"timestamp":"2024-12-08T10:13:01.128Z"}
{"level":"info","message":"Fetched 3 patients from the database.","timestamp":"2024-12-08T10:13:01.128Z"}
{"level":"info","message":{"action":"update","duration":"3ms","model":"masterUser"},"timestamp":"2024-12-08T10:13:07.054Z"}
{"level":"info","message":{"action":"update","duration":"16ms","model":"masterUser"},"timestamp":"2024-12-08T10:21:48.033Z"}
{"level":"info","message":{"action":"findMany","duration":"6ms","model":"masterUser"},"timestamp":"2024-12-08T10:23:20.307Z"}
{"level":"info","message":{"action":"findMany","duration":"8ms","model":"Patient"},"timestamp":"2024-12-08T10:23:20.313Z"}
{"level":"info","message":"Fetched 3 patients from the database.","timestamp":"2024-12-08T10:23:20.314Z"}
{"level":"info","message":{"action":"update","duration":"5ms","model":"masterUser"},"timestamp":"2024-12-08T10:23:26.725Z"}
{"level":"info","message":{"action":"findUnique","duration":"7ms","model":"masterUser"},"timestamp":"2024-12-08T10:50:27.708Z"}
{"level":"info","message":{"action":"count","duration":"144ms","model":"masterUser"},"timestamp":"2024-12-08T10:50:27.853Z"}
{"level":"info","message":{"action":"create","duration":"5ms","model":"masterUser"},"timestamp":"2024-12-08T10:50:27.859Z"}
{"level":"info","message":"User added successfully: EMP00007","timestamp":"2024-12-08T10:50:27.859Z"}
{"level":"info","message":{"action":"findMany","duration":"9ms","model":"Patient"},"timestamp":"2024-12-08T10:55:04.704Z"}
{"level":"info","message":"Fetched 3 patients from the database.","timestamp":"2024-12-08T10:55:04.706Z"}
{"level":"info","message":{"action":"findMany","duration":"24ms","model":"masterUser"},"timestamp":"2024-12-08T10:55:04.713Z"}
{"level":"info","message":{"action":"findUnique","duration":"2ms","model":"masterUser"},"timestamp":"2024-12-08T10:55:37.261Z"}
{"level":"info","message":{"action":"count","duration":"1ms","model":"masterUser"},"timestamp":"2024-12-08T10:55:37.263Z"}
{"level":"info","message":{"action":"create","duration":"6ms","model":"masterUser"},"timestamp":"2024-12-08T10:55:37.269Z"}
{"level":"info","message":"User added successfully: EMP00008","timestamp":"2024-12-08T10:55:37.269Z"}
{"level":"info","message":{"action":"findMany","duration":"2ms","model":"masterUser"},"timestamp":"2024-12-08T10:55:48.927Z"}
{"level":"info","message":{"action":"findMany","duration":"4ms","model":"Patient"},"timestamp":"2024-12-08T10:55:48.930Z"}
{"level":"info","message":"Fetched 3 patients from the database.","timestamp":"2024-12-08T10:55:48.931Z"}
{"level":"info","message":{"action":"update","duration":"5ms","model":"masterUser"},"timestamp":"2024-12-08T10:57:21.577Z"}
{"level":"info","message":{"action":"findUnique","duration":"1ms","model":"masterUser"},"timestamp":"2024-12-08T10:57:53.324Z"}
{"level":"info","message":{"action":"count","duration":"0ms","model":"masterUser"},"timestamp":"2024-12-08T10:57:53.325Z"}
{"level":"info","message":{"action":"create","duration":"4ms","model":"masterUser"},"timestamp":"2024-12-08T10:57:53.329Z"}
{"level":"info","message":"User added successfully: EMP00009","timestamp":"2024-12-08T10:57:53.329Z"}
{"level":"info","message":{"action":"findUnique","duration":"1ms","model":"masterUser"},"timestamp":"2024-12-08T10:57:58.497Z"}
{"level":"info","message":{"action":"findMany","duration":"3ms","model":"masterUser"},"timestamp":"2024-12-08T10:58:02.174Z"}
{"level":"info","message":{"action":"findMany","duration":"4ms","model":"Patient"},"timestamp":"2024-12-08T10:58:02.176Z"}
{"level":"info","message":"Fetched 3 patients from the database.","timestamp":"2024-12-08T10:58:02.177Z"}
{"level":"info","message":{"action":"findUnique","duration":"4ms","model":"masterUser"},"timestamp":"2024-12-08T11:00:32.669Z"}
{"level":"info","message":{"action":"count","duration":"1ms","model":"masterUser"},"timestamp":"2024-12-08T11:00:32.670Z"}
{"level":"info","message":{"action":"create","duration":"3ms","model":"masterUser"},"timestamp":"2024-12-08T11:00:32.673Z"}
{"level":"info","message":"User added successfully: EMP00010","timestamp":"2024-12-08T11:00:32.673Z"}
{"level":"info","message":{"action":"findMany","duration":"2ms","model":"masterUser"},"timestamp":"2024-12-08T11:00:41.961Z"}
{"level":"info","message":{"action":"findMany","duration":"2ms","model":"Patient"},"timestamp":"2024-12-08T11:00:41.963Z"}
{"level":"info","message":"Fetched 3 patients from the database.","timestamp":"2024-12-08T11:00:41.964Z"}
{"level":"info","message":{"action":"update","duration":"4ms","model":"masterUser"},"timestamp":"2024-12-08T11:00:54.332Z"}
{"level":"info","message":{"action":"findUnique","duration":"1ms","model":"masterUser"},"timestamp":"2024-12-08T11:04:20.394Z"}
{"level":"info","message":{"action":"count","duration":"1ms","model":"masterUser"},"timestamp":"2024-12-08T11:04:20.396Z"}
{"level":"info","message":{"action":"create","duration":"4ms","model":"masterUser"},"timestamp":"2024-12-08T11:04:20.400Z"}
{"level":"info","message":"User added successfully: EMP00011","timestamp":"2024-12-08T11:04:20.400Z"}
{"level":"info","message":{"action":"findMany","duration":"5ms","model":"masterUser"},"timestamp":"2024-12-08T11:04:26.302Z"}
{"level":"info","message":{"action":"findMany","duration":"8ms","model":"Patient"},"timestamp":"2024-12-08T11:04:26.307Z"}
{"level":"info","message":"Fetched 3 patients from the database.","timestamp":"2024-12-08T11:04:26.307Z"}
{"level":"info","message":{"action":"findMany","duration":"3ms","model":"masterUser"},"timestamp":"2024-12-08T11:06:47.216Z"}
{"level":"info","message":{"action":"findMany","duration":"5ms","model":"Patient"},"timestamp":"2024-12-08T11:06:47.220Z"}
{"level":"info","message":"Fetched 3 patients from the database.","timestamp":"2024-12-08T11:06:47.221Z"}
{"level":"info","message":{"action":"findUnique","duration":"1ms","model":"masterUser"},"timestamp":"2024-12-08T11:07:12.675Z"}
{"level":"info","message":{"action":"count","duration":"2ms","model":"masterUser"},"timestamp":"2024-12-08T11:07:12.677Z"}
{"level":"info","message":{"action":"create","duration":"3ms","model":"masterUser"},"timestamp":"2024-12-08T11:07:12.680Z"}
{"level":"info","message":"User added successfully: EMP00012","timestamp":"2024-12-08T11:07:12.681Z"}
{"level":"info","message":{"action":"findUnique","duration":"2ms","model":"masterUser"},"timestamp":"2024-12-08T11:07:21.020Z"}
{"level":"info","message":{"action":"findMany","duration":"2ms","model":"masterUser"},"timestamp":"2024-12-08T11:07:24.201Z"}
{"level":"info","message":{"action":"findMany","duration":"2ms","model":"Patient"},"timestamp":"2024-12-08T11:07:24.203Z"}
{"level":"info","message":"Fetched 3 patients from the database.","timestamp":"2024-12-08T11:07:24.203Z"}
{"level":"info","message":{"action":"findMany","duration":"6ms","model":"masterUser"},"timestamp":"2024-12-08T11:08:39.019Z"}
{"level":"info","message":{"action":"findMany","duration":"8ms","model":"Patient"},"timestamp":"2024-12-08T11:08:39.023Z"}
{"level":"info","message":"Fetched 3 patients from the database.","timestamp":"2024-12-08T11:08:39.023Z"}
{"level":"info","message":{"action":"findUnique","duration":"2ms","model":"masterUser"},"timestamp":"2024-12-08T11:09:13.798Z"}
{"level":"info","message":{"action":"count","duration":"1ms","model":"masterUser"},"timestamp":"2024-12-08T11:09:13.799Z"}
{"level":"info","message":{"action":"create","duration":"3ms","model":"masterUser"},"timestamp":"2024-12-08T11:09:13.802Z"}
{"level":"info","message":"User added successfully: EMP00013","timestamp":"2024-12-08T11:09:13.802Z"}
{"level":"info","message":{"action":"findMany","duration":"6ms","model":"masterUser"},"timestamp":"2024-12-08T11:14:47.628Z"}
{"level":"info","message":{"action":"findMany","duration":"7ms","model":"Patient"},"timestamp":"2024-12-08T11:14:47.630Z"}
{"level":"info","message":"Fetched 3 patients from the database.","timestamp":"2024-12-08T11:14:47.630Z"}
{"level":"info","message":{"action":"findMany","duration":"3ms","model":"masterUser"},"timestamp":"2024-12-08T11:14:58.611Z"}
{"level":"info","message":{"action":"findMany","duration":"3ms","model":"Patient"},"timestamp":"2024-12-08T11:14:58.612Z"}
{"level":"info","message":"Fetched 3 patients from the database.","timestamp":"2024-12-08T11:14:58.612Z"}
{"level":"info","message":{"action":"findUnique","duration":"1ms","model":"masterUser"},"timestamp":"2024-12-08T11:15:27.645Z"}
{"level":"info","message":{"action":"count","duration":"1ms","model":"masterUser"},"timestamp":"2024-12-08T11:15:27.647Z"}
{"level":"info","message":{"action":"create","duration":"5ms","model":"masterUser"},"timestamp":"2024-12-08T11:15:27.652Z"}
{"level":"info","message":"User added successfully: EMP00014","timestamp":"2024-12-08T11:15:27.652Z"}
{"level":"info","message":{"action":"findMany","duration":"8ms","model":"masterUser"},"timestamp":"2024-12-08T11:16:47.243Z"}
{"level":"info","message":{"action":"findMany","duration":"8ms","model":"Patient"},"timestamp":"2024-12-08T11:16:47.245Z"}
{"level":"info","message":"Fetched 3 patients from the database.","timestamp":"2024-12-08T11:16:47.246Z"}
{"level":"info","message":{"action":"findUnique","duration":"2ms","model":"masterUser"},"timestamp":"2024-12-08T11:17:13.106Z"}
{"level":"info","message":{"action":"count","duration":"1ms","model":"masterUser"},"timestamp":"2024-12-08T11:17:13.107Z"}
{"level":"info","message":{"action":"create","duration":"4ms","model":"masterUser"},"timestamp":"2024-12-08T11:17:13.111Z"}
{"level":"info","message":"User added successfully: EMP00015","timestamp":"2024-12-08T11:17:13.111Z"}
{"level":"info","message":{"action":"update","duration":"4ms","model":"masterUser"},"timestamp":"2024-12-08T11:17:26.303Z"}
{"level":"info","message":{"action":"findMany","duration":"2ms","model":"masterUser"},"timestamp":"2024-12-08T11:17:36.316Z"}
{"level":"info","message":{"action":"findMany","duration":"2ms","model":"Patient"},"timestamp":"2024-12-08T11:17:36.317Z"}
{"level":"info","message":"Fetched 3 patients from the database.","timestamp":"2024-12-08T11:17:36.317Z"}
{"level":"info","message":{"action":"findUnique","duration":"3ms","model":"masterUser"},"timestamp":"2024-12-08T11:20:45.453Z"}
{"level":"info","message":{"action":"count","duration":"1ms","model":"masterUser"},"timestamp":"2024-12-08T11:20:45.454Z"}
{"level":"info","message":{"action":"create","duration":"4ms","model":"masterUser"},"timestamp":"2024-12-08T11:20:45.458Z"}
{"level":"info","message":"User added successfully: EMP00016","timestamp":"2024-12-08T11:20:45.459Z"}
{"level":"info","message":{"action":"findMany","duration":"2ms","model":"masterUser"},"timestamp":"2024-12-08T11:20:47.413Z"}
{"level":"info","message":{"action":"findMany","duration":"7ms","model":"masterUser"},"timestamp":"2024-12-08T11:20:56.824Z"}
{"level":"info","message":{"action":"findMany","duration":"11ms","model":"Patient"},"timestamp":"2024-12-08T11:20:56.829Z"}
{"level":"info","message":"Fetched 3 patients from the database.","timestamp":"2024-12-08T11:20:56.829Z"}
{"level":"info","message":{"action":"update","duration":"4ms","model":"masterUser"},"timestamp":"2024-12-08T11:21:06.562Z"}
{"level":"info","message":{"action":"findMany","duration":"11ms","model":"masterUser"},"timestamp":"2024-12-08T11:22:58.570Z"}
{"level":"info","message":{"action":"findMany","duration":"4ms","model":"masterUser"},"timestamp":"2024-12-08T11:23:08.532Z"}
{"level":"info","message":{"action":"findMany","duration":"11ms","model":"Patient"},"timestamp":"2024-12-08T11:23:08.542Z"}
{"level":"info","message":"Fetched 3 patients from the database.","timestamp":"2024-12-08T11:23:08.542Z"}
{"level":"info","message":{"action":"findUnique","duration":"3ms","model":"masterUser"},"timestamp":"2024-12-08T11:23:39.612Z"}
{"level":"info","message":{"action":"count","duration":"2ms","model":"masterUser"},"timestamp":"2024-12-08T11:23:39.614Z"}
{"level":"info","message":{"action":"create","duration":"6ms","model":"masterUser"},"timestamp":"2024-12-08T11:23:39.620Z"}
{"level":"info","message":"User added successfully: EMP00017","timestamp":"2024-12-08T11:23:39.620Z"}
{"level":"info","message":{"action":"findMany","duration":"1ms","model":"masterUser"},"timestamp":"2024-12-08T11:23:40.955Z"}
{"level":"info","message":{"action":"findMany","duration":"3ms","model":"masterUser"},"timestamp":"2024-12-08T11:23:50.603Z"}
{"level":"info","message":{"action":"findMany","duration":"2ms","model":"Patient"},"timestamp":"2024-12-08T11:23:50.604Z"}
{"level":"info","message":"Fetched 3 patients from the database.","timestamp":"2024-12-08T11:23:50.605Z"}
{"level":"info","message":{"action":"findMany","duration":"18ms","model":"masterUser"},"timestamp":"2024-12-08T12:36:29.117Z"}
{"level":"info","message":{"action":"findMany","duration":"38ms","model":"Patient"},"timestamp":"2024-12-08T12:36:29.141Z"}
{"level":"info","message":"Fetched 3 patients from the database.","timestamp":"2024-12-08T12:36:29.142Z"}
{"level":"info","message":{"action":"findMany","duration":"4ms","model":"masterUser"},"timestamp":"2024-12-08T12:38:40.210Z"}
{"level":"info","message":{"action":"findMany","duration":"5ms","model":"Patient"},"timestamp":"2024-12-08T12:38:40.213Z"}
{"level":"info","message":"Fetched 3 patients from the database.","timestamp":"2024-12-08T12:38:40.213Z"}
{"level":"info","message":{"action":"findUnique","duration":"2ms","model":"masterUser"},"timestamp":"2024-12-08T12:39:09.911Z"}
{"level":"info","message":{"action":"count","duration":"2ms","model":"masterUser"},"timestamp":"2024-12-08T12:39:09.913Z"}
{"level":"info","message":{"action":"create","duration":"4ms","model":"masterUser"},"timestamp":"2024-12-08T12:39:09.918Z"}
{"level":"info","message":"User added successfully: EMP00018","timestamp":"2024-12-08T12:39:09.918Z"}
{"level":"info","message":{"action":"findMany","duration":"1ms","model":"masterUser"},"timestamp":"2024-12-08T12:39:11.674Z"}
{"level":"info","message":{"action":"findMany","duration":"22ms","model":"masterUser"},"timestamp":"2024-12-08T12:39:21.860Z"}
{"level":"info","message":{"action":"findMany","duration":"4ms","model":"Patient"},"timestamp":"2024-12-08T12:39:21.862Z"}
{"level":"info","message":"Fetched 3 patients from the database.","timestamp":"2024-12-08T12:39:21.862Z"}
{"level":"info","message":{"action":"findMany","duration":"8ms","model":"Patient"},"timestamp":"2024-12-08T12:41:41.536Z"}
{"level":"info","message":"Fetched 3 patients from the database.","timestamp":"2024-12-08T12:41:41.536Z"}
{"level":"info","message":{"action":"findMany","duration":"11ms","model":"masterUser"},"timestamp":"2024-12-08T12:41:41.538Z"}
{"level":"info","message":{"action":"findUnique","duration":"2ms","model":"masterUser"},"timestamp":"2024-12-08T12:42:10.062Z"}
{"level":"info","message":{"action":"count","duration":"1ms","model":"masterUser"},"timestamp":"2024-12-08T12:42:10.063Z"}
{"level":"info","message":{"action":"create","duration":"3ms","model":"masterUser"},"timestamp":"2024-12-08T12:42:10.067Z"}
{"level":"info","message":"User added successfully: EMP00019","timestamp":"2024-12-08T12:42:10.067Z"}
{"level":"info","message":{"action":"findMany","duration":"1ms","model":"masterUser"},"timestamp":"2024-12-08T12:42:21.034Z"}
{"level":"info","message":{"action":"findMany","duration":"2ms","model":"Patient"},"timestamp":"2024-12-08T12:42:21.036Z"}
{"level":"info","message":"Fetched 3 patients from the database.","timestamp":"2024-12-08T12:42:21.036Z"}
{"level":"info","message":{"action":"findMany","duration":"3ms","model":"masterUser"},"timestamp":"2024-12-08T12:43:06.339Z"}
{"level":"info","message":{"action":"findMany","duration":"4ms","model":"Patient"},"timestamp":"2024-12-08T12:43:06.342Z"}
{"level":"info","message":"Fetched 3 patients from the database.","timestamp":"2024-12-08T12:43:06.342Z"}
{"level":"info","message":{"action":"findUnique","duration":"1ms","model":"masterUser"},"timestamp":"2024-12-08T12:43:32.121Z"}
{"level":"info","message":{"action":"count","duration":"0ms","model":"masterUser"},"timestamp":"2024-12-08T12:43:32.122Z"}
{"level":"info","message":{"action":"create","duration":"3ms","model":"masterUser"},"timestamp":"2024-12-08T12:43:32.126Z"}
{"level":"info","message":"User added successfully: EMP00010","timestamp":"2024-12-08T12:43:32.126Z"}
{"level":"info","message":{"action":"findMany","duration":"2ms","model":"masterUser"},"timestamp":"2024-12-08T12:43:46.653Z"}
{"level":"info","message":{"action":"findMany","duration":"3ms","model":"Patient"},"timestamp":"2024-12-08T12:43:46.655Z"}
{"level":"info","message":"Fetched 3 patients from the database.","timestamp":"2024-12-08T12:43:46.655Z"}
{"level":"info","message":{"action":"findMany","duration":"4ms","model":"Patient"},"timestamp":"2024-12-08T12:47:44.624Z"}
{"level":"info","message":"Fetched 3 patients from the database.","timestamp":"2024-12-08T12:47:44.624Z"}
{"level":"info","message":{"action":"findMany","duration":"2ms","model":"Patient"},"timestamp":"2024-12-08T12:47:53.223Z"}
{"level":"info","message":"Fetched 3 patients from the database.","timestamp":"2024-12-08T12:47:53.223Z"}
{"level":"info","message":{"action":"findMany","duration":"1ms","model":"Patient"},"timestamp":"2024-12-08T12:48:50.601Z"}
{"level":"info","message":"Fetched 3 patients from the database.","timestamp":"2024-12-08T12:48:50.601Z"}
{"level":"info","message":{"action":"findUnique","duration":"2ms","model":"masterUser"},"timestamp":"2024-12-08T12:49:18.184Z"}
{"level":"info","message":{"action":"count","duration":"1ms","model":"masterUser"},"timestamp":"2024-12-08T12:49:18.186Z"}
{"level":"info","message":{"action":"create","duration":"4ms","model":"masterUser"},"timestamp":"2024-12-08T12:49:18.190Z"}
{"level":"info","message":"User added successfully: EMP00011","timestamp":"2024-12-08T12:49:18.190Z"}
{"level":"info","message":{"action":"findMany","duration":"3ms","model":"masterUser"},"timestamp":"2024-12-08T12:49:24.429Z"}
{"level":"info","message":{"action":"findMany","duration":"6ms","model":"Patient"},"timestamp":"2024-12-08T12:49:24.433Z"}
{"level":"info","message":"Fetched 3 patients from the database.","timestamp":"2024-12-08T12:49:24.433Z"}
{"level":"info","message":{"action":"findMany","duration":"1ms","model":"Patient"},"timestamp":"2024-12-08T12:50:34.616Z"}
{"level":"info","message":"Fetched 3 patients from the database.","timestamp":"2024-12-08T12:50:34.617Z"}
{"level":"info","message":{"action":"findMany","duration":"4ms","model":"masterUser"},"timestamp":"2024-12-08T12:50:34.618Z"}
{"level":"info","message":{"action":"findMany","duration":"4ms","model":"Patient"},"timestamp":"2024-12-08T12:50:38.876Z"}
{"level":"info","message":"Fetched 3 patients from the database.","timestamp":"2024-12-08T12:50:38.876Z"}
{"level":"info","message":{"action":"findMany","duration":"8ms","model":"masterUser"},"timestamp":"2024-12-08T12:50:38.878Z"}
{"level":"info","message":{"action":"findMany","duration":"2ms","model":"masterUser"},"timestamp":"2024-12-08T12:50:47.628Z"}
{"level":"info","message":{"action":"findMany","duration":"3ms","model":"Patient"},"timestamp":"2024-12-08T12:50:47.630Z"}
{"level":"info","message":"Fetched 3 patients from the database.","timestamp":"2024-12-08T12:50:47.630Z"}
{"level":"info","message":{"action":"findMany","duration":"3ms","model":"Patient"},"timestamp":"2024-12-08T12:51:33.611Z"}
{"level":"info","message":"Fetched 3 patients from the database.","timestamp":"2024-12-08T12:51:33.611Z"}
{"level":"info","message":{"action":"findMany","duration":"2ms","model":"masterUser"},"timestamp":"2024-12-08T12:51:42.156Z"}
{"level":"info","message":{"action":"findMany","duration":"8ms","model":"Patient"},"timestamp":"2024-12-08T12:55:35.391Z"}
{"level":"info","message":"Fetched 3 patients from the database.","timestamp":"2024-12-08T12:55:35.391Z"}
{"level":"info","message":{"action":"findMany","duration":"11ms","model":"masterUser"},"timestamp":"2024-12-08T12:55:35.393Z"}
{"level":"info","message":{"action":"findUnique","duration":"2ms","model":"masterUser"},"timestamp":"2024-12-08T12:55:57.192Z"}
{"level":"info","message":{"action":"count","duration":"1ms","model":"masterUser"},"timestamp":"2024-12-08T12:55:57.193Z"}
{"level":"info","message":{"action":"create","duration":"5ms","model":"masterUser"},"timestamp":"2024-12-08T12:55:57.199Z"}
{"level":"info","message":"User added successfully: EMP00012","timestamp":"2024-12-08T12:55:57.199Z"}
{"level":"info","message":{"action":"findMany","duration":"2ms","model":"masterUser"},"timestamp":"2024-12-08T12:56:02.500Z"}
{"level":"info","message":{"action":"findMany","duration":"1ms","model":"Patient"},"timestamp":"2024-12-08T12:56:02.501Z"}
{"level":"info","message":"Fetched 3 patients from the database.","timestamp":"2024-12-08T12:56:02.502Z"}
{"level":"info","message":{"action":"update","duration":"4ms","model":"masterUser"},"timestamp":"2024-12-08T12:56:13.580Z"}
{"level":"info","message":{"action":"findMany","duration":"5ms","model":"masterUser"},"timestamp":"2024-12-08T13:07:51.612Z"}
{"level":"info","message":{"action":"findMany","duration":"5ms","model":"masterUser"},"timestamp":"2024-12-08T13:07:53.471Z"}
{"level":"info","message":{"action":"findMany","duration":"11ms","model":"Patient"},"timestamp":"2024-12-08T13:07:53.479Z"}
{"level":"info","message":"Fetched 3 patients from the database.","timestamp":"2024-12-08T13:07:53.480Z"}
{"level":"info","message":{"action":"findUnique","duration":"2ms","model":"masterUser"},"timestamp":"2024-12-08T13:08:17.147Z"}
{"level":"info","message":{"action":"count","duration":"1ms","model":"masterUser"},"timestamp":"2024-12-08T13:08:17.148Z"}
{"level":"info","message":{"action":"create","duration":"4ms","model":"masterUser"},"timestamp":"2024-12-08T13:08:17.152Z"}
{"level":"info","message":"User added successfully: EMP00013","timestamp":"2024-12-08T13:08:17.152Z"}
{"level":"info","message":{"action":"findMany","duration":"2ms","model":"masterUser"},"timestamp":"2024-12-08T13:08:20.251Z"}
{"level":"info","message":{"action":"findMany","duration":"2ms","model":"Patient"},"timestamp":"2024-12-08T13:08:20.252Z"}
{"level":"info","message":"Fetched 3 patients from the database.","timestamp":"2024-12-08T13:08:20.253Z"}
{"level":"info","message":{"action":"findMany","duration":"2ms","model":"masterUser"},"timestamp":"2024-12-08T13:08:29.574Z"}
{"level":"info","message":{"action":"findMany","duration":"1ms","model":"masterUser"},"timestamp":"2024-12-08T13:11:12.611Z"}
{"level":"info","message":{"action":"findMany","duration":"19ms","model":"masterUser"},"timestamp":"2024-12-08T13:11:15.661Z"}
{"level":"info","message":{"action":"findMany","duration":"2ms","model":"masterUser"},"timestamp":"2024-12-08T13:11:19.324Z"}
{"level":"info","message":{"action":"findMany","duration":"2ms","model":"Patient"},"timestamp":"2024-12-08T13:11:19.325Z"}
{"level":"info","message":"Fetched 3 patients from the database.","timestamp":"2024-12-08T13:11:19.326Z"}
{"level":"info","message":{"action":"findUnique","duration":"1ms","model":"masterUser"},"timestamp":"2024-12-08T13:11:46.672Z"}
{"level":"info","message":{"action":"count","duration":"1ms","model":"masterUser"},"timestamp":"2024-12-08T13:11:46.673Z"}
{"level":"info","message":{"action":"create","duration":"5ms","model":"masterUser"},"timestamp":"2024-12-08T13:11:46.678Z"}
{"level":"info","message":"User added successfully: EMP00014","timestamp":"2024-12-08T13:11:46.678Z"}
{"level":"info","message":{"action":"findMany","duration":"1ms","model":"masterUser"},"timestamp":"2024-12-08T13:11:51.352Z"}
{"level":"info","message":{"action":"findMany","duration":"1ms","model":"Patient"},"timestamp":"2024-12-08T13:11:51.353Z"}
{"level":"info","message":"Fetched 3 patients from the database.","timestamp":"2024-12-08T13:11:51.354Z"}
{"level":"info","message":{"action":"findMany","duration":"19ms","model":"Patient"},"timestamp":"2024-12-08T13:12:56.656Z"}
{"level":"info","message":"Fetched 3 patients from the database.","timestamp":"2024-12-08T13:12:56.658Z"}
{"level":"info","message":{"action":"findMany","duration":"35ms","model":"masterUser"},"timestamp":"2024-12-08T13:12:56.666Z"}
{"level":"info","message":{"action":"findMany","duration":"17ms","model":"masterUser"},"timestamp":"2024-12-08T13:13:07.773Z"}
{"level":"info","message":{"action":"findMany","duration":"22ms","model":"Patient"},"timestamp":"2024-12-08T13:13:07.782Z"}
{"level":"info","message":"Fetched 3 patients from the database.","timestamp":"2024-12-08T13:13:07.783Z"}
{"level":"info","message":{"action":"update","duration":"6ms","model":"masterUser"},"timestamp":"2024-12-08T13:13:31.421Z"}
{"level":"info","message":{"action":"findMany","duration":"12ms","model":"masterUser"},"timestamp":"2024-12-08T14:21:09.656Z"}
{"level":"info","message":{"action":"findMany","duration":"2ms","model":"masterUser"},"timestamp":"2024-12-08T14:21:32.615Z"}
{"level":"info","message":{"action":"findMany","duration":"3ms","model":"masterUser"},"timestamp":"2024-12-08T14:21:46.067Z"}
{"level":"info","message":{"action":"findMany","duration":"5ms","model":"Patient"},"timestamp":"2024-12-08T14:21:46.071Z"}
{"level":"info","message":"Fetched 3 patients from the database.","timestamp":"2024-12-08T14:21:46.072Z"}
{"level":"info","message":{"action":"update","duration":"16ms","model":"masterUser"},"timestamp":"2024-12-08T14:57:09.105Z"}
{"level":"info","message":{"action":"findMany","duration":"4ms","model":"masterUser"},"timestamp":"2024-12-08T14:57:16.274Z"}
{"level":"info","message":{"action":"findMany","duration":"4ms","model":"Patient"},"timestamp":"2024-12-08T14:57:16.276Z"}
{"level":"info","message":"Fetched 3 patients from the database.","timestamp":"2024-12-08T14:57:16.276Z"}
{"level":"info","message":{"action":"findMany","duration":"2ms","model":"masterUser"},"timestamp":"2024-12-08T14:58:51.628Z"}
{"level":"info","message":{"action":"findMany","duration":"1ms","model":"masterUser"},"timestamp":"2024-12-08T14:59:00.623Z"}
{"level":"info","message":{"action":"findMany","duration":"2ms","model":"masterUser"},"timestamp":"2024-12-08T14:59:18.619Z"}
{"level":"info","message":{"action":"findMany","duration":"2ms","model":"masterUser"},"timestamp":"2024-12-08T14:59:33.622Z"}
{"level":"info","message":{"action":"findMany","duration":"2ms","model":"masterUser"},"timestamp":"2024-12-08T14:59:54.618Z"}
{"level":"info","message":{"action":"findMany","duration":"3ms","model":"masterUser"},"timestamp":"2024-12-08T15:00:23.438Z"}
{"level":"info","message":{"action":"findMany","duration":"3ms","model":"Patient"},"timestamp":"2024-12-08T15:00:23.441Z"}
{"level":"info","message":"Fetched 3 patients from the database.","timestamp":"2024-12-08T15:00:23.441Z"}
{"level":"info","message":{"action":"update","duration":"4ms","model":"masterUser"},"timestamp":"2024-12-08T15:00:39.171Z"}
{"level":"info","message":{"action":"findMany","duration":"2ms","model":"masterUser"},"timestamp":"2024-12-08T15:01:44.324Z"}
{"level":"info","message":{"action":"findMany","duration":"2ms","model":"masterUser"},"timestamp":"2024-12-08T15:01:48.572Z"}
{"level":"info","message":{"action":"findMany","duration":"6ms","model":"Patient"},"timestamp":"2024-12-08T15:01:48.577Z"}
{"level":"info","message":"Fetched 3 patients from the database.","timestamp":"2024-12-08T15:01:48.577Z"}
{"level":"info","message":{"action":"update","duration":"4ms","model":"masterUser"},"timestamp":"2024-12-08T15:01:50.313Z"}
{"level":"info","message":{"action":"findMany","duration":"2ms","model":"masterUser"},"timestamp":"2024-12-08T15:05:49.613Z"}
{"level":"info","message":{"action":"findMany","duration":"2ms","model":"masterUser"},"timestamp":"2024-12-08T15:06:04.608Z"}
{"level":"info","message":{"action":"findMany","duration":"1ms","model":"masterUser"},"timestamp":"2024-12-08T15:06:06.597Z"}
{"level":"info","message":{"action":"findMany","duration":"1ms","model":"masterUser"},"timestamp":"2024-12-08T15:06:12.600Z"}
{"level":"info","message":{"action":"findMany","duration":"2ms","model":"masterUser"},"timestamp":"2024-12-08T15:06:14.602Z"}
{"level":"info","message":{"action":"findMany","duration":"1ms","model":"masterUser"},"timestamp":"2024-12-08T15:06:16.604Z"}
{"level":"info","message":{"action":"findMany","duration":"1ms","model":"masterUser"},"timestamp":"2024-12-08T15:06:23.598Z"}
{"level":"info","message":{"action":"findMany","duration":"1ms","model":"masterUser"},"timestamp":"2024-12-08T15:06:28.601Z"}
{"level":"info","message":{"action":"findMany","duration":"2ms","model":"masterUser"},"timestamp":"2024-12-08T15:06:44.609Z"}
{"level":"info","message":{"action":"update","duration":"7ms","model":"masterUser"},"timestamp":"2024-12-08T15:06:58.266Z"}
{"level":"info","message":{"action":"update","duration":"3ms","model":"masterUser"},"timestamp":"2024-12-08T15:07:04.573Z"}
{"level":"info","message":{"action":"update","duration":"11ms","model":"masterUser"},"timestamp":"2024-12-08T15:42:39.917Z"}
{"level":"info","message":{"action":"update","duration":"5ms","model":"masterUser"},"timestamp":"2024-12-08T15:42:45.636Z"}
{"level":"info","message":{"action":"findMany","duration":"5ms","model":"Patient"},"timestamp":"2024-12-08T15:56:41.620Z"}
{"level":"info","message":"Fetched 3 patients from the database.","timestamp":"2024-12-08T15:56:41.620Z"}
