{"level":"info","message":{"action":"findFirst","duration":"466ms","model":"User"},"timestamp":"2024-12-16T06:38:11.802Z"}
{"level":"info","message":{"action":"findFirst","duration":"3ms","model":"masterUser"},"timestamp":"2024-12-16T06:38:11.808Z"}
{"level":"info","message":{"action":"update","duration":"56ms","model":"User"},"timestamp":"2024-12-16T06:38:12.089Z"}
{"level":"info","message":{"action":"create","duration":"12ms","model":"NetworkLog"},"timestamp":"2024-12-16T06:38:13.584Z"}
{"level":"info","message":{"action":"findUnique","duration":"2ms","model":"User"},"timestamp":"2024-12-16T06:38:13.615Z"}
{"level":"info","message":{"action":"findUnique","duration":"3ms","model":"masterUser"},"timestamp":"2024-12-16T06:38:13.619Z"}
{"level":"info","message":{"action":"findMany","duration":"7ms","model":"masterUser"},"timestamp":"2024-12-16T06:38:13.679Z"}
{"level":"info","message":{"action":"findMany","duration":"9ms","model":"Patient"},"timestamp":"2024-12-16T06:38:13.685Z"}
{"level":"info","message":"Fetched 3 patients from the database.","timestamp":"2024-12-16T06:38:13.686Z"}
{"level":"info","message":{"action":"findFirst","duration":"4ms","model":"User"},"timestamp":"2024-12-16T06:39:03.179Z"}
{"level":"info","message":{"action":"update","duration":"7ms","model":"User"},"timestamp":"2024-12-16T06:39:03.187Z"}
{"level":"info","message":{"action":"findFirst","duration":"2ms","model":"User"},"timestamp":"2024-12-16T06:39:19.096Z"}
{"level":"info","message":{"action":"findFirst","duration":"2ms","model":"masterUser"},"timestamp":"2024-12-16T06:39:19.098Z"}
{"level":"info","message":{"action":"update","duration":"4ms","model":"User"},"timestamp":"2024-12-16T06:39:19.189Z"}
{"level":"info","message":{"action":"create","duration":"6ms","model":"NetworkLog"},"timestamp":"2024-12-16T06:39:19.989Z"}
{"level":"info","message":{"action":"findUnique","duration":"2ms","model":"User"},"timestamp":"2024-12-16T06:39:20.004Z"}
{"level":"info","message":{"action":"findUnique","duration":"2ms","model":"masterUser"},"timestamp":"2024-12-16T06:39:20.006Z"}
{"level":"info","message":{"action":"findMany","duration":"3ms","model":"masterUser"},"timestamp":"2024-12-16T06:39:20.027Z"}
{"level":"info","message":{"action":"findMany","duration":"2ms","model":"Patient"},"timestamp":"2024-12-16T06:39:20.028Z"}
{"level":"info","message":"Fetched 3 patients from the database.","timestamp":"2024-12-16T06:39:20.028Z"}
{"level":"info","message":{"action":"update","duration":"6ms","model":"masterUser"},"timestamp":"2024-12-16T06:39:23.809Z"}
{"level":"info","message":{"action":"findMany","duration":"3ms","model":"masterUser"},"timestamp":"2024-12-16T06:40:57.389Z"}
{"level":"info","message":{"action":"findMany","duration":"4ms","model":"Patient"},"timestamp":"2024-12-16T06:40:57.391Z"}
{"level":"info","message":"Fetched 3 patients from the database.","timestamp":"2024-12-16T06:40:57.391Z"}
{"level":"info","message":{"action":"findUnique","duration":"3ms","model":"masterUser"},"timestamp":"2024-12-16T06:41:31.823Z"}
{"level":"info","message":{"action":"count","duration":"117ms","model":"masterUser"},"timestamp":"2024-12-16T06:41:31.941Z"}
{"level":"info","message":{"action":"create","duration":"5ms","model":"masterUser"},"timestamp":"2024-12-16T06:41:32.047Z"}
{"level":"info","message":"User added successfully: EMP00021","timestamp":"2024-12-16T06:41:35.122Z"}
{"level":"info","message":{"action":"findMany","duration":"3ms","model":"masterUser"},"timestamp":"2024-12-16T06:41:41.470Z"}
{"level":"info","message":{"action":"findMany","duration":"3ms","model":"Patient"},"timestamp":"2024-12-16T06:41:41.472Z"}
{"level":"info","message":"Fetched 3 patients from the database.","timestamp":"2024-12-16T06:41:41.473Z"}
{"level":"info","message":{"action":"findFirst","duration":"2ms","model":"User"},"timestamp":"2024-12-16T06:42:37.009Z"}
{"level":"info","message":{"action":"update","duration":"4ms","model":"User"},"timestamp":"2024-12-16T06:42:37.014Z"}
{"level":"info","message":{"action":"findFirst","duration":"3ms","model":"User"},"timestamp":"2024-12-16T06:42:58.670Z"}
{"level":"info","message":{"action":"findFirst","duration":"2ms","model":"masterUser"},"timestamp":"2024-12-16T06:42:58.672Z"}
{"level":"info","message":{"action":"update","duration":"5ms","model":"masterUser"},"timestamp":"2024-12-16T06:42:58.758Z"}
{"level":"info","message":{"action":"update","duration":"38ms","model":"masterUser"},"timestamp":"2024-12-16T06:42:58.796Z"}
{"level":"info","message":{"action":"findFirst","duration":"53ms","model":"User"},"timestamp":"2024-12-16T06:43:13.047Z"}
{"level":"info","message":{"action":"findFirst","duration":"2ms","model":"masterUser"},"timestamp":"2024-12-16T06:43:13.049Z"}
{"level":"info","message":{"action":"update","duration":"5ms","model":"masterUser"},"timestamp":"2024-12-16T06:43:13.141Z"}
{"level":"info","message":{"action":"findFirst","duration":"505ms","model":"User"},"timestamp":"2024-12-16T06:43:44.433Z"}
{"level":"info","message":{"action":"findFirst","duration":"3ms","model":"masterUser"},"timestamp":"2024-12-16T06:43:44.436Z"}
{"level":"info","message":{"action":"update","duration":"8ms","model":"masterUser"},"timestamp":"2024-12-16T06:43:44.528Z"}
{"level":"info","message":{"action":"create","duration":"5ms","model":"NetworkLog"},"timestamp":"2024-12-16T06:43:45.326Z"}
{"level":"info","message":{"action":"findUnique","duration":"1ms","model":"User"},"timestamp":"2024-12-16T06:43:45.341Z"}
{"level":"info","message":{"action":"findUnique","duration":"2ms","model":"masterUser"},"timestamp":"2024-12-16T06:43:45.344Z"}
{"level":"info","message":{"action":"findFirst","duration":"2ms","model":"User"},"timestamp":"2024-12-16T06:43:57.672Z"}
{"level":"info","message":{"action":"findFirst","duration":"2ms","model":"masterUser"},"timestamp":"2024-12-16T06:43:57.674Z"}
{"level":"info","message":{"action":"update","duration":"7ms","model":"User"},"timestamp":"2024-12-16T06:43:57.764Z"}
{"level":"info","message":{"action":"create","duration":"4ms","model":"NetworkLog"},"timestamp":"2024-12-16T06:43:58.432Z"}
{"level":"info","message":{"action":"findUnique","duration":"1ms","model":"User"},"timestamp":"2024-12-16T06:43:58.447Z"}
{"level":"info","message":{"action":"findUnique","duration":"1ms","model":"masterUser"},"timestamp":"2024-12-16T06:43:58.449Z"}
{"level":"info","message":{"action":"findMany","duration":"3ms","model":"masterUser"},"timestamp":"2024-12-16T06:43:58.477Z"}
{"level":"info","message":{"action":"findMany","duration":"8ms","model":"Patient"},"timestamp":"2024-12-16T06:43:58.483Z"}
{"level":"info","message":"Fetched 3 patients from the database.","timestamp":"2024-12-16T06:43:58.483Z"}
{"level":"info","message":{"action":"update","duration":"5ms","model":"masterUser"},"timestamp":"2024-12-16T06:44:03.036Z"}
{"level":"info","message":{"action":"findFirst","duration":"5ms","model":"User"},"timestamp":"2024-12-16T06:44:08.568Z"}
{"level":"info","message":{"action":"update","duration":"12ms","model":"User"},"timestamp":"2024-12-16T06:44:08.581Z"}
{"level":"info","message":{"action":"findFirst","duration":"4ms","model":"User"},"timestamp":"2024-12-16T06:44:18.582Z"}
{"level":"info","message":{"action":"findFirst","duration":"2ms","model":"masterUser"},"timestamp":"2024-12-16T06:44:18.584Z"}
{"level":"info","message":{"action":"findFirst","duration":"3ms","model":"User"},"timestamp":"2024-12-16T06:44:37.582Z"}
{"level":"info","message":{"action":"findFirst","duration":"1ms","model":"masterUser"},"timestamp":"2024-12-16T06:44:37.583Z"}
{"level":"info","message":{"action":"update","duration":"5ms","model":"User"},"timestamp":"2024-12-16T06:44:37.683Z"}
{"level":"info","message":{"action":"create","duration":"6ms","model":"NetworkLog"},"timestamp":"2024-12-16T06:44:38.296Z"}
{"level":"info","message":{"action":"findUnique","duration":"3ms","model":"User"},"timestamp":"2024-12-16T06:44:38.320Z"}
{"level":"info","message":{"action":"findUnique","duration":"2ms","model":"masterUser"},"timestamp":"2024-12-16T06:44:38.323Z"}
{"level":"info","message":{"action":"findMany","duration":"4ms","model":"masterUser"},"timestamp":"2024-12-16T06:44:38.366Z"}
{"level":"info","message":{"action":"findMany","duration":"5ms","model":"Patient"},"timestamp":"2024-12-16T06:44:38.369Z"}
{"level":"info","message":"Fetched 3 patients from the database.","timestamp":"2024-12-16T06:44:38.369Z"}
{"level":"info","message":{"action":"update","duration":"4ms","model":"masterUser"},"timestamp":"2024-12-16T06:44:41.856Z"}
{"level":"info","message":{"action":"findFirst","duration":"2ms","model":"User"},"timestamp":"2024-12-16T06:44:43.672Z"}
{"level":"info","message":{"action":"update","duration":"5ms","model":"User"},"timestamp":"2024-12-16T06:44:43.677Z"}
{"level":"info","message":{"action":"findFirst","duration":"2ms","model":"User"},"timestamp":"2024-12-16T06:46:47.310Z"}
{"level":"info","message":{"action":"findFirst","duration":"1ms","model":"masterUser"},"timestamp":"2024-12-16T06:46:47.311Z"}
{"level":"info","message":{"action":"update","duration":"5ms","model":"User"},"timestamp":"2024-12-16T06:46:47.398Z"}
{"level":"info","message":{"action":"create","duration":"5ms","model":"NetworkLog"},"timestamp":"2024-12-16T06:46:48.148Z"}
{"level":"info","message":{"action":"findUnique","duration":"1ms","model":"User"},"timestamp":"2024-12-16T06:46:48.162Z"}
{"level":"info","message":{"action":"findUnique","duration":"2ms","model":"masterUser"},"timestamp":"2024-12-16T06:46:48.164Z"}
{"level":"info","message":{"action":"findMany","duration":"3ms","model":"masterUser"},"timestamp":"2024-12-16T06:46:48.196Z"}
{"level":"info","message":{"action":"findMany","duration":"2ms","model":"Patient"},"timestamp":"2024-12-16T06:46:48.198Z"}
{"level":"info","message":"Fetched 3 patients from the database.","timestamp":"2024-12-16T06:46:48.199Z"}
{"level":"info","message":{"action":"findUnique","duration":"2ms","model":"masterUser"},"timestamp":"2024-12-16T06:47:22.645Z"}
{"level":"info","message":{"action":"count","duration":"2ms","model":"masterUser"},"timestamp":"2024-12-16T06:47:22.647Z"}
{"level":"info","message":{"action":"create","duration":"4ms","model":"masterUser"},"timestamp":"2024-12-16T06:47:22.731Z"}
{"level":"info","message":"User added successfully: EMP00021","timestamp":"2024-12-16T06:47:26.457Z"}
{"level":"info","message":{"action":"findFirst","duration":"2ms","model":"User"},"timestamp":"2024-12-16T06:47:49.108Z"}
{"level":"info","message":{"action":"update","duration":"5ms","model":"User"},"timestamp":"2024-12-16T06:47:49.113Z"}
{"level":"info","message":{"action":"findFirst","duration":"2ms","model":"User"},"timestamp":"2024-12-16T06:48:05.936Z"}
{"level":"info","message":{"action":"findFirst","duration":"2ms","model":"masterUser"},"timestamp":"2024-12-16T06:48:05.938Z"}
{"level":"info","message":{"action":"findFirst","duration":"2ms","model":"User"},"timestamp":"2024-12-16T06:48:19.102Z"}
{"level":"info","message":{"action":"findFirst","duration":"1ms","model":"masterUser"},"timestamp":"2024-12-16T06:48:19.104Z"}
{"level":"info","message":{"action":"findFirst","duration":"2ms","model":"User"},"timestamp":"2024-12-16T06:48:35.490Z"}
{"level":"info","message":{"action":"findFirst","duration":"1ms","model":"masterUser"},"timestamp":"2024-12-16T06:48:35.492Z"}
{"level":"info","message":{"action":"findFirst","duration":"7ms","model":"User"},"timestamp":"2024-12-16T06:49:14.185Z"}
{"level":"info","message":{"action":"findFirst","duration":"2ms","model":"masterUser"},"timestamp":"2024-12-16T06:49:14.188Z"}
{"level":"info","message":{"action":"update","duration":"8ms","model":"masterUser"},"timestamp":"2024-12-16T06:49:14.338Z"}
{"level":"info","message":{"action":"update","duration":"6ms","model":"masterUser"},"timestamp":"2024-12-16T06:49:14.345Z"}
{"level":"info","message":{"action":"findFirst","duration":"2ms","model":"User"},"timestamp":"2024-12-16T06:49:26.272Z"}
{"level":"info","message":{"action":"findFirst","duration":"2ms","model":"masterUser"},"timestamp":"2024-12-16T06:49:26.274Z"}
{"level":"info","message":{"action":"update","duration":"7ms","model":"masterUser"},"timestamp":"2024-12-16T06:49:26.359Z"}
{"level":"info","message":{"action":"findFirst","duration":"2ms","model":"User"},"timestamp":"2024-12-16T06:49:43.181Z"}
{"level":"info","message":{"action":"findFirst","duration":"1ms","model":"masterUser"},"timestamp":"2024-12-16T06:49:43.182Z"}
{"level":"info","message":{"action":"update","duration":"5ms","model":"masterUser"},"timestamp":"2024-12-16T06:49:43.269Z"}
{"level":"info","message":{"action":"create","duration":"8ms","model":"NetworkLog"},"timestamp":"2024-12-16T06:49:43.996Z"}
{"level":"info","message":{"action":"findUnique","duration":"2ms","model":"User"},"timestamp":"2024-12-16T06:49:44.010Z"}
{"level":"info","message":{"action":"findUnique","duration":"2ms","model":"masterUser"},"timestamp":"2024-12-16T06:49:44.012Z"}
{"level":"info","message":{"action":"findFirst","duration":"1ms","model":"User"},"timestamp":"2024-12-16T06:49:53.327Z"}
{"level":"info","message":{"action":"findFirst","duration":"2ms","model":"masterUser"},"timestamp":"2024-12-16T06:49:53.329Z"}
{"level":"info","message":{"action":"update","duration":"8ms","model":"User"},"timestamp":"2024-12-16T06:49:53.416Z"}
{"level":"info","message":{"action":"create","duration":"5ms","model":"NetworkLog"},"timestamp":"2024-12-16T06:49:54.212Z"}
{"level":"info","message":{"action":"findUnique","duration":"1ms","model":"User"},"timestamp":"2024-12-16T06:49:54.226Z"}
{"level":"info","message":{"action":"findUnique","duration":"2ms","model":"masterUser"},"timestamp":"2024-12-16T06:49:54.229Z"}
{"level":"info","message":{"action":"findMany","duration":"3ms","model":"masterUser"},"timestamp":"2024-12-16T06:49:54.255Z"}
{"level":"info","message":{"action":"findMany","duration":"6ms","model":"Patient"},"timestamp":"2024-12-16T06:49:54.260Z"}
{"level":"info","message":"Fetched 3 patients from the database.","timestamp":"2024-12-16T06:49:54.260Z"}
{"level":"info","message":{"action":"update","duration":"7ms","model":"masterUser"},"timestamp":"2024-12-16T06:50:00.866Z"}
{"level":"info","message":{"action":"findFirst","duration":"2ms","model":"User"},"timestamp":"2024-12-16T06:50:14.150Z"}
{"level":"info","message":{"action":"update","duration":"6ms","model":"User"},"timestamp":"2024-12-16T06:50:14.157Z"}
{"level":"info","message":{"action":"findFirst","duration":"2ms","model":"User"},"timestamp":"2024-12-16T06:50:22.277Z"}
{"level":"info","message":{"action":"findFirst","duration":"2ms","model":"masterUser"},"timestamp":"2024-12-16T06:50:22.279Z"}
{"level":"info","message":{"action":"findFirst","duration":"2ms","model":"User"},"timestamp":"2024-12-16T06:50:34.861Z"}
{"level":"info","message":{"action":"findFirst","duration":"1ms","model":"masterUser"},"timestamp":"2024-12-16T06:50:34.862Z"}
{"level":"info","message":{"action":"update","duration":"7ms","model":"User"},"timestamp":"2024-12-16T06:50:34.949Z"}
{"level":"info","message":{"action":"create","duration":"5ms","model":"NetworkLog"},"timestamp":"2024-12-16T06:50:35.725Z"}
{"level":"info","message":{"action":"findUnique","duration":"2ms","model":"User"},"timestamp":"2024-12-16T06:50:35.740Z"}
{"level":"info","message":{"action":"findUnique","duration":"3ms","model":"masterUser"},"timestamp":"2024-12-16T06:50:35.743Z"}
{"level":"info","message":{"action":"findMany","duration":"4ms","model":"masterUser"},"timestamp":"2024-12-16T06:50:35.779Z"}
{"level":"info","message":{"action":"findMany","duration":"4ms","model":"Patient"},"timestamp":"2024-12-16T06:50:35.783Z"}
{"level":"info","message":"Fetched 3 patients from the database.","timestamp":"2024-12-16T06:50:35.783Z"}
{"level":"info","message":{"action":"update","duration":"5ms","model":"masterUser"},"timestamp":"2024-12-16T06:50:38.518Z"}
{"level":"info","message":{"action":"findFirst","duration":"2ms","model":"User"},"timestamp":"2024-12-16T06:53:31.191Z"}
{"level":"info","message":{"action":"findFirst","duration":"1ms","model":"masterUser"},"timestamp":"2024-12-16T06:53:31.193Z"}
{"level":"info","message":{"action":"update","duration":"6ms","model":"User"},"timestamp":"2024-12-16T06:53:31.282Z"}
{"level":"info","message":{"action":"create","duration":"5ms","model":"NetworkLog"},"timestamp":"2024-12-16T06:53:31.961Z"}
{"level":"info","message":{"action":"findUnique","duration":"2ms","model":"User"},"timestamp":"2024-12-16T06:53:31.975Z"}
{"level":"info","message":{"action":"findUnique","duration":"2ms","model":"masterUser"},"timestamp":"2024-12-16T06:53:31.977Z"}
{"level":"info","message":{"action":"findMany","duration":"3ms","model":"masterUser"},"timestamp":"2024-12-16T06:53:32.007Z"}
{"level":"info","message":{"action":"findMany","duration":"4ms","model":"Patient"},"timestamp":"2024-12-16T06:53:32.009Z"}
{"level":"info","message":"Fetched 3 patients from the database.","timestamp":"2024-12-16T06:53:32.009Z"}
{"level":"info","message":{"action":"findUnique","duration":"3ms","model":"Patient"},"timestamp":"2024-12-16T06:53:37.931Z"}
{"level":"info","message":"Fetched details for patient ID: cm4ay1xaf00005eg5c1u4o3pe","timestamp":"2024-12-16T06:53:37.931Z"}
{"level":"info","message":{"action":"findFirst","duration":"438ms","model":"User"},"timestamp":"2024-12-16T15:37:50.074Z"}
{"level":"info","message":{"action":"findFirst","duration":"4ms","model":"masterUser"},"timestamp":"2024-12-16T15:37:50.080Z"}
{"level":"info","message":{"action":"update","duration":"35ms","model":"User"},"timestamp":"2024-12-16T15:37:50.223Z"}
{"level":"info","message":{"action":"create","duration":"5ms","model":"NetworkLog"},"timestamp":"2024-12-16T15:37:50.961Z"}
{"level":"info","message":{"action":"findUnique","duration":"3ms","model":"User"},"timestamp":"2024-12-16T15:37:50.984Z"}
{"level":"info","message":{"action":"findUnique","duration":"2ms","model":"masterUser"},"timestamp":"2024-12-16T15:37:50.986Z"}
{"level":"info","message":{"action":"findMany","duration":"7ms","model":"masterUser"},"timestamp":"2024-12-16T15:37:51.049Z"}
{"level":"info","message":{"action":"findMany","duration":"13ms","model":"Patient"},"timestamp":"2024-12-16T15:37:51.060Z"}
{"level":"info","message":"Fetched 3 patients from the database.","timestamp":"2024-12-16T15:37:51.061Z"}
{"level":"info","message":{"action":"findUnique","duration":"44ms","model":"masterUser"},"timestamp":"2024-12-16T15:51:40.523Z"}
{"level":"info","message":{"action":"count","duration":"106ms","model":"masterUser"},"timestamp":"2024-12-16T15:51:40.631Z"}
{"level":"info","message":{"action":"create","duration":"6ms","model":"masterUser"},"timestamp":"2024-12-16T15:51:40.721Z"}
{"level":"info","message":"User added successfully: EMP00022","timestamp":"2024-12-16T15:51:43.895Z"}
{"level":"info","message":{"action":"findMany","duration":"3ms","model":"masterUser"},"timestamp":"2024-12-16T15:51:49.051Z"}
{"level":"info","message":{"action":"findMany","duration":"6ms","model":"Patient"},"timestamp":"2024-12-16T15:51:49.055Z"}
{"level":"info","message":"Fetched 3 patients from the database.","timestamp":"2024-12-16T15:51:49.055Z"}
{"level":"info","message":{"action":"findMany","duration":"2ms","model":"masterUser"},"timestamp":"2024-12-16T15:53:32.678Z"}
{"level":"info","message":{"action":"findMany","duration":"1ms","model":"masterUser"},"timestamp":"2024-12-16T15:53:37.082Z"}
{"level":"info","message":{"action":"findMany","duration":"3ms","model":"masterUser"},"timestamp":"2024-12-16T15:55:24.039Z"}
{"level":"info","message":{"action":"findMany","duration":"4ms","model":"Patient"},"timestamp":"2024-12-16T15:55:24.041Z"}
{"level":"info","message":"Fetched 3 patients from the database.","timestamp":"2024-12-16T15:55:24.041Z"}
{"level":"info","message":{"action":"findUnique","duration":"1ms","model":"masterUser"},"timestamp":"2024-12-16T15:55:46.488Z"}
{"level":"info","message":{"action":"count","duration":"0ms","model":"masterUser"},"timestamp":"2024-12-16T15:55:46.489Z"}
{"level":"info","message":{"action":"create","duration":"5ms","model":"masterUser"},"timestamp":"2024-12-16T15:55:46.556Z"}
{"level":"info","message":"User added successfully: EMP00023","timestamp":"2024-12-16T15:55:49.084Z"}
{"level":"info","message":{"action":"findMany","duration":"4ms","model":"masterUser"},"timestamp":"2024-12-16T15:56:01.775Z"}
{"level":"info","message":{"action":"findMany","duration":"4ms","model":"Patient"},"timestamp":"2024-12-16T15:56:01.778Z"}
{"level":"info","message":"Fetched 3 patients from the database.","timestamp":"2024-12-16T15:56:01.778Z"}
{"level":"info","message":{"action":"findUnique","duration":"4ms","model":"masterUser"},"timestamp":"2024-12-16T15:57:00.258Z"}
{"level":"info","message":{"action":"count","duration":"2ms","model":"masterUser"},"timestamp":"2024-12-16T15:57:00.260Z"}
{"level":"info","message":{"action":"create","duration":"11ms","model":"masterUser"},"timestamp":"2024-12-16T15:57:00.334Z"}
{"level":"info","message":"User added successfully: EMP00024","timestamp":"2024-12-16T15:57:03.262Z"}
{"level":"info","message":{"action":"findMany","duration":"2ms","model":"masterUser"},"timestamp":"2024-12-16T15:58:51.850Z"}
{"level":"info","message":{"action":"findMany","duration":"2ms","model":"masterUser"},"timestamp":"2024-12-16T16:00:05.149Z"}
{"level":"info","message":{"action":"findMany","duration":"2ms","model":"masterUser"},"timestamp":"2024-12-16T16:00:07.528Z"}
{"level":"info","message":{"action":"findMany","duration":"3ms","model":"masterUser"},"timestamp":"2024-12-16T16:00:25.862Z"}
{"level":"info","message":{"action":"findMany","duration":"5ms","model":"Patient"},"timestamp":"2024-12-16T16:00:25.866Z"}
{"level":"info","message":"Fetched 3 patients from the database.","timestamp":"2024-12-16T16:00:25.867Z"}
{"level":"info","message":{"action":"findUnique","duration":"2ms","model":"masterUser"},"timestamp":"2024-12-16T16:01:08.624Z"}
{"level":"info","message":{"action":"count","duration":"1ms","model":"masterUser"},"timestamp":"2024-12-16T16:01:08.625Z"}
{"level":"info","message":{"action":"create","duration":"9ms","model":"masterUser"},"timestamp":"2024-12-16T16:01:08.696Z"}
{"level":"info","message":"User added successfully: EMP00025","timestamp":"2024-12-16T16:01:11.583Z"}
{"level":"info","message":{"action":"findMany","duration":"3ms","model":"masterUser"},"timestamp":"2024-12-16T16:01:21.092Z"}
{"level":"info","message":{"action":"findMany","duration":"4ms","model":"Patient"},"timestamp":"2024-12-16T16:01:21.094Z"}
{"level":"info","message":"Fetched 3 patients from the database.","timestamp":"2024-12-16T16:01:21.094Z"}
{"level":"info","message":{"action":"findMany","duration":"2ms","model":"Patient"},"timestamp":"2024-12-16T16:05:07.450Z"}
{"level":"info","message":"Fetched 3 patients from the database.","timestamp":"2024-12-16T16:05:07.450Z"}
{"level":"info","message":{"action":"findMany","duration":"6ms","model":"masterUser"},"timestamp":"2024-12-16T16:05:07.453Z"}
{"level":"info","message":{"action":"findMany","duration":"3ms","model":"Patient"},"timestamp":"2024-12-16T16:06:35.364Z"}
{"level":"info","message":"Fetched 3 patients from the database.","timestamp":"2024-12-16T16:06:35.364Z"}
{"level":"info","message":{"action":"findMany","duration":"6ms","model":"masterUser"},"timestamp":"2024-12-16T16:06:35.368Z"}
{"level":"info","message":{"action":"findUnique","duration":"2ms","model":"masterUser"},"timestamp":"2024-12-16T16:06:48.783Z"}
{"level":"info","message":{"action":"count","duration":"1ms","model":"masterUser"},"timestamp":"2024-12-16T16:06:48.784Z"}
{"level":"info","message":{"action":"create","duration":"2ms","model":"masterUser"},"timestamp":"2024-12-16T16:06:48.856Z"}
{"level":"info","message":"User added successfully: EMP00025","timestamp":"2024-12-16T16:06:52.038Z"}
{"level":"info","message":{"action":"findMany","duration":"3ms","model":"masterUser"},"timestamp":"2024-12-16T16:07:08.778Z"}
{"level":"info","message":{"action":"findMany","duration":"3ms","model":"Patient"},"timestamp":"2024-12-16T16:07:08.780Z"}
{"level":"info","message":"Fetched 3 patients from the database.","timestamp":"2024-12-16T16:07:08.780Z"}
{"level":"info","message":{"action":"findMany","duration":"2ms","model":"Patient"},"timestamp":"2024-12-16T16:10:49.990Z"}
{"level":"info","message":"Fetched 3 patients from the database.","timestamp":"2024-12-16T16:10:49.990Z"}
{"level":"info","message":{"action":"findMany","duration":"7ms","model":"masterUser"},"timestamp":"2024-12-16T16:10:49.992Z"}
{"level":"info","message":{"action":"findMany","duration":"2ms","model":"masterUser"},"timestamp":"2024-12-16T16:11:02.403Z"}
{"level":"info","message":{"action":"findMany","duration":"3ms","model":"Patient"},"timestamp":"2024-12-16T16:11:02.405Z"}
{"level":"info","message":"Fetched 3 patients from the database.","timestamp":"2024-12-16T16:11:02.405Z"}
{"level":"info","message":{"action":"findMany","duration":"4ms","model":"masterUser"},"timestamp":"2024-12-16T16:11:26.706Z"}
{"level":"info","message":{"action":"findMany","duration":"5ms","model":"Patient"},"timestamp":"2024-12-16T16:11:26.708Z"}
{"level":"info","message":"Fetched 3 patients from the database.","timestamp":"2024-12-16T16:11:26.708Z"}
{"level":"info","message":{"action":"findUnique","duration":"2ms","model":"masterUser"},"timestamp":"2024-12-16T16:11:37.430Z"}
{"level":"info","message":{"action":"count","duration":"1ms","model":"masterUser"},"timestamp":"2024-12-16T16:11:37.431Z"}
{"level":"info","message":{"action":"create","duration":"4ms","model":"masterUser"},"timestamp":"2024-12-16T16:11:37.501Z"}
{"level":"info","message":"User added successfully: EMP00024","timestamp":"2024-12-16T16:11:41.123Z"}
{"level":"info","message":{"action":"findMany","duration":"2ms","model":"masterUser"},"timestamp":"2024-12-16T16:11:51.756Z"}
{"level":"info","message":{"action":"findMany","duration":"5ms","model":"Patient"},"timestamp":"2024-12-16T16:11:51.759Z"}
{"level":"info","message":"Fetched 3 patients from the database.","timestamp":"2024-12-16T16:11:51.760Z"}
{"level":"info","message":{"action":"findMany","duration":"4ms","model":"masterUser"},"timestamp":"2024-12-16T16:12:39.608Z"}
{"level":"info","message":{"action":"findMany","duration":"5ms","model":"Patient"},"timestamp":"2024-12-16T16:12:39.610Z"}
{"level":"info","message":"Fetched 3 patients from the database.","timestamp":"2024-12-16T16:12:39.610Z"}
{"level":"info","message":{"action":"findUnique","duration":"1ms","model":"masterUser"},"timestamp":"2024-12-16T16:12:49.931Z"}
{"level":"info","message":{"action":"count","duration":"1ms","model":"masterUser"},"timestamp":"2024-12-16T16:12:49.932Z"}
{"level":"info","message":{"action":"create","duration":"5ms","model":"masterUser"},"timestamp":"2024-12-16T16:12:50.000Z"}
{"level":"info","message":"User added successfully: EMP00024","timestamp":"2024-12-16T16:12:53.381Z"}
{"level":"info","message":{"action":"findMany","duration":"2ms","model":"masterUser"},"timestamp":"2024-12-16T16:13:08.374Z"}
{"level":"info","message":{"action":"findMany","duration":"3ms","model":"Patient"},"timestamp":"2024-12-16T16:13:08.376Z"}
{"level":"info","message":"Fetched 3 patients from the database.","timestamp":"2024-12-16T16:13:08.377Z"}
{"level":"info","message":{"action":"findMany","duration":"5ms","model":"Patient"},"timestamp":"2024-12-16T16:18:40.886Z"}
{"level":"info","message":"Fetched 3 patients from the database.","timestamp":"2024-12-16T16:18:40.886Z"}
{"level":"info","message":{"action":"findMany","duration":"6ms","model":"masterUser"},"timestamp":"2024-12-16T16:18:40.887Z"}
{"level":"info","message":{"action":"findMany","duration":"3ms","model":"masterUser"},"timestamp":"2024-12-16T16:18:56.942Z"}
{"level":"info","message":{"action":"findMany","duration":"4ms","model":"Patient"},"timestamp":"2024-12-16T16:18:56.944Z"}
{"level":"info","message":"Fetched 3 patients from the database.","timestamp":"2024-12-16T16:18:56.944Z"}
{"level":"info","message":{"action":"findUnique","duration":"2ms","model":"masterUser"},"timestamp":"2024-12-16T16:19:05.660Z"}
{"level":"info","message":{"action":"count","duration":"1ms","model":"masterUser"},"timestamp":"2024-12-16T16:19:05.661Z"}
{"level":"info","message":{"action":"create","duration":"4ms","model":"masterUser"},"timestamp":"2024-12-16T16:19:05.733Z"}
{"level":"info","message":"User added successfully: EMP00024","timestamp":"2024-12-16T16:19:08.951Z"}
{"level":"info","message":{"action":"findMany","duration":"3ms","model":"Patient"},"timestamp":"2024-12-16T16:19:19.218Z"}
{"level":"info","message":"Fetched 3 patients from the database.","timestamp":"2024-12-16T16:19:19.218Z"}
{"level":"info","message":{"action":"findMany","duration":"2ms","model":"masterUser"},"timestamp":"2024-12-16T16:19:19.219Z"}
{"level":"info","message":{"action":"findMany","duration":"2ms","model":"masterUser"},"timestamp":"2024-12-16T16:20:12.183Z"}
{"level":"info","message":{"action":"findMany","duration":"4ms","model":"Patient"},"timestamp":"2024-12-16T16:20:12.185Z"}
{"level":"info","message":"Fetched 3 patients from the database.","timestamp":"2024-12-16T16:20:12.185Z"}
{"level":"info","message":{"action":"findMany","duration":"13ms","model":"Patient"},"timestamp":"2024-12-16T16:33:33.283Z"}
{"level":"info","message":"Fetched 3 patients from the database.","timestamp":"2024-12-16T16:33:33.286Z"}
{"level":"info","message":{"action":"findMany","duration":"30ms","model":"masterUser"},"timestamp":"2024-12-16T16:33:33.293Z"}
{"level":"error","message":"Error fetching users: users is not defined","timestamp":"2024-12-16T16:33:33.294Z"}
{"level":"info","message":{"action":"findMany","duration":"17ms","model":"masterUser"},"timestamp":"2024-12-16T16:33:51.701Z"}
{"level":"info","message":{"action":"findMany","duration":"22ms","model":"Patient"},"timestamp":"2024-12-16T16:33:51.710Z"}
{"level":"info","message":"Fetched 3 patients from the database.","timestamp":"2024-12-16T16:33:51.710Z"}
{"level":"info","message":{"action":"findMany","duration":"7ms","model":"masterUser"},"timestamp":"2024-12-16T16:43:03.382Z"}
{"level":"info","message":{"action":"findMany","duration":"3ms","model":"masterUser"},"timestamp":"2024-12-16T16:43:06.447Z"}
{"level":"info","message":{"action":"findMany","duration":"2ms","model":"masterUser"},"timestamp":"2024-12-16T16:43:09.371Z"}
{"level":"info","message":{"action":"findMany","duration":"3ms","model":"masterUser"},"timestamp":"2024-12-16T16:43:14.368Z"}
{"level":"info","message":{"action":"findMany","duration":"17ms","model":"masterUser"},"timestamp":"2024-12-16T16:46:04.960Z"}
{"level":"info","message":{"action":"findMany","duration":"21ms","model":"Patient"},"timestamp":"2024-12-16T16:46:04.968Z"}
{"level":"info","message":"Fetched 3 patients from the database.","timestamp":"2024-12-16T16:46:04.968Z"}
{"level":"info","message":{"action":"findUnique","duration":"3ms","model":"masterUser"},"timestamp":"2024-12-16T16:46:12.977Z"}
{"level":"info","message":{"action":"count","duration":"2ms","model":"masterUser"},"timestamp":"2024-12-16T16:46:12.979Z"}
{"level":"info","message":{"action":"create","duration":"6ms","model":"masterUser"},"timestamp":"2024-12-16T16:46:13.051Z"}
{"level":"info","message":"User added successfully: EMP00024","timestamp":"2024-12-16T16:46:17.199Z"}
{"level":"info","message":{"action":"findMany","duration":"4ms","model":"masterUser"},"timestamp":"2024-12-16T16:46:25.577Z"}
{"level":"info","message":{"action":"findMany","duration":"6ms","model":"Patient"},"timestamp":"2024-12-16T16:46:25.580Z"}
{"level":"info","message":"Fetched 3 patients from the database.","timestamp":"2024-12-16T16:46:25.580Z"}
{"level":"info","message":{"action":"findMany","duration":"6ms","model":"masterUser"},"timestamp":"2024-12-16T17:03:05.417Z"}
{"level":"info","message":{"action":"findMany","duration":"4ms","model":"Patient"},"timestamp":"2024-12-16T17:03:12.050Z"}
{"level":"info","message":"Fetched 3 patients from the database.","timestamp":"2024-12-16T17:03:12.050Z"}
{"level":"info","message":{"action":"findMany","duration":"7ms","model":"masterUser"},"timestamp":"2024-12-16T17:03:12.055Z"}
{"level":"info","message":{"action":"update","duration":"5ms","model":"masterUser"},"timestamp":"2024-12-16T17:03:17.583Z"}
{"level":"info","message":{"action":"update","duration":"4ms","model":"masterUser"},"timestamp":"2024-12-16T17:03:22.123Z"}
{"level":"info","message":{"action":"findMany","duration":"3ms","model":"masterUser"},"timestamp":"2024-12-16T17:03:33.493Z"}
{"level":"info","message":{"action":"findMany","duration":"2ms","model":"Patient"},"timestamp":"2024-12-16T17:03:33.500Z"}
{"level":"info","message":"Fetched 3 patients from the database.","timestamp":"2024-12-16T17:03:33.500Z"}
{"level":"info","message":{"action":"findMany","duration":"2ms","model":"masterUser"},"timestamp":"2024-12-16T17:03:46.047Z"}
{"level":"info","message":{"action":"findMany","duration":"3ms","model":"Patient"},"timestamp":"2024-12-16T17:03:46.049Z"}
{"level":"info","message":"Fetched 3 patients from the database.","timestamp":"2024-12-16T17:03:46.049Z"}
{"level":"info","message":{"action":"findFirst","duration":"3ms","model":"User"},"timestamp":"2024-12-16T17:03:59.411Z"}
{"level":"info","message":{"action":"findFirst","duration":"1ms","model":"masterUser"},"timestamp":"2024-12-16T17:03:59.413Z"}
{"level":"info","message":{"action":"update","duration":"3ms","model":"User"},"timestamp":"2024-12-16T17:03:59.487Z"}
{"level":"info","message":{"action":"create","duration":"6ms","model":"NetworkLog"},"timestamp":"2024-12-16T17:04:00.148Z"}
{"level":"info","message":{"action":"findUnique","duration":"1ms","model":"User"},"timestamp":"2024-12-16T17:04:00.164Z"}
{"level":"info","message":{"action":"findUnique","duration":"3ms","model":"masterUser"},"timestamp":"2024-12-16T17:04:00.168Z"}
{"level":"info","message":{"action":"findMany","duration":"2ms","model":"masterUser"},"timestamp":"2024-12-16T17:04:00.230Z"}
{"level":"info","message":{"action":"findMany","duration":"4ms","model":"Patient"},"timestamp":"2024-12-16T17:04:00.233Z"}
{"level":"info","message":"Fetched 3 patients from the database.","timestamp":"2024-12-16T17:04:00.233Z"}
{"level":"info","message":{"action":"update","duration":"3ms","model":"masterUser"},"timestamp":"2024-12-16T17:05:05.991Z"}
{"level":"info","message":{"action":"update","duration":"4ms","model":"masterUser"},"timestamp":"2024-12-16T17:05:09.487Z"}
{"level":"info","message":{"action":"findMany","duration":"2ms","model":"masterUser"},"timestamp":"2024-12-16T17:05:14.875Z"}
{"level":"info","message":{"action":"findMany","duration":"3ms","model":"Patient"},"timestamp":"2024-12-16T17:05:14.877Z"}
{"level":"info","message":"Fetched 3 patients from the database.","timestamp":"2024-12-16T17:05:14.877Z"}
{"level":"info","message":{"action":"update","duration":"2ms","model":"masterUser"},"timestamp":"2024-12-16T17:05:18.668Z"}
{"level":"info","message":{"action":"update","duration":"3ms","model":"masterUser"},"timestamp":"2024-12-16T17:05:27.648Z"}
{"level":"info","message":{"action":"findUnique","duration":"2ms","model":"masterUser"},"timestamp":"2024-12-16T17:05:35.882Z"}
{"level":"info","message":{"action":"count","duration":"2ms","model":"masterUser"},"timestamp":"2024-12-16T17:05:35.884Z"}
{"level":"info","message":{"action":"create","duration":"5ms","model":"masterUser"},"timestamp":"2024-12-16T17:05:35.950Z"}
{"level":"info","message":"User added successfully: EMP00024","timestamp":"2024-12-16T17:05:38.983Z"}
{"level":"info","message":{"action":"findMany","duration":"2ms","model":"Patient"},"timestamp":"2024-12-16T17:05:45.220Z"}
{"level":"info","message":"Fetched 3 patients from the database.","timestamp":"2024-12-16T17:05:45.220Z"}
{"level":"info","message":{"action":"findMany","duration":"4ms","model":"masterUser"},"timestamp":"2024-12-16T17:05:45.223Z"}
{"level":"info","message":{"action":"findMany","duration":"2ms","model":"masterUser"},"timestamp":"2024-12-16T17:07:17.565Z"}
{"level":"info","message":{"action":"findMany","duration":"2ms","model":"masterUser"},"timestamp":"2024-12-16T17:07:32.510Z"}
{"level":"info","message":{"action":"findMany","duration":"3ms","model":"masterUser"},"timestamp":"2024-12-16T17:07:34.415Z"}
{"level":"info","message":{"action":"findMany","duration":"2ms","model":"masterUser"},"timestamp":"2024-12-16T17:07:51.299Z"}
{"level":"info","message":{"action":"findMany","duration":"6ms","model":"masterUser"},"timestamp":"2024-12-16T17:08:25.749Z"}
{"level":"info","message":{"action":"findMany","duration":"6ms","model":"Patient"},"timestamp":"2024-12-16T17:08:25.750Z"}
{"level":"info","message":"Fetched 3 patients from the database.","timestamp":"2024-12-16T17:08:25.750Z"}
{"level":"info","message":{"action":"findMany","duration":"2ms","model":"Patient"},"timestamp":"2024-12-16T17:08:29.244Z"}
{"level":"info","message":"Fetched 3 patients from the database.","timestamp":"2024-12-16T17:08:29.244Z"}
{"level":"info","message":{"action":"findMany","duration":"5ms","model":"masterUser"},"timestamp":"2024-12-16T17:08:29.247Z"}
{"level":"info","message":{"action":"findMany","duration":"2ms","model":"masterUser"},"timestamp":"2024-12-16T17:08:47.314Z"}
{"level":"info","message":{"action":"findMany","duration":"3ms","model":"Patient"},"timestamp":"2024-12-16T17:08:47.315Z"}
{"level":"info","message":"Fetched 3 patients from the database.","timestamp":"2024-12-16T17:08:47.315Z"}
{"level":"info","message":{"action":"findUnique","duration":"1ms","model":"masterUser"},"timestamp":"2024-12-16T17:08:59.642Z"}
{"level":"info","message":{"action":"count","duration":"0ms","model":"masterUser"},"timestamp":"2024-12-16T17:08:59.644Z"}
{"level":"info","message":{"action":"create","duration":"5ms","model":"masterUser"},"timestamp":"2024-12-16T17:08:59.709Z"}
{"level":"info","message":"User added successfully: EMP00024","timestamp":"2024-12-16T17:09:02.360Z"}
{"level":"info","message":{"action":"findMany","duration":"1ms","model":"masterUser"},"timestamp":"2024-12-16T17:09:08.373Z"}
{"level":"info","message":{"action":"findMany","duration":"3ms","model":"Patient"},"timestamp":"2024-12-16T17:09:08.375Z"}
{"level":"info","message":"Fetched 3 patients from the database.","timestamp":"2024-12-16T17:09:08.375Z"}
{"level":"info","message":{"action":"update","duration":"5ms","model":"masterUser"},"timestamp":"2024-12-16T17:09:55.674Z"}
{"level":"info","message":{"action":"findMany","duration":"4ms","model":"masterUser"},"timestamp":"2024-12-16T17:10:29.725Z"}
{"level":"info","message":{"action":"findMany","duration":"4ms","model":"Patient"},"timestamp":"2024-12-16T17:10:29.728Z"}
{"level":"info","message":"Fetched 3 patients from the database.","timestamp":"2024-12-16T17:10:29.728Z"}
{"level":"info","message":{"action":"findMany","duration":"2ms","model":"masterUser"},"timestamp":"2024-12-16T17:10:44.252Z"}
{"level":"info","message":{"action":"findMany","duration":"3ms","model":"Patient"},"timestamp":"2024-12-16T17:10:44.254Z"}
{"level":"info","message":"Fetched 3 patients from the database.","timestamp":"2024-12-16T17:10:44.254Z"}
{"level":"info","message":{"action":"update","duration":"8ms","model":"masterUser"},"timestamp":"2024-12-16T17:10:56.455Z"}
{"level":"info","message":{"action":"findMany","duration":"3ms","model":"masterUser"},"timestamp":"2024-12-16T17:12:21.374Z"}
{"level":"info","message":{"action":"findMany","duration":"4ms","model":"Patient"},"timestamp":"2024-12-16T17:12:21.376Z"}
{"level":"info","message":"Fetched 3 patients from the database.","timestamp":"2024-12-16T17:12:21.376Z"}
{"level":"info","message":{"action":"findMany","duration":"2ms","model":"masterUser"},"timestamp":"2024-12-16T17:12:24.364Z"}
{"level":"info","message":{"action":"findMany","duration":"2ms","model":"masterUser"},"timestamp":"2024-12-16T17:12:43.130Z"}
{"level":"info","message":{"action":"findMany","duration":"4ms","model":"Patient"},"timestamp":"2024-12-16T17:12:43.133Z"}
{"level":"info","message":"Fetched 3 patients from the database.","timestamp":"2024-12-16T17:12:43.133Z"}
{"level":"info","message":{"action":"update","duration":"5ms","model":"masterUser"},"timestamp":"2024-12-16T17:12:50.250Z"}
{"level":"info","message":{"action":"findMany","duration":"6ms","model":"masterUser"},"timestamp":"2024-12-16T17:14:00.383Z"}
{"level":"info","message":{"action":"findMany","duration":"2ms","model":"masterUser"},"timestamp":"2024-12-16T17:14:05.371Z"}
{"level":"info","message":{"action":"findMany","duration":"2ms","model":"masterUser"},"timestamp":"2024-12-16T17:15:11.919Z"}
{"level":"info","message":{"action":"findMany","duration":"5ms","model":"Patient"},"timestamp":"2024-12-16T17:15:11.922Z"}
{"level":"info","message":"Fetched 3 patients from the database.","timestamp":"2024-12-16T17:15:11.923Z"}
{"level":"info","message":{"action":"update","duration":"5ms","model":"masterUser"},"timestamp":"2024-12-16T17:15:19.481Z"}
{"level":"info","message":{"action":"findMany","duration":"3ms","model":"masterUser"},"timestamp":"2024-12-16T17:17:21.761Z"}
{"level":"info","message":{"action":"findMany","duration":"4ms","model":"Patient"},"timestamp":"2024-12-16T17:17:21.763Z"}
{"level":"info","message":"Fetched 3 patients from the database.","timestamp":"2024-12-16T17:17:21.763Z"}
{"level":"info","message":{"action":"update","duration":"7ms","model":"masterUser"},"timestamp":"2024-12-16T17:17:27.577Z"}
{"level":"info","message":{"action":"findMany","duration":"2ms","model":"masterUser"},"timestamp":"2024-12-16T17:18:36.481Z"}
{"level":"info","message":{"action":"findMany","duration":"3ms","model":"Patient"},"timestamp":"2024-12-16T17:18:36.483Z"}
{"level":"info","message":"Fetched 3 patients from the database.","timestamp":"2024-12-16T17:18:36.483Z"}
{"level":"info","message":{"action":"update","duration":"7ms","model":"masterUser"},"timestamp":"2024-12-16T17:18:42.276Z"}
{"level":"info","message":{"action":"update","duration":"4ms","model":"masterUser"},"timestamp":"2024-12-16T17:19:03.556Z"}
{"level":"info","message":{"action":"update","duration":"4ms","model":"masterUser"},"timestamp":"2024-12-16T17:19:46.274Z"}
{"level":"info","message":{"action":"update","duration":"3ms","model":"masterUser"},"timestamp":"2024-12-16T17:20:02.392Z"}
{"level":"info","message":{"action":"findMany","duration":"6ms","model":"Patient"},"timestamp":"2024-12-16T17:20:21.141Z"}
{"level":"info","message":"Fetched 3 patients from the database.","timestamp":"2024-12-16T17:20:21.141Z"}
{"level":"info","message":{"action":"findMany","duration":"7ms","model":"masterUser"},"timestamp":"2024-12-16T17:20:21.142Z"}
{"level":"info","message":{"action":"findUnique","duration":"2ms","model":"masterUser"},"timestamp":"2024-12-16T17:20:51.863Z"}
{"level":"info","message":{"action":"count","duration":"2ms","model":"masterUser"},"timestamp":"2024-12-16T17:20:51.865Z"}
{"level":"info","message":{"action":"create","duration":"4ms","model":"masterUser"},"timestamp":"2024-12-16T17:20:51.930Z"}
{"level":"info","message":"User added successfully: EMP00024","timestamp":"2024-12-16T17:20:55.896Z"}
{"level":"info","message":{"action":"findMany","duration":"17ms","model":"masterUser"},"timestamp":"2024-12-16T17:23:37.403Z"}
{"level":"info","message":{"action":"findMany","duration":"25ms","model":"Patient"},"timestamp":"2024-12-16T17:23:37.414Z"}
{"level":"info","message":"Fetched 3 patients from the database.","timestamp":"2024-12-16T17:23:37.414Z"}
{"level":"info","message":{"action":"update","duration":"6ms","model":"masterUser"},"timestamp":"2024-12-16T17:23:46.466Z"}
{"level":"info","message":{"action":"findMany","duration":"3ms","model":"masterUser"},"timestamp":"2024-12-16T17:24:02.869Z"}
{"level":"info","message":{"action":"findMany","duration":"4ms","model":"Patient"},"timestamp":"2024-12-16T17:24:02.871Z"}
{"level":"info","message":"Fetched 3 patients from the database.","timestamp":"2024-12-16T17:24:02.871Z"}
{"level":"info","message":{"action":"findUnique","duration":"2ms","model":"masterUser"},"timestamp":"2024-12-16T17:24:12.999Z"}
{"level":"info","message":{"action":"count","duration":"2ms","model":"masterUser"},"timestamp":"2024-12-16T17:24:13.001Z"}
{"level":"info","message":{"action":"create","duration":"6ms","model":"masterUser"},"timestamp":"2024-12-16T17:24:13.072Z"}
{"level":"info","message":"User added successfully: EMP00024","timestamp":"2024-12-16T17:24:16.571Z"}
{"level":"info","message":{"action":"findMany","duration":"16ms","model":"masterUser"},"timestamp":"2024-12-16T17:31:14.061Z"}
{"level":"info","message":{"action":"findMany","duration":"22ms","model":"Patient"},"timestamp":"2024-12-16T17:31:14.071Z"}
{"level":"info","message":"Fetched 3 patients from the database.","timestamp":"2024-12-16T17:31:14.071Z"}
{"level":"info","message":{"action":"update","duration":"6ms","model":"masterUser"},"timestamp":"2024-12-16T17:31:22.734Z"}
{"level":"info","message":{"action":"findMany","duration":"4ms","model":"masterUser"},"timestamp":"2024-12-16T17:31:45.445Z"}
{"level":"info","message":{"action":"findMany","duration":"5ms","model":"Patient"},"timestamp":"2024-12-16T17:31:45.448Z"}
{"level":"info","message":"Fetched 3 patients from the database.","timestamp":"2024-12-16T17:31:45.449Z"}
{"level":"info","message":{"action":"findUnique","duration":"1ms","model":"masterUser"},"timestamp":"2024-12-16T17:31:55.682Z"}
{"level":"info","message":{"action":"count","duration":"1ms","model":"masterUser"},"timestamp":"2024-12-16T17:31:55.684Z"}
{"level":"info","message":{"action":"create","duration":"6ms","model":"masterUser"},"timestamp":"2024-12-16T17:31:55.756Z"}
{"level":"info","message":"User added successfully: EMP00024","timestamp":"2024-12-16T17:31:58.941Z"}
{"level":"info","message":{"action":"findMany","duration":"3ms","model":"masterUser"},"timestamp":"2024-12-16T17:35:48.392Z"}
{"level":"info","message":{"action":"findMany","duration":"5ms","model":"Patient"},"timestamp":"2024-12-16T17:35:48.395Z"}
{"level":"info","message":"Fetched 3 patients from the database.","timestamp":"2024-12-16T17:35:48.395Z"}
{"level":"info","message":{"action":"update","duration":"5ms","model":"masterUser"},"timestamp":"2024-12-16T17:35:57.354Z"}
{"level":"info","message":{"action":"findMany","duration":"6ms","model":"masterUser"},"timestamp":"2024-12-16T17:36:19.885Z"}
{"level":"info","message":{"action":"findMany","duration":"7ms","model":"Patient"},"timestamp":"2024-12-16T17:36:19.887Z"}
{"level":"info","message":"Fetched 3 patients from the database.","timestamp":"2024-12-16T17:36:19.887Z"}
{"level":"info","message":{"action":"findUnique","duration":"1ms","model":"masterUser"},"timestamp":"2024-12-16T17:36:28.820Z"}
{"level":"info","message":{"action":"count","duration":"1ms","model":"masterUser"},"timestamp":"2024-12-16T17:36:28.821Z"}
{"level":"info","message":{"action":"create","duration":"4ms","model":"masterUser"},"timestamp":"2024-12-16T17:36:28.888Z"}
{"level":"info","message":"User added successfully: EMP00024","timestamp":"2024-12-16T17:36:31.903Z"}
{"level":"info","message":{"action":"findMany","duration":"3ms","model":"Patient"},"timestamp":"2024-12-16T17:36:41.293Z"}
{"level":"info","message":"Fetched 3 patients from the database.","timestamp":"2024-12-16T17:36:41.293Z"}
{"level":"info","message":{"action":"findMany","duration":"5ms","model":"masterUser"},"timestamp":"2024-12-16T17:36:41.294Z"}
{"level":"info","message":{"action":"update","duration":"6ms","model":"masterUser"},"timestamp":"2024-12-16T17:37:04.401Z"}
{"level":"info","message":{"action":"findMany","duration":"4ms","model":"masterUser"},"timestamp":"2024-12-16T17:38:42.534Z"}
{"level":"info","message":{"action":"findMany","duration":"2ms","model":"masterUser"},"timestamp":"2024-12-16T17:39:34.373Z"}
{"level":"info","message":{"action":"findMany","duration":"3ms","model":"masterUser"},"timestamp":"2024-12-16T17:39:35.357Z"}
{"level":"info","message":{"action":"findMany","duration":"2ms","model":"masterUser"},"timestamp":"2024-12-16T17:39:37.358Z"}
{"level":"info","message":{"action":"findMany","duration":"1ms","model":"masterUser"},"timestamp":"2024-12-16T17:39:43.357Z"}
{"level":"info","message":{"action":"findMany","duration":"2ms","model":"masterUser"},"timestamp":"2024-12-16T17:39:52.353Z"}
{"level":"info","message":{"action":"findMany","duration":"1ms","model":"masterUser"},"timestamp":"2024-12-16T17:39:56.350Z"}
{"level":"info","message":{"action":"findMany","duration":"2ms","model":"masterUser"},"timestamp":"2024-12-16T17:39:58.352Z"}
{"level":"info","message":{"action":"findMany","duration":"3ms","model":"masterUser"},"timestamp":"2024-12-16T17:40:01.354Z"}
{"level":"info","message":{"action":"findMany","duration":"3ms","model":"masterUser"},"timestamp":"2024-12-16T17:40:08.827Z"}
{"level":"info","message":{"action":"findMany","duration":"3ms","model":"Patient"},"timestamp":"2024-12-16T17:40:08.828Z"}
{"level":"info","message":"Fetched 3 patients from the database.","timestamp":"2024-12-16T17:40:08.828Z"}
{"level":"info","message":{"action":"update","duration":"4ms","model":"masterUser"},"timestamp":"2024-12-16T17:40:16.074Z"}
{"level":"info","message":{"action":"findMany","duration":"2ms","model":"masterUser"},"timestamp":"2024-12-16T17:40:39.847Z"}
{"level":"info","message":{"action":"findMany","duration":"3ms","model":"Patient"},"timestamp":"2024-12-16T17:40:39.849Z"}
{"level":"info","message":"Fetched 3 patients from the database.","timestamp":"2024-12-16T17:40:39.849Z"}
{"level":"info","message":{"action":"findUnique","duration":"2ms","model":"masterUser"},"timestamp":"2024-12-16T17:40:52.116Z"}
{"level":"info","message":{"action":"count","duration":"1ms","model":"masterUser"},"timestamp":"2024-12-16T17:40:52.117Z"}
{"level":"info","message":{"action":"create","duration":"3ms","model":"masterUser"},"timestamp":"2024-12-16T17:40:52.185Z"}
{"level":"info","message":"User added successfully: EMP00024","timestamp":"2024-12-16T17:40:55.913Z"}
{"level":"info","message":{"action":"findMany","duration":"6ms","model":"Patient"},"timestamp":"2024-12-16T17:41:38.590Z"}
{"level":"info","message":"Fetched 3 patients from the database.","timestamp":"2024-12-16T17:41:38.590Z"}
{"level":"info","message":{"action":"findMany","duration":"8ms","model":"masterUser"},"timestamp":"2024-12-16T17:41:38.591Z"}
{"level":"info","message":{"action":"findMany","duration":"2ms","model":"masterUser"},"timestamp":"2024-12-16T17:41:42.990Z"}
{"level":"info","message":{"action":"findMany","duration":"2ms","model":"Patient"},"timestamp":"2024-12-16T17:41:42.992Z"}
{"level":"info","message":"Fetched 3 patients from the database.","timestamp":"2024-12-16T17:41:42.992Z"}
{"level":"info","message":{"action":"update","duration":"5ms","model":"masterUser"},"timestamp":"2024-12-16T17:41:48.766Z"}
{"level":"info","message":{"action":"findMany","duration":"2ms","model":"masterUser"},"timestamp":"2024-12-16T17:41:55.921Z"}
{"level":"info","message":{"action":"findMany","duration":"3ms","model":"Patient"},"timestamp":"2024-12-16T17:41:55.922Z"}
{"level":"info","message":"Fetched 3 patients from the database.","timestamp":"2024-12-16T17:41:55.922Z"}
{"level":"info","message":{"action":"findUnique","duration":"2ms","model":"masterUser"},"timestamp":"2024-12-16T17:42:29.344Z"}
{"level":"info","message":{"action":"count","duration":"1ms","model":"masterUser"},"timestamp":"2024-12-16T17:42:29.345Z"}
{"level":"info","message":{"action":"create","duration":"5ms","model":"masterUser"},"timestamp":"2024-12-16T17:42:29.420Z"}
{"level":"info","message":"User added successfully: EMP00024","timestamp":"2024-12-16T17:42:33.185Z"}
{"level":"info","message":{"action":"findMany","duration":"2ms","model":"masterUser"},"timestamp":"2024-12-16T17:42:41.357Z"}
{"level":"info","message":{"action":"findMany","duration":"3ms","model":"Patient"},"timestamp":"2024-12-16T17:42:41.359Z"}
{"level":"info","message":"Fetched 3 patients from the database.","timestamp":"2024-12-16T17:42:41.360Z"}
{"level":"info","message":{"action":"findMany","duration":"4ms","model":"masterUser"},"timestamp":"2024-12-16T17:42:54.809Z"}
