{"level":"info","message":{"action":"findFirst","duration":"1002ms","model":"User"},"timestamp":"2024-12-12T05:54:30.466Z"}
{"level":"info","message":{"action":"findFirst","duration":"4ms","model":"masterUser"},"timestamp":"2024-12-12T05:54:30.476Z"}
{"level":"info","message":{"action":"update","duration":"88ms","model":"User"},"timestamp":"2024-12-12T05:54:30.733Z"}
{"level":"info","message":{"action":"create","duration":"36ms","model":"NetworkLog"},"timestamp":"2024-12-12T05:54:31.945Z"}
{"level":"info","message":{"action":"findUnique","duration":"5ms","model":"User"},"timestamp":"2024-12-12T05:54:31.979Z"}
{"level":"info","message":{"action":"findUnique","duration":"5ms","model":"masterUser"},"timestamp":"2024-12-12T05:54:31.985Z"}
{"level":"info","message":{"action":"findMany","duration":"10ms","model":"masterUser"},"timestamp":"2024-12-12T05:54:32.061Z"}
{"level":"info","message":{"action":"findMany","duration":"12ms","model":"Patient"},"timestamp":"2024-12-12T05:54:32.066Z"}
{"level":"info","message":"Fetched 3 patients from the database.","timestamp":"2024-12-12T05:54:32.066Z"}
{"level":"info","message":{"action":"findUnique","duration":"7ms","model":"masterUser"},"timestamp":"2024-12-12T05:55:13.924Z"}
{"level":"info","message":{"action":"count","duration":"72ms","model":"masterUser"},"timestamp":"2024-12-12T05:55:13.997Z"}
{"level":"info","message":{"action":"create","duration":"43ms","model":"masterUser"},"timestamp":"2024-12-12T05:55:14.294Z"}
{"level":"info","message":"User added successfully: EMP00016","timestamp":"2024-12-12T05:55:18.266Z"}
{"level":"info","message":{"action":"findFirst","duration":"4ms","model":"User"},"timestamp":"2024-12-12T05:56:33.989Z"}
{"level":"info","message":{"action":"findFirst","duration":"4ms","model":"masterUser"},"timestamp":"2024-12-12T05:56:33.994Z"}
{"level":"info","message":{"action":"findFirst","duration":"3ms","model":"User"},"timestamp":"2024-12-12T05:56:48.069Z"}
{"level":"info","message":{"action":"findFirst","duration":"3ms","model":"masterUser"},"timestamp":"2024-12-12T05:56:48.073Z"}
{"level":"info","message":{"action":"findMany","duration":"9ms","model":"masterUser"},"timestamp":"2024-12-12T05:57:25.120Z"}
{"level":"info","message":{"action":"findMany","duration":"10ms","model":"Patient"},"timestamp":"2024-12-12T05:57:25.124Z"}
{"level":"info","message":"Fetched 3 patients from the database.","timestamp":"2024-12-12T05:57:25.124Z"}
{"level":"info","message":{"action":"findFirst","duration":"2ms","model":"User"},"timestamp":"2024-12-12T05:57:36.908Z"}
{"level":"info","message":{"action":"findFirst","duration":"2ms","model":"masterUser"},"timestamp":"2024-12-12T05:57:36.911Z"}
{"level":"info","message":{"action":"update","duration":"14ms","model":"masterUser"},"timestamp":"2024-12-12T05:57:37.123Z"}
{"level":"info","message":{"action":"create","duration":"9ms","model":"NetworkLog"},"timestamp":"2024-12-12T05:57:37.755Z"}
{"level":"info","message":{"action":"update","duration":"10ms","model":"masterUser"},"timestamp":"2024-12-12T05:58:02.257Z"}
{"level":"info","message":{"action":"update","duration":"9ms","model":"masterUser"},"timestamp":"2024-12-12T05:58:06.123Z"}
{"level":"info","message":{"action":"findUnique","duration":"4ms","model":"User"},"timestamp":"2024-12-12T05:59:02.673Z"}
{"level":"info","message":{"action":"findUnique","duration":"4ms","model":"masterUser"},"timestamp":"2024-12-12T05:59:02.678Z"}
{"level":"info","message":{"action":"findMany","duration":"55ms","model":"masterUser"},"timestamp":"2024-12-12T06:10:27.260Z"}
{"level":"info","message":{"action":"findMany","duration":"58ms","model":"Patient"},"timestamp":"2024-12-12T06:10:27.265Z"}
{"level":"info","message":"Fetched 3 patients from the database.","timestamp":"2024-12-12T06:10:27.265Z"}
{"level":"info","message":{"action":"findFirst","duration":"3ms","model":"User"},"timestamp":"2024-12-12T06:15:19.213Z"}
{"level":"info","message":{"action":"update","duration":"6ms","model":"User"},"timestamp":"2024-12-12T06:15:19.219Z"}
{"level":"info","message":{"action":"findFirst","duration":"8ms","model":"User"},"timestamp":"2024-12-12T06:15:48.256Z"}
{"level":"info","message":{"action":"findFirst","duration":"2ms","model":"masterUser"},"timestamp":"2024-12-12T06:15:48.258Z"}
{"level":"info","message":{"action":"update","duration":"6ms","model":"masterUser"},"timestamp":"2024-12-12T06:15:48.348Z"}
{"level":"info","message":{"action":"create","duration":"5ms","model":"NetworkLog"},"timestamp":"2024-12-12T06:15:49.142Z"}
{"level":"info","message":{"action":"findUnique","duration":"2ms","model":"User"},"timestamp":"2024-12-12T06:15:49.159Z"}
{"level":"info","message":{"action":"findUnique","duration":"2ms","model":"masterUser"},"timestamp":"2024-12-12T06:15:49.161Z"}
{"level":"info","message":{"action":"findUnique","duration":"21ms","model":"User"},"timestamp":"2024-12-12T06:20:31.281Z"}
{"level":"info","message":{"action":"findUnique","duration":"5ms","model":"masterUser"},"timestamp":"2024-12-12T06:20:31.291Z"}
{"level":"info","message":{"action":"findFirst","duration":"38ms","model":"User"},"timestamp":"2024-12-12T06:27:43.207Z"}
{"level":"info","message":{"action":"findFirst","duration":"7ms","model":"masterUser"},"timestamp":"2024-12-12T06:27:43.221Z"}
{"level":"info","message":{"action":"update","duration":"43ms","model":"masterUser"},"timestamp":"2024-12-12T06:27:43.469Z"}
{"level":"info","message":{"action":"create","duration":"9ms","model":"NetworkLog"},"timestamp":"2024-12-12T06:27:44.671Z"}
{"level":"info","message":{"action":"findFirst","duration":"3ms","model":"User"},"timestamp":"2024-12-12T06:28:27.304Z"}
{"level":"info","message":{"action":"findFirst","duration":"3ms","model":"masterUser"},"timestamp":"2024-12-12T06:28:27.308Z"}
{"level":"info","message":{"action":"update","duration":"41ms","model":"masterUser"},"timestamp":"2024-12-12T06:28:27.524Z"}
{"level":"info","message":{"action":"create","duration":"7ms","model":"NetworkLog"},"timestamp":"2024-12-12T06:28:28.210Z"}
{"level":"info","message":{"action":"findUnique","duration":"6ms","model":"User"},"timestamp":"2024-12-12T06:28:28.242Z"}
{"level":"info","message":{"action":"findUnique","duration":"6ms","model":"masterUser"},"timestamp":"2024-12-12T06:28:28.250Z"}
{"level":"info","message":{"action":"findFirst","duration":"4ms","model":"User"},"timestamp":"2024-12-12T06:29:14.229Z"}
{"level":"info","message":{"action":"findFirst","duration":"3ms","model":"masterUser"},"timestamp":"2024-12-12T06:29:14.232Z"}
{"level":"info","message":{"action":"update","duration":"8ms","model":"masterUser"},"timestamp":"2024-12-12T06:29:14.448Z"}
{"level":"info","message":{"action":"create","duration":"10ms","model":"NetworkLog"},"timestamp":"2024-12-12T06:29:15.078Z"}
{"level":"info","message":{"action":"findUnique","duration":"3ms","model":"User"},"timestamp":"2024-12-12T06:29:15.109Z"}
{"level":"info","message":{"action":"findUnique","duration":"3ms","model":"masterUser"},"timestamp":"2024-12-12T06:29:15.113Z"}
{"level":"info","message":{"action":"findFirst","duration":"2ms","model":"User"},"timestamp":"2024-12-12T06:29:22.542Z"}
{"level":"info","message":{"action":"findFirst","duration":"3ms","model":"masterUser"},"timestamp":"2024-12-12T06:29:22.545Z"}
{"level":"info","message":{"action":"update","duration":"10ms","model":"User"},"timestamp":"2024-12-12T06:29:22.761Z"}
{"level":"info","message":{"action":"create","duration":"6ms","model":"NetworkLog"},"timestamp":"2024-12-12T06:29:23.459Z"}
{"level":"info","message":{"action":"findUnique","duration":"3ms","model":"User"},"timestamp":"2024-12-12T06:29:23.487Z"}
{"level":"info","message":{"action":"findUnique","duration":"3ms","model":"masterUser"},"timestamp":"2024-12-12T06:29:23.491Z"}
{"level":"info","message":{"action":"findMany","duration":"14ms","model":"Patient"},"timestamp":"2024-12-12T06:29:23.569Z"}
{"level":"info","message":"Fetched 3 patients from the database.","timestamp":"2024-12-12T06:29:23.569Z"}
{"level":"info","message":{"action":"findMany","duration":"41ms","model":"masterUser"},"timestamp":"2024-12-12T06:29:23.592Z"}
{"level":"info","message":{"action":"findFirst","duration":"3ms","model":"User"},"timestamp":"2024-12-12T06:29:25.807Z"}
{"level":"info","message":{"action":"update","duration":"6ms","model":"User"},"timestamp":"2024-12-12T06:29:25.814Z"}
{"level":"info","message":{"action":"findFirst","duration":"37ms","model":"User"},"timestamp":"2024-12-12T06:56:04.698Z"}
{"level":"info","message":{"action":"findFirst","duration":"5ms","model":"masterUser"},"timestamp":"2024-12-12T06:56:04.710Z"}
{"level":"info","message":{"action":"findFirst","duration":"48ms","model":"User"},"timestamp":"2024-12-12T07:06:56.050Z"}
{"level":"info","message":{"action":"findFirst","duration":"4ms","model":"masterUser"},"timestamp":"2024-12-12T07:06:56.063Z"}
{"level":"info","message":{"action":"findFirst","duration":"1656ms","model":"User"},"timestamp":"2024-12-12T07:10:16.204Z"}
{"level":"info","message":{"action":"findFirst","duration":"11ms","model":"masterUser"},"timestamp":"2024-12-12T07:10:16.220Z"}
{"level":"info","message":{"action":"create","duration":"15ms","model":"NetworkLog"},"timestamp":"2024-12-12T07:10:17.763Z"}
{"level":"info","message":{"action":"findFirst","duration":"2ms","model":"User"},"timestamp":"2024-12-12T07:10:49.189Z"}
{"level":"info","message":{"action":"findFirst","duration":"2ms","model":"masterUser"},"timestamp":"2024-12-12T07:10:49.191Z"}
{"level":"info","message":{"action":"create","duration":"8ms","model":"NetworkLog"},"timestamp":"2024-12-12T07:10:50.025Z"}
{"level":"info","message":{"action":"findUnique","duration":"3ms","model":"User"},"timestamp":"2024-12-12T07:10:50.054Z"}
{"level":"info","message":{"action":"findUnique","duration":"2ms","model":"masterUser"},"timestamp":"2024-12-12T07:10:50.057Z"}
{"level":"info","message":{"action":"findFirst","duration":"4ms","model":"User"},"timestamp":"2024-12-12T07:11:22.329Z"}
{"level":"info","message":{"action":"findFirst","duration":"2ms","model":"masterUser"},"timestamp":"2024-12-12T07:11:22.333Z"}
{"level":"info","message":{"action":"create","duration":"7ms","model":"NetworkLog"},"timestamp":"2024-12-12T07:11:23.159Z"}
{"level":"info","message":{"action":"findUnique","duration":"298ms","model":"User"},"timestamp":"2024-12-12T07:11:23.487Z"}
{"level":"info","message":{"action":"findUnique","duration":"3ms","model":"masterUser"},"timestamp":"2024-12-12T07:11:23.491Z"}
{"level":"info","message":{"action":"findFirst","duration":"301ms","model":"User"},"timestamp":"2024-12-12T07:14:05.431Z"}
{"level":"info","message":{"action":"findFirst","duration":"4ms","model":"masterUser"},"timestamp":"2024-12-12T07:14:05.440Z"}
{"level":"info","message":{"action":"create","duration":"47ms","model":"NetworkLog"},"timestamp":"2024-12-12T07:14:06.753Z"}
{"level":"info","message":{"action":"findFirst","duration":"13ms","model":"User"},"timestamp":"2024-12-12T07:26:45.686Z"}
{"level":"info","message":{"action":"findFirst","duration":"3ms","model":"masterUser"},"timestamp":"2024-12-12T07:26:45.693Z"}
{"level":"info","message":{"action":"create","duration":"8ms","model":"NetworkLog"},"timestamp":"2024-12-12T07:26:46.827Z"}
{"level":"info","message":{"action":"findUnique","duration":"3ms","model":"User"},"timestamp":"2024-12-12T07:26:46.848Z"}
{"level":"info","message":{"action":"findUnique","duration":"2ms","model":"masterUser"},"timestamp":"2024-12-12T07:26:46.850Z"}
{"level":"info","message":{"action":"findFirst","duration":"13ms","model":"User"},"timestamp":"2024-12-12T07:28:00.662Z"}
{"level":"info","message":{"action":"findFirst","duration":"2ms","model":"masterUser"},"timestamp":"2024-12-12T07:28:00.666Z"}
{"level":"info","message":{"action":"findFirst","duration":"14ms","model":"User"},"timestamp":"2024-12-12T07:32:12.662Z"}
{"level":"info","message":{"action":"findFirst","duration":"2ms","model":"masterUser"},"timestamp":"2024-12-12T07:32:12.667Z"}
{"level":"info","message":{"action":"create","duration":"7ms","model":"NetworkLog"},"timestamp":"2024-12-12T07:32:13.498Z"}
{"level":"info","message":{"action":"findUnique","duration":"2ms","model":"User"},"timestamp":"2024-12-12T07:32:13.523Z"}
{"level":"info","message":{"action":"findUnique","duration":"1ms","model":"masterUser"},"timestamp":"2024-12-12T07:32:13.526Z"}
{"level":"info","message":{"action":"findFirst","duration":"77ms","model":"User"},"timestamp":"2024-12-12T08:14:22.238Z"}
{"level":"info","message":{"action":"findFirst","duration":"3ms","model":"masterUser"},"timestamp":"2024-12-12T08:14:22.242Z"}
{"level":"info","message":{"action":"create","duration":"5ms","model":"NetworkLog"},"timestamp":"2024-12-12T08:14:23.118Z"}
{"level":"info","message":{"action":"findUnique","duration":"2ms","model":"User"},"timestamp":"2024-12-12T08:14:23.134Z"}
{"level":"info","message":{"action":"findUnique","duration":"2ms","model":"masterUser"},"timestamp":"2024-12-12T08:14:23.136Z"}
{"level":"info","message":{"action":"findFirst","duration":"13ms","model":"User"},"timestamp":"2024-12-12T08:17:05.524Z"}
{"level":"info","message":{"action":"findFirst","duration":"2ms","model":"masterUser"},"timestamp":"2024-12-12T08:17:05.530Z"}
{"level":"info","message":{"action":"findFirst","duration":"30ms","model":"User"},"timestamp":"2024-12-12T08:17:35.052Z"}
{"level":"info","message":{"action":"findFirst","duration":"2ms","model":"masterUser"},"timestamp":"2024-12-12T08:17:35.054Z"}
{"level":"info","message":{"action":"create","duration":"6ms","model":"NetworkLog"},"timestamp":"2024-12-12T08:17:35.963Z"}
{"level":"info","message":{"action":"findFirst","duration":"2ms","model":"User"},"timestamp":"2024-12-12T08:19:47.602Z"}
{"level":"info","message":{"action":"findFirst","duration":"1ms","model":"masterUser"},"timestamp":"2024-12-12T08:19:47.604Z"}
{"level":"info","message":{"action":"create","duration":"4ms","model":"NetworkLog"},"timestamp":"2024-12-12T08:19:48.299Z"}
{"level":"info","message":{"action":"findFirst","duration":"2ms","model":"User"},"timestamp":"2024-12-12T08:21:23.005Z"}
{"level":"info","message":{"action":"findFirst","duration":"1ms","model":"masterUser"},"timestamp":"2024-12-12T08:21:23.007Z"}
{"level":"info","message":{"action":"create","duration":"5ms","model":"NetworkLog"},"timestamp":"2024-12-12T08:21:23.668Z"}
{"level":"info","message":{"action":"findFirst","duration":"2ms","model":"User"},"timestamp":"2024-12-12T08:21:52.953Z"}
{"level":"info","message":{"action":"findFirst","duration":"2ms","model":"masterUser"},"timestamp":"2024-12-12T08:21:52.955Z"}
{"level":"info","message":{"action":"create","duration":"4ms","model":"NetworkLog"},"timestamp":"2024-12-12T08:21:53.662Z"}
{"level":"info","message":{"action":"findFirst","duration":"6ms","model":"User"},"timestamp":"2024-12-12T08:22:20.544Z"}
{"level":"info","message":{"action":"findFirst","duration":"2ms","model":"masterUser"},"timestamp":"2024-12-12T08:22:20.546Z"}
{"level":"info","message":{"action":"create","duration":"6ms","model":"NetworkLog"},"timestamp":"2024-12-12T08:22:21.194Z"}
{"level":"info","message":{"action":"findFirst","duration":"2ms","model":"User"},"timestamp":"2024-12-12T08:22:43.167Z"}
{"level":"info","message":{"action":"findFirst","duration":"1ms","model":"masterUser"},"timestamp":"2024-12-12T08:22:43.168Z"}
{"level":"info","message":{"action":"create","duration":"3ms","model":"NetworkLog"},"timestamp":"2024-12-12T08:22:43.810Z"}
{"level":"info","message":{"action":"findFirst","duration":"62ms","model":"User"},"timestamp":"2024-12-12T08:23:24.479Z"}
{"level":"info","message":{"action":"findFirst","duration":"4ms","model":"User"},"timestamp":"2024-12-12T08:30:28.086Z"}
{"level":"info","message":{"action":"findFirst","duration":"3ms","model":"User"},"timestamp":"2024-12-12T08:32:27.248Z"}
{"level":"info","message":{"action":"findFirst","duration":"1ms","model":"masterUser"},"timestamp":"2024-12-12T08:32:27.249Z"}
{"level":"info","message":{"action":"update","duration":"103ms","model":"User"},"timestamp":"2024-12-12T08:32:27.423Z"}
{"level":"info","message":{"action":"create","duration":"3ms","model":"NetworkLog"},"timestamp":"2024-12-12T08:32:28.067Z"}
{"level":"info","message":{"action":"findUnique","duration":"2ms","model":"User"},"timestamp":"2024-12-12T08:32:28.087Z"}
{"level":"info","message":{"action":"findUnique","duration":"3ms","model":"masterUser"},"timestamp":"2024-12-12T08:32:28.091Z"}
{"level":"info","message":{"action":"findMany","duration":"6ms","model":"Patient"},"timestamp":"2024-12-12T08:32:28.152Z"}
{"level":"info","message":"Fetched 3 patients from the database.","timestamp":"2024-12-12T08:32:28.152Z"}
{"level":"info","message":{"action":"findMany","duration":"18ms","model":"masterUser"},"timestamp":"2024-12-12T08:32:28.162Z"}
{"level":"info","message":{"action":"findFirst","duration":"1ms","model":"User"},"timestamp":"2024-12-12T08:32:31.087Z"}
{"level":"info","message":{"action":"update","duration":"4ms","model":"User"},"timestamp":"2024-12-12T08:32:31.091Z"}
{"level":"info","message":{"action":"findFirst","duration":"2ms","model":"User"},"timestamp":"2024-12-12T08:33:01.514Z"}
{"level":"info","message":{"action":"findFirst","duration":"1ms","model":"masterUser"},"timestamp":"2024-12-12T08:33:01.515Z"}
{"level":"info","message":{"action":"create","duration":"2ms","model":"NetworkLog"},"timestamp":"2024-12-12T08:33:02.148Z"}
{"level":"info","message":{"action":"findFirst","duration":"12ms","model":"User"},"timestamp":"2024-12-12T08:35:58.044Z"}
{"level":"info","message":{"action":"findFirst","duration":"3ms","model":"masterUser"},"timestamp":"2024-12-12T08:35:58.049Z"}
{"level":"info","message":{"action":"create","duration":"5ms","model":"NetworkLog"},"timestamp":"2024-12-12T08:35:58.813Z"}
{"level":"info","message":{"action":"findFirst","duration":"13ms","model":"User"},"timestamp":"2024-12-12T08:37:05.383Z"}
{"level":"info","message":{"action":"findFirst","duration":"2ms","model":"masterUser"},"timestamp":"2024-12-12T08:37:05.388Z"}
{"level":"info","message":{"action":"create","duration":"4ms","model":"NetworkLog"},"timestamp":"2024-12-12T08:37:06.161Z"}
{"level":"info","message":{"action":"findFirst","duration":"12ms","model":"User"},"timestamp":"2024-12-12T08:38:18.618Z"}
{"level":"info","message":{"action":"findFirst","duration":"2ms","model":"masterUser"},"timestamp":"2024-12-12T08:38:18.622Z"}
{"level":"info","message":{"action":"create","duration":"5ms","model":"NetworkLog"},"timestamp":"2024-12-12T08:38:19.462Z"}
{"level":"info","message":{"action":"findFirst","duration":"2ms","model":"User"},"timestamp":"2024-12-12T08:38:52.927Z"}
{"level":"info","message":{"action":"findFirst","duration":"14ms","model":"User"},"timestamp":"2024-12-12T08:40:43.615Z"}
{"level":"info","message":{"action":"findFirst","duration":"5ms","model":"masterUser"},"timestamp":"2024-12-12T08:40:43.623Z"}
{"level":"info","message":{"action":"create","duration":"7ms","model":"NetworkLog"},"timestamp":"2024-12-12T08:40:44.402Z"}
{"level":"info","message":{"action":"findFirst","duration":"2ms","model":"User"},"timestamp":"2024-12-12T08:41:14.502Z"}
{"level":"info","message":{"action":"findFirst","duration":"1ms","model":"masterUser"},"timestamp":"2024-12-12T08:41:14.504Z"}
{"level":"info","message":{"action":"findFirst","duration":"1ms","model":"User"},"timestamp":"2024-12-12T08:41:41.757Z"}
{"level":"info","message":{"action":"findFirst","duration":"1ms","model":"masterUser"},"timestamp":"2024-12-12T08:41:41.758Z"}
{"level":"info","message":{"action":"create","duration":"5ms","model":"NetworkLog"},"timestamp":"2024-12-12T08:41:42.398Z"}
{"level":"info","message":{"action":"findFirst","duration":"1ms","model":"User"},"timestamp":"2024-12-12T08:42:49.127Z"}
{"level":"info","message":{"action":"findFirst","duration":"1ms","model":"masterUser"},"timestamp":"2024-12-12T08:42:49.129Z"}
{"level":"info","message":{"action":"create","duration":"2ms","model":"NetworkLog"},"timestamp":"2024-12-12T08:42:49.774Z"}
{"level":"info","message":{"action":"findFirst","duration":"5ms","model":"User"},"timestamp":"2024-12-12T08:51:30.526Z"}
{"level":"info","message":{"action":"findFirst","duration":"1ms","model":"masterUser"},"timestamp":"2024-12-12T08:51:30.528Z"}
{"level":"info","message":{"action":"create","duration":"3ms","model":"NetworkLog"},"timestamp":"2024-12-12T08:51:31.216Z"}
{"level":"info","message":{"action":"findFirst","duration":"2ms","model":"User"},"timestamp":"2024-12-12T08:53:40.724Z"}
{"level":"info","message":{"action":"findFirst","duration":"2ms","model":"masterUser"},"timestamp":"2024-12-12T08:53:40.726Z"}
{"level":"info","message":{"action":"create","duration":"4ms","model":"NetworkLog"},"timestamp":"2024-12-12T08:53:41.405Z"}
{"level":"info","message":{"action":"findFirst","duration":"1ms","model":"User"},"timestamp":"2024-12-12T08:54:08.407Z"}
{"level":"info","message":{"action":"findFirst","duration":"1ms","model":"masterUser"},"timestamp":"2024-12-12T08:54:08.408Z"}
{"level":"info","message":{"action":"create","duration":"4ms","model":"NetworkLog"},"timestamp":"2024-12-12T08:54:09.063Z"}
{"level":"info","message":{"action":"findFirst","duration":"6ms","model":"User"},"timestamp":"2024-12-12T08:56:58.536Z"}
{"level":"info","message":{"action":"findFirst","duration":"2ms","model":"masterUser"},"timestamp":"2024-12-12T08:56:58.538Z"}
{"level":"info","message":{"action":"create","duration":"6ms","model":"NetworkLog"},"timestamp":"2024-12-12T08:56:59.232Z"}
{"level":"info","message":{"action":"findFirst","duration":"2ms","model":"User"},"timestamp":"2024-12-12T08:57:28.447Z"}
{"level":"info","message":{"action":"findFirst","duration":"2ms","model":"masterUser"},"timestamp":"2024-12-12T08:57:28.449Z"}
{"level":"info","message":{"action":"create","duration":"4ms","model":"NetworkLog"},"timestamp":"2024-12-12T08:57:29.129Z"}
{"level":"info","message":{"action":"findFirst","duration":"2ms","model":"User"},"timestamp":"2024-12-12T08:58:53.632Z"}
{"level":"info","message":{"action":"findFirst","duration":"1ms","model":"masterUser"},"timestamp":"2024-12-12T08:58:53.633Z"}
{"level":"info","message":{"action":"create","duration":"4ms","model":"NetworkLog"},"timestamp":"2024-12-12T08:58:54.305Z"}
{"level":"info","message":{"action":"findFirst","duration":"1ms","model":"User"},"timestamp":"2024-12-12T08:59:25.725Z"}
{"level":"info","message":{"action":"findFirst","duration":"1ms","model":"masterUser"},"timestamp":"2024-12-12T08:59:25.726Z"}
{"level":"info","message":{"action":"create","duration":"4ms","model":"NetworkLog"},"timestamp":"2024-12-12T08:59:26.380Z"}
{"level":"info","message":{"action":"findFirst","duration":"1ms","model":"User"},"timestamp":"2024-12-12T09:00:33.485Z"}
{"level":"info","message":{"action":"findFirst","duration":"1ms","model":"masterUser"},"timestamp":"2024-12-12T09:00:33.487Z"}
{"level":"info","message":{"action":"update","duration":"5ms","model":"User"},"timestamp":"2024-12-12T09:00:33.561Z"}
{"level":"info","message":{"action":"create","duration":"4ms","model":"NetworkLog"},"timestamp":"2024-12-12T09:00:34.144Z"}
{"level":"info","message":{"action":"findUnique","duration":"2ms","model":"User"},"timestamp":"2024-12-12T09:00:34.166Z"}
{"level":"info","message":{"action":"findUnique","duration":"3ms","model":"masterUser"},"timestamp":"2024-12-12T09:00:34.169Z"}
{"level":"info","message":{"action":"findMany","duration":"3ms","model":"masterUser"},"timestamp":"2024-12-12T09:00:34.224Z"}
{"level":"info","message":{"action":"findMany","duration":"3ms","model":"Patient"},"timestamp":"2024-12-12T09:00:34.226Z"}
{"level":"info","message":"Fetched 3 patients from the database.","timestamp":"2024-12-12T09:00:34.226Z"}
{"level":"info","message":{"action":"findFirst","duration":"2ms","model":"User"},"timestamp":"2024-12-12T09:00:36.119Z"}
{"level":"info","message":{"action":"update","duration":"4ms","model":"User"},"timestamp":"2024-12-12T09:00:36.123Z"}
{"level":"info","message":{"action":"findUnique","duration":"2ms","model":"User"},"timestamp":"2024-12-12T09:00:51.806Z"}
{"level":"info","message":{"action":"update","duration":"4ms","model":"User"},"timestamp":"2024-12-12T09:00:51.810Z"}
{"level":"info","message":{"action":"findFirst","duration":"2ms","model":"User"},"timestamp":"2024-12-12T09:01:16.284Z"}
{"level":"info","message":{"action":"update","duration":"2ms","model":"User"},"timestamp":"2024-12-12T09:01:16.411Z"}
{"level":"info","message":{"action":"findFirst","duration":"3ms","model":"User"},"timestamp":"2024-12-12T09:01:23.955Z"}
{"level":"info","message":{"action":"findFirst","duration":"1ms","model":"masterUser"},"timestamp":"2024-12-12T09:01:23.957Z"}
{"level":"info","message":{"action":"update","duration":"92ms","model":"User"},"timestamp":"2024-12-12T09:01:24.125Z"}
{"level":"info","message":{"action":"create","duration":"5ms","model":"NetworkLog"},"timestamp":"2024-12-12T09:01:24.719Z"}
{"level":"info","message":{"action":"findUnique","duration":"2ms","model":"User"},"timestamp":"2024-12-12T09:01:24.735Z"}
{"level":"info","message":{"action":"findUnique","duration":"1ms","model":"masterUser"},"timestamp":"2024-12-12T09:01:24.737Z"}
{"level":"info","message":{"action":"findMany","duration":"3ms","model":"masterUser"},"timestamp":"2024-12-12T09:01:24.803Z"}
{"level":"info","message":{"action":"findMany","duration":"2ms","model":"Patient"},"timestamp":"2024-12-12T09:01:24.805Z"}
{"level":"info","message":"Fetched 3 patients from the database.","timestamp":"2024-12-12T09:01:24.805Z"}
{"level":"info","message":{"action":"findFirst","duration":"12ms","model":"User"},"timestamp":"2024-12-12T09:08:38.686Z"}
{"level":"info","message":{"action":"findFirst","duration":"3ms","model":"masterUser"},"timestamp":"2024-12-12T09:08:38.691Z"}
{"level":"info","message":{"action":"create","duration":"4ms","model":"NetworkLog"},"timestamp":"2024-12-12T09:08:39.512Z"}
{"level":"info","message":{"action":"findFirst","duration":"13ms","model":"User"},"timestamp":"2024-12-12T09:14:50.080Z"}
{"level":"info","message":{"action":"findFirst","duration":"1ms","model":"masterUser"},"timestamp":"2024-12-12T09:14:50.083Z"}
{"level":"info","message":{"action":"create","duration":"6ms","model":"NetworkLog"},"timestamp":"2024-12-12T09:14:50.927Z"}
{"level":"info","message":{"action":"findFirst","duration":"1ms","model":"User"},"timestamp":"2024-12-12T09:15:19.359Z"}
{"level":"info","message":{"action":"findFirst","duration":"1ms","model":"masterUser"},"timestamp":"2024-12-12T09:15:19.361Z"}
{"level":"info","message":{"action":"create","duration":"6ms","model":"NetworkLog"},"timestamp":"2024-12-12T09:15:20.011Z"}
{"level":"info","message":{"action":"findFirst","duration":"2ms","model":"User"},"timestamp":"2024-12-12T09:15:41.414Z"}
{"level":"info","message":{"action":"findFirst","duration":"1ms","model":"masterUser"},"timestamp":"2024-12-12T09:15:41.416Z"}
{"level":"info","message":{"action":"findFirst","duration":"2ms","model":"User"},"timestamp":"2024-12-12T09:16:02.135Z"}
{"level":"info","message":{"action":"findFirst","duration":"1ms","model":"masterUser"},"timestamp":"2024-12-12T09:16:02.136Z"}
{"level":"info","message":{"action":"findFirst","duration":"1ms","model":"User"},"timestamp":"2024-12-12T09:16:33.301Z"}
{"level":"info","message":{"action":"findFirst","duration":"1ms","model":"masterUser"},"timestamp":"2024-12-12T09:16:33.303Z"}
{"level":"info","message":{"action":"create","duration":"3ms","model":"NetworkLog"},"timestamp":"2024-12-12T09:16:33.984Z"}
{"level":"info","message":{"action":"findFirst","duration":"1ms","model":"User"},"timestamp":"2024-12-12T09:17:25.487Z"}
{"level":"info","message":{"action":"findFirst","duration":"1ms","model":"masterUser"},"timestamp":"2024-12-12T09:17:25.488Z"}
{"level":"info","message":{"action":"create","duration":"3ms","model":"NetworkLog"},"timestamp":"2024-12-12T09:17:26.135Z"}
{"level":"info","message":{"action":"findFirst","duration":"15ms","model":"User"},"timestamp":"2024-12-12T09:18:07.211Z"}
{"level":"info","message":{"action":"findFirst","duration":"3ms","model":"masterUser"},"timestamp":"2024-12-12T09:18:07.217Z"}
{"level":"info","message":{"action":"create","duration":"5ms","model":"NetworkLog"},"timestamp":"2024-12-12T09:18:07.988Z"}
{"level":"info","message":{"action":"findFirst","duration":"1ms","model":"User"},"timestamp":"2024-12-12T09:19:06.425Z"}
{"level":"info","message":{"action":"findFirst","duration":"1ms","model":"masterUser"},"timestamp":"2024-12-12T09:19:06.428Z"}
{"level":"info","message":{"action":"create","duration":"4ms","model":"NetworkLog"},"timestamp":"2024-12-12T09:19:07.093Z"}
{"level":"info","message":{"action":"findUnique","duration":"1ms","model":"User"},"timestamp":"2024-12-12T09:19:07.125Z"}
{"level":"info","message":{"action":"findUnique","duration":"1ms","model":"masterUser"},"timestamp":"2024-12-12T09:19:07.127Z"}
{"level":"info","message":{"action":"findFirst","duration":"2ms","model":"User"},"timestamp":"2024-12-12T09:19:42.529Z"}
{"level":"info","message":{"action":"findFirst","duration":"1ms","model":"masterUser"},"timestamp":"2024-12-12T09:19:42.531Z"}
{"level":"info","message":{"action":"create","duration":"5ms","model":"NetworkLog"},"timestamp":"2024-12-12T09:19:43.200Z"}
{"level":"info","message":{"action":"findFirst","duration":"2ms","model":"User"},"timestamp":"2024-12-12T09:19:59.773Z"}
{"level":"info","message":{"action":"findFirst","duration":"1ms","model":"masterUser"},"timestamp":"2024-12-12T09:19:59.775Z"}
{"level":"info","message":{"action":"create","duration":"4ms","model":"NetworkLog"},"timestamp":"2024-12-12T09:20:00.475Z"}
{"level":"info","message":{"action":"findFirst","duration":"2ms","model":"User"},"timestamp":"2024-12-12T09:20:17.718Z"}
{"level":"info","message":{"action":"findFirst","duration":"2ms","model":"masterUser"},"timestamp":"2024-12-12T09:20:17.720Z"}
{"level":"info","message":{"action":"create","duration":"4ms","model":"NetworkLog"},"timestamp":"2024-12-12T09:20:18.365Z"}
{"level":"info","message":{"action":"findUnique","duration":"2ms","model":"User"},"timestamp":"2024-12-12T09:20:18.390Z"}
{"level":"info","message":{"action":"findUnique","duration":"1ms","model":"masterUser"},"timestamp":"2024-12-12T09:20:18.391Z"}
{"level":"info","message":{"action":"findFirst","duration":"16ms","model":"User"},"timestamp":"2024-12-12T09:45:57.504Z"}
{"level":"info","message":{"action":"findFirst","duration":"2ms","model":"masterUser"},"timestamp":"2024-12-12T09:45:57.508Z"}
{"level":"info","message":{"action":"create","duration":"6ms","model":"NetworkLog"},"timestamp":"2024-12-12T09:45:58.324Z"}
{"level":"info","message":{"action":"findUnique","duration":"3ms","model":"User"},"timestamp":"2024-12-12T09:45:58.347Z"}
{"level":"info","message":{"action":"findUnique","duration":"2ms","model":"masterUser"},"timestamp":"2024-12-12T09:45:58.349Z"}
{"level":"info","message":{"action":"findFirst","duration":"1ms","model":"User"},"timestamp":"2024-12-12T09:46:17.235Z"}
{"level":"info","message":{"action":"findFirst","duration":"1ms","model":"masterUser"},"timestamp":"2024-12-12T09:46:17.237Z"}
{"level":"info","message":{"action":"create","duration":"4ms","model":"NetworkLog"},"timestamp":"2024-12-12T09:46:17.919Z"}
{"level":"info","message":{"action":"findUnique","duration":"2ms","model":"User"},"timestamp":"2024-12-12T09:46:17.939Z"}
{"level":"info","message":{"action":"findUnique","duration":"3ms","model":"masterUser"},"timestamp":"2024-12-12T09:46:17.943Z"}
{"level":"info","message":{"action":"findFirst","duration":"2ms","model":"User"},"timestamp":"2024-12-12T09:50:42.772Z"}
{"level":"info","message":{"action":"findFirst","duration":"2ms","model":"masterUser"},"timestamp":"2024-12-12T09:50:42.774Z"}
{"level":"info","message":{"action":"create","duration":"16ms","model":"NetworkLog"},"timestamp":"2024-12-12T09:50:43.575Z"}
{"level":"info","message":{"action":"findUnique","duration":"1ms","model":"User"},"timestamp":"2024-12-12T09:50:43.590Z"}
{"level":"info","message":{"action":"findUnique","duration":"1ms","model":"masterUser"},"timestamp":"2024-12-12T09:50:43.591Z"}
{"level":"info","message":{"action":"findFirst","duration":"5ms","model":"User"},"timestamp":"2024-12-12T09:51:17.207Z"}
{"level":"info","message":{"action":"findFirst","duration":"1ms","model":"masterUser"},"timestamp":"2024-12-12T09:51:17.209Z"}
{"level":"info","message":{"action":"create","duration":"5ms","model":"NetworkLog"},"timestamp":"2024-12-12T09:51:17.906Z"}
{"level":"info","message":{"action":"findUnique","duration":"1ms","model":"User"},"timestamp":"2024-12-12T09:51:17.919Z"}
{"level":"info","message":{"action":"findUnique","duration":"1ms","model":"masterUser"},"timestamp":"2024-12-12T09:51:17.921Z"}
{"level":"info","message":{"action":"findFirst","duration":"2ms","model":"User"},"timestamp":"2024-12-12T09:53:09.291Z"}
{"level":"info","message":{"action":"findFirst","duration":"2ms","model":"masterUser"},"timestamp":"2024-12-12T09:53:09.293Z"}
{"level":"info","message":{"action":"create","duration":"3ms","model":"NetworkLog"},"timestamp":"2024-12-12T09:53:09.935Z"}
{"level":"info","message":{"action":"findUnique","duration":"1ms","model":"User"},"timestamp":"2024-12-12T09:53:09.949Z"}
{"level":"info","message":{"action":"findUnique","duration":"1ms","model":"masterUser"},"timestamp":"2024-12-12T09:53:09.950Z"}
{"level":"info","message":{"action":"findFirst","duration":"1ms","model":"User"},"timestamp":"2024-12-12T09:53:39.018Z"}
{"level":"info","message":{"action":"findFirst","duration":"1ms","model":"masterUser"},"timestamp":"2024-12-12T09:53:39.019Z"}
{"level":"info","message":{"action":"findFirst","duration":"1ms","model":"User"},"timestamp":"2024-12-12T09:53:51.859Z"}
{"level":"info","message":{"action":"findFirst","duration":"1ms","model":"masterUser"},"timestamp":"2024-12-12T09:53:51.861Z"}
{"level":"info","message":{"action":"findFirst","duration":"2ms","model":"User"},"timestamp":"2024-12-12T09:54:23.045Z"}
{"level":"info","message":{"action":"findFirst","duration":"2ms","model":"masterUser"},"timestamp":"2024-12-12T09:54:23.047Z"}
{"level":"info","message":{"action":"findFirst","duration":"1ms","model":"User"},"timestamp":"2024-12-12T09:54:33.671Z"}
{"level":"info","message":{"action":"findFirst","duration":"2ms","model":"masterUser"},"timestamp":"2024-12-12T09:54:33.673Z"}
{"level":"info","message":{"action":"findFirst","duration":"2ms","model":"User"},"timestamp":"2024-12-12T09:55:04.294Z"}
{"level":"info","message":{"action":"findFirst","duration":"2ms","model":"User"},"timestamp":"2024-12-12T09:55:07.309Z"}
{"level":"info","message":{"action":"findFirst","duration":"2ms","model":"masterUser"},"timestamp":"2024-12-12T09:55:07.311Z"}
{"level":"info","message":{"action":"findFirst","duration":"5ms","model":"User"},"timestamp":"2024-12-12T10:13:45.123Z"}
{"level":"info","message":{"action":"findFirst","duration":"1ms","model":"masterUser"},"timestamp":"2024-12-12T10:13:45.125Z"}
{"level":"info","message":{"action":"findFirst","duration":"1ms","model":"User"},"timestamp":"2024-12-12T10:13:47.207Z"}
{"level":"info","message":{"action":"findFirst","duration":"2ms","model":"masterUser"},"timestamp":"2024-12-12T10:13:47.209Z"}
{"level":"info","message":{"action":"findUnique","duration":"3ms","model":"User"},"timestamp":"2024-12-12T10:14:16.041Z"}
{"level":"info","message":{"action":"findUnique","duration":"1ms","model":"User"},"timestamp":"2024-12-12T10:14:16.042Z"}
{"level":"info","message":{"action":"create","duration":"4ms","model":"User"},"timestamp":"2024-12-12T10:14:16.131Z"}
{"level":"info","message":"User registered: rcprajapaksha123@gmail.com","timestamp":"2024-12-12T10:14:16.131Z"}
{"level":"info","message":{"action":"findFirst","duration":"2ms","model":"User"},"timestamp":"2024-12-12T10:14:27.357Z"}
{"level":"info","message":{"action":"findFirst","duration":"1ms","model":"masterUser"},"timestamp":"2024-12-12T10:14:27.358Z"}
{"level":"info","message":{"action":"update","duration":"131ms","model":"User"},"timestamp":"2024-12-12T10:14:27.558Z"}
{"level":"info","message":{"action":"create","duration":"3ms","model":"NetworkLog"},"timestamp":"2024-12-12T10:14:28.163Z"}
{"level":"info","message":{"action":"findFirst","duration":"1ms","model":"User"},"timestamp":"2024-12-12T10:14:33.802Z"}
{"level":"info","message":{"action":"findFirst","duration":"1ms","model":"masterUser"},"timestamp":"2024-12-12T10:14:33.803Z"}
{"level":"info","message":{"action":"update","duration":"4ms","model":"User"},"timestamp":"2024-12-12T10:14:33.874Z"}
{"level":"info","message":{"action":"create","duration":"4ms","model":"NetworkLog"},"timestamp":"2024-12-12T10:14:34.435Z"}
{"level":"info","message":{"action":"findUnique","duration":"1ms","model":"User"},"timestamp":"2024-12-12T10:14:34.447Z"}
{"level":"info","message":{"action":"findUnique","duration":"2ms","model":"masterUser"},"timestamp":"2024-12-12T10:14:34.449Z"}
{"level":"info","message":{"action":"findMany","duration":"11ms","model":"Patient"},"timestamp":"2024-12-12T10:14:34.502Z"}
{"level":"info","message":"Fetched 3 patients from the database.","timestamp":"2024-12-12T10:14:34.503Z"}
{"level":"info","message":{"action":"findMany","duration":"29ms","model":"masterUser"},"timestamp":"2024-12-12T10:14:34.519Z"}
{"level":"info","message":{"action":"findFirst","duration":"1ms","model":"User"},"timestamp":"2024-12-12T10:14:36.283Z"}
{"level":"info","message":{"action":"update","duration":"3ms","model":"User"},"timestamp":"2024-12-12T10:14:36.286Z"}
{"level":"info","message":{"action":"findUnique","duration":"2ms","model":"masterUser"},"timestamp":"2024-12-12T10:15:02.061Z"}
{"level":"info","message":{"action":"findUnique","duration":"2ms","model":"masterUser"},"timestamp":"2024-12-12T10:15:36.405Z"}
{"level":"info","message":{"action":"count","duration":"56ms","model":"masterUser"},"timestamp":"2024-12-12T10:15:36.462Z"}
{"level":"info","message":{"action":"create","duration":"4ms","model":"masterUser"},"timestamp":"2024-12-12T10:15:36.533Z"}
{"level":"info","message":"User added successfully: EMP00016","timestamp":"2024-12-12T10:15:38.979Z"}
{"level":"info","message":{"action":"findFirst","duration":"1ms","model":"User"},"timestamp":"2024-12-12T10:16:28.092Z"}
{"level":"info","message":{"action":"findFirst","duration":"1ms","model":"masterUser"},"timestamp":"2024-12-12T10:16:28.094Z"}
{"level":"info","message":{"action":"create","duration":"3ms","model":"NetworkLog"},"timestamp":"2024-12-12T10:16:28.717Z"}
{"level":"info","message":{"action":"findFirst","duration":"13ms","model":"User"},"timestamp":"2024-12-12T10:18:12.726Z"}
{"level":"info","message":{"action":"findFirst","duration":"3ms","model":"masterUser"},"timestamp":"2024-12-12T10:18:12.732Z"}
{"level":"info","message":{"action":"create","duration":"6ms","model":"NetworkLog"},"timestamp":"2024-12-12T10:18:13.537Z"}
{"level":"info","message":{"action":"findFirst","duration":"11ms","model":"User"},"timestamp":"2024-12-12T10:19:02.346Z"}
{"level":"info","message":{"action":"findFirst","duration":"3ms","model":"masterUser"},"timestamp":"2024-12-12T10:19:02.351Z"}
{"level":"info","message":{"action":"create","duration":"4ms","model":"NetworkLog"},"timestamp":"2024-12-12T10:19:03.126Z"}
{"level":"info","message":{"action":"findFirst","duration":"2ms","model":"User"},"timestamp":"2024-12-12T10:19:23.575Z"}
{"level":"info","message":{"action":"findFirst","duration":"2ms","model":"masterUser"},"timestamp":"2024-12-12T10:19:23.578Z"}
{"level":"info","message":{"action":"create","duration":"5ms","model":"NetworkLog"},"timestamp":"2024-12-12T10:19:24.220Z"}
{"level":"info","message":{"action":"findFirst","duration":"9ms","model":"User"},"timestamp":"2024-12-12T10:24:52.112Z"}
{"level":"info","message":{"action":"findFirst","duration":"2ms","model":"masterUser"},"timestamp":"2024-12-12T10:24:52.115Z"}
{"level":"info","message":{"action":"findFirst","duration":"2ms","model":"User"},"timestamp":"2024-12-12T10:25:05.039Z"}
{"level":"info","message":{"action":"findFirst","duration":"1ms","model":"masterUser"},"timestamp":"2024-12-12T10:25:05.042Z"}
{"level":"info","message":{"action":"create","duration":"5ms","model":"NetworkLog"},"timestamp":"2024-12-12T10:25:05.720Z"}
{"level":"info","message":{"action":"findFirst","duration":"13ms","model":"User"},"timestamp":"2024-12-12T10:30:28.322Z"}
{"level":"info","message":{"action":"findFirst","duration":"2ms","model":"masterUser"},"timestamp":"2024-12-12T10:30:28.326Z"}
{"level":"info","message":{"action":"create","duration":"6ms","model":"NetworkLog"},"timestamp":"2024-12-12T10:30:29.170Z"}
{"level":"info","message":{"action":"findFirst","duration":"13ms","model":"User"},"timestamp":"2024-12-12T10:38:15.350Z"}
{"level":"info","message":{"action":"findFirst","duration":"4ms","model":"masterUser"},"timestamp":"2024-12-12T10:38:15.357Z"}
{"level":"info","message":{"action":"findFirst","duration":"12ms","model":"User"},"timestamp":"2024-12-12T10:39:26.966Z"}
{"level":"info","message":{"action":"findFirst","duration":"2ms","model":"masterUser"},"timestamp":"2024-12-12T10:39:26.970Z"}
{"level":"info","message":{"action":"findFirst","duration":"13ms","model":"User"},"timestamp":"2024-12-12T10:40:29.491Z"}
{"level":"info","message":{"action":"findFirst","duration":"3ms","model":"masterUser"},"timestamp":"2024-12-12T10:40:29.496Z"}
{"level":"info","message":{"action":"update","duration":"33ms","model":"masterUser"},"timestamp":"2024-12-12T10:40:29.597Z"}
{"level":"info","message":{"action":"findFirst","duration":"2ms","model":"User"},"timestamp":"2024-12-12T10:40:38.771Z"}
{"level":"info","message":{"action":"findFirst","duration":"4ms","model":"masterUser"},"timestamp":"2024-12-12T10:40:38.775Z"}
{"level":"info","message":{"action":"update","duration":"4ms","model":"masterUser"},"timestamp":"2024-12-12T10:40:38.851Z"}
{"level":"info","message":{"action":"findFirst","duration":"11ms","model":"User"},"timestamp":"2024-12-12T10:41:04.542Z"}
{"level":"info","message":{"action":"findFirst","duration":"2ms","model":"masterUser"},"timestamp":"2024-12-12T10:41:04.546Z"}
{"level":"info","message":{"action":"update","duration":"8ms","model":"masterUser"},"timestamp":"2024-12-12T10:41:04.629Z"}
{"level":"info","message":{"action":"findFirst","duration":"2ms","model":"User"},"timestamp":"2024-12-12T10:41:14.860Z"}
{"level":"info","message":{"action":"findFirst","duration":"2ms","model":"masterUser"},"timestamp":"2024-12-12T10:41:14.862Z"}
{"level":"info","message":{"action":"update","duration":"5ms","model":"masterUser"},"timestamp":"2024-12-12T10:41:14.933Z"}
{"level":"info","message":{"action":"findFirst","duration":"2ms","model":"User"},"timestamp":"2024-12-12T10:42:07.246Z"}
{"level":"info","message":{"action":"findFirst","duration":"2ms","model":"masterUser"},"timestamp":"2024-12-12T10:42:07.249Z"}
{"level":"info","message":{"action":"update","duration":"6ms","model":"masterUser"},"timestamp":"2024-12-12T10:42:07.325Z"}
{"level":"info","message":{"action":"findFirst","duration":"50ms","model":"User"},"timestamp":"2024-12-12T10:42:17.058Z"}
{"level":"info","message":{"action":"findFirst","duration":"12ms","model":"User"},"timestamp":"2024-12-12T10:54:13.125Z"}
{"level":"info","message":{"action":"findFirst","duration":"4ms","model":"masterUser"},"timestamp":"2024-12-12T10:54:13.131Z"}
{"level":"info","message":{"action":"findUnique","duration":"2ms","model":"masterUser"},"timestamp":"2024-12-12T10:56:42.386Z"}
{"level":"info","message":{"action":"count","duration":"115ms","model":"masterUser"},"timestamp":"2024-12-12T10:56:42.502Z"}
{"level":"info","message":{"action":"create","duration":"30ms","model":"masterUser"},"timestamp":"2024-12-12T10:56:42.604Z"}
{"level":"info","message":"User added successfully: EMP00016","timestamp":"2024-12-12T10:56:45.208Z"}
{"level":"info","message":{"action":"findFirst","duration":"2ms","model":"User"},"timestamp":"2024-12-12T10:58:37.313Z"}
{"level":"info","message":{"action":"findFirst","duration":"2ms","model":"masterUser"},"timestamp":"2024-12-12T10:58:37.316Z"}
{"level":"info","message":{"action":"findFirst","duration":"12ms","model":"User"},"timestamp":"2024-12-12T11:00:10.563Z"}
{"level":"info","message":{"action":"findFirst","duration":"2ms","model":"masterUser"},"timestamp":"2024-12-12T11:00:10.567Z"}
{"level":"info","message":{"action":"findFirst","duration":"10ms","model":"User"},"timestamp":"2024-12-12T11:02:59.254Z"}
{"level":"info","message":{"action":"findFirst","duration":"3ms","model":"masterUser"},"timestamp":"2024-12-12T11:02:59.259Z"}
{"level":"info","message":{"action":"update","duration":"7ms","model":"masterUser"},"timestamp":"2024-12-12T11:02:59.336Z"}
{"level":"info","message":{"action":"findFirst","duration":"2ms","model":"User"},"timestamp":"2024-12-12T11:03:13.404Z"}
{"level":"info","message":{"action":"findFirst","duration":"2ms","model":"masterUser"},"timestamp":"2024-12-12T11:03:13.406Z"}
{"level":"info","message":{"action":"update","duration":"3ms","model":"masterUser"},"timestamp":"2024-12-12T11:03:13.480Z"}
{"level":"info","message":{"action":"findUnique","duration":"11ms","model":"User"},"timestamp":"2024-12-12T11:04:21.393Z"}
{"level":"info","message":{"action":"findUnique","duration":"2ms","model":"User"},"timestamp":"2024-12-12T11:04:21.397Z"}
{"level":"info","message":{"action":"create","duration":"5ms","model":"User"},"timestamp":"2024-12-12T11:04:21.465Z"}
{"level":"info","message":"User registered: rcprajapaksha123@gmail.com","timestamp":"2024-12-12T11:04:21.465Z"}
{"level":"info","message":{"action":"findFirst","duration":"2ms","model":"User"},"timestamp":"2024-12-12T11:04:24.672Z"}
{"level":"info","message":{"action":"findFirst","duration":"2ms","model":"masterUser"},"timestamp":"2024-12-12T11:04:24.674Z"}
{"level":"info","message":{"action":"update","duration":"24ms","model":"User"},"timestamp":"2024-12-12T11:04:24.771Z"}
{"level":"info","message":{"action":"create","duration":"48ms","model":"NetworkLog"},"timestamp":"2024-12-12T11:04:25.680Z"}
{"level":"info","message":{"action":"findFirst","duration":"2ms","model":"User"},"timestamp":"2024-12-12T11:04:39.948Z"}
{"level":"info","message":{"action":"findFirst","duration":"2ms","model":"masterUser"},"timestamp":"2024-12-12T11:04:39.950Z"}
{"level":"info","message":{"action":"update","duration":"4ms","model":"User"},"timestamp":"2024-12-12T11:04:40.022Z"}
{"level":"info","message":{"action":"create","duration":"5ms","model":"NetworkLog"},"timestamp":"2024-12-12T11:04:40.601Z"}
{"level":"info","message":{"action":"findUnique","duration":"2ms","model":"User"},"timestamp":"2024-12-12T11:04:40.621Z"}
{"level":"info","message":{"action":"findUnique","duration":"2ms","model":"masterUser"},"timestamp":"2024-12-12T11:04:40.624Z"}
{"level":"info","message":{"action":"findMany","duration":"7ms","model":"Patient"},"timestamp":"2024-12-12T11:04:40.808Z"}
{"level":"info","message":"Fetched 3 patients from the database.","timestamp":"2024-12-12T11:04:40.808Z"}
{"level":"info","message":{"action":"findMany","duration":"52ms","model":"masterUser"},"timestamp":"2024-12-12T11:04:40.859Z"}
{"level":"info","message":{"action":"findFirst","duration":"1ms","model":"User"},"timestamp":"2024-12-12T11:04:42.275Z"}
{"level":"info","message":{"action":"update","duration":"4ms","model":"User"},"timestamp":"2024-12-12T11:04:42.279Z"}
{"level":"info","message":{"action":"findFirst","duration":"1ms","model":"User"},"timestamp":"2024-12-12T11:04:55.622Z"}
{"level":"info","message":{"action":"findFirst","duration":"2ms","model":"masterUser"},"timestamp":"2024-12-12T11:04:55.625Z"}
{"level":"info","message":{"action":"update","duration":"5ms","model":"masterUser"},"timestamp":"2024-12-12T11:04:55.695Z"}
{"level":"info","message":{"action":"findFirst","duration":"2ms","model":"User"},"timestamp":"2024-12-12T11:05:31.578Z"}
{"level":"info","message":{"action":"findFirst","duration":"12ms","model":"User"},"timestamp":"2024-12-12T11:14:26.631Z"}
{"level":"info","message":{"action":"findFirst","duration":"2ms","model":"masterUser"},"timestamp":"2024-12-12T11:14:26.635Z"}
{"level":"info","message":{"action":"findFirst","duration":"2ms","model":"User"},"timestamp":"2024-12-12T11:14:41.044Z"}
{"level":"info","message":{"action":"findFirst","duration":"2ms","model":"masterUser"},"timestamp":"2024-12-12T11:14:41.046Z"}
{"level":"info","message":{"action":"findFirst","duration":"11ms","model":"User"},"timestamp":"2024-12-12T11:15:46.824Z"}
{"level":"info","message":{"action":"findFirst","duration":"3ms","model":"masterUser"},"timestamp":"2024-12-12T11:15:46.828Z"}
{"level":"info","message":{"action":"update","duration":"6ms","model":"masterUser"},"timestamp":"2024-12-12T11:15:46.895Z"}
{"level":"info","message":{"action":"findFirst","duration":"1ms","model":"User"},"timestamp":"2024-12-12T11:16:11.850Z"}
{"level":"info","message":{"action":"findFirst","duration":"1ms","model":"masterUser"},"timestamp":"2024-12-12T11:16:11.852Z"}
{"level":"info","message":{"action":"update","duration":"3ms","model":"masterUser"},"timestamp":"2024-12-12T11:16:11.924Z"}
{"level":"info","message":{"action":"findFirst","duration":"11ms","model":"User"},"timestamp":"2024-12-12T11:40:45.781Z"}
{"level":"info","message":{"action":"findFirst","duration":"2ms","model":"masterUser"},"timestamp":"2024-12-12T11:40:45.785Z"}
{"level":"info","message":{"action":"update","duration":"6ms","model":"masterUser"},"timestamp":"2024-12-12T11:40:45.863Z"}
{"level":"info","message":{"action":"findFirst","duration":"11ms","model":"User"},"timestamp":"2024-12-12T11:43:43.158Z"}
{"level":"info","message":{"action":"findFirst","duration":"2ms","model":"masterUser"},"timestamp":"2024-12-12T11:43:43.162Z"}
{"level":"info","message":{"action":"findFirst","duration":"3ms","model":"User"},"timestamp":"2024-12-12T11:43:49.826Z"}
{"level":"info","message":{"action":"findFirst","duration":"2ms","model":"masterUser"},"timestamp":"2024-12-12T11:43:49.828Z"}
{"level":"info","message":{"action":"update","duration":"6ms","model":"masterUser"},"timestamp":"2024-12-12T11:43:49.906Z"}
{"level":"info","message":{"action":"findFirst","duration":"10ms","model":"User"},"timestamp":"2024-12-12T11:49:12.181Z"}
{"level":"info","message":{"action":"findFirst","duration":"2ms","model":"masterUser"},"timestamp":"2024-12-12T11:49:12.185Z"}
{"level":"info","message":{"action":"update","duration":"6ms","model":"masterUser"},"timestamp":"2024-12-12T11:49:12.259Z"}
{"level":"info","message":{"action":"findFirst","duration":"11ms","model":"User"},"timestamp":"2024-12-12T11:50:59.703Z"}
{"level":"info","message":{"action":"findFirst","duration":"4ms","model":"masterUser"},"timestamp":"2024-12-12T11:50:59.709Z"}
{"level":"info","message":{"action":"update","duration":"8ms","model":"masterUser"},"timestamp":"2024-12-12T11:50:59.792Z"}
{"level":"info","message":{"action":"findFirst","duration":"11ms","model":"User"},"timestamp":"2024-12-12T12:03:41.941Z"}
{"level":"info","message":{"action":"findFirst","duration":"2ms","model":"masterUser"},"timestamp":"2024-12-12T12:03:41.945Z"}
{"level":"info","message":{"action":"update","duration":"7ms","model":"masterUser"},"timestamp":"2024-12-12T12:03:42.025Z"}
{"level":"info","message":{"action":"findFirst","duration":"2ms","model":"User"},"timestamp":"2024-12-12T12:03:57.242Z"}
{"level":"info","message":{"action":"findFirst","duration":"1ms","model":"masterUser"},"timestamp":"2024-12-12T12:03:57.244Z"}
{"level":"info","message":{"action":"update","duration":"6ms","model":"User"},"timestamp":"2024-12-12T12:03:57.318Z"}
{"level":"info","message":{"action":"create","duration":"3ms","model":"NetworkLog"},"timestamp":"2024-12-12T12:03:58.514Z"}
{"level":"info","message":{"action":"findUnique","duration":"2ms","model":"User"},"timestamp":"2024-12-12T12:03:58.533Z"}
{"level":"info","message":{"action":"findUnique","duration":"2ms","model":"masterUser"},"timestamp":"2024-12-12T12:03:58.535Z"}
{"level":"info","message":{"action":"findMany","duration":"6ms","model":"masterUser"},"timestamp":"2024-12-12T12:03:58.615Z"}
{"level":"info","message":{"action":"findMany","duration":"4ms","model":"Patient"},"timestamp":"2024-12-12T12:03:58.618Z"}
{"level":"info","message":"Fetched 3 patients from the database.","timestamp":"2024-12-12T12:03:58.619Z"}
{"level":"info","message":{"action":"findFirst","duration":"1ms","model":"User"},"timestamp":"2024-12-12T12:04:07.229Z"}
{"level":"info","message":{"action":"update","duration":"4ms","model":"User"},"timestamp":"2024-12-12T12:04:07.234Z"}
{"level":"info","message":{"action":"findFirst","duration":"1ms","model":"User"},"timestamp":"2024-12-12T12:04:21.980Z"}
{"level":"info","message":{"action":"findFirst","duration":"1ms","model":"masterUser"},"timestamp":"2024-12-12T12:04:21.982Z"}
{"level":"info","message":{"action":"update","duration":"5ms","model":"masterUser"},"timestamp":"2024-12-12T12:04:22.053Z"}
{"level":"info","message":{"action":"findFirst","duration":"1ms","model":"User"},"timestamp":"2024-12-12T12:08:19.286Z"}
{"level":"info","message":{"action":"findFirst","duration":"1ms","model":"masterUser"},"timestamp":"2024-12-12T12:08:19.288Z"}
{"level":"info","message":{"action":"update","duration":"4ms","model":"masterUser"},"timestamp":"2024-12-12T12:08:19.355Z"}
{"level":"info","message":{"action":"findFirst","duration":"2ms","model":"User"},"timestamp":"2024-12-12T12:08:35.355Z"}
{"level":"info","message":{"action":"findFirst","duration":"1ms","model":"masterUser"},"timestamp":"2024-12-12T12:08:35.357Z"}
{"level":"info","message":{"action":"findFirst","duration":"10ms","model":"User"},"timestamp":"2024-12-12T12:08:58.961Z"}
{"level":"info","message":{"action":"findFirst","duration":"2ms","model":"masterUser"},"timestamp":"2024-12-12T12:08:58.964Z"}
{"level":"info","message":{"action":"update","duration":"4ms","model":"masterUser"},"timestamp":"2024-12-12T12:08:59.033Z"}
{"level":"info","message":{"action":"findFirst","duration":"2ms","model":"User"},"timestamp":"2024-12-12T12:09:19.084Z"}
{"level":"info","message":{"action":"findFirst","duration":"1ms","model":"masterUser"},"timestamp":"2024-12-12T12:09:19.086Z"}
{"level":"info","message":{"action":"update","duration":"3ms","model":"masterUser"},"timestamp":"2024-12-12T12:09:19.158Z"}
{"level":"info","message":{"action":"findFirst","duration":"15ms","model":"User"},"timestamp":"2024-12-12T12:11:49.319Z"}
{"level":"info","message":{"action":"findFirst","duration":"3ms","model":"masterUser"},"timestamp":"2024-12-12T12:11:49.324Z"}
{"level":"info","message":{"action":"update","duration":"4ms","model":"masterUser"},"timestamp":"2024-12-12T12:11:49.396Z"}
{"level":"info","message":{"action":"findFirst","duration":"2ms","model":"User"},"timestamp":"2024-12-12T12:14:43.147Z"}
{"level":"info","message":{"action":"findFirst","duration":"1ms","model":"masterUser"},"timestamp":"2024-12-12T12:14:43.149Z"}
{"level":"info","message":{"action":"update","duration":"5ms","model":"masterUser"},"timestamp":"2024-12-12T12:14:43.219Z"}
{"level":"info","message":{"action":"findFirst","duration":"14ms","model":"User"},"timestamp":"2024-12-12T12:15:06.801Z"}
{"level":"info","message":{"action":"findFirst","duration":"14ms","model":"masterUser"},"timestamp":"2024-12-12T12:15:06.815Z"}
{"level":"info","message":{"action":"update","duration":"4ms","model":"masterUser"},"timestamp":"2024-12-12T12:15:06.890Z"}
{"level":"info","message":{"action":"findFirst","duration":"12ms","model":"User"},"timestamp":"2024-12-12T12:16:10.573Z"}
{"level":"info","message":{"action":"findFirst","duration":"3ms","model":"masterUser"},"timestamp":"2024-12-12T12:16:10.578Z"}
{"level":"info","message":{"action":"update","duration":"5ms","model":"masterUser"},"timestamp":"2024-12-12T12:16:10.653Z"}
{"level":"info","message":{"action":"findFirst","duration":"506ms","model":"User"},"timestamp":"2024-12-12T15:36:20.471Z"}
{"level":"info","message":{"action":"findFirst","duration":"8ms","model":"masterUser"},"timestamp":"2024-12-12T15:36:20.481Z"}
{"level":"info","message":{"action":"update","duration":"47ms","model":"masterUser"},"timestamp":"2024-12-12T15:36:20.623Z"}
{"level":"info","message":{"action":"findFirst","duration":"14ms","model":"User"},"timestamp":"2024-12-12T15:37:42.014Z"}
{"level":"info","message":{"action":"findFirst","duration":"2ms","model":"masterUser"},"timestamp":"2024-12-12T15:37:42.019Z"}
{"level":"info","message":{"action":"update","duration":"7ms","model":"User"},"timestamp":"2024-12-12T15:37:42.098Z"}
{"level":"info","message":{"action":"create","duration":"11ms","model":"NetworkLog"},"timestamp":"2024-12-12T15:37:42.811Z"}
{"level":"info","message":{"action":"findFirst","duration":"12ms","model":"User"},"timestamp":"2024-12-12T15:38:02.834Z"}
{"level":"info","message":{"action":"findFirst","duration":"3ms","model":"masterUser"},"timestamp":"2024-12-12T15:38:02.840Z"}
{"level":"info","message":{"action":"update","duration":"4ms","model":"User"},"timestamp":"2024-12-12T15:38:02.923Z"}
{"level":"info","message":{"action":"create","duration":"8ms","model":"NetworkLog"},"timestamp":"2024-12-12T15:38:03.386Z"}
{"level":"info","message":{"action":"findFirst","duration":"11ms","model":"User"},"timestamp":"2024-12-12T15:39:26.860Z"}
{"level":"info","message":{"action":"findFirst","duration":"2ms","model":"masterUser"},"timestamp":"2024-12-12T15:39:26.865Z"}
{"level":"info","message":{"action":"update","duration":"7ms","model":"masterUser"},"timestamp":"2024-12-12T15:39:26.945Z"}
{"level":"info","message":{"action":"findFirst","duration":"11ms","model":"User"},"timestamp":"2024-12-12T15:50:54.975Z"}
{"level":"info","message":{"action":"findFirst","duration":"3ms","model":"masterUser"},"timestamp":"2024-12-12T15:50:54.979Z"}
{"level":"info","message":{"action":"update","duration":"7ms","model":"masterUser"},"timestamp":"2024-12-12T15:50:55.050Z"}
{"level":"info","message":{"action":"findFirst","duration":"22ms","model":"User"},"timestamp":"2024-12-12T15:51:57.006Z"}
{"level":"info","message":{"action":"findFirst","duration":"1ms","model":"masterUser"},"timestamp":"2024-12-12T15:51:57.008Z"}
{"level":"info","message":{"action":"update","duration":"6ms","model":"masterUser"},"timestamp":"2024-12-12T15:51:57.083Z"}
{"level":"info","message":{"action":"findFirst","duration":"2ms","model":"User"},"timestamp":"2024-12-12T15:54:36.590Z"}
{"level":"info","message":{"action":"findFirst","duration":"2ms","model":"masterUser"},"timestamp":"2024-12-12T15:54:36.592Z"}
{"level":"info","message":{"action":"update","duration":"5ms","model":"masterUser"},"timestamp":"2024-12-12T15:54:36.662Z"}
{"level":"info","message":{"action":"findFirst","duration":"14ms","model":"User"},"timestamp":"2024-12-12T16:04:11.363Z"}
{"level":"info","message":{"action":"findFirst","duration":"3ms","model":"masterUser"},"timestamp":"2024-12-12T16:04:11.368Z"}
{"level":"info","message":{"action":"update","duration":"7ms","model":"masterUser"},"timestamp":"2024-12-12T16:04:11.446Z"}
{"level":"info","message":{"action":"findFirst","duration":"49ms","model":"User"},"timestamp":"2024-12-12T16:04:20.844Z"}
{"level":"info","message":{"action":"findFirst","duration":"1ms","model":"masterUser"},"timestamp":"2024-12-12T16:04:20.846Z"}
{"level":"info","message":{"action":"update","duration":"3ms","model":"masterUser"},"timestamp":"2024-12-12T16:04:20.940Z"}
{"level":"info","message":{"action":"findFirst","duration":"2ms","model":"User"},"timestamp":"2024-12-12T16:04:37.506Z"}
{"level":"info","message":{"action":"findFirst","duration":"1ms","model":"masterUser"},"timestamp":"2024-12-12T16:04:37.507Z"}
{"level":"info","message":{"action":"create","duration":"6ms","model":"NetworkLog"},"timestamp":"2024-12-12T16:04:38.078Z"}
{"level":"info","message":{"action":"findUnique","duration":"2ms","model":"User"},"timestamp":"2024-12-12T16:04:38.096Z"}
{"level":"info","message":{"action":"findUnique","duration":"2ms","model":"masterUser"},"timestamp":"2024-12-12T16:04:38.098Z"}
{"level":"info","message":{"action":"findUnique","duration":"22ms","model":"User"},"timestamp":"2024-12-12T16:49:30.008Z"}
{"level":"info","message":{"action":"findUnique","duration":"2ms","model":"User"},"timestamp":"2024-12-12T16:49:30.011Z"}
{"level":"info","message":{"action":"create","duration":"4ms","model":"User"},"timestamp":"2024-12-12T16:49:30.078Z"}
{"level":"info","message":"User registered: rcprajapaksha123@gmail.com","timestamp":"2024-12-12T16:49:30.079Z"}
{"level":"info","message":{"action":"findFirst","duration":"2ms","model":"User"},"timestamp":"2024-12-12T16:49:46.929Z"}
{"level":"info","message":{"action":"findFirst","duration":"2ms","model":"masterUser"},"timestamp":"2024-12-12T16:49:46.932Z"}
{"level":"info","message":{"action":"create","duration":"5ms","model":"NetworkLog"},"timestamp":"2024-12-12T16:49:47.581Z"}
{"level":"info","message":{"action":"findUnique","duration":"1ms","model":"User"},"timestamp":"2024-12-12T16:49:47.593Z"}
{"level":"info","message":{"action":"findUnique","duration":"2ms","model":"masterUser"},"timestamp":"2024-12-12T16:49:47.595Z"}
{"level":"info","message":{"action":"findMany","duration":"7ms","model":"Patient"},"timestamp":"2024-12-12T16:49:47.659Z"}
{"level":"info","message":"Fetched 3 patients from the database.","timestamp":"2024-12-12T16:49:47.659Z"}
{"level":"info","message":{"action":"findMany","duration":"56ms","model":"masterUser"},"timestamp":"2024-12-12T16:49:47.706Z"}
{"level":"info","message":{"action":"findFirst","duration":"1ms","model":"User"},"timestamp":"2024-12-12T16:50:21.876Z"}
{"level":"info","message":{"action":"findFirst","duration":"1ms","model":"masterUser"},"timestamp":"2024-12-12T16:50:21.877Z"}
{"level":"info","message":{"action":"findFirst","duration":"1ms","model":"User"},"timestamp":"2024-12-12T16:50:30.475Z"}
{"level":"info","message":{"action":"findFirst","duration":"1ms","model":"masterUser"},"timestamp":"2024-12-12T16:50:30.476Z"}
{"level":"info","message":{"action":"create","duration":"4ms","model":"NetworkLog"},"timestamp":"2024-12-12T16:50:31.106Z"}
{"level":"info","message":{"action":"findFirst","duration":"2ms","model":"User"},"timestamp":"2024-12-12T16:51:57.499Z"}
{"level":"info","message":{"action":"findUnique","duration":"1ms","model":"masterUser"},"timestamp":"2024-12-12T16:52:51.415Z"}
{"level":"info","message":{"action":"count","duration":"115ms","model":"masterUser"},"timestamp":"2024-12-12T16:52:51.530Z"}
{"level":"info","message":{"action":"create","duration":"6ms","model":"masterUser"},"timestamp":"2024-12-12T16:52:51.601Z"}
{"level":"info","message":"User added successfully: EMP00017","timestamp":"2024-12-12T16:52:58.509Z"}
{"level":"info","message":{"action":"findFirst","duration":"2ms","model":"User"},"timestamp":"2024-12-12T16:54:04.231Z"}
{"level":"info","message":{"action":"findFirst","duration":"2ms","model":"masterUser"},"timestamp":"2024-12-12T16:54:04.233Z"}
{"level":"info","message":{"action":"update","duration":"10ms","model":"masterUser"},"timestamp":"2024-12-12T16:54:04.337Z"}
{"level":"info","message":{"action":"findFirst","duration":"4ms","model":"User"},"timestamp":"2024-12-12T16:54:44.242Z"}
{"level":"info","message":{"action":"findFirst","duration":"2ms","model":"masterUser"},"timestamp":"2024-12-12T16:54:44.244Z"}
{"level":"info","message":{"action":"update","duration":"4ms","model":"masterUser"},"timestamp":"2024-12-12T16:54:44.308Z"}
{"level":"info","message":{"action":"findFirst","duration":"2ms","model":"User"},"timestamp":"2024-12-12T16:54:59.404Z"}
{"level":"info","message":{"action":"findFirst","duration":"1ms","model":"masterUser"},"timestamp":"2024-12-12T16:54:59.406Z"}
{"level":"info","message":{"action":"create","duration":"15ms","model":"NetworkLog"},"timestamp":"2024-12-12T16:55:02.111Z"}
{"level":"info","message":{"action":"findFirst","duration":"2ms","model":"User"},"timestamp":"2024-12-12T16:58:42.733Z"}
{"level":"info","message":{"action":"findFirst","duration":"1ms","model":"masterUser"},"timestamp":"2024-12-12T16:58:42.734Z"}
{"level":"info","message":{"action":"findFirst","duration":"1ms","model":"User"},"timestamp":"2024-12-12T16:58:48.751Z"}
{"level":"info","message":{"action":"findFirst","duration":"1ms","model":"masterUser"},"timestamp":"2024-12-12T16:58:48.753Z"}
{"level":"info","message":{"action":"create","duration":"6ms","model":"NetworkLog"},"timestamp":"2024-12-12T16:58:49.384Z"}
{"level":"info","message":{"action":"findFirst","duration":"2ms","model":"User"},"timestamp":"2024-12-12T16:59:30.946Z"}
{"level":"info","message":{"action":"findFirst","duration":"1ms","model":"masterUser"},"timestamp":"2024-12-12T16:59:30.947Z"}
{"level":"info","message":{"action":"create","duration":"5ms","model":"NetworkLog"},"timestamp":"2024-12-12T16:59:31.510Z"}
{"level":"info","message":{"action":"findFirst","duration":"13ms","model":"User"},"timestamp":"2024-12-12T17:01:25.755Z"}
{"level":"info","message":{"action":"findFirst","duration":"2ms","model":"masterUser"},"timestamp":"2024-12-12T17:01:25.758Z"}
{"level":"info","message":{"action":"findFirst","duration":"12ms","model":"User"},"timestamp":"2024-12-12T17:02:05.214Z"}
{"level":"info","message":{"action":"findFirst","duration":"2ms","model":"masterUser"},"timestamp":"2024-12-12T17:02:05.220Z"}
{"level":"info","message":{"action":"findFirst","duration":"12ms","model":"User"},"timestamp":"2024-12-12T17:02:55.656Z"}
{"level":"info","message":{"action":"findFirst","duration":"1ms","model":"masterUser"},"timestamp":"2024-12-12T17:02:55.660Z"}
{"level":"info","message":{"action":"findFirst","duration":"13ms","model":"User"},"timestamp":"2024-12-12T17:04:59.075Z"}
{"level":"info","message":{"action":"findFirst","duration":"2ms","model":"masterUser"},"timestamp":"2024-12-12T17:04:59.081Z"}
{"level":"info","message":{"action":"create","duration":"6ms","model":"NetworkLog"},"timestamp":"2024-12-12T17:04:59.918Z"}
{"level":"info","message":{"action":"findFirst","duration":"14ms","model":"User"},"timestamp":"2024-12-12T17:05:34.539Z"}
{"level":"info","message":{"action":"findFirst","duration":"2ms","model":"masterUser"},"timestamp":"2024-12-12T17:05:34.543Z"}
{"level":"info","message":{"action":"create","duration":"6ms","model":"NetworkLog"},"timestamp":"2024-12-12T17:05:35.262Z"}
{"level":"info","message":{"action":"findUnique","duration":"3ms","model":"User"},"timestamp":"2024-12-12T17:05:35.284Z"}
{"level":"info","message":{"action":"findUnique","duration":"3ms","model":"masterUser"},"timestamp":"2024-12-12T17:05:35.288Z"}
{"level":"info","message":{"action":"findUnique","duration":"12ms","model":"User"},"timestamp":"2024-12-12T17:08:46.449Z"}
{"level":"info","message":{"action":"findUnique","duration":"2ms","model":"User"},"timestamp":"2024-12-12T17:08:46.453Z"}
{"level":"info","message":{"action":"create","duration":"5ms","model":"User"},"timestamp":"2024-12-12T17:08:46.525Z"}
{"level":"info","message":"User registered: rcprajapaksha123@gmail.com","timestamp":"2024-12-12T17:08:46.526Z"}
{"level":"info","message":{"action":"findFirst","duration":"1ms","model":"User"},"timestamp":"2024-12-12T17:08:56.231Z"}
{"level":"info","message":{"action":"findFirst","duration":"2ms","model":"masterUser"},"timestamp":"2024-12-12T17:08:56.234Z"}
{"level":"info","message":{"action":"findFirst","duration":"1ms","model":"User"},"timestamp":"2024-12-12T17:09:13.258Z"}
{"level":"info","message":{"action":"findFirst","duration":"2ms","model":"masterUser"},"timestamp":"2024-12-12T17:09:13.260Z"}
{"level":"info","message":{"action":"create","duration":"6ms","model":"NetworkLog"},"timestamp":"2024-12-12T17:09:13.987Z"}
{"level":"info","message":{"action":"findUnique","duration":"13ms","model":"User"},"timestamp":"2024-12-12T17:12:33.256Z"}
{"level":"info","message":{"action":"findUnique","duration":"3ms","model":"User"},"timestamp":"2024-12-12T17:12:33.261Z"}
{"level":"info","message":{"action":"create","duration":"5ms","model":"User"},"timestamp":"2024-12-12T17:12:33.337Z"}
{"level":"info","message":"User registered: rcprajapaksha123@gmail.com","timestamp":"2024-12-12T17:12:33.337Z"}
{"level":"info","message":{"action":"findFirst","duration":"2ms","model":"User"},"timestamp":"2024-12-12T17:12:40.629Z"}
{"level":"info","message":{"action":"findFirst","duration":"1ms","model":"masterUser"},"timestamp":"2024-12-12T17:12:40.631Z"}
{"level":"info","message":{"action":"create","duration":"5ms","model":"NetworkLog"},"timestamp":"2024-12-12T17:12:41.535Z"}
{"level":"info","message":{"action":"findFirst","duration":"12ms","model":"User"},"timestamp":"2024-12-12T17:14:23.431Z"}
{"level":"info","message":{"action":"findFirst","duration":"2ms","model":"masterUser"},"timestamp":"2024-12-12T17:14:23.436Z"}
{"level":"info","message":{"action":"create","duration":"6ms","model":"NetworkLog"},"timestamp":"2024-12-12T17:14:24.299Z"}
{"level":"info","message":{"action":"findFirst","duration":"2ms","model":"User"},"timestamp":"2024-12-12T17:16:35.794Z"}
{"level":"info","message":{"action":"findFirst","duration":"3ms","model":"masterUser"},"timestamp":"2024-12-12T17:16:35.798Z"}
{"level":"info","message":{"action":"create","duration":"8ms","model":"NetworkLog"},"timestamp":"2024-12-12T17:16:36.447Z"}
{"level":"info","message":{"action":"findUnique","duration":"12ms","model":"User"},"timestamp":"2024-12-12T17:19:22.816Z"}
{"level":"info","message":{"action":"findUnique","duration":"2ms","model":"User"},"timestamp":"2024-12-12T17:19:22.820Z"}
{"level":"info","message":{"action":"create","duration":"8ms","model":"User"},"timestamp":"2024-12-12T17:19:22.895Z"}
{"level":"info","message":"User registered: rcprajapaksha123@gmail.com","timestamp":"2024-12-12T17:19:22.896Z"}
{"level":"info","message":{"action":"findFirst","duration":"2ms","model":"User"},"timestamp":"2024-12-12T17:19:25.191Z"}
{"level":"info","message":{"action":"findFirst","duration":"1ms","model":"masterUser"},"timestamp":"2024-12-12T17:19:25.193Z"}
{"level":"info","message":{"action":"update","duration":"5ms","model":"User"},"timestamp":"2024-12-12T17:19:25.266Z"}
{"level":"info","message":{"action":"create","duration":"5ms","model":"NetworkLog"},"timestamp":"2024-12-12T17:19:25.980Z"}
{"level":"info","message":{"action":"findFirst","duration":"2ms","model":"User"},"timestamp":"2024-12-12T17:19:48.869Z"}
{"level":"info","message":{"action":"findFirst","duration":"2ms","model":"masterUser"},"timestamp":"2024-12-12T17:19:48.872Z"}
{"level":"info","message":{"action":"update","duration":"4ms","model":"User"},"timestamp":"2024-12-12T17:19:48.942Z"}
{"level":"info","message":{"action":"create","duration":"4ms","model":"NetworkLog"},"timestamp":"2024-12-12T17:19:49.477Z"}
{"level":"info","message":{"action":"findUnique","duration":"2ms","model":"User"},"timestamp":"2024-12-12T17:19:49.496Z"}
{"level":"info","message":{"action":"findUnique","duration":"2ms","model":"masterUser"},"timestamp":"2024-12-12T17:19:49.498Z"}
{"level":"info","message":{"action":"findMany","duration":"5ms","model":"masterUser"},"timestamp":"2024-12-12T17:19:49.592Z"}
{"level":"info","message":{"action":"findMany","duration":"6ms","model":"Patient"},"timestamp":"2024-12-12T17:19:49.595Z"}
{"level":"info","message":"Fetched 3 patients from the database.","timestamp":"2024-12-12T17:19:49.595Z"}
{"level":"info","message":{"action":"findFirst","duration":"1ms","model":"User"},"timestamp":"2024-12-12T17:19:51.447Z"}
{"level":"info","message":{"action":"update","duration":"2ms","model":"User"},"timestamp":"2024-12-12T17:19:51.450Z"}
{"level":"info","message":{"action":"findFirst","duration":"1ms","model":"User"},"timestamp":"2024-12-12T17:21:16.353Z"}
{"level":"info","message":{"action":"findUnique","duration":"1ms","model":"masterUser"},"timestamp":"2024-12-12T17:21:36.515Z"}
{"level":"info","message":{"action":"count","duration":"4ms","model":"masterUser"},"timestamp":"2024-12-12T17:21:36.520Z"}
{"level":"info","message":{"action":"create","duration":"4ms","model":"masterUser"},"timestamp":"2024-12-12T17:21:36.589Z"}
{"level":"info","message":"User added successfully: EMP00017","timestamp":"2024-12-12T17:21:39.930Z"}
{"level":"info","message":{"action":"findFirst","duration":"1ms","model":"User"},"timestamp":"2024-12-12T17:21:58.703Z"}
{"level":"info","message":{"action":"findFirst","duration":"0ms","model":"masterUser"},"timestamp":"2024-12-12T17:21:58.704Z"}
{"level":"info","message":{"action":"update","duration":"4ms","model":"masterUser"},"timestamp":"2024-12-12T17:21:58.778Z"}
{"level":"info","message":{"action":"update","duration":"4ms","model":"masterUser"},"timestamp":"2024-12-12T17:21:58.782Z"}
{"level":"info","message":{"action":"findFirst","duration":"1ms","model":"User"},"timestamp":"2024-12-12T17:22:09.322Z"}
{"level":"info","message":{"action":"findFirst","duration":"1ms","model":"masterUser"},"timestamp":"2024-12-12T17:22:09.324Z"}
{"level":"info","message":{"action":"update","duration":"4ms","model":"masterUser"},"timestamp":"2024-12-12T17:22:09.388Z"}
{"level":"info","message":{"action":"findFirst","duration":"1ms","model":"User"},"timestamp":"2024-12-12T17:22:22.265Z"}
{"level":"info","message":{"action":"findFirst","duration":"1ms","model":"masterUser"},"timestamp":"2024-12-12T17:22:22.266Z"}
{"level":"info","message":{"action":"update","duration":"4ms","model":"masterUser"},"timestamp":"2024-12-12T17:22:22.333Z"}
{"level":"info","message":{"action":"create","duration":"5ms","model":"NetworkLog"},"timestamp":"2024-12-12T17:22:22.830Z"}
{"level":"info","message":{"action":"findUnique","duration":"1ms","model":"User"},"timestamp":"2024-12-12T17:22:22.844Z"}
{"level":"info","message":{"action":"findUnique","duration":"1ms","model":"masterUser"},"timestamp":"2024-12-12T17:22:22.846Z"}
