{"level":"info","message":{"action":"findFirst","duration":"22ms","model":"User"},"timestamp":"2024-12-15T14:00:10.754Z"}
{"level":"info","message":{"action":"findFirst","duration":"4ms","model":"masterUser"},"timestamp":"2024-12-15T14:00:10.760Z"}
{"level":"info","message":{"action":"update","duration":"5ms","model":"masterUser"},"timestamp":"2024-12-15T14:00:10.845Z"}
{"level":"info","message":{"action":"create","duration":"9ms","model":"NetworkLog"},"timestamp":"2024-12-15T14:00:11.665Z"}
{"level":"info","message":{"action":"findUnique","duration":"4ms","model":"User"},"timestamp":"2024-12-15T14:00:11.688Z"}
{"level":"info","message":{"action":"findUnique","duration":"1ms","model":"masterUser"},"timestamp":"2024-12-15T14:00:11.690Z"}
{"level":"info","message":{"action":"findFirst","duration":"1ms","model":"User"},"timestamp":"2024-12-15T14:00:21.025Z"}
{"level":"info","message":{"action":"findFirst","duration":"1ms","model":"masterUser"},"timestamp":"2024-12-15T14:00:21.027Z"}
{"level":"info","message":{"action":"findFirst","duration":"2ms","model":"User"},"timestamp":"2024-12-15T14:00:27.328Z"}
{"level":"info","message":{"action":"findFirst","duration":"1ms","model":"masterUser"},"timestamp":"2024-12-15T14:00:27.330Z"}
{"level":"info","message":{"action":"findFirst","duration":"2ms","model":"User"},"timestamp":"2024-12-15T14:00:42.126Z"}
{"level":"info","message":{"action":"findFirst","duration":"2ms","model":"masterUser"},"timestamp":"2024-12-15T14:00:42.128Z"}
{"level":"info","message":{"action":"update","duration":"4ms","model":"User"},"timestamp":"2024-12-15T14:00:42.201Z"}
{"level":"info","message":{"action":"create","duration":"3ms","model":"NetworkLog"},"timestamp":"2024-12-15T14:00:42.724Z"}
{"level":"info","message":{"action":"findUnique","duration":"1ms","model":"User"},"timestamp":"2024-12-15T14:00:42.740Z"}
{"level":"info","message":{"action":"findUnique","duration":"2ms","model":"masterUser"},"timestamp":"2024-12-15T14:00:42.742Z"}
{"level":"info","message":{"action":"findMany","duration":"3ms","model":"masterUser"},"timestamp":"2024-12-15T14:00:42.800Z"}
{"level":"info","message":{"action":"findMany","duration":"7ms","model":"Patient"},"timestamp":"2024-12-15T14:00:42.805Z"}
{"level":"info","message":"Fetched 3 patients from the database.","timestamp":"2024-12-15T14:00:42.805Z"}
{"level":"info","message":{"action":"update","duration":"6ms","model":"masterUser"},"timestamp":"2024-12-15T14:05:30.709Z"}
{"level":"info","message":{"action":"update","duration":"4ms","model":"masterUser"},"timestamp":"2024-12-15T14:05:35.673Z"}
{"level":"info","message":{"action":"update","duration":"28ms","model":"masterUser"},"timestamp":"2024-12-15T14:13:42.863Z"}
{"level":"info","message":{"action":"update","duration":"4ms","model":"masterUser"},"timestamp":"2024-12-15T14:13:47.625Z"}
{"level":"info","message":{"action":"update","duration":"3ms","model":"masterUser"},"timestamp":"2024-12-15T14:13:51.027Z"}
{"level":"info","message":{"action":"findMany","duration":"2ms","model":"masterUser"},"timestamp":"2024-12-15T14:16:10.345Z"}
{"level":"info","message":{"action":"findMany","duration":"2ms","model":"masterUser"},"timestamp":"2024-12-15T14:16:37.343Z"}
{"level":"info","message":{"action":"update","duration":"15ms","model":"masterUser"},"timestamp":"2024-12-15T14:19:49.288Z"}
{"level":"info","message":{"action":"update","duration":"3ms","model":"masterUser"},"timestamp":"2024-12-15T14:19:51.186Z"}
{"level":"info","message":{"action":"findFirst","duration":"2ms","model":"User"},"timestamp":"2024-12-15T14:22:16.006Z"}
{"level":"info","message":{"action":"update","duration":"4ms","model":"User"},"timestamp":"2024-12-15T14:22:16.010Z"}
{"level":"info","message":{"action":"findFirst","duration":"2ms","model":"User"},"timestamp":"2024-12-15T14:22:31.314Z"}
{"level":"info","message":{"action":"findFirst","duration":"1ms","model":"masterUser"},"timestamp":"2024-12-15T14:22:31.316Z"}
{"level":"info","message":{"action":"findFirst","duration":"1ms","model":"User"},"timestamp":"2024-12-15T14:22:38.293Z"}
{"level":"info","message":{"action":"findFirst","duration":"1ms","model":"masterUser"},"timestamp":"2024-12-15T14:22:38.294Z"}
{"level":"info","message":{"action":"findFirst","duration":"14ms","model":"User"},"timestamp":"2024-12-15T14:24:45.395Z"}
{"level":"info","message":{"action":"findFirst","duration":"3ms","model":"masterUser"},"timestamp":"2024-12-15T14:24:45.400Z"}
{"level":"info","message":{"action":"update","duration":"4ms","model":"User"},"timestamp":"2024-12-15T14:24:45.480Z"}
{"level":"info","message":{"action":"create","duration":"4ms","model":"NetworkLog"},"timestamp":"2024-12-15T14:24:46.147Z"}
{"level":"info","message":{"action":"findUnique","duration":"2ms","model":"User"},"timestamp":"2024-12-15T14:24:46.164Z"}
{"level":"info","message":{"action":"findUnique","duration":"2ms","model":"masterUser"},"timestamp":"2024-12-15T14:24:46.167Z"}
{"level":"info","message":{"action":"findMany","duration":"8ms","model":"masterUser"},"timestamp":"2024-12-15T14:24:46.215Z"}
{"level":"info","message":{"action":"findMany","duration":"4ms","model":"Patient"},"timestamp":"2024-12-15T14:24:46.218Z"}
{"level":"info","message":"Fetched 3 patients from the database.","timestamp":"2024-12-15T14:24:46.219Z"}
{"level":"info","message":{"action":"update","duration":"3ms","model":"masterUser"},"timestamp":"2024-12-15T14:24:51.175Z"}
{"level":"info","message":{"action":"update","duration":"4ms","model":"masterUser"},"timestamp":"2024-12-15T14:24:58.544Z"}
{"level":"info","message":{"action":"findFirst","duration":"1ms","model":"User"},"timestamp":"2024-12-15T14:25:45.929Z"}
{"level":"info","message":{"action":"update","duration":"4ms","model":"User"},"timestamp":"2024-12-15T14:25:45.934Z"}
{"level":"info","message":{"action":"findFirst","duration":"1ms","model":"User"},"timestamp":"2024-12-15T14:26:02.397Z"}
{"level":"info","message":{"action":"findFirst","duration":"1ms","model":"masterUser"},"timestamp":"2024-12-15T14:26:02.399Z"}
{"level":"info","message":{"action":"findFirst","duration":"1ms","model":"User"},"timestamp":"2024-12-15T14:28:37.722Z"}
{"level":"info","message":{"action":"findFirst","duration":"1ms","model":"masterUser"},"timestamp":"2024-12-15T14:28:37.723Z"}
{"level":"info","message":{"action":"update","duration":"3ms","model":"User"},"timestamp":"2024-12-15T14:28:37.792Z"}
{"level":"info","message":{"action":"create","duration":"2ms","model":"NetworkLog"},"timestamp":"2024-12-15T14:28:38.168Z"}
{"level":"info","message":{"action":"findUnique","duration":"1ms","model":"User"},"timestamp":"2024-12-15T14:28:38.180Z"}
{"level":"info","message":{"action":"findUnique","duration":"1ms","model":"masterUser"},"timestamp":"2024-12-15T14:28:38.181Z"}
{"level":"info","message":{"action":"findMany","duration":"2ms","model":"masterUser"},"timestamp":"2024-12-15T14:28:38.207Z"}
{"level":"info","message":{"action":"findMany","duration":"3ms","model":"Patient"},"timestamp":"2024-12-15T14:28:38.210Z"}
{"level":"info","message":"Fetched 3 patients from the database.","timestamp":"2024-12-15T14:28:38.210Z"}
{"level":"info","message":{"action":"update","duration":"2ms","model":"masterUser"},"timestamp":"2024-12-15T14:28:41.524Z"}
{"level":"info","message":{"action":"findFirst","duration":"1ms","model":"User"},"timestamp":"2024-12-15T14:28:42.773Z"}
{"level":"info","message":{"action":"update","duration":"2ms","model":"User"},"timestamp":"2024-12-15T14:28:42.775Z"}
{"level":"info","message":{"action":"findFirst","duration":"1ms","model":"User"},"timestamp":"2024-12-15T14:28:57.781Z"}
{"level":"info","message":{"action":"findFirst","duration":"1ms","model":"masterUser"},"timestamp":"2024-12-15T14:28:57.783Z"}
{"level":"info","message":{"action":"update","duration":"4ms","model":"masterUser"},"timestamp":"2024-12-15T14:28:57.858Z"}
{"level":"info","message":{"action":"create","duration":"2ms","model":"NetworkLog"},"timestamp":"2024-12-15T14:28:58.209Z"}
{"level":"info","message":{"action":"findUnique","duration":"1ms","model":"User"},"timestamp":"2024-12-15T14:28:58.223Z"}
{"level":"info","message":{"action":"findUnique","duration":"1ms","model":"masterUser"},"timestamp":"2024-12-15T14:28:58.224Z"}
{"level":"info","message":{"action":"findFirst","duration":"5ms","model":"User"},"timestamp":"2024-12-15T14:35:39.944Z"}
{"level":"info","message":{"action":"findFirst","duration":"1ms","model":"masterUser"},"timestamp":"2024-12-15T14:35:39.945Z"}
{"level":"info","message":{"action":"update","duration":"3ms","model":"masterUser"},"timestamp":"2024-12-15T14:35:40.016Z"}
{"level":"info","message":{"action":"create","duration":"5ms","model":"NetworkLog"},"timestamp":"2024-12-15T14:35:40.433Z"}
{"level":"info","message":{"action":"findUnique","duration":"1ms","model":"User"},"timestamp":"2024-12-15T14:35:40.445Z"}
{"level":"info","message":{"action":"findUnique","duration":"1ms","model":"masterUser"},"timestamp":"2024-12-15T14:35:40.446Z"}
{"level":"info","message":{"action":"findFirst","duration":"1ms","model":"User"},"timestamp":"2024-12-15T14:37:08.337Z"}
{"level":"info","message":{"action":"findFirst","duration":"1ms","model":"masterUser"},"timestamp":"2024-12-15T14:37:08.339Z"}
{"level":"info","message":{"action":"update","duration":"4ms","model":"User"},"timestamp":"2024-12-15T14:37:08.416Z"}
{"level":"info","message":{"action":"create","duration":"3ms","model":"NetworkLog"},"timestamp":"2024-12-15T14:37:08.752Z"}
{"level":"info","message":{"action":"findUnique","duration":"2ms","model":"User"},"timestamp":"2024-12-15T14:37:08.766Z"}
{"level":"info","message":{"action":"findUnique","duration":"1ms","model":"masterUser"},"timestamp":"2024-12-15T14:37:08.767Z"}
{"level":"info","message":{"action":"findMany","duration":"3ms","model":"masterUser"},"timestamp":"2024-12-15T14:37:08.800Z"}
{"level":"info","message":{"action":"findMany","duration":"18ms","model":"Patient"},"timestamp":"2024-12-15T14:37:08.816Z"}
{"level":"info","message":"Fetched 3 patients from the database.","timestamp":"2024-12-15T14:37:08.816Z"}
{"level":"info","message":{"action":"findFirst","duration":"5ms","model":"User"},"timestamp":"2024-12-15T14:51:51.318Z"}
{"level":"info","message":{"action":"update","duration":"3ms","model":"User"},"timestamp":"2024-12-15T14:51:51.321Z"}
{"level":"info","message":{"action":"findFirst","duration":"2ms","model":"User"},"timestamp":"2024-12-15T14:54:31.133Z"}
{"level":"info","message":{"action":"findFirst","duration":"2ms","model":"masterUser"},"timestamp":"2024-12-15T14:54:31.135Z"}
{"level":"info","message":{"action":"update","duration":"6ms","model":"User"},"timestamp":"2024-12-15T14:54:31.212Z"}
{"level":"info","message":{"action":"create","duration":"3ms","model":"NetworkLog"},"timestamp":"2024-12-15T14:54:31.637Z"}
{"level":"info","message":{"action":"findUnique","duration":"2ms","model":"User"},"timestamp":"2024-12-15T14:54:31.650Z"}
{"level":"info","message":{"action":"findUnique","duration":"1ms","model":"masterUser"},"timestamp":"2024-12-15T14:54:31.651Z"}
{"level":"info","message":{"action":"findMany","duration":"2ms","model":"Patient"},"timestamp":"2024-12-15T14:54:31.713Z"}
{"level":"info","message":"Fetched 3 patients from the database.","timestamp":"2024-12-15T14:54:31.713Z"}
{"level":"info","message":{"action":"findMany","duration":"6ms","model":"masterUser"},"timestamp":"2024-12-15T14:54:31.719Z"}
{"level":"info","message":{"action":"findUnique","duration":"23ms","model":"masterUser"},"timestamp":"2024-12-15T16:00:31.977Z"}
{"level":"info","message":{"action":"findUnique","duration":"2ms","model":"masterUser"},"timestamp":"2024-12-15T16:00:42.816Z"}
{"level":"info","message":{"action":"count","duration":"169ms","model":"masterUser"},"timestamp":"2024-12-15T16:00:43.040Z"}
{"level":"info","message":{"action":"create","duration":"52ms","model":"masterUser"},"timestamp":"2024-12-15T16:00:43.209Z"}
{"level":"info","message":"User added successfully: EMP00017","timestamp":"2024-12-15T16:00:47.312Z"}
{"level":"info","message":{"action":"findMany","duration":"3ms","model":"masterUser"},"timestamp":"2024-12-15T16:00:53.062Z"}
{"level":"info","message":{"action":"findMany","duration":"9ms","model":"Patient"},"timestamp":"2024-12-15T16:00:53.069Z"}
{"level":"info","message":"Fetched 3 patients from the database.","timestamp":"2024-12-15T16:00:53.069Z"}
{"level":"info","message":{"action":"update","duration":"5ms","model":"masterUser"},"timestamp":"2024-12-15T16:01:05.633Z"}
{"level":"info","message":{"action":"update","duration":"4ms","model":"masterUser"},"timestamp":"2024-12-15T16:01:07.823Z"}
{"level":"info","message":{"action":"findMany","duration":"34ms","model":"masterUser"},"timestamp":"2024-12-15T16:05:26.369Z"}
{"level":"info","message":{"action":"findMany","duration":"4ms","model":"Patient"},"timestamp":"2024-12-15T16:05:39.864Z"}
{"level":"info","message":"Fetched 3 patients from the database.","timestamp":"2024-12-15T16:05:39.865Z"}
{"level":"info","message":{"action":"findMany","duration":"69ms","model":"masterUser"},"timestamp":"2024-12-15T16:05:39.927Z"}
{"level":"info","message":{"action":"findFirst","duration":"5ms","model":"User"},"timestamp":"2024-12-15T16:12:55.063Z"}
{"level":"info","message":{"action":"findFirst","duration":"2ms","model":"masterUser"},"timestamp":"2024-12-15T16:12:55.065Z"}
{"level":"info","message":{"action":"update","duration":"6ms","model":"User"},"timestamp":"2024-12-15T16:12:55.144Z"}
{"level":"info","message":{"action":"create","duration":"6ms","model":"NetworkLog"},"timestamp":"2024-12-15T16:12:55.611Z"}
{"level":"info","message":{"action":"findUnique","duration":"1ms","model":"User"},"timestamp":"2024-12-15T16:12:55.622Z"}
{"level":"info","message":{"action":"findUnique","duration":"1ms","model":"masterUser"},"timestamp":"2024-12-15T16:12:55.624Z"}
{"level":"info","message":{"action":"findMany","duration":"3ms","model":"masterUser"},"timestamp":"2024-12-15T16:12:55.643Z"}
{"level":"info","message":{"action":"findMany","duration":"5ms","model":"Patient"},"timestamp":"2024-12-15T16:12:55.646Z"}
{"level":"info","message":"Fetched 3 patients from the database.","timestamp":"2024-12-15T16:12:55.646Z"}
{"level":"info","message":{"action":"findMany","duration":"2ms","model":"Patient"},"timestamp":"2024-12-15T16:12:57.471Z"}
{"level":"info","message":"Fetched 3 patients from the database.","timestamp":"2024-12-15T16:12:57.471Z"}
{"level":"info","message":{"action":"findMany","duration":"2ms","model":"masterUser"},"timestamp":"2024-12-15T16:12:57.472Z"}
{"level":"info","message":{"action":"findUnique","duration":"1ms","model":"masterUser"},"timestamp":"2024-12-15T16:13:34.130Z"}
{"level":"info","message":{"action":"count","duration":"1ms","model":"masterUser"},"timestamp":"2024-12-15T16:13:34.131Z"}
{"level":"info","message":{"action":"create","duration":"6ms","model":"masterUser"},"timestamp":"2024-12-15T16:13:34.198Z"}
{"level":"info","message":"User added successfully: EMP00018","timestamp":"2024-12-15T16:13:37.297Z"}
{"level":"info","message":{"action":"findMany","duration":"2ms","model":"masterUser"},"timestamp":"2024-12-15T16:13:46.338Z"}
{"level":"info","message":{"action":"findMany","duration":"2ms","model":"Patient"},"timestamp":"2024-12-15T16:13:46.339Z"}
{"level":"info","message":"Fetched 3 patients from the database.","timestamp":"2024-12-15T16:13:46.339Z"}
{"level":"info","message":{"action":"findMany","duration":"8ms","model":"Patient"},"timestamp":"2024-12-15T16:15:18.650Z"}
{"level":"info","message":"Fetched 3 patients from the database.","timestamp":"2024-12-15T16:15:18.653Z"}
{"level":"info","message":{"action":"findMany","duration":"21ms","model":"masterUser"},"timestamp":"2024-12-15T16:15:18.659Z"}
{"level":"info","message":{"action":"findUnique","duration":"3ms","model":"masterUser"},"timestamp":"2024-12-15T16:15:39.988Z"}
{"level":"info","message":{"action":"count","duration":"1ms","model":"masterUser"},"timestamp":"2024-12-15T16:15:39.990Z"}
{"level":"info","message":{"action":"create","duration":"6ms","model":"masterUser"},"timestamp":"2024-12-15T16:15:40.063Z"}
{"level":"info","message":"User added successfully: EMP00018","timestamp":"2024-12-15T16:15:42.870Z"}
{"level":"info","message":{"action":"findMany","duration":"4ms","model":"masterUser"},"timestamp":"2024-12-15T16:15:55.533Z"}
{"level":"info","message":{"action":"findMany","duration":"7ms","model":"Patient"},"timestamp":"2024-12-15T16:15:55.538Z"}
{"level":"info","message":"Fetched 3 patients from the database.","timestamp":"2024-12-15T16:15:55.538Z"}
{"level":"info","message":{"action":"findMany","duration":"5ms","model":"Patient"},"timestamp":"2024-12-15T16:34:44.341Z"}
{"level":"info","message":"Fetched 3 patients from the database.","timestamp":"2024-12-15T16:34:44.342Z"}
{"level":"info","message":{"action":"findMany","duration":"8ms","model":"masterUser"},"timestamp":"2024-12-15T16:34:44.343Z"}
{"level":"info","message":{"action":"findMany","duration":"15ms","model":"Patient"},"timestamp":"2024-12-15T16:36:41.387Z"}
{"level":"info","message":"Fetched 3 patients from the database.","timestamp":"2024-12-15T16:36:41.389Z"}
{"level":"info","message":{"action":"findMany","duration":"19ms","model":"masterUser"},"timestamp":"2024-12-15T16:36:41.394Z"}
{"level":"info","message":{"action":"findFirst","duration":"3ms","model":"User"},"timestamp":"2024-12-15T16:37:12.809Z"}
{"level":"info","message":{"action":"findFirst","duration":"2ms","model":"masterUser"},"timestamp":"2024-12-15T16:37:12.811Z"}
{"level":"info","message":{"action":"update","duration":"6ms","model":"User"},"timestamp":"2024-12-15T16:37:12.894Z"}
{"level":"info","message":{"action":"create","duration":"5ms","model":"NetworkLog"},"timestamp":"2024-12-15T16:37:13.568Z"}
{"level":"info","message":{"action":"findUnique","duration":"2ms","model":"User"},"timestamp":"2024-12-15T16:37:13.585Z"}
{"level":"info","message":{"action":"findUnique","duration":"2ms","model":"masterUser"},"timestamp":"2024-12-15T16:37:13.588Z"}
{"level":"info","message":{"action":"findMany","duration":"3ms","model":"masterUser"},"timestamp":"2024-12-15T16:37:13.659Z"}
{"level":"info","message":{"action":"findMany","duration":"4ms","model":"Patient"},"timestamp":"2024-12-15T16:37:13.661Z"}
{"level":"info","message":"Fetched 3 patients from the database.","timestamp":"2024-12-15T16:37:13.661Z"}
{"level":"info","message":{"action":"findUnique","duration":"2ms","model":"masterUser"},"timestamp":"2024-12-15T16:38:03.357Z"}
{"level":"info","message":{"action":"count","duration":"1ms","model":"masterUser"},"timestamp":"2024-12-15T16:38:03.359Z"}
{"level":"info","message":{"action":"create","duration":"4ms","model":"masterUser"},"timestamp":"2024-12-15T16:38:03.427Z"}
{"level":"info","message":"User added successfully: EMP00018","timestamp":"2024-12-15T16:38:06.016Z"}
{"level":"info","message":{"action":"findUnique","duration":"2ms","model":"masterUser"},"timestamp":"2024-12-15T16:38:29.315Z"}
{"level":"info","message":{"action":"findMany","duration":"2ms","model":"Patient"},"timestamp":"2024-12-15T16:38:56.810Z"}
{"level":"info","message":"Fetched 3 patients from the database.","timestamp":"2024-12-15T16:38:56.811Z"}
{"level":"info","message":{"action":"findMany","duration":"3ms","model":"masterUser"},"timestamp":"2024-12-15T16:38:56.812Z"}
{"level":"info","message":{"action":"findMany","duration":"3ms","model":"masterUser"},"timestamp":"2024-12-15T16:39:00.592Z"}
{"level":"info","message":{"action":"findMany","duration":"4ms","model":"Patient"},"timestamp":"2024-12-15T16:39:00.595Z"}
{"level":"info","message":"Fetched 3 patients from the database.","timestamp":"2024-12-15T16:39:00.595Z"}
{"level":"info","message":{"action":"findUnique","duration":"2ms","model":"masterUser"},"timestamp":"2024-12-15T16:39:27.960Z"}
{"level":"info","message":{"action":"count","duration":"1ms","model":"masterUser"},"timestamp":"2024-12-15T16:39:27.961Z"}
{"level":"info","message":{"action":"create","duration":"3ms","model":"masterUser"},"timestamp":"2024-12-15T16:39:28.028Z"}
{"level":"info","message":"User added successfully: EMP00019","timestamp":"2024-12-15T16:39:30.463Z"}
{"level":"info","message":{"action":"findMany","duration":"3ms","model":"masterUser"},"timestamp":"2024-12-15T16:39:38.203Z"}
{"level":"info","message":{"action":"findMany","duration":"3ms","model":"Patient"},"timestamp":"2024-12-15T16:39:38.204Z"}
{"level":"info","message":"Fetched 3 patients from the database.","timestamp":"2024-12-15T16:39:38.204Z"}
{"level":"info","message":{"action":"findMany","duration":"4ms","model":"masterUser"},"timestamp":"2024-12-15T16:40:00.355Z"}
{"level":"info","message":{"action":"findMany","duration":"12ms","model":"Patient"},"timestamp":"2024-12-15T16:42:06.654Z"}
{"level":"info","message":"Fetched 3 patients from the database.","timestamp":"2024-12-15T16:42:06.656Z"}
{"level":"info","message":{"action":"findMany","duration":"27ms","model":"masterUser"},"timestamp":"2024-12-15T16:42:06.663Z"}
{"level":"info","message":{"action":"findUnique","duration":"3ms","model":"masterUser"},"timestamp":"2024-12-15T16:42:34.848Z"}
{"level":"info","message":{"action":"count","duration":"2ms","model":"masterUser"},"timestamp":"2024-12-15T16:42:34.850Z"}
{"level":"info","message":{"action":"create","duration":"4ms","model":"masterUser"},"timestamp":"2024-12-15T16:42:34.921Z"}
{"level":"info","message":"User added successfully: EMP00018","timestamp":"2024-12-15T16:42:38.149Z"}
{"level":"info","message":{"action":"findMany","duration":"4ms","model":"Patient"},"timestamp":"2024-12-15T16:42:51.204Z"}
{"level":"info","message":"Fetched 3 patients from the database.","timestamp":"2024-12-15T16:42:51.205Z"}
{"level":"info","message":{"action":"findMany","duration":"4ms","model":"masterUser"},"timestamp":"2024-12-15T16:42:51.207Z"}
