{"level":"info","message":{"action":"create","duration":"685ms","model":"BlockType"},"timestamp":"2025-01-05T01:57:21.175Z"}
{"level":"info","message":{"action":"create","duration":"4ms","model":"BlockType"},"timestamp":"2025-01-05T01:57:32.382Z"}
{"level":"info","message":{"action":"create","duration":"50ms","model":"BlockType"},"timestamp":"2025-01-05T02:02:21.935Z"}
{"level":"info","message":{"action":"create","duration":"3ms","model":"BlockType"},"timestamp":"2025-01-05T02:02:34.813Z"}
{"level":"info","message":{"action":"create","duration":"5ms","model":"BlockType"},"timestamp":"2025-01-05T02:03:01.963Z"}
{"level":"info","message":{"action":"findMany","duration":"62ms","model":"BlockType"},"timestamp":"2025-01-05T02:03:23.285Z"}
{"level":"info","message":{"action":"findMany","duration":"103ms","model":"BlockType"},"timestamp":"2025-01-05T02:07:46.139Z"}
{"level":"info","message":{"action":"update","duration":"155ms","model":"BlockType"},"timestamp":"2025-01-05T02:10:45.734Z"}
{"level":"info","message":{"action":"findMany","duration":"2ms","model":"BlockType"},"timestamp":"2025-01-05T02:10:49.142Z"}
{"level":"info","message":{"action":"delete","duration":"37ms","model":"BlockType"},"timestamp":"2025-01-05T02:11:21.074Z"}
{"level":"info","message":{"action":"findMany","duration":"1ms","model":"BlockType"},"timestamp":"2025-01-05T02:11:24.358Z"}
{"level":"info","message":{"action":"create","duration":"148ms","model":"SessionTimeout"},"timestamp":"2025-01-05T02:59:34.587Z"}
{"level":"info","message":{"action":"create","duration":"4ms","model":"SessionTimeout"},"timestamp":"2025-01-05T02:59:46.892Z"}
{"level":"info","message":{"action":"create","duration":"5ms","model":"SessionTimeout"},"timestamp":"2025-01-05T03:00:21.348Z"}
{"level":"info","message":{"action":"findMany","duration":"2ms","model":"SessionTimeout"},"timestamp":"2025-01-05T03:00:44.402Z"}
{"level":"info","message":{"action":"findMany","duration":"78ms","model":"SessionTimeout"},"timestamp":"2025-01-05T03:01:55.930Z"}
{"level":"info","message":{"action":"update","duration":"5ms","model":"SessionTimeout"},"timestamp":"2025-01-05T03:02:58.433Z"}
{"level":"info","message":{"action":"findMany","duration":"1ms","model":"SessionTimeout"},"timestamp":"2025-01-05T03:03:02.772Z"}
{"level":"info","message":{"action":"update","duration":"3ms","model":"SessionTimeout"},"timestamp":"2025-01-05T03:04:07.640Z"}
{"level":"info","message":{"action":"findMany","duration":"1ms","model":"SessionTimeout"},"timestamp":"2025-01-05T03:04:13.230Z"}
{"level":"info","message":{"action":"findMany","duration":"2ms","model":"SessionTimeout"},"timestamp":"2025-01-05T03:04:17.683Z"}
{"level":"info","message":{"action":"update","duration":"5ms","model":"SessionTimeout"},"timestamp":"2025-01-05T03:04:35.390Z"}
{"level":"info","message":{"action":"findMany","duration":"1ms","model":"SessionTimeout"},"timestamp":"2025-01-05T03:04:38.204Z"}
{"level":"info","message":{"action":"update","duration":"3ms","model":"SessionTimeout"},"timestamp":"2025-01-05T03:04:48.096Z"}
{"level":"info","message":{"action":"findMany","duration":"2ms","model":"SessionTimeout"},"timestamp":"2025-01-05T03:04:50.604Z"}
{"level":"info","message":{"action":"update","duration":"6ms","model":"SessionTimeout"},"timestamp":"2025-01-05T03:05:19.623Z"}
{"level":"info","message":{"action":"update","duration":"4ms","model":"SessionTimeout"},"timestamp":"2025-01-05T03:05:21.154Z"}
{"level":"info","message":{"action":"findFirst","duration":"524ms","model":"User"},"timestamp":"2025-01-05T07:37:28.330Z"}
{"level":"info","message":{"action":"findFirst","duration":"7ms","model":"masterUser"},"timestamp":"2025-01-05T07:37:28.339Z"}
{"level":"info","message":{"action":"update","duration":"40ms","model":"User"},"timestamp":"2025-01-05T07:37:28.469Z"}
{"level":"info","message":{"action":"create","duration":"10ms","model":"NetworkLog"},"timestamp":"2025-01-05T07:37:29.213Z"}
{"level":"info","message":{"action":"findUnique","duration":"2ms","model":"User"},"timestamp":"2025-01-05T07:37:31.656Z"}
{"level":"info","message":{"action":"findUnique","duration":"3ms","model":"masterUser"},"timestamp":"2025-01-05T07:37:31.660Z"}
{"level":"info","message":{"action":"update","duration":"4ms","model":"User"},"timestamp":"2025-01-05T07:37:31.667Z"}
{"level":"info","message":{"action":"findUnique","duration":"1ms","model":"User"},"timestamp":"2025-01-05T07:37:31.681Z"}
{"level":"info","message":{"action":"findUnique","duration":"1ms","model":"masterUser"},"timestamp":"2025-01-05T07:37:31.682Z"}
{"level":"info","message":{"action":"findMany","duration":"5ms","model":"masterUser"},"timestamp":"2025-01-05T07:37:31.747Z"}
{"level":"info","message":{"action":"findFirst","duration":"1ms","model":"User"},"timestamp":"2025-01-05T07:37:38.250Z"}
{"level":"info","message":{"action":"update","duration":"4ms","model":"User"},"timestamp":"2025-01-05T07:37:38.255Z"}
{"level":"info","message":{"action":"findFirst","duration":"25ms","model":"User"},"timestamp":"2025-01-05T07:58:07.757Z"}
{"level":"info","message":{"action":"findFirst","duration":"1ms","model":"masterUser"},"timestamp":"2025-01-05T07:58:07.759Z"}
{"level":"info","message":{"action":"update","duration":"6ms","model":"User"},"timestamp":"2025-01-05T07:58:07.828Z"}
{"level":"info","message":{"action":"create","duration":"4ms","model":"NetworkLog"},"timestamp":"2025-01-05T07:58:08.237Z"}
{"level":"info","message":{"action":"findUnique","duration":"2ms","model":"User"},"timestamp":"2025-01-05T07:58:10.716Z"}
{"level":"info","message":{"action":"findUnique","duration":"2ms","model":"masterUser"},"timestamp":"2025-01-05T07:58:10.718Z"}
{"level":"info","message":{"action":"update","duration":"6ms","model":"User"},"timestamp":"2025-01-05T07:58:10.728Z"}
{"level":"info","message":{"action":"findUnique","duration":"2ms","model":"User"},"timestamp":"2025-01-05T07:58:10.741Z"}
{"level":"info","message":{"action":"findUnique","duration":"1ms","model":"masterUser"},"timestamp":"2025-01-05T07:58:10.742Z"}
{"level":"info","message":{"action":"findMany","duration":"6ms","model":"masterUser"},"timestamp":"2025-01-05T07:58:10.775Z"}
{"level":"info","message":{"action":"findFirst","duration":"2ms","model":"User"},"timestamp":"2025-01-05T07:58:13.273Z"}
{"level":"info","message":{"action":"update","duration":"4ms","model":"User"},"timestamp":"2025-01-05T07:58:13.277Z"}
{"level":"info","message":{"action":"findFirst","duration":"26ms","model":"User"},"timestamp":"2025-01-05T08:02:15.193Z"}
{"level":"info","message":{"action":"findFirst","duration":"1ms","model":"masterUser"},"timestamp":"2025-01-05T08:02:15.194Z"}
{"level":"info","message":{"action":"update","duration":"4ms","model":"User"},"timestamp":"2025-01-05T08:02:15.262Z"}
{"level":"info","message":{"action":"create","duration":"4ms","model":"NetworkLog"},"timestamp":"2025-01-05T08:02:15.665Z"}
{"level":"info","message":{"action":"findUnique","duration":"2ms","model":"User"},"timestamp":"2025-01-05T08:02:17.540Z"}
{"level":"info","message":{"action":"findUnique","duration":"1ms","model":"masterUser"},"timestamp":"2025-01-05T08:02:17.541Z"}
{"level":"info","message":{"action":"update","duration":"5ms","model":"User"},"timestamp":"2025-01-05T08:02:17.550Z"}
{"level":"info","message":{"action":"findUnique","duration":"2ms","model":"User"},"timestamp":"2025-01-05T08:02:17.564Z"}
{"level":"info","message":{"action":"findUnique","duration":"1ms","model":"masterUser"},"timestamp":"2025-01-05T08:02:17.565Z"}
{"level":"info","message":{"action":"findMany","duration":"4ms","model":"masterUser"},"timestamp":"2025-01-05T08:02:17.599Z"}
{"level":"info","message":{"action":"findFirst","duration":"1ms","model":"User"},"timestamp":"2025-01-05T08:02:21.161Z"}
{"level":"info","message":{"action":"update","duration":"5ms","model":"User"},"timestamp":"2025-01-05T08:02:21.167Z"}
{"level":"info","message":{"action":"findFirst","duration":"5ms","model":"User"},"timestamp":"2025-01-05T08:06:17.309Z"}
{"level":"info","message":{"action":"findFirst","duration":"2ms","model":"masterUser"},"timestamp":"2025-01-05T08:06:17.311Z"}
{"level":"info","message":{"action":"update","duration":"5ms","model":"User"},"timestamp":"2025-01-05T08:06:17.385Z"}
{"level":"info","message":{"action":"create","duration":"4ms","model":"NetworkLog"},"timestamp":"2025-01-05T08:06:17.781Z"}
{"level":"info","message":{"action":"findUnique","duration":"2ms","model":"User"},"timestamp":"2025-01-05T08:06:19.350Z"}
{"level":"info","message":{"action":"findUnique","duration":"2ms","model":"masterUser"},"timestamp":"2025-01-05T08:06:19.352Z"}
{"level":"info","message":{"action":"update","duration":"5ms","model":"User"},"timestamp":"2025-01-05T08:06:19.359Z"}
{"level":"info","message":{"action":"findUnique","duration":"2ms","model":"User"},"timestamp":"2025-01-05T08:06:19.370Z"}
{"level":"info","message":{"action":"findUnique","duration":"3ms","model":"masterUser"},"timestamp":"2025-01-05T08:06:19.373Z"}
{"level":"info","message":{"action":"findMany","duration":"2ms","model":"masterUser"},"timestamp":"2025-01-05T08:06:19.396Z"}
{"level":"info","message":{"action":"findFirst","duration":"1ms","model":"User"},"timestamp":"2025-01-05T08:06:21.319Z"}
{"level":"info","message":{"action":"update","duration":"5ms","model":"User"},"timestamp":"2025-01-05T08:06:21.325Z"}
{"level":"info","message":{"action":"findFirst","duration":"2ms","model":"User"},"timestamp":"2025-01-05T08:09:58.385Z"}
{"level":"info","message":{"action":"findFirst","duration":"2ms","model":"masterUser"},"timestamp":"2025-01-05T08:09:58.387Z"}
{"level":"info","message":{"action":"update","duration":"4ms","model":"User"},"timestamp":"2025-01-05T08:09:58.462Z"}
{"level":"info","message":{"action":"create","duration":"3ms","model":"NetworkLog"},"timestamp":"2025-01-05T08:09:58.806Z"}
{"level":"info","message":{"action":"findUnique","duration":"1ms","model":"User"},"timestamp":"2025-01-05T08:10:00.656Z"}
{"level":"info","message":{"action":"findUnique","duration":"1ms","model":"masterUser"},"timestamp":"2025-01-05T08:10:00.658Z"}
{"level":"info","message":{"action":"update","duration":"4ms","model":"User"},"timestamp":"2025-01-05T08:10:00.665Z"}
{"level":"info","message":{"action":"findUnique","duration":"1ms","model":"User"},"timestamp":"2025-01-05T08:10:00.679Z"}
{"level":"info","message":{"action":"findUnique","duration":"1ms","model":"masterUser"},"timestamp":"2025-01-05T08:10:00.681Z"}
{"level":"info","message":{"action":"findMany","duration":"3ms","model":"masterUser"},"timestamp":"2025-01-05T08:10:00.715Z"}
{"level":"info","message":{"action":"findFirst","duration":"1ms","model":"User"},"timestamp":"2025-01-05T08:10:02.931Z"}
{"level":"info","message":{"action":"update","duration":"4ms","model":"User"},"timestamp":"2025-01-05T08:10:02.935Z"}
{"level":"info","message":{"action":"findUnique","duration":"8ms","model":"User"},"timestamp":"2025-01-05T08:39:19.160Z"}
{"level":"info","message":{"action":"findUnique","duration":"1ms","model":"User"},"timestamp":"2025-01-05T08:39:35.699Z"}
{"level":"info","message":{"action":"findFirst","duration":"2ms","model":"User"},"timestamp":"2025-01-05T08:39:46.952Z"}
{"level":"info","message":{"action":"findFirst","duration":"2ms","model":"masterUser"},"timestamp":"2025-01-05T08:39:46.954Z"}
{"level":"info","message":{"action":"update","duration":"6ms","model":"User"},"timestamp":"2025-01-05T08:39:47.028Z"}
{"level":"info","message":{"action":"create","duration":"4ms","model":"NetworkLog"},"timestamp":"2025-01-05T08:39:47.480Z"}
{"level":"info","message":{"action":"findUnique","duration":"2ms","model":"User"},"timestamp":"2025-01-05T08:39:49.122Z"}
{"level":"info","message":{"action":"findUnique","duration":"2ms","model":"masterUser"},"timestamp":"2025-01-05T08:39:49.124Z"}
{"level":"info","message":{"action":"update","duration":"6ms","model":"User"},"timestamp":"2025-01-05T08:39:49.133Z"}
{"level":"info","message":{"action":"findUnique","duration":"1ms","model":"User"},"timestamp":"2025-01-05T08:39:49.148Z"}
{"level":"info","message":{"action":"findUnique","duration":"1ms","model":"masterUser"},"timestamp":"2025-01-05T08:39:49.150Z"}
{"level":"info","message":{"action":"findMany","duration":"2ms","model":"masterUser"},"timestamp":"2025-01-05T08:39:49.183Z"}
{"level":"info","message":{"action":"findFirst","duration":"1ms","model":"User"},"timestamp":"2025-01-05T08:39:51.393Z"}
{"level":"info","message":{"action":"update","duration":"3ms","model":"User"},"timestamp":"2025-01-05T08:39:51.397Z"}
{"level":"info","message":{"action":"findUnique","duration":"2ms","model":"User"},"timestamp":"2025-01-05T08:40:29.691Z"}
{"level":"info","message":{"action":"findUnique","duration":"2ms","model":"User"},"timestamp":"2025-01-05T08:41:13.835Z"}
{"level":"info","message":{"action":"findFirst","duration":"16ms","model":"User"},"timestamp":"2025-01-05T08:56:49.715Z"}
{"level":"info","message":{"action":"findFirst","duration":"2ms","model":"masterUser"},"timestamp":"2025-01-05T08:56:49.718Z"}
{"level":"info","message":{"action":"update","duration":"6ms","model":"User"},"timestamp":"2025-01-05T08:56:49.793Z"}
{"level":"info","message":{"action":"create","duration":"5ms","model":"NetworkLog"},"timestamp":"2025-01-05T08:56:50.429Z"}
{"level":"info","message":{"action":"findUnique","duration":"13ms","model":"User"},"timestamp":"2025-01-05T08:57:14.523Z"}
{"level":"info","message":{"action":"findUnique","duration":"26ms","model":"User"},"timestamp":"2025-01-05T08:58:49.042Z"}
{"level":"info","message":{"action":"update","duration":"32ms","model":"User"},"timestamp":"2025-01-05T08:58:49.076Z"}
{"level":"info","message":{"action":"findUnique","duration":"6ms","model":"User"},"timestamp":"2025-01-05T09:04:15.112Z"}
{"level":"info","message":{"action":"update","duration":"6ms","model":"User"},"timestamp":"2025-01-05T09:04:15.119Z"}
{"level":"info","message":{"action":"findUnique","duration":"2ms","model":"User"},"timestamp":"2025-01-05T09:05:57.117Z"}
{"level":"info","message":{"action":"update","duration":"4ms","model":"User"},"timestamp":"2025-01-05T09:05:57.121Z"}
{"level":"info","message":{"action":"findUnique","duration":"5ms","model":"User"},"timestamp":"2025-01-05T09:11:16.336Z"}
{"level":"info","message":{"action":"findUnique","duration":"2ms","model":"User"},"timestamp":"2025-01-05T09:11:16.338Z"}
{"level":"info","message":{"action":"create","duration":"5ms","model":"User"},"timestamp":"2025-01-05T09:11:16.428Z"}
{"level":"info","message":"User registered: rcprajapaksha123@gmail.com","timestamp":"2025-01-05T09:11:16.428Z"}
{"level":"info","message":{"action":"findFirst","duration":"2ms","model":"User"},"timestamp":"2025-01-05T09:11:31.870Z"}
{"level":"info","message":{"action":"findFirst","duration":"2ms","model":"masterUser"},"timestamp":"2025-01-05T09:11:31.872Z"}
{"level":"info","message":{"action":"update","duration":"6ms","model":"User"},"timestamp":"2025-01-05T09:11:31.944Z"}
{"level":"info","message":{"action":"create","duration":"4ms","model":"NetworkLog"},"timestamp":"2025-01-05T09:11:32.389Z"}
{"level":"info","message":{"action":"findUnique","duration":"1ms","model":"User"},"timestamp":"2025-01-05T09:11:34.907Z"}
{"level":"info","message":{"action":"findUnique","duration":"2ms","model":"masterUser"},"timestamp":"2025-01-05T09:11:34.909Z"}
{"level":"info","message":{"action":"update","duration":"4ms","model":"User"},"timestamp":"2025-01-05T09:11:34.918Z"}
{"level":"info","message":{"action":"findUnique","duration":"2ms","model":"User"},"timestamp":"2025-01-05T09:11:34.932Z"}
{"level":"info","message":{"action":"findUnique","duration":"1ms","model":"masterUser"},"timestamp":"2025-01-05T09:11:34.933Z"}
{"level":"info","message":{"action":"findMany","duration":"6ms","model":"masterUser"},"timestamp":"2025-01-05T09:11:34.969Z"}
{"level":"info","message":{"action":"findFirst","duration":"1ms","model":"User"},"timestamp":"2025-01-05T09:11:37.019Z"}
{"level":"info","message":{"action":"update","duration":"4ms","model":"User"},"timestamp":"2025-01-05T09:11:37.024Z"}
{"level":"info","message":{"action":"findUnique","duration":"1ms","model":"User"},"timestamp":"2025-01-05T09:11:49.182Z"}
{"level":"info","message":{"action":"update","duration":"5ms","model":"User"},"timestamp":"2025-01-05T09:11:49.187Z"}
{"level":"info","message":{"action":"findUnique","duration":"2ms","model":"User"},"timestamp":"2025-01-05T09:14:34.515Z"}
{"level":"info","message":{"action":"update","duration":"3ms","model":"User"},"timestamp":"2025-01-05T09:14:34.518Z"}
{"level":"info","message":{"action":"findFirst","duration":"13ms","model":"User"},"timestamp":"2025-01-05T09:18:23.839Z"}
{"level":"info","message":{"action":"findFirst","duration":"2ms","model":"masterUser"},"timestamp":"2025-01-05T09:18:23.842Z"}
{"level":"info","message":{"action":"update","duration":"6ms","model":"User"},"timestamp":"2025-01-05T09:18:23.918Z"}
{"level":"info","message":{"action":"create","duration":"5ms","model":"NetworkLog"},"timestamp":"2025-01-05T09:18:24.437Z"}
{"level":"info","message":{"action":"findUnique","duration":"14ms","model":"User"},"timestamp":"2025-01-05T09:19:30.357Z"}
{"level":"info","message":{"action":"update","duration":"6ms","model":"User"},"timestamp":"2025-01-05T09:19:30.365Z"}
{"level":"info","message":{"action":"findUnique","duration":"2ms","model":"User"},"timestamp":"2025-01-05T09:22:29.999Z"}
{"level":"info","message":{"action":"update","duration":"6ms","model":"User"},"timestamp":"2025-01-05T09:22:30.006Z"}
{"level":"info","message":{"action":"findFirst","duration":"373ms","model":"User"},"timestamp":"2025-01-05T14:05:37.343Z"}
{"level":"info","message":{"action":"findFirst","duration":"2ms","model":"masterUser"},"timestamp":"2025-01-05T14:05:37.346Z"}
{"level":"info","message":{"action":"update","duration":"54ms","model":"User"},"timestamp":"2025-01-05T14:05:37.510Z"}
{"level":"info","message":{"action":"create","duration":"24ms","model":"NetworkLog"},"timestamp":"2025-01-05T14:05:38.754Z"}
{"level":"info","message":{"action":"findUnique","duration":"2ms","model":"User"},"timestamp":"2025-01-05T14:05:40.874Z"}
{"level":"info","message":{"action":"findUnique","duration":"2ms","model":"masterUser"},"timestamp":"2025-01-05T14:05:40.877Z"}
{"level":"info","message":{"action":"update","duration":"7ms","model":"User"},"timestamp":"2025-01-05T14:05:40.889Z"}
{"level":"info","message":{"action":"findUnique","duration":"2ms","model":"User"},"timestamp":"2025-01-05T14:05:40.905Z"}
{"level":"info","message":{"action":"findUnique","duration":"2ms","model":"masterUser"},"timestamp":"2025-01-05T14:05:40.908Z"}
{"level":"info","message":{"action":"findMany","duration":"6ms","model":"masterUser"},"timestamp":"2025-01-05T14:05:40.969Z"}
{"level":"info","message":{"action":"findFirst","duration":"1ms","model":"User"},"timestamp":"2025-01-05T14:05:43.497Z"}
{"level":"info","message":{"action":"update","duration":"3ms","model":"User"},"timestamp":"2025-01-05T14:05:43.501Z"}
{"level":"info","message":{"action":"findUnique","duration":"1ms","model":"User"},"timestamp":"2025-01-05T14:05:46.197Z"}
{"level":"info","message":{"action":"update","duration":"5ms","model":"User"},"timestamp":"2025-01-05T14:05:46.203Z"}
{"level":"info","message":{"action":"findUnique","duration":"17ms","model":"User"},"timestamp":"2025-01-05T14:20:25.325Z"}
{"level":"info","message":{"action":"update","duration":"7ms","model":"User"},"timestamp":"2025-01-05T14:20:25.335Z"}
{"level":"info","message":{"action":"findUnique","duration":"7ms","model":"User"},"timestamp":"2025-01-05T14:20:47.808Z"}
{"level":"info","message":{"action":"update","duration":"4ms","model":"User"},"timestamp":"2025-01-05T14:20:47.812Z"}
{"level":"info","message":{"action":"findUnique","duration":"2ms","model":"User"},"timestamp":"2025-01-05T14:21:37.543Z"}
{"level":"info","message":{"action":"update","duration":"6ms","model":"User"},"timestamp":"2025-01-05T14:21:37.549Z"}
{"level":"info","message":{"action":"findUnique","duration":"14ms","model":"User"},"timestamp":"2025-01-05T14:26:38.118Z"}
{"level":"info","message":{"action":"update","duration":"9ms","model":"User"},"timestamp":"2025-01-05T14:26:38.128Z"}
{"level":"info","message":{"action":"findUnique","duration":"1ms","model":"User"},"timestamp":"2025-01-05T14:27:01.911Z"}
{"level":"info","message":{"action":"update","duration":"5ms","model":"User"},"timestamp":"2025-01-05T14:27:01.918Z"}
{"level":"info","message":{"action":"findUnique","duration":"2ms","model":"User"},"timestamp":"2025-01-05T14:27:42.632Z"}
{"level":"info","message":{"action":"update","duration":"5ms","model":"User"},"timestamp":"2025-01-05T14:27:42.638Z"}
{"level":"info","message":{"action":"findUnique","duration":"21ms","model":"User"},"timestamp":"2025-01-05T14:36:24.213Z"}
{"level":"info","message":{"action":"update","duration":"5ms","model":"User"},"timestamp":"2025-01-05T14:36:24.219Z"}
{"level":"info","message":{"action":"findUnique","duration":"2ms","model":"User"},"timestamp":"2025-01-05T14:37:17.480Z"}
{"level":"info","message":{"action":"update","duration":"5ms","model":"User"},"timestamp":"2025-01-05T14:37:17.486Z"}
{"level":"info","message":{"action":"findUnique","duration":"6ms","model":"User"},"timestamp":"2025-01-05T14:44:27.693Z"}
{"level":"info","message":{"action":"update","duration":"7ms","model":"User"},"timestamp":"2025-01-05T14:44:27.701Z"}
{"level":"info","message":{"action":"findUnique","duration":"2ms","model":"User"},"timestamp":"2025-01-05T14:45:07.334Z"}
{"level":"info","message":{"action":"update","duration":"6ms","model":"User"},"timestamp":"2025-01-05T14:45:07.340Z"}
{"level":"info","message":{"action":"findUnique","duration":"16ms","model":"User"},"timestamp":"2025-01-05T16:08:08.145Z"}
{"level":"info","message":{"action":"update","duration":"8ms","model":"User"},"timestamp":"2025-01-05T16:08:08.155Z"}
{"level":"info","message":{"action":"findUnique","duration":"6ms","model":"User"},"timestamp":"2025-01-05T16:25:19.669Z"}
{"level":"info","message":{"action":"update","duration":"6ms","model":"User"},"timestamp":"2025-01-05T16:25:19.675Z"}
{"level":"info","message":{"action":"findUnique","duration":"5ms","model":"User"},"timestamp":"2025-01-05T16:41:17.706Z"}
{"level":"info","message":{"action":"update","duration":"6ms","model":"User"},"timestamp":"2025-01-05T16:41:17.713Z"}
{"level":"info","message":{"action":"findUnique","duration":"2ms","model":"User"},"timestamp":"2025-01-05T16:44:04.973Z"}
{"level":"info","message":{"action":"update","duration":"4ms","model":"User"},"timestamp":"2025-01-05T16:44:04.977Z"}
{"level":"info","message":{"action":"findFirst","duration":"40ms","model":"User"},"timestamp":"2025-01-05T16:44:43.805Z"}
{"level":"info","message":{"action":"findFirst","duration":"2ms","model":"masterUser"},"timestamp":"2025-01-05T16:44:43.808Z"}
{"level":"info","message":{"action":"findFirst","duration":"1ms","model":"User"},"timestamp":"2025-01-05T16:45:00.799Z"}
{"level":"info","message":{"action":"findFirst","duration":"1ms","model":"masterUser"},"timestamp":"2025-01-05T16:45:00.801Z"}
{"level":"info","message":{"action":"update","duration":"5ms","model":"User"},"timestamp":"2025-01-05T16:45:00.891Z"}
{"level":"info","message":{"action":"findFirst","duration":"1ms","model":"User"},"timestamp":"2025-01-05T16:45:14.416Z"}
{"level":"info","message":{"action":"findFirst","duration":"2ms","model":"masterUser"},"timestamp":"2025-01-05T16:45:14.418Z"}
{"level":"info","message":{"action":"update","duration":"7ms","model":"User"},"timestamp":"2025-01-05T16:45:14.499Z"}
{"level":"info","message":{"action":"create","duration":"5ms","model":"NetworkLog"},"timestamp":"2025-01-05T16:45:15.302Z"}
{"level":"info","message":{"action":"findUnique","duration":"2ms","model":"User"},"timestamp":"2025-01-05T16:45:17.508Z"}
{"level":"info","message":{"action":"findUnique","duration":"2ms","model":"masterUser"},"timestamp":"2025-01-05T16:45:17.510Z"}
{"level":"info","message":{"action":"update","duration":"5ms","model":"User"},"timestamp":"2025-01-05T16:45:17.519Z"}
{"level":"info","message":{"action":"findUnique","duration":"1ms","model":"User"},"timestamp":"2025-01-05T16:45:17.535Z"}
{"level":"info","message":{"action":"findUnique","duration":"1ms","model":"masterUser"},"timestamp":"2025-01-05T16:45:17.537Z"}
{"level":"info","message":{"action":"findMany","duration":"5ms","model":"masterUser"},"timestamp":"2025-01-05T16:45:17.572Z"}
{"level":"info","message":{"action":"findFirst","duration":"1ms","model":"User"},"timestamp":"2025-01-05T16:45:19.726Z"}
{"level":"info","message":{"action":"update","duration":"4ms","model":"User"},"timestamp":"2025-01-05T16:45:19.730Z"}
{"level":"info","message":{"action":"findUnique","duration":"6ms","model":"User"},"timestamp":"2025-01-05T16:59:24.210Z"}
{"level":"info","message":{"action":"update","duration":"7ms","model":"User"},"timestamp":"2025-01-05T16:59:24.218Z"}
{"level":"info","message":{"action":"findUnique","duration":"27ms","model":"User"},"timestamp":"2025-01-05T17:59:15.521Z"}
{"level":"info","message":{"action":"update","duration":"8ms","model":"User"},"timestamp":"2025-01-05T17:59:15.530Z"}
{"level":"info","message":{"action":"findUnique","duration":"3ms","model":"User"},"timestamp":"2025-01-05T17:59:38.650Z"}
{"level":"info","message":{"action":"update","duration":"4ms","model":"User"},"timestamp":"2025-01-05T17:59:38.655Z"}
{"level":"info","message":{"action":"findUnique","duration":"14ms","model":"User"},"timestamp":"2025-01-05T18:01:51.855Z"}
{"level":"info","message":{"action":"update","duration":"7ms","model":"User"},"timestamp":"2025-01-05T18:01:51.864Z"}
