{"level":"info","message":{"action":"findMany","duration":"27ms","model":"Patient"},"timestamp":"2024-12-05T21:59:41.813Z"}
{"level":"info","message":"Fetched 2 patients from the database.","timestamp":"2024-12-05T21:59:41.815Z"}
{"level":"info","message":{"action":"findFirst","duration":"442ms","model":"User"},"timestamp":"2024-12-06T03:31:39.590Z"}
{"level":"info","message":{"action":"update","duration":"11ms","model":"User"},"timestamp":"2024-12-06T03:31:39.688Z"}
{"level":"info","message":{"action":"create","duration":"96ms","model":"NetworkLog"},"timestamp":"2024-12-06T03:31:40.929Z"}
{"level":"info","message":{"action":"findUnique","duration":"1ms","model":"User"},"timestamp":"2024-12-06T03:31:40.942Z"}
{"level":"info","message":{"action":"findMany","duration":"2ms","model":"Patient"},"timestamp":"2024-12-06T03:31:40.986Z"}
{"level":"info","message":"Fetched 2 patients from the database.","timestamp":"2024-12-06T03:31:40.986Z"}
{"level":"info","message":{"action":"findUnique","duration":"31ms","model":"Patient"},"timestamp":"2024-12-06T04:00:27.162Z"}
{"level":"info","message":"Fetched details for patient ID: cm4ay1xaf00005eg5c1u4o3pe","timestamp":"2024-12-06T04:00:27.162Z"}
{"level":"info","message":{"action":"findUnique","duration":"1ms","model":"Patient"},"timestamp":"2024-12-06T04:00:35.478Z"}
{"level":"info","message":"Fetched details for patient ID: cm4b23s2h00015eg55azohmaf","timestamp":"2024-12-06T04:00:35.478Z"}
{"level":"info","message":{"action":"findUnique","duration":"1ms","model":"Patient"},"timestamp":"2024-12-06T04:00:38.342Z"}
{"level":"info","message":"Fetched details for patient ID: cm4ay1xaf00005eg5c1u4o3pe","timestamp":"2024-12-06T04:00:38.343Z"}
{"level":"info","message":{"action":"findMany","duration":"19ms","model":"Patient"},"timestamp":"2024-12-06T04:01:12.377Z"}
{"level":"info","message":"Fetched 2 patients from the database.","timestamp":"2024-12-06T04:01:12.378Z"}
{"level":"info","message":{"action":"findFirst","duration":"2ms","model":"User"},"timestamp":"2024-12-06T04:04:45.737Z"}
{"level":"info","message":{"action":"update","duration":"5ms","model":"User"},"timestamp":"2024-12-06T04:04:45.808Z"}
{"level":"info","message":{"action":"create","duration":"3ms","model":"NetworkLog"},"timestamp":"2024-12-06T04:04:46.569Z"}
{"level":"info","message":{"action":"findUnique","duration":"2ms","model":"User"},"timestamp":"2024-12-06T04:04:46.578Z"}
{"level":"info","message":{"action":"findMany","duration":"2ms","model":"Patient"},"timestamp":"2024-12-06T04:04:46.612Z"}
{"level":"info","message":"Fetched 2 patients from the database.","timestamp":"2024-12-06T04:04:46.612Z"}
{"level":"info","message":{"action":"findMany","duration":"5ms","model":"Patient"},"timestamp":"2024-12-06T04:06:47.617Z"}
{"level":"info","message":"Fetched 2 patients from the database.","timestamp":"2024-12-06T04:06:47.617Z"}
{"level":"info","message":{"action":"findFirst","duration":"4ms","model":"User"},"timestamp":"2024-12-06T04:22:29.400Z"}
{"level":"info","message":{"action":"update","duration":"5ms","model":"User"},"timestamp":"2024-12-06T04:22:29.468Z"}
{"level":"info","message":{"action":"create","duration":"4ms","model":"NetworkLog"},"timestamp":"2024-12-06T04:22:29.997Z"}
{"level":"info","message":{"action":"findUnique","duration":"2ms","model":"User"},"timestamp":"2024-12-06T04:22:30.007Z"}
{"level":"info","message":{"action":"findMany","duration":"2ms","model":"Patient"},"timestamp":"2024-12-06T04:22:30.040Z"}
{"level":"info","message":"Fetched 2 patients from the database.","timestamp":"2024-12-06T04:22:30.040Z"}
{"level":"info","message":{"action":"findMany","duration":"6ms","model":"Patient"},"timestamp":"2024-12-06T04:38:41.223Z"}
{"level":"info","message":"Fetched 2 patients from the database.","timestamp":"2024-12-06T04:38:41.224Z"}
{"level":"info","message":{"action":"findMany","duration":"2ms","model":"Patient"},"timestamp":"2024-12-06T04:39:03.124Z"}
{"level":"info","message":"Fetched 2 patients from the database.","timestamp":"2024-12-06T04:39:03.124Z"}
{"level":"info","message":{"action":"findMany","duration":"2ms","model":"Patient"},"timestamp":"2024-12-06T04:39:12.701Z"}
{"level":"info","message":"Fetched 2 patients from the database.","timestamp":"2024-12-06T04:39:12.701Z"}
{"level":"info","message":{"action":"findMany","duration":"2ms","model":"Patient"},"timestamp":"2024-12-06T04:39:16.800Z"}
{"level":"info","message":"Fetched 2 patients from the database.","timestamp":"2024-12-06T04:39:16.800Z"}
{"level":"info","message":{"action":"findMany","duration":"1ms","model":"Patient"},"timestamp":"2024-12-06T04:39:26.410Z"}
{"level":"info","message":"Fetched 2 patients from the database.","timestamp":"2024-12-06T04:39:26.411Z"}
{"level":"info","message":{"action":"findUnique","duration":"6ms","model":"Patient"},"timestamp":"2024-12-06T04:52:43.655Z"}
{"level":"info","message":"Fetched details for patient ID: cm4ay1xaf00005eg5c1u4o3pe","timestamp":"2024-12-06T04:52:43.655Z"}
{"level":"info","message":{"action":"findUnique","duration":"2ms","model":"Patient"},"timestamp":"2024-12-06T04:52:45.271Z"}
{"level":"info","message":"Fetched details for patient ID: cm4b23s2h00015eg55azohmaf","timestamp":"2024-12-06T04:52:45.271Z"}
{"level":"info","message":{"action":"findUnique","duration":"3ms","model":"Patient"},"timestamp":"2024-12-06T04:52:46.682Z"}
{"level":"info","message":"Fetched details for patient ID: cm4ay1xaf00005eg5c1u4o3pe","timestamp":"2024-12-06T04:52:46.682Z"}
{"level":"info","message":{"action":"findUnique","duration":"12ms","model":"masterUser"},"timestamp":"2024-12-06T05:05:57.864Z"}
{"level":"info","message":{"action":"count","duration":"107ms","model":"masterUser"},"timestamp":"2024-12-06T05:05:57.973Z"}
{"level":"info","message":{"action":"create","duration":"4ms","model":"masterUser"},"timestamp":"2024-12-06T05:05:57.977Z"}
{"level":"info","message":"User added successfully: EMP00001","timestamp":"2024-12-06T05:05:57.978Z"}
{"level":"info","message":{"action":"findFirst","duration":"6ms","model":"User"},"timestamp":"2024-12-06T05:11:07.675Z"}
{"level":"info","message":{"action":"update","duration":"4ms","model":"User"},"timestamp":"2024-12-06T05:11:07.742Z"}
{"level":"info","message":{"action":"create","duration":"5ms","model":"NetworkLog"},"timestamp":"2024-12-06T05:11:08.483Z"}
{"level":"info","message":{"action":"findUnique","duration":"2ms","model":"User"},"timestamp":"2024-12-06T05:11:08.494Z"}
{"level":"info","message":{"action":"findMany","duration":"3ms","model":"Patient"},"timestamp":"2024-12-06T05:11:08.528Z"}
{"level":"info","message":"Fetched 2 patients from the database.","timestamp":"2024-12-06T05:11:08.529Z"}
{"level":"info","message":{"action":"findFirst","duration":"2ms","model":"User"},"timestamp":"2024-12-06T05:11:18.057Z"}
{"level":"info","message":{"action":"update","duration":"18ms","model":"User"},"timestamp":"2024-12-06T05:11:18.075Z"}
{"level":"info","message":{"action":"findFirst","duration":"2ms","model":"User"},"timestamp":"2024-12-06T05:11:21.931Z"}
{"level":"info","message":{"action":"update","duration":"4ms","model":"User"},"timestamp":"2024-12-06T05:11:21.999Z"}
{"level":"info","message":{"action":"create","duration":"3ms","model":"NetworkLog"},"timestamp":"2024-12-06T05:11:22.431Z"}
{"level":"info","message":{"action":"findUnique","duration":"2ms","model":"User"},"timestamp":"2024-12-06T05:11:22.441Z"}
{"level":"info","message":{"action":"findMany","duration":"5ms","model":"Patient"},"timestamp":"2024-12-06T05:11:22.475Z"}
{"level":"info","message":"Fetched 2 patients from the database.","timestamp":"2024-12-06T05:11:22.475Z"}
{"level":"info","message":{"action":"findMany","duration":"4ms","model":"Patient"},"timestamp":"2024-12-06T05:11:28.040Z"}
{"level":"info","message":"Fetched 2 patients from the database.","timestamp":"2024-12-06T05:11:28.040Z"}
{"level":"info","message":{"action":"findUnique","duration":"12ms","model":"masterUser"},"timestamp":"2024-12-06T05:27:34.694Z"}
{"level":"info","message":{"action":"count","duration":"2ms","model":"masterUser"},"timestamp":"2024-12-06T05:27:34.698Z"}
{"level":"info","message":{"action":"create","duration":"5ms","model":"masterUser"},"timestamp":"2024-12-06T05:27:34.703Z"}
{"level":"info","message":"User added successfully: EMP00002","timestamp":"2024-12-06T05:27:34.703Z"}
{"level":"info","message":{"action":"findUnique","duration":"2ms","model":"masterUser"},"timestamp":"2024-12-06T05:29:12.001Z"}
{"level":"info","message":{"action":"count","duration":"0ms","model":"masterUser"},"timestamp":"2024-12-06T05:29:12.002Z"}
{"level":"info","message":{"action":"create","duration":"2ms","model":"masterUser"},"timestamp":"2024-12-06T05:29:12.005Z"}
{"level":"info","message":"User added successfully: EMP00003","timestamp":"2024-12-06T05:29:12.005Z"}
{"level":"info","message":{"action":"findUnique","duration":"11ms","model":"masterUser"},"timestamp":"2024-12-06T06:01:00.933Z"}
{"level":"info","message":{"action":"count","duration":"2ms","model":"masterUser"},"timestamp":"2024-12-06T06:01:00.936Z"}
{"level":"info","message":{"action":"create","duration":"5ms","model":"masterUser"},"timestamp":"2024-12-06T06:01:00.942Z"}
{"level":"info","message":"User added successfully: EMP00004","timestamp":"2024-12-06T06:01:00.942Z"}
{"level":"info","message":{"action":"findMany","duration":"49ms","model":"masterUser"},"timestamp":"2024-12-06T06:01:38.423Z"}
{"level":"info","message":{"action":"findMany","duration":"12ms","model":"masterUser"},"timestamp":"2024-12-06T06:02:08.790Z"}
{"level":"info","message":{"action":"findMany","duration":"4ms","model":"Patient"},"timestamp":"2024-12-06T06:06:02.592Z"}
{"level":"info","message":"Fetched 2 patients from the database.","timestamp":"2024-12-06T06:06:02.592Z"}
{"level":"info","message":{"action":"findUnique","duration":"2ms","model":"masterUser"},"timestamp":"2024-12-06T06:06:24.495Z"}
{"level":"info","message":{"action":"count","duration":"2ms","model":"masterUser"},"timestamp":"2024-12-06T06:06:24.497Z"}
{"level":"info","message":{"action":"create","duration":"4ms","model":"masterUser"},"timestamp":"2024-12-06T06:06:24.501Z"}
{"level":"info","message":"User added successfully: EMP00005","timestamp":"2024-12-06T06:06:24.501Z"}
{"level":"info","message":{"action":"findMany","duration":"12ms","model":"masterUser"},"timestamp":"2024-12-06T06:08:42.229Z"}
{"level":"info","message":{"action":"findMany","duration":"2ms","model":"masterUser"},"timestamp":"2024-12-06T06:08:46.220Z"}
{"level":"info","message":{"action":"findMany","duration":"3ms","model":"masterUser"},"timestamp":"2024-12-06T06:12:56.213Z"}
{"level":"error","message":"Error adding user: \nInvalid `prisma.masterUser.findUnique()` invocation in\nD:\\Projects\\user_authentication\\backend\\controllers\\addUserController.js:14:56\n\n  11 \n  12 try {\n  13     // Check for duplicate email or mobile\n→ 14     const duplicateEmail = await prisma.masterUser.findUnique({\n           where: {\n             email: undefined,\n         ?   id?: Int,\n         ?   empId?: String,\n         ?   AND?: masterUserWhereInput | masterUserWhereInput[],\n         ?   OR?: masterUserWhereInput[],\n         ?   NOT?: masterUserWhereInput | masterUserWhereInput[],\n         ?   role?: StringFilter | String,\n         ?   name?: StringFilter | String,\n         ?   mobile?: StringFilter | String,\n         ?   branch?: StringFilter | String,\n         ?   status?: StringFilter | String,\n         ?   createdAt?: DateTimeFilter | DateTime,\n         ?   updatedAt?: DateTimeFilter | DateTime\n           }\n         })\n\nArgument `where` of type masterUserWhereUniqueInput needs at least one of `id`, `empId` or `email` arguments. Available options are marked with ?.","timestamp":"2024-12-06T06:15:29.970Z"}
{"level":"info","message":{"action":"findUnique","duration":"10ms","model":"masterUser"},"timestamp":"2024-12-06T06:17:47.550Z"}
{"level":"info","message":{"action":"count","duration":"2ms","model":"masterUser"},"timestamp":"2024-12-06T06:17:47.554Z"}
{"level":"info","message":{"action":"create","duration":"5ms","model":"masterUser"},"timestamp":"2024-12-06T06:17:47.559Z"}
{"level":"info","message":"User added successfully: EMP00006","timestamp":"2024-12-06T06:17:47.560Z"}
{"level":"info","message":{"action":"findMany","duration":"5ms","model":"masterUser"},"timestamp":"2024-12-06T06:17:57.045Z"}
{"level":"info","message":{"action":"findMany","duration":"6ms","model":"Patient"},"timestamp":"2024-12-06T06:17:57.050Z"}
{"level":"info","message":"Fetched 2 patients from the database.","timestamp":"2024-12-06T06:17:57.050Z"}
{"level":"info","message":{"action":"findUnique","duration":"7ms","model":"Patient"},"timestamp":"2024-12-06T06:25:24.647Z"}
{"level":"info","message":"Fetched details for patient ID: cm4ay1xaf00005eg5c1u4o3pe","timestamp":"2024-12-06T06:25:24.647Z"}
{"level":"info","message":{"action":"findUnique","duration":"2ms","model":"Patient"},"timestamp":"2024-12-06T06:25:25.311Z"}
{"level":"info","message":"Fetched details for patient ID: cm4b23s2h00015eg55azohmaf","timestamp":"2024-12-06T06:25:25.311Z"}
{"level":"info","message":{"action":"findUnique","duration":"3ms","model":"Patient"},"timestamp":"2024-12-06T06:25:25.945Z"}
{"level":"info","message":"Fetched details for patient ID: cm4ay1xaf00005eg5c1u4o3pe","timestamp":"2024-12-06T06:25:25.945Z"}
{"level":"info","message":{"action":"findMany","duration":"6ms","model":"masterUser"},"timestamp":"2024-12-06T06:46:36.817Z"}
{"level":"info","message":{"action":"findUnique","duration":"338ms","model":"Patient"},"timestamp":"2024-12-06T08:55:07.934Z"}
{"level":"info","message":{"action":"findUnique","duration":"55ms","model":"Patient"},"timestamp":"2024-12-06T08:55:07.991Z"}
{"level":"info","message":{"action":"create","duration":"133ms","model":"Patient"},"timestamp":"2024-12-06T08:55:08.124Z"}
{"level":"info","message":"Patient registered: sample123@example.com","timestamp":"2024-12-06T08:55:08.124Z"}
{"level":"info","message":{"action":"findFirst","duration":"142ms","model":"User"},"timestamp":"2024-12-06T09:08:08.353Z"}
{"level":"info","message":{"action":"update","duration":"115ms","model":"User"},"timestamp":"2024-12-06T09:08:08.553Z"}
{"level":"info","message":{"action":"create","duration":"125ms","model":"NetworkLog"},"timestamp":"2024-12-06T09:08:09.433Z"}
{"level":"info","message":{"action":"findUnique","duration":"1ms","model":"User"},"timestamp":"2024-12-06T09:08:09.446Z"}
{"level":"info","message":{"action":"findMany","duration":"19ms","model":"masterUser"},"timestamp":"2024-12-06T09:08:09.499Z"}
{"level":"info","message":{"action":"findMany","duration":"19ms","model":"Patient"},"timestamp":"2024-12-06T09:08:09.501Z"}
{"level":"info","message":"Fetched 3 patients from the database.","timestamp":"2024-12-06T09:08:09.501Z"}
{"level":"info","message":{"action":"findMany","duration":"2ms","model":"masterUser"},"timestamp":"2024-12-06T09:08:17.752Z"}
{"level":"info","message":{"action":"findMany","duration":"1ms","model":"masterUser"},"timestamp":"2024-12-06T09:08:19.085Z"}
{"level":"info","message":{"action":"findMany","duration":"2ms","model":"masterUser"},"timestamp":"2024-12-06T09:08:19.943Z"}
{"level":"info","message":{"action":"findMany","duration":"1ms","model":"masterUser"},"timestamp":"2024-12-06T09:08:20.692Z"}
{"level":"info","message":{"action":"findUnique","duration":"33ms","model":"Patient"},"timestamp":"2024-12-06T09:08:31.927Z"}
{"level":"info","message":"Fetched details for patient ID: cm4ay1xaf00005eg5c1u4o3pe","timestamp":"2024-12-06T09:08:31.928Z"}
{"level":"info","message":{"action":"findUnique","duration":"2ms","model":"Patient"},"timestamp":"2024-12-06T09:08:32.390Z"}
{"level":"info","message":"Fetched details for patient ID: cm4b23s2h00015eg55azohmaf","timestamp":"2024-12-06T09:08:32.390Z"}
{"level":"info","message":{"action":"findUnique","duration":"2ms","model":"Patient"},"timestamp":"2024-12-06T09:08:32.879Z"}
{"level":"info","message":"Fetched details for patient ID: cm4cifw0o0000sof0dm3rh4jg","timestamp":"2024-12-06T09:08:32.879Z"}
{"level":"info","message":{"action":"findUnique","duration":"2ms","model":"Patient"},"timestamp":"2024-12-06T09:08:33.369Z"}
{"level":"info","message":"Fetched details for patient ID: cm4ay1xaf00005eg5c1u4o3pe","timestamp":"2024-12-06T09:08:33.369Z"}
{"level":"info","message":{"action":"findUnique","duration":"1ms","model":"Patient"},"timestamp":"2024-12-06T09:08:33.797Z"}
{"level":"info","message":"Fetched details for patient ID: cm4b23s2h00015eg55azohmaf","timestamp":"2024-12-06T09:08:33.797Z"}
{"level":"info","message":{"action":"findUnique","duration":"1ms","model":"Patient"},"timestamp":"2024-12-06T09:08:34.169Z"}
{"level":"info","message":"Fetched details for patient ID: cm4cifw0o0000sof0dm3rh4jg","timestamp":"2024-12-06T09:08:34.170Z"}
{"level":"info","message":{"action":"findUnique","duration":"1ms","model":"Patient"},"timestamp":"2024-12-06T09:08:35.053Z"}
{"level":"info","message":"Fetched details for patient ID: cm4ay1xaf00005eg5c1u4o3pe","timestamp":"2024-12-06T09:08:35.054Z"}
