{"level":"info","message":{"action":"create","duration":"254ms","model":"Patient"},"timestamp":"2024-12-28T21:51:19.747Z"}
{"level":"info","message":{"action":"findUnique","duration":"371ms","model":"DynamicField"},"timestamp":"2024-12-29T08:15:14.444Z"}
{"level":"info","message":{"action":"create","duration":"28ms","model":"DynamicField"},"timestamp":"2024-12-29T08:15:14.474Z"}
{"level":"info","message":{"action":"create","duration":"10ms","model":"Patient"},"timestamp":"2024-12-29T08:20:59.203Z"}
{"level":"info","message":{"action":"findUnique","duration":"2ms","model":"DynamicField"},"timestamp":"2024-12-29T08:20:59.206Z"}
{"level":"info","message":{"action":"create","duration":"3ms","model":"PatientDynamicField"},"timestamp":"2024-12-29T08:20:59.209Z"}
{"level":"info","message":{"action":"create","duration":"5ms","model":"Patient"},"timestamp":"2024-12-29T08:28:12.710Z"}
{"level":"info","message":{"action":"findUnique","duration":"2ms","model":"DynamicField"},"timestamp":"2024-12-29T08:28:12.712Z"}
{"level":"info","message":{"action":"findUnique","duration":"2ms","model":"DynamicField"},"timestamp":"2024-12-29T08:29:35.572Z"}
{"level":"info","message":{"action":"create","duration":"3ms","model":"DynamicField"},"timestamp":"2024-12-29T08:29:35.576Z"}
{"level":"info","message":{"action":"delete","duration":"37ms","model":"DynamicField"},"timestamp":"2024-12-29T08:29:37.062Z"}
{"level":"info","message":{"action":"findUnique","duration":"1ms","model":"DynamicField"},"timestamp":"2024-12-29T08:29:43.928Z"}
{"level":"info","message":{"action":"create","duration":"2ms","model":"DynamicField"},"timestamp":"2024-12-29T08:29:43.931Z"}
{"level":"info","message":{"action":"delete","duration":"6ms","model":"DynamicField"},"timestamp":"2024-12-29T08:46:24.806Z"}
{"level":"info","message":{"action":"create","duration":"308ms","model":"Patient"},"timestamp":"2024-12-29T09:05:46.583Z"}
{"level":"info","message":{"action":"create","duration":"62ms","model":"Patient"},"timestamp":"2024-12-29T14:55:17.490Z"}
{"level":"info","message":{"action":"create","duration":"5ms","model":"Patient"},"timestamp":"2024-12-29T16:08:08.801Z"}
{"level":"info","message":{"action":"create","duration":"10ms","model":"Patient"},"timestamp":"2024-12-29T16:34:42.933Z"}
{"level":"info","message":{"action":"create","duration":"9ms","model":"Patient"},"timestamp":"2024-12-29T16:39:32.744Z"}
{"level":"info","message":{"action":"create","duration":"40ms","model":"Insurance"},"timestamp":"2024-12-29T16:39:32.785Z"}
{"level":"info","message":{"action":"create","duration":"4ms","model":"Patient"},"timestamp":"2024-12-29T17:54:18.440Z"}
{"level":"info","message":{"action":"create","duration":"4ms","model":"Insurance"},"timestamp":"2024-12-29T17:54:18.445Z"}
{"level":"info","message":{"action":"create","duration":"8ms","model":"Patient"},"timestamp":"2024-12-29T18:19:09.498Z"}
{"level":"info","message":{"action":"create","duration":"5ms","model":"Patient"},"timestamp":"2024-12-29T18:19:40.270Z"}
{"level":"info","message":{"action":"create","duration":"5ms","model":"Patient"},"timestamp":"2024-12-29T18:21:03.768Z"}
