{"level":"info","message":{"action":"findFirst","duration":"561ms","model":"User"},"timestamp":"2024-12-11T04:39:11.961Z"}
{"level":"info","message":{"action":"update","duration":"11ms","model":"User"},"timestamp":"2024-12-11T04:39:12.058Z"}
{"level":"info","message":{"action":"create","duration":"4ms","model":"NetworkLog"},"timestamp":"2024-12-11T04:39:12.993Z"}
{"level":"info","message":{"action":"findUnique","duration":"1ms","model":"User"},"timestamp":"2024-12-11T04:39:13.010Z"}
{"level":"info","message":{"action":"findMany","duration":"3ms","model":"masterUser"},"timestamp":"2024-12-11T04:39:13.053Z"}
{"level":"info","message":{"action":"findMany","duration":"6ms","model":"Patient"},"timestamp":"2024-12-11T04:39:13.058Z"}
{"level":"info","message":"Fetched 3 patients from the database.","timestamp":"2024-12-11T04:39:13.058Z"}
{"level":"info","message":{"action":"findFirst","duration":"11ms","model":"User"},"timestamp":"2024-12-11T04:46:21.765Z"}
{"level":"info","message":{"action":"findUnique","duration":"2ms","model":"User"},"timestamp":"2024-12-11T04:46:34.860Z"}
{"level":"info","message":{"action":"findUnique","duration":"3ms","model":"User"},"timestamp":"2024-12-11T04:46:34.864Z"}
{"level":"info","message":{"action":"findUnique","duration":"16ms","model":"User"},"timestamp":"2024-12-11T04:46:56.947Z"}
{"level":"info","message":{"action":"findUnique","duration":"1ms","model":"User"},"timestamp":"2024-12-11T04:46:56.949Z"}
{"level":"info","message":{"action":"create","duration":"5ms","model":"User"},"timestamp":"2024-12-11T04:46:57.037Z"}
{"level":"info","message":"User registered: rcprajapaksha123@gmail.com","timestamp":"2024-12-11T04:46:57.037Z"}
{"level":"info","message":{"action":"findFirst","duration":"1ms","model":"User"},"timestamp":"2024-12-11T04:47:24.901Z"}
{"level":"info","message":{"action":"update","duration":"3ms","model":"User"},"timestamp":"2024-12-11T04:47:24.974Z"}
{"level":"info","message":{"action":"create","duration":"3ms","model":"NetworkLog"},"timestamp":"2024-12-11T04:47:26.653Z"}
{"level":"info","message":{"action":"findUnique","duration":"2ms","model":"masterUser"},"timestamp":"2024-12-11T04:48:27.898Z"}
{"level":"info","message":{"action":"count","duration":"96ms","model":"masterUser"},"timestamp":"2024-12-11T04:48:27.995Z"}
{"level":"info","message":{"action":"create","duration":"4ms","model":"masterUser"},"timestamp":"2024-12-11T04:48:28.064Z"}
{"level":"info","message":"User added successfully: EMP00015","timestamp":"2024-12-11T04:48:31.677Z"}
{"level":"info","message":{"action":"findFirst","duration":"2ms","model":"User"},"timestamp":"2024-12-11T04:49:14.034Z"}
{"level":"info","message":{"action":"findUnique","duration":"19ms","model":"User"},"timestamp":"2024-12-11T04:56:52.744Z"}
{"level":"info","message":{"action":"findUnique","duration":"2ms","model":"User"},"timestamp":"2024-12-11T04:56:52.746Z"}
{"level":"info","message":{"action":"findUnique","duration":"2ms","model":"masterUser"},"timestamp":"2024-12-11T04:57:23.439Z"}
{"level":"info","message":{"action":"count","duration":"1ms","model":"masterUser"},"timestamp":"2024-12-11T04:57:23.441Z"}
{"level":"info","message":{"action":"create","duration":"4ms","model":"masterUser"},"timestamp":"2024-12-11T04:57:23.509Z"}
{"level":"info","message":"User added successfully: EMP00015","timestamp":"2024-12-11T04:57:26.474Z"}
{"level":"info","message":{"action":"findUnique","duration":"6ms","model":"User"},"timestamp":"2024-12-11T05:39:14.120Z"}
{"level":"info","message":{"action":"findUnique","duration":"2ms","model":"User"},"timestamp":"2024-12-11T05:39:14.122Z"}
{"level":"info","message":{"action":"findUnique","duration":"1ms","model":"masterUser"},"timestamp":"2024-12-11T05:39:37.249Z"}
{"level":"info","message":{"action":"count","duration":"1ms","model":"masterUser"},"timestamp":"2024-12-11T05:39:37.250Z"}
{"level":"info","message":{"action":"create","duration":"5ms","model":"masterUser"},"timestamp":"2024-12-11T05:39:37.319Z"}
{"level":"info","message":"User added successfully: EMP00015","timestamp":"2024-12-11T05:39:40.151Z"}
{"level":"info","message":{"action":"findUnique","duration":"5ms","model":"masterUser"},"timestamp":"2024-12-11T05:47:38.844Z"}
{"level":"info","message":{"action":"count","duration":"1ms","model":"masterUser"},"timestamp":"2024-12-11T05:47:38.845Z"}
{"level":"info","message":{"action":"create","duration":"5ms","model":"masterUser"},"timestamp":"2024-12-11T05:47:38.916Z"}
{"level":"info","message":"User added successfully: EMP00015","timestamp":"2024-12-11T05:47:41.735Z"}
{"level":"info","message":{"action":"findFirst","duration":"2ms","model":"User"},"timestamp":"2024-12-11T05:48:16.411Z"}
{"level":"info","message":{"action":"findFirst","duration":"2ms","model":"User"},"timestamp":"2024-12-11T05:48:33.400Z"}
{"level":"info","message":{"action":"update","duration":"25ms","model":"User"},"timestamp":"2024-12-11T05:48:33.425Z"}
{"level":"info","message":{"action":"findFirst","duration":"1ms","model":"User"},"timestamp":"2024-12-11T05:48:58.943Z"}
{"level":"info","message":{"action":"findFirst","duration":"11ms","model":"User"},"timestamp":"2024-12-11T05:50:06.783Z"}
{"level":"info","message":{"action":"findFirst","duration":"2ms","model":"User"},"timestamp":"2024-12-11T05:52:25.604Z"}
{"level":"info","message":{"action":"findFirst","duration":"1ms","model":"User"},"timestamp":"2024-12-11T05:52:42.946Z"}
{"level":"info","message":{"action":"findUnique","duration":"5ms","model":"masterUser"},"timestamp":"2024-12-11T06:01:48.617Z"}
{"level":"info","message":{"action":"count","duration":"2ms","model":"masterUser"},"timestamp":"2024-12-11T06:01:48.620Z"}
{"level":"info","message":{"action":"create","duration":"4ms","model":"masterUser"},"timestamp":"2024-12-11T06:01:48.688Z"}
{"level":"info","message":"User added successfully: EMP00015","timestamp":"2024-12-11T06:01:51.208Z"}
{"level":"info","message":{"action":"findFirst","duration":"3ms","model":"User"},"timestamp":"2024-12-11T06:06:30.647Z"}
{"level":"info","message":{"action":"findFirst","duration":"1ms","model":"masterUser"},"timestamp":"2024-12-11T06:06:30.649Z"}
{"level":"info","message":{"action":"findFirst","duration":"5ms","model":"User"},"timestamp":"2024-12-11T06:40:07.079Z"}
{"level":"info","message":{"action":"findUnique","duration":"2ms","model":"User"},"timestamp":"2024-12-11T06:43:41.463Z"}
{"level":"info","message":{"action":"findUnique","duration":"1ms","model":"User"},"timestamp":"2024-12-11T06:43:41.465Z"}
{"level":"info","message":{"action":"create","duration":"3ms","model":"User"},"timestamp":"2024-12-11T06:43:41.535Z"}
{"level":"info","message":"User registered: rcprajapaksha123@gmail.com","timestamp":"2024-12-11T06:43:41.536Z"}
{"level":"info","message":{"action":"findFirst","duration":"2ms","model":"User"},"timestamp":"2024-12-11T06:44:24.477Z"}
{"level":"info","message":{"action":"update","duration":"4ms","model":"User"},"timestamp":"2024-12-11T06:44:24.545Z"}
{"level":"info","message":{"action":"findUnique","duration":"1ms","model":"User"},"timestamp":"2024-12-11T06:44:24.558Z"}
{"level":"info","message":{"action":"findMany","duration":"44ms","model":"masterUser"},"timestamp":"2024-12-11T06:44:24.679Z"}
{"level":"info","message":{"action":"findMany","duration":"79ms","model":"Patient"},"timestamp":"2024-12-11T06:44:24.715Z"}
{"level":"info","message":"Fetched 3 patients from the database.","timestamp":"2024-12-11T06:44:24.716Z"}
{"level":"info","message":{"action":"findMany","duration":"3ms","model":"Patient"},"timestamp":"2024-12-11T06:44:56.254Z"}
{"level":"info","message":"Fetched 3 patients from the database.","timestamp":"2024-12-11T06:44:56.254Z"}
{"level":"info","message":{"action":"findMany","duration":"6ms","model":"masterUser"},"timestamp":"2024-12-11T06:44:56.256Z"}
{"level":"info","message":{"action":"findUnique","duration":"12ms","model":"User"},"timestamp":"2024-12-11T07:00:22.176Z"}
{"level":"info","message":{"action":"findUnique","duration":"3ms","model":"User"},"timestamp":"2024-12-11T07:00:22.181Z"}
{"level":"info","message":{"action":"create","duration":"3ms","model":"User"},"timestamp":"2024-12-11T07:00:22.254Z"}
{"level":"info","message":"User registered: rcprajapaksha123@gmail.com","timestamp":"2024-12-11T07:00:22.255Z"}
{"level":"info","message":{"action":"findFirst","duration":"3ms","model":"User"},"timestamp":"2024-12-11T07:01:00.946Z"}
{"level":"info","message":{"action":"update","duration":"5ms","model":"User"},"timestamp":"2024-12-11T07:01:01.026Z"}
{"level":"info","message":{"action":"create","duration":"3ms","model":"NetworkLog"},"timestamp":"2024-12-11T07:01:01.865Z"}
{"level":"info","message":{"action":"findFirst","duration":"12ms","model":"User"},"timestamp":"2024-12-11T07:02:41.112Z"}
{"level":"info","message":{"action":"update","duration":"5ms","model":"User"},"timestamp":"2024-12-11T07:02:41.194Z"}
{"level":"info","message":{"action":"create","duration":"6ms","model":"NetworkLog"},"timestamp":"2024-12-11T07:02:41.958Z"}
{"level":"info","message":{"action":"findMany","duration":"3ms","model":"masterUser"},"timestamp":"2024-12-11T07:02:53.610Z"}
{"level":"info","message":{"action":"findMany","duration":"5ms","model":"Patient"},"timestamp":"2024-12-11T07:02:53.614Z"}
{"level":"info","message":"Fetched 3 patients from the database.","timestamp":"2024-12-11T07:02:53.615Z"}
{"level":"info","message":{"action":"findFirst","duration":"1ms","model":"User"},"timestamp":"2024-12-11T07:03:07.665Z"}
{"level":"info","message":{"action":"findFirst","duration":"2ms","model":"User"},"timestamp":"2024-12-11T07:03:39.553Z"}
{"level":"info","message":{"action":"update","duration":"5ms","model":"User"},"timestamp":"2024-12-11T07:03:39.627Z"}
{"level":"info","message":{"action":"create","duration":"4ms","model":"NetworkLog"},"timestamp":"2024-12-11T07:03:40.200Z"}
{"level":"info","message":{"action":"findUnique","duration":"2ms","model":"User"},"timestamp":"2024-12-11T07:03:40.215Z"}
{"level":"info","message":{"action":"findMany","duration":"5ms","model":"masterUser"},"timestamp":"2024-12-11T07:03:40.266Z"}
{"level":"info","message":{"action":"findMany","duration":"23ms","model":"Patient"},"timestamp":"2024-12-11T07:03:40.285Z"}
{"level":"info","message":"Fetched 3 patients from the database.","timestamp":"2024-12-11T07:03:40.285Z"}
{"level":"info","message":{"action":"findMany","duration":"4ms","model":"Patient"},"timestamp":"2024-12-11T07:08:18.725Z"}
{"level":"info","message":"Fetched 3 patients from the database.","timestamp":"2024-12-11T07:08:18.725Z"}
{"level":"info","message":{"action":"findMany","duration":"7ms","model":"masterUser"},"timestamp":"2024-12-11T07:08:18.730Z"}
{"level":"info","message":{"action":"findFirst","duration":"2ms","model":"User"},"timestamp":"2024-12-11T07:08:33.140Z"}
{"level":"info","message":{"action":"update","duration":"4ms","model":"User"},"timestamp":"2024-12-11T07:08:33.145Z"}
{"level":"info","message":{"action":"findFirst","duration":"2ms","model":"User"},"timestamp":"2024-12-11T07:10:37.842Z"}
{"level":"info","message":{"action":"update","duration":"5ms","model":"User"},"timestamp":"2024-12-11T07:10:37.914Z"}
{"level":"info","message":{"action":"create","duration":"33ms","model":"NetworkLog"},"timestamp":"2024-12-11T07:10:38.575Z"}
{"level":"info","message":{"action":"findUnique","duration":"1ms","model":"User"},"timestamp":"2024-12-11T07:10:38.586Z"}
{"level":"info","message":{"action":"findMany","duration":"4ms","model":"masterUser"},"timestamp":"2024-12-11T07:10:38.612Z"}
{"level":"info","message":{"action":"findMany","duration":"6ms","model":"Patient"},"timestamp":"2024-12-11T07:10:38.617Z"}
{"level":"info","message":"Fetched 3 patients from the database.","timestamp":"2024-12-11T07:10:38.617Z"}
{"level":"info","message":{"action":"update","duration":"6ms","model":"masterUser"},"timestamp":"2024-12-11T07:10:50.087Z"}
{"level":"info","message":{"action":"update","duration":"3ms","model":"masterUser"},"timestamp":"2024-12-11T07:10:53.607Z"}
{"level":"info","message":{"action":"findUnique","duration":"1ms","model":"masterUser"},"timestamp":"2024-12-11T07:11:30.492Z"}
{"level":"info","message":{"action":"count","duration":"1ms","model":"masterUser"},"timestamp":"2024-12-11T07:11:30.494Z"}
{"level":"info","message":{"action":"create","duration":"5ms","model":"masterUser"},"timestamp":"2024-12-11T07:11:30.560Z"}
{"level":"info","message":"User added successfully: EMP00016","timestamp":"2024-12-11T07:11:33.392Z"}
{"level":"info","message":{"action":"findFirst","duration":"4ms","model":"User"},"timestamp":"2024-12-11T07:13:07.803Z"}
{"level":"info","message":{"action":"findFirst","duration":"2ms","model":"masterUser"},"timestamp":"2024-12-11T07:13:07.805Z"}
{"level":"info","message":{"action":"findFirst","duration":"6ms","model":"User"},"timestamp":"2024-12-11T07:58:29.138Z"}
{"level":"info","message":{"action":"update","duration":"4ms","model":"User"},"timestamp":"2024-12-11T07:58:29.143Z"}
{"level":"info","message":{"action":"findFirst","duration":"4ms","model":"User"},"timestamp":"2024-12-11T07:59:19.783Z"}
{"level":"info","message":{"action":"findFirst","duration":"3ms","model":"masterUser"},"timestamp":"2024-12-11T07:59:19.786Z"}
{"level":"info","message":{"action":"findFirst","duration":"12ms","model":"User"},"timestamp":"2024-12-11T08:03:59.004Z"}
{"level":"info","message":{"action":"findFirst","duration":"3ms","model":"masterUser"},"timestamp":"2024-12-11T08:03:59.009Z"}
{"level":"info","message":{"action":"findFirst","duration":"11ms","model":"User"},"timestamp":"2024-12-11T08:04:53.696Z"}
{"level":"info","message":{"action":"findFirst","duration":"2ms","model":"masterUser"},"timestamp":"2024-12-11T08:04:53.699Z"}
{"level":"info","message":{"action":"findFirst","duration":"13ms","model":"User"},"timestamp":"2024-12-11T08:19:28.310Z"}
{"level":"info","message":{"action":"findFirst","duration":"3ms","model":"masterUser"},"timestamp":"2024-12-11T08:19:28.315Z"}
{"level":"info","message":{"action":"findFirst","duration":"3ms","model":"User"},"timestamp":"2024-12-11T08:24:13.301Z"}
{"level":"info","message":{"action":"update","duration":"5ms","model":"User"},"timestamp":"2024-12-11T08:24:13.376Z"}
{"level":"info","message":{"action":"findFirst","duration":"5ms","model":"User"},"timestamp":"2024-12-11T08:26:54.641Z"}
{"level":"info","message":{"action":"findFirst","duration":"3ms","model":"masterUser"},"timestamp":"2024-12-11T08:26:54.645Z"}
{"level":"info","message":{"action":"findFirst","duration":"12ms","model":"User"},"timestamp":"2024-12-11T08:29:49.705Z"}
{"level":"info","message":{"action":"findFirst","duration":"3ms","model":"masterUser"},"timestamp":"2024-12-11T08:29:49.710Z"}
{"level":"info","message":{"action":"create","duration":"5ms","model":"NetworkLog"},"timestamp":"2024-12-11T08:29:50.526Z"}
{"level":"info","message":{"action":"findUnique","duration":"1ms","model":"User"},"timestamp":"2024-12-11T08:29:50.544Z"}
{"level":"info","message":{"action":"findFirst","duration":"1ms","model":"User"},"timestamp":"2024-12-11T08:30:36.853Z"}
{"level":"info","message":{"action":"findFirst","duration":"1ms","model":"masterUser"},"timestamp":"2024-12-11T08:30:36.855Z"}
{"level":"info","message":{"action":"findUnique","duration":"1ms","model":"User"},"timestamp":"2024-12-11T08:30:45.140Z"}
{"level":"info","message":{"action":"findUnique","duration":"3ms","model":"User"},"timestamp":"2024-12-11T08:30:45.144Z"}
{"level":"info","message":{"action":"create","duration":"5ms","model":"User"},"timestamp":"2024-12-11T08:30:45.215Z"}
{"level":"info","message":"User registered: rcprajapaksha123@gmail.com","timestamp":"2024-12-11T08:30:45.215Z"}
{"level":"info","message":{"action":"findFirst","duration":"1ms","model":"User"},"timestamp":"2024-12-11T08:31:06.467Z"}
{"level":"info","message":{"action":"update","duration":"5ms","model":"User"},"timestamp":"2024-12-11T08:31:06.538Z"}
{"level":"info","message":{"action":"create","duration":"4ms","model":"NetworkLog"},"timestamp":"2024-12-11T08:31:07.118Z"}
{"level":"info","message":{"action":"findUnique","duration":"1ms","model":"User"},"timestamp":"2024-12-11T08:31:07.129Z"}
{"level":"info","message":{"action":"findMany","duration":"5ms","model":"masterUser"},"timestamp":"2024-12-11T08:31:07.165Z"}
{"level":"info","message":{"action":"findMany","duration":"8ms","model":"Patient"},"timestamp":"2024-12-11T08:31:07.169Z"}
{"level":"info","message":"Fetched 3 patients from the database.","timestamp":"2024-12-11T08:31:07.169Z"}
{"level":"info","message":{"action":"findFirst","duration":"2ms","model":"User"},"timestamp":"2024-12-11T08:33:29.085Z"}
{"level":"info","message":{"action":"findFirst","duration":"3ms","model":"masterUser"},"timestamp":"2024-12-11T08:33:29.089Z"}
{"level":"info","message":{"action":"create","duration":"4ms","model":"NetworkLog"},"timestamp":"2024-12-11T08:33:29.814Z"}
{"level":"info","message":{"action":"findUnique","duration":"1ms","model":"User"},"timestamp":"2024-12-11T08:33:29.827Z"}
{"level":"info","message":{"action":"findFirst","duration":"5ms","model":"User"},"timestamp":"2024-12-11T08:39:37.288Z"}
{"level":"info","message":{"action":"findFirst","duration":"2ms","model":"masterUser"},"timestamp":"2024-12-11T08:39:37.290Z"}
{"level":"info","message":{"action":"create","duration":"6ms","model":"NetworkLog"},"timestamp":"2024-12-11T08:39:37.999Z"}
{"level":"info","message":{"action":"findUnique","duration":"1ms","model":"User"},"timestamp":"2024-12-11T08:39:38.011Z"}
{"level":"info","message":{"action":"findMany","duration":"7ms","model":"masterUser"},"timestamp":"2024-12-11T08:58:52.345Z"}
{"level":"info","message":{"action":"findMany","duration":"8ms","model":"Patient"},"timestamp":"2024-12-11T08:58:52.347Z"}
{"level":"info","message":"Fetched 3 patients from the database.","timestamp":"2024-12-11T08:58:52.347Z"}
{"level":"info","message":{"action":"findMany","duration":"2ms","model":"Patient"},"timestamp":"2024-12-11T08:58:58.333Z"}
{"level":"info","message":"Fetched 3 patients from the database.","timestamp":"2024-12-11T08:58:58.333Z"}
{"level":"info","message":{"action":"findMany","duration":"2ms","model":"masterUser"},"timestamp":"2024-12-11T08:58:58.334Z"}
{"level":"info","message":{"action":"findFirst","duration":"4ms","model":"User"},"timestamp":"2024-12-11T09:02:18.157Z"}
{"level":"info","message":{"action":"findFirst","duration":"2ms","model":"masterUser"},"timestamp":"2024-12-11T09:02:18.160Z"}
{"level":"info","message":{"action":"create","duration":"4ms","model":"NetworkLog"},"timestamp":"2024-12-11T09:02:18.845Z"}
{"level":"info","message":{"action":"findFirst","duration":"3ms","model":"User"},"timestamp":"2024-12-11T09:03:00.907Z"}
{"level":"info","message":{"action":"findFirst","duration":"2ms","model":"masterUser"},"timestamp":"2024-12-11T09:03:00.909Z"}
{"level":"info","message":{"action":"create","duration":"7ms","model":"NetworkLog"},"timestamp":"2024-12-11T09:03:01.567Z"}
{"level":"info","message":{"action":"findFirst","duration":"11ms","model":"User"},"timestamp":"2024-12-11T09:05:48.265Z"}
{"level":"info","message":{"action":"findFirst","duration":"2ms","model":"masterUser"},"timestamp":"2024-12-11T09:05:48.269Z"}
{"level":"info","message":{"action":"create","duration":"5ms","model":"NetworkLog"},"timestamp":"2024-12-11T09:05:49.069Z"}
{"level":"info","message":{"action":"findFirst","duration":"3ms","model":"User"},"timestamp":"2024-12-11T09:09:17.142Z"}
{"level":"info","message":{"action":"findFirst","duration":"2ms","model":"masterUser"},"timestamp":"2024-12-11T09:09:17.144Z"}
{"level":"info","message":{"action":"create","duration":"7ms","model":"NetworkLog"},"timestamp":"2024-12-11T09:09:17.789Z"}
{"level":"info","message":{"action":"update","duration":"8ms","model":"masterUser"},"timestamp":"2024-12-11T09:22:13.605Z"}
{"level":"info","message":{"action":"update","duration":"4ms","model":"masterUser"},"timestamp":"2024-12-11T09:22:17.846Z"}
{"level":"info","message":{"action":"findFirst","duration":"11ms","model":"User"},"timestamp":"2024-12-11T09:28:03.660Z"}
{"level":"info","message":{"action":"findFirst","duration":"2ms","model":"masterUser"},"timestamp":"2024-12-11T09:28:03.664Z"}
{"level":"info","message":{"action":"create","duration":"5ms","model":"NetworkLog"},"timestamp":"2024-12-11T09:28:04.465Z"}
{"level":"info","message":{"action":"findUnique","duration":"2ms","model":"User"},"timestamp":"2024-12-11T09:29:12.737Z"}
{"level":"info","message":{"action":"findFirst","duration":"1ms","model":"User"},"timestamp":"2024-12-11T09:29:29.152Z"}
{"level":"info","message":{"action":"findFirst","duration":"2ms","model":"masterUser"},"timestamp":"2024-12-11T09:29:29.155Z"}
{"level":"info","message":{"action":"create","duration":"4ms","model":"NetworkLog"},"timestamp":"2024-12-11T09:29:29.797Z"}
{"level":"info","message":{"action":"findUnique","duration":"1ms","model":"User"},"timestamp":"2024-12-11T09:29:49.192Z"}
{"level":"info","message":{"action":"findUnique","duration":"6ms","model":"User"},"timestamp":"2024-12-11T09:49:16.826Z"}
{"level":"info","message":{"action":"findFirst","duration":"2ms","model":"User"},"timestamp":"2024-12-11T09:49:21.206Z"}
{"level":"info","message":{"action":"findFirst","duration":"2ms","model":"masterUser"},"timestamp":"2024-12-11T09:49:21.208Z"}
{"level":"info","message":{"action":"create","duration":"4ms","model":"NetworkLog"},"timestamp":"2024-12-11T09:49:21.917Z"}
{"level":"info","message":{"action":"findUnique","duration":"2ms","model":"User"},"timestamp":"2024-12-11T09:49:32.422Z"}
{"level":"info","message":{"action":"findFirst","duration":"12ms","model":"User"},"timestamp":"2024-12-11T10:18:27.606Z"}
{"level":"info","message":{"action":"findFirst","duration":"3ms","model":"masterUser"},"timestamp":"2024-12-11T10:18:27.611Z"}
{"level":"info","message":{"action":"create","duration":"6ms","model":"NetworkLog"},"timestamp":"2024-12-11T10:18:28.425Z"}
{"level":"info","message":{"action":"findUnique","duration":"2ms","model":"User"},"timestamp":"2024-12-11T10:18:42.662Z"}
{"level":"info","message":{"action":"findUnique","duration":"1ms","model":"User"},"timestamp":"2024-12-11T10:18:46.136Z"}
{"level":"info","message":{"action":"findUnique","duration":"14ms","model":"User"},"timestamp":"2024-12-11T10:20:24.733Z"}
{"level":"info","message":{"action":"findUnique","duration":"13ms","model":"User"},"timestamp":"2024-12-11T10:22:52.841Z"}
{"level":"info","message":{"action":"findUnique","duration":"11ms","model":"User"},"timestamp":"2024-12-11T10:28:40.717Z"}
{"level":"info","message":{"action":"findUnique","duration":"3ms","model":"masterUser"},"timestamp":"2024-12-11T10:28:40.723Z"}
{"level":"info","message":{"action":"findFirst","duration":"5ms","model":"User"},"timestamp":"2024-12-11T11:13:45.744Z"}
{"level":"info","message":{"action":"findFirst","duration":"1ms","model":"masterUser"},"timestamp":"2024-12-11T11:13:45.746Z"}
{"level":"info","message":{"action":"create","duration":"3ms","model":"NetworkLog"},"timestamp":"2024-12-11T11:13:46.547Z"}
{"level":"info","message":{"action":"findUnique","duration":"2ms","model":"User"},"timestamp":"2024-12-11T11:13:46.569Z"}
{"level":"info","message":{"action":"findUnique","duration":"2ms","model":"masterUser"},"timestamp":"2024-12-11T11:13:46.572Z"}
{"level":"info","message":{"action":"findUnique","duration":"1ms","model":"User"},"timestamp":"2024-12-11T11:16:27.122Z"}
{"level":"info","message":{"action":"findUnique","duration":"1ms","model":"User"},"timestamp":"2024-12-11T11:16:27.124Z"}
{"level":"info","message":{"action":"create","duration":"4ms","model":"User"},"timestamp":"2024-12-11T11:16:27.194Z"}
{"level":"info","message":"User registered: rcprajapaksha123@gmail.com","timestamp":"2024-12-11T11:16:27.194Z"}
{"level":"info","message":{"action":"findFirst","duration":"1ms","model":"User"},"timestamp":"2024-12-11T11:16:36.558Z"}
{"level":"info","message":{"action":"update","duration":"111ms","model":"User"},"timestamp":"2024-12-11T11:16:36.735Z"}
{"level":"info","message":{"action":"create","duration":"3ms","model":"NetworkLog"},"timestamp":"2024-12-11T11:16:37.323Z"}
{"level":"info","message":{"action":"findMany","duration":"6ms","model":"Patient"},"timestamp":"2024-12-11T11:18:04.116Z"}
{"level":"info","message":"Fetched 3 patients from the database.","timestamp":"2024-12-11T11:18:04.117Z"}
{"level":"info","message":{"action":"findMany","duration":"48ms","model":"masterUser"},"timestamp":"2024-12-11T11:18:04.154Z"}
{"level":"info","message":{"action":"findUnique","duration":"2ms","model":"masterUser"},"timestamp":"2024-12-11T11:18:37.267Z"}
{"level":"info","message":{"action":"findMany","duration":"7ms","model":"Patient"},"timestamp":"2024-12-11T11:19:03.390Z"}
{"level":"info","message":"Fetched 3 patients from the database.","timestamp":"2024-12-11T11:19:03.391Z"}
{"level":"info","message":{"action":"findMany","duration":"36ms","model":"masterUser"},"timestamp":"2024-12-11T11:19:03.418Z"}
{"level":"info","message":{"action":"findUnique","duration":"3ms","model":"masterUser"},"timestamp":"2024-12-11T11:19:38.102Z"}
{"level":"info","message":{"action":"count","duration":"85ms","model":"masterUser"},"timestamp":"2024-12-11T11:19:38.188Z"}
{"level":"info","message":{"action":"create","duration":"4ms","model":"masterUser"},"timestamp":"2024-12-11T11:19:38.252Z"}
{"level":"info","message":"User added successfully: EMP00016","timestamp":"2024-12-11T11:19:41.079Z"}
{"level":"info","message":{"action":"findMany","duration":"3ms","model":"masterUser"},"timestamp":"2024-12-11T11:19:44.456Z"}
{"level":"info","message":{"action":"findMany","duration":"5ms","model":"Patient"},"timestamp":"2024-12-11T11:19:44.459Z"}
{"level":"info","message":"Fetched 3 patients from the database.","timestamp":"2024-12-11T11:19:44.459Z"}
{"level":"info","message":{"action":"findMany","duration":"4ms","model":"masterUser"},"timestamp":"2024-12-11T11:22:25.820Z"}
{"level":"info","message":{"action":"findMany","duration":"6ms","model":"Patient"},"timestamp":"2024-12-11T11:22:25.824Z"}
{"level":"info","message":"Fetched 3 patients from the database.","timestamp":"2024-12-11T11:22:25.825Z"}
{"level":"info","message":{"action":"findUnique","duration":"2ms","model":"masterUser"},"timestamp":"2024-12-11T11:22:44.386Z"}
{"level":"info","message":{"action":"count","duration":"1ms","model":"masterUser"},"timestamp":"2024-12-11T11:22:44.387Z"}
{"level":"info","message":{"action":"create","duration":"4ms","model":"masterUser"},"timestamp":"2024-12-11T11:22:44.456Z"}
{"level":"info","message":"User added successfully: EMP00016","timestamp":"2024-12-11T11:22:46.666Z"}
{"level":"info","message":{"action":"findUnique","duration":"11ms","model":"masterUser"},"timestamp":"2024-12-11T11:32:47.873Z"}
{"level":"info","message":{"action":"count","duration":"2ms","model":"masterUser"},"timestamp":"2024-12-11T11:32:47.875Z"}
{"level":"info","message":{"action":"create","duration":"6ms","model":"masterUser"},"timestamp":"2024-12-11T11:32:47.948Z"}
{"level":"info","message":"User added successfully: EMP00017","timestamp":"2024-12-11T11:32:50.276Z"}
{"level":"info","message":{"action":"findFirst","duration":"1ms","model":"User"},"timestamp":"2024-12-11T11:33:34.213Z"}
{"level":"info","message":{"action":"findFirst","duration":"2ms","model":"User"},"timestamp":"2024-12-11T11:34:29.476Z"}
{"level":"info","message":{"action":"findFirst","duration":"2ms","model":"User"},"timestamp":"2024-12-11T11:35:13.409Z"}
{"level":"info","message":{"action":"update","duration":"5ms","model":"User"},"timestamp":"2024-12-11T11:35:13.414Z"}
{"level":"info","message":{"action":"findFirst","duration":"3ms","model":"User"},"timestamp":"2024-12-11T11:35:39.169Z"}
{"level":"info","message":{"action":"findFirst","duration":"1ms","model":"User"},"timestamp":"2024-12-11T11:35:53.071Z"}
{"level":"info","message":{"action":"findFirst","duration":"16ms","model":"User"},"timestamp":"2024-12-11T11:38:08.480Z"}
{"level":"info","message":{"action":"findUnique","duration":"10ms","model":"masterUser"},"timestamp":"2024-12-11T11:41:59.523Z"}
{"level":"info","message":{"action":"count","duration":"3ms","model":"masterUser"},"timestamp":"2024-12-11T11:41:59.529Z"}
{"level":"info","message":{"action":"create","duration":"4ms","model":"masterUser"},"timestamp":"2024-12-11T11:41:59.596Z"}
{"level":"info","message":"User added successfully: EMP00016","timestamp":"2024-12-11T11:42:02.737Z"}
{"level":"info","message":{"action":"findUnique","duration":"1ms","model":"masterUser"},"timestamp":"2024-12-11T11:44:19.480Z"}
{"level":"info","message":{"action":"count","duration":"1ms","model":"masterUser"},"timestamp":"2024-12-11T11:44:19.481Z"}
{"level":"info","message":{"action":"create","duration":"4ms","model":"masterUser"},"timestamp":"2024-12-11T11:44:19.547Z"}
{"level":"info","message":"User added successfully: EMP00016","timestamp":"2024-12-11T11:44:22.595Z"}
{"level":"info","message":{"action":"findFirst","duration":"3ms","model":"User"},"timestamp":"2024-12-11T11:45:13.792Z"}
{"level":"info","message":{"action":"findFirst","duration":"399ms","model":"User"},"timestamp":"2024-12-11T15:13:46.775Z"}
{"level":"info","message":{"action":"update","duration":"36ms","model":"User"},"timestamp":"2024-12-11T15:13:46.920Z"}
{"level":"info","message":{"action":"create","duration":"13ms","model":"NetworkLog"},"timestamp":"2024-12-11T15:13:47.664Z"}
{"level":"info","message":{"action":"findUnique","duration":"2ms","model":"User"},"timestamp":"2024-12-11T15:13:47.683Z"}
{"level":"info","message":{"action":"findUnique","duration":"4ms","model":"masterUser"},"timestamp":"2024-12-11T15:13:47.688Z"}
{"level":"info","message":{"action":"findMany","duration":"4ms","model":"masterUser"},"timestamp":"2024-12-11T15:13:47.715Z"}
{"level":"info","message":{"action":"findMany","duration":"12ms","model":"Patient"},"timestamp":"2024-12-11T15:13:47.725Z"}
{"level":"info","message":"Fetched 3 patients from the database.","timestamp":"2024-12-11T15:13:47.725Z"}
{"level":"info","message":{"action":"findFirst","duration":"1ms","model":"User"},"timestamp":"2024-12-11T15:13:51.508Z"}
{"level":"info","message":{"action":"update","duration":"4ms","model":"User"},"timestamp":"2024-12-11T15:13:51.513Z"}
{"level":"info","message":{"action":"findUnique","duration":"16ms","model":"masterUser"},"timestamp":"2024-12-11T15:15:47.273Z"}
{"level":"info","message":{"action":"count","duration":"117ms","model":"masterUser"},"timestamp":"2024-12-11T15:15:47.391Z"}
{"level":"info","message":{"action":"create","duration":"4ms","model":"masterUser"},"timestamp":"2024-12-11T15:15:47.477Z"}
{"level":"info","message":"User added successfully: EMP00016","timestamp":"2024-12-11T15:15:50.716Z"}
{"level":"info","message":{"action":"findFirst","duration":"2ms","model":"User"},"timestamp":"2024-12-11T15:17:23.174Z"}
{"level":"info","message":{"action":"findUnique","duration":"31ms","model":"masterUser"},"timestamp":"2024-12-11T15:25:56.835Z"}
{"level":"info","message":{"action":"count","duration":"1ms","model":"masterUser"},"timestamp":"2024-12-11T15:25:56.836Z"}
{"level":"info","message":{"action":"create","duration":"4ms","model":"masterUser"},"timestamp":"2024-12-11T15:25:56.909Z"}
{"level":"info","message":"User added successfully: EMP00017","timestamp":"2024-12-11T15:26:00.241Z"}
{"level":"info","message":{"action":"findUnique","duration":"6ms","model":"masterUser"},"timestamp":"2024-12-11T15:35:25.262Z"}
{"level":"info","message":{"action":"count","duration":"1ms","model":"masterUser"},"timestamp":"2024-12-11T15:35:25.263Z"}
{"level":"info","message":{"action":"create","duration":"5ms","model":"masterUser"},"timestamp":"2024-12-11T15:35:25.331Z"}
{"level":"info","message":"User added successfully: EMP00016","timestamp":"2024-12-11T15:35:28.167Z"}
{"level":"info","message":{"action":"findUnique","duration":"10ms","model":"masterUser"},"timestamp":"2024-12-11T15:42:18.668Z"}
{"level":"info","message":{"action":"count","duration":"2ms","model":"masterUser"},"timestamp":"2024-12-11T15:42:18.672Z"}
{"level":"info","message":{"action":"create","duration":"5ms","model":"masterUser"},"timestamp":"2024-12-11T15:42:18.742Z"}
{"level":"info","message":"User added successfully: EMP00016","timestamp":"2024-12-11T15:42:22.141Z"}
{"level":"info","message":{"action":"findUnique","duration":"11ms","model":"masterUser"},"timestamp":"2024-12-11T15:46:16.996Z"}
{"level":"info","message":{"action":"count","duration":"2ms","model":"masterUser"},"timestamp":"2024-12-11T15:46:17.000Z"}
{"level":"info","message":{"action":"create","duration":"6ms","model":"masterUser"},"timestamp":"2024-12-11T15:46:17.071Z"}
{"level":"info","message":"User added successfully: EMP00015","timestamp":"2024-12-11T15:46:19.831Z"}
{"level":"info","message":{"action":"findFirst","duration":"2ms","model":"User"},"timestamp":"2024-12-11T15:46:53.241Z"}
{"level":"info","message":{"action":"findUnique","duration":"11ms","model":"masterUser"},"timestamp":"2024-12-11T15:53:06.578Z"}
{"level":"info","message":{"action":"count","duration":"2ms","model":"masterUser"},"timestamp":"2024-12-11T15:53:06.583Z"}
{"level":"info","message":{"action":"create","duration":"4ms","model":"masterUser"},"timestamp":"2024-12-11T15:53:06.652Z"}
{"level":"info","message":"User added successfully: EMP00015","timestamp":"2024-12-11T15:53:10.009Z"}
{"level":"info","message":{"action":"findUnique","duration":"13ms","model":"masterUser"},"timestamp":"2024-12-11T15:54:33.848Z"}
{"level":"info","message":{"action":"count","duration":"2ms","model":"masterUser"},"timestamp":"2024-12-11T15:54:33.853Z"}
{"level":"info","message":{"action":"create","duration":"6ms","model":"masterUser"},"timestamp":"2024-12-11T15:54:33.929Z"}
{"level":"info","message":"User added successfully: EMP00015","timestamp":"2024-12-11T15:54:37.643Z"}
{"level":"info","message":{"action":"findFirst","duration":"1ms","model":"User"},"timestamp":"2024-12-11T15:55:16.482Z"}
{"level":"info","message":{"action":"findUnique","duration":"12ms","model":"masterUser"},"timestamp":"2024-12-11T16:07:09.166Z"}
{"level":"info","message":{"action":"count","duration":"2ms","model":"masterUser"},"timestamp":"2024-12-11T16:07:09.170Z"}
{"level":"info","message":{"action":"create","duration":"6ms","model":"masterUser"},"timestamp":"2024-12-11T16:07:09.245Z"}
{"level":"info","message":"User added successfully: EMP00015","timestamp":"2024-12-11T16:07:12.017Z"}
{"level":"info","message":{"action":"findFirst","duration":"3ms","model":"User"},"timestamp":"2024-12-11T16:08:01.794Z"}
{"level":"info","message":{"action":"findUnique","duration":"11ms","model":"masterUser"},"timestamp":"2024-12-11T16:18:01.390Z"}
{"level":"info","message":{"action":"count","duration":"2ms","model":"masterUser"},"timestamp":"2024-12-11T16:18:01.394Z"}
{"level":"info","message":{"action":"create","duration":"4ms","model":"masterUser"},"timestamp":"2024-12-11T16:18:01.467Z"}
{"level":"info","message":"User added successfully: EMP00015","timestamp":"2024-12-11T16:18:05.293Z"}
{"level":"info","message":{"action":"findFirst","duration":"2ms","model":"User"},"timestamp":"2024-12-11T16:18:35.473Z"}
{"level":"info","message":{"action":"findUnique","duration":"11ms","model":"masterUser"},"timestamp":"2024-12-11T16:24:03.553Z"}
{"level":"info","message":{"action":"count","duration":"3ms","model":"masterUser"},"timestamp":"2024-12-11T16:24:03.557Z"}
{"level":"info","message":{"action":"create","duration":"5ms","model":"masterUser"},"timestamp":"2024-12-11T16:24:03.628Z"}
{"level":"info","message":"User added successfully: EMP00015","timestamp":"2024-12-11T16:24:06.802Z"}
{"level":"info","message":{"action":"findFirst","duration":"2ms","model":"User"},"timestamp":"2024-12-11T16:24:30.254Z"}
{"level":"info","message":{"action":"findFirst","duration":"1ms","model":"masterUser"},"timestamp":"2024-12-11T16:24:30.256Z"}
{"level":"info","message":{"action":"findUnique","duration":"11ms","model":"masterUser"},"timestamp":"2024-12-11T16:26:56.367Z"}
{"level":"info","message":{"action":"count","duration":"2ms","model":"masterUser"},"timestamp":"2024-12-11T16:26:56.370Z"}
{"level":"info","message":{"action":"create","duration":"4ms","model":"masterUser"},"timestamp":"2024-12-11T16:26:56.441Z"}
{"level":"info","message":"User added successfully: EMP00015","timestamp":"2024-12-11T16:26:59.887Z"}
{"level":"info","message":{"action":"findFirst","duration":"2ms","model":"User"},"timestamp":"2024-12-11T16:27:17.789Z"}
{"level":"info","message":{"action":"findFirst","duration":"1ms","model":"masterUser"},"timestamp":"2024-12-11T16:27:17.791Z"}
{"level":"info","message":{"action":"findUnique","duration":"12ms","model":"masterUser"},"timestamp":"2024-12-11T16:35:59.620Z"}
{"level":"info","message":{"action":"count","duration":"2ms","model":"masterUser"},"timestamp":"2024-12-11T16:35:59.625Z"}
{"level":"info","message":{"action":"create","duration":"5ms","model":"masterUser"},"timestamp":"2024-12-11T16:35:59.698Z"}
{"level":"info","message":"User added successfully: EMP00015","timestamp":"2024-12-11T16:36:02.380Z"}
{"level":"info","message":{"action":"findFirst","duration":"2ms","model":"User"},"timestamp":"2024-12-11T16:36:26.285Z"}
{"level":"info","message":{"action":"findFirst","duration":"1ms","model":"masterUser"},"timestamp":"2024-12-11T16:36:26.286Z"}
{"level":"info","message":{"action":"findUnique","duration":"11ms","model":"masterUser"},"timestamp":"2024-12-11T16:38:56.609Z"}
{"level":"info","message":{"action":"count","duration":"3ms","model":"masterUser"},"timestamp":"2024-12-11T16:38:56.614Z"}
{"level":"info","message":{"action":"create","duration":"5ms","model":"masterUser"},"timestamp":"2024-12-11T16:38:56.690Z"}
{"level":"info","message":"User added successfully: EMP00015","timestamp":"2024-12-11T16:39:00.576Z"}
{"level":"info","message":{"action":"findFirst","duration":"1ms","model":"User"},"timestamp":"2024-12-11T16:39:13.179Z"}
{"level":"info","message":{"action":"findFirst","duration":"2ms","model":"masterUser"},"timestamp":"2024-12-11T16:39:13.181Z"}
{"level":"info","message":{"action":"findUnique","duration":"11ms","model":"masterUser"},"timestamp":"2024-12-11T16:41:57.541Z"}
{"level":"info","message":{"action":"count","duration":"2ms","model":"masterUser"},"timestamp":"2024-12-11T16:41:57.545Z"}
{"level":"info","message":{"action":"create","duration":"5ms","model":"masterUser"},"timestamp":"2024-12-11T16:41:57.620Z"}
{"level":"info","message":"User added successfully: EMP00015","timestamp":"2024-12-11T16:42:00.449Z"}
{"level":"info","message":{"action":"findFirst","duration":"2ms","model":"User"},"timestamp":"2024-12-11T16:42:14.917Z"}
{"level":"info","message":{"action":"findFirst","duration":"2ms","model":"masterUser"},"timestamp":"2024-12-11T16:42:14.919Z"}
{"level":"info","message":{"action":"create","duration":"9ms","model":"NetworkLog"},"timestamp":"2024-12-11T16:42:15.588Z"}
{"level":"info","message":{"action":"findFirst","duration":"12ms","model":"User"},"timestamp":"2024-12-11T16:43:07.358Z"}
{"level":"info","message":{"action":"findFirst","duration":"2ms","model":"masterUser"},"timestamp":"2024-12-11T16:43:07.362Z"}
{"level":"info","message":{"action":"create","duration":"4ms","model":"NetworkLog"},"timestamp":"2024-12-11T16:43:07.895Z"}
{"level":"info","message":{"action":"findUnique","duration":"2ms","model":"User"},"timestamp":"2024-12-11T16:43:42.024Z"}
{"level":"info","message":{"action":"findUnique","duration":"2ms","model":"masterUser"},"timestamp":"2024-12-11T16:43:42.027Z"}
{"level":"info","message":{"action":"findUnique","duration":"2ms","model":"User"},"timestamp":"2024-12-11T16:44:13.972Z"}
{"level":"info","message":{"action":"findUnique","duration":"1ms","model":"masterUser"},"timestamp":"2024-12-11T16:44:13.974Z"}
{"level":"info","message":{"action":"findUnique","duration":"5ms","model":"User"},"timestamp":"2024-12-11T17:12:45.930Z"}
{"level":"info","message":{"action":"findUnique","duration":"3ms","model":"User"},"timestamp":"2024-12-11T17:12:45.934Z"}
{"level":"info","message":{"action":"create","duration":"5ms","model":"User"},"timestamp":"2024-12-11T17:12:46.002Z"}
{"level":"info","message":"User registered: rcprajapaksha123@gmail.com","timestamp":"2024-12-11T17:12:46.002Z"}
{"level":"info","message":{"action":"findFirst","duration":"2ms","model":"User"},"timestamp":"2024-12-11T17:12:51.183Z"}
{"level":"info","message":{"action":"findFirst","duration":"2ms","model":"masterUser"},"timestamp":"2024-12-11T17:12:51.185Z"}
{"level":"info","message":{"action":"findFirst","duration":"2ms","model":"User"},"timestamp":"2024-12-11T17:13:20.442Z"}
{"level":"info","message":{"action":"findFirst","duration":"3ms","model":"masterUser"},"timestamp":"2024-12-11T17:13:20.445Z"}
{"level":"info","message":{"action":"update","duration":"5ms","model":"User"},"timestamp":"2024-12-11T17:13:20.526Z"}
{"level":"info","message":{"action":"create","duration":"7ms","model":"NetworkLog"},"timestamp":"2024-12-11T17:13:21.637Z"}
{"level":"info","message":{"action":"findFirst","duration":"1ms","model":"User"},"timestamp":"2024-12-11T17:13:51.209Z"}
{"level":"info","message":{"action":"update","duration":"3ms","model":"User"},"timestamp":"2024-12-11T17:13:51.213Z"}
{"level":"info","message":{"action":"findUnique","duration":"4ms","model":"masterUser"},"timestamp":"2024-12-11T17:15:23.794Z"}
{"level":"info","message":{"action":"count","duration":"2ms","model":"masterUser"},"timestamp":"2024-12-11T17:15:23.796Z"}
{"level":"info","message":{"action":"create","duration":"4ms","model":"masterUser"},"timestamp":"2024-12-11T17:15:23.867Z"}
{"level":"info","message":"User added successfully: EMP00015","timestamp":"2024-12-11T17:15:26.983Z"}
{"level":"info","message":{"action":"findFirst","duration":"3ms","model":"User"},"timestamp":"2024-12-11T17:15:44.232Z"}
{"level":"info","message":{"action":"findFirst","duration":"2ms","model":"masterUser"},"timestamp":"2024-12-11T17:15:44.234Z"}
{"level":"info","message":{"action":"findFirst","duration":"1ms","model":"User"},"timestamp":"2024-12-11T17:15:57.102Z"}
{"level":"info","message":{"action":"findFirst","duration":"1ms","model":"masterUser"},"timestamp":"2024-12-11T17:15:57.103Z"}
{"level":"info","message":{"action":"create","duration":"9ms","model":"NetworkLog"},"timestamp":"2024-12-11T17:15:57.487Z"}
{"level":"info","message":{"action":"findUnique","duration":"12ms","model":"masterUser"},"timestamp":"2024-12-11T17:23:32.129Z"}
{"level":"info","message":{"action":"count","duration":"2ms","model":"masterUser"},"timestamp":"2024-12-11T17:23:32.134Z"}
{"level":"info","message":{"action":"create","duration":"8ms","model":"masterUser"},"timestamp":"2024-12-11T17:23:32.211Z"}
{"level":"info","message":"User added successfully: EMP00015","timestamp":"2024-12-11T17:23:35.000Z"}
{"level":"info","message":{"action":"findFirst","duration":"2ms","model":"User"},"timestamp":"2024-12-11T17:23:53.008Z"}
{"level":"info","message":{"action":"findFirst","duration":"1ms","model":"masterUser"},"timestamp":"2024-12-11T17:23:53.010Z"}
{"level":"info","message":{"action":"create","duration":"6ms","model":"NetworkLog"},"timestamp":"2024-12-11T17:23:53.641Z"}
{"level":"info","message":{"action":"findUnique","duration":"14ms","model":"masterUser"},"timestamp":"2024-12-11T17:26:14.826Z"}
{"level":"info","message":{"action":"count","duration":"3ms","model":"masterUser"},"timestamp":"2024-12-11T17:26:14.832Z"}
{"level":"info","message":{"action":"create","duration":"6ms","model":"masterUser"},"timestamp":"2024-12-11T17:26:14.906Z"}
{"level":"info","message":"User added successfully: EMP00015","timestamp":"2024-12-11T17:26:17.635Z"}
{"level":"info","message":{"action":"findFirst","duration":"2ms","model":"User"},"timestamp":"2024-12-11T17:26:35.407Z"}
{"level":"info","message":{"action":"findFirst","duration":"2ms","model":"masterUser"},"timestamp":"2024-12-11T17:26:35.410Z"}
{"level":"info","message":{"action":"findFirst","duration":"10ms","model":"User"},"timestamp":"2024-12-11T17:27:24.188Z"}
{"level":"info","message":{"action":"findFirst","duration":"2ms","model":"masterUser"},"timestamp":"2024-12-11T17:27:24.191Z"}
{"level":"info","message":{"action":"update","duration":"5ms","model":"masterUser"},"timestamp":"2024-12-11T17:27:24.265Z"}
{"level":"info","message":{"action":"create","duration":"8ms","model":"NetworkLog"},"timestamp":"2024-12-11T17:27:24.806Z"}
{"level":"info","message":{"action":"findUnique","duration":"2ms","model":"User"},"timestamp":"2024-12-11T17:27:57.118Z"}
{"level":"info","message":{"action":"findUnique","duration":"2ms","model":"masterUser"},"timestamp":"2024-12-11T17:27:57.121Z"}
