{"level":"info","message":{"action":"findUnique","duration":"390ms","model":"Patient"},"timestamp":"2024-12-05T03:32:49.136Z"}
{"level":"info","message":{"action":"findUnique","duration":"2ms","model":"Patient"},"timestamp":"2024-12-05T03:32:49.139Z"}
{"level":"info","message":{"action":"create","duration":"25ms","model":"Patient"},"timestamp":"2024-12-05T03:32:49.165Z"}
{"level":"info","message":"Patient registered: chanakaprasath456@gmail.com","timestamp":"2024-12-05T03:32:49.165Z"}
{"level":"info","message":{"action":"findUnique","duration":"4ms","model":"Patient"},"timestamp":"2024-12-05T03:40:08.042Z"}
{"level":"info","message":{"action":"findUnique","duration":"2ms","model":"Patient"},"timestamp":"2024-12-05T03:40:08.045Z"}
{"level":"info","message":{"action":"create","duration":"4ms","model":"Patient"},"timestamp":"2024-12-05T03:40:08.049Z"}
{"level":"info","message":"Patient registered: chanakaprasath456@gmail.com","timestamp":"2024-12-05T03:40:08.049Z"}
{"level":"info","message":{"action":"findUnique","duration":"11ms","model":"Patient"},"timestamp":"2024-12-05T03:53:29.417Z"}
{"level":"info","message":{"action":"findUnique","duration":"2ms","model":"Patient"},"timestamp":"2024-12-05T03:53:29.421Z"}
{"level":"info","message":{"action":"create","duration":"6ms","model":"Patient"},"timestamp":"2024-12-05T03:53:29.428Z"}
{"level":"info","message":"Patient registered: chanakaprasath456@gmail.com","timestamp":"2024-12-05T03:53:29.428Z"}
{"level":"info","message":{"action":"findUnique","duration":"4ms","model":"Patient"},"timestamp":"2024-12-05T03:59:07.936Z"}
{"level":"info","message":{"action":"findUnique","duration":"1ms","model":"Patient"},"timestamp":"2024-12-05T03:59:07.938Z"}
{"level":"info","message":{"action":"create","duration":"3ms","model":"Patient"},"timestamp":"2024-12-05T03:59:07.941Z"}
{"level":"info","message":"Patient registered: chanakaprasath456@gmail.com","timestamp":"2024-12-05T03:59:07.941Z"}
{"level":"info","message":{"action":"findUnique","duration":"17ms","model":"Patient"},"timestamp":"2024-12-05T04:02:32.014Z"}
{"level":"info","message":{"action":"findUnique","duration":"2ms","model":"Patient"},"timestamp":"2024-12-05T04:02:32.017Z"}
{"level":"info","message":{"action":"create","duration":"4ms","model":"Patient"},"timestamp":"2024-12-05T04:02:32.022Z"}
{"level":"info","message":"Patient registered: chanakaprasath456@gmail.com","timestamp":"2024-12-05T04:02:32.022Z"}
{"level":"info","message":{"action":"findFirst","duration":"46ms","model":"User"},"timestamp":"2024-12-05T04:02:53.253Z"}
{"level":"info","message":{"action":"update","duration":"72ms","model":"User"},"timestamp":"2024-12-05T04:02:53.397Z"}
{"level":"info","message":{"action":"findUnique","duration":"2ms","model":"User"},"timestamp":"2024-12-05T04:02:53.409Z"}
{"level":"info","message":{"action":"findMany","duration":"3ms","model":"Patient"},"timestamp":"2024-12-05T04:02:53.434Z"}
{"level":"info","message":"Fetched 1 patients from the database.","timestamp":"2024-12-05T04:02:53.434Z"}
{"level":"info","message":{"action":"findUnique","duration":"2ms","model":"Patient"},"timestamp":"2024-12-05T04:02:55.205Z"}
{"level":"info","message":"Fetched details for patient ID: cm4asjr2r0002u6u5d7nl3xcx","timestamp":"2024-12-05T04:02:55.205Z"}
{"level":"info","message":{"action":"findFirst","duration":"4ms","model":"User"},"timestamp":"2024-12-05T04:04:18.917Z"}
{"level":"info","message":{"action":"update","duration":"5ms","model":"User"},"timestamp":"2024-12-05T04:04:18.984Z"}
{"level":"info","message":{"action":"findUnique","duration":"2ms","model":"User"},"timestamp":"2024-12-05T04:04:18.992Z"}
{"level":"info","message":{"action":"findMany","duration":"2ms","model":"Patient"},"timestamp":"2024-12-05T04:04:19.018Z"}
{"level":"info","message":"Fetched 1 patients from the database.","timestamp":"2024-12-05T04:04:19.018Z"}
{"level":"info","message":{"action":"findUnique","duration":"2ms","model":"Patient"},"timestamp":"2024-12-05T04:04:33.406Z"}
{"level":"info","message":"Fetched details for patient ID: cm4asjr2r0002u6u5d7nl3xcx","timestamp":"2024-12-05T04:04:33.407Z"}
{"level":"info","message":{"action":"findMany","duration":"26ms","model":"Patient"},"timestamp":"2024-12-05T04:14:49.302Z"}
{"level":"info","message":"Fetched 1 patients from the database.","timestamp":"2024-12-05T04:14:49.303Z"}
{"level":"info","message":{"action":"findMany","duration":"3ms","model":"Patient"},"timestamp":"2024-12-05T04:15:40.550Z"}
{"level":"info","message":"Fetched 1 patients from the database.","timestamp":"2024-12-05T04:15:40.550Z"}
{"level":"info","message":{"action":"findMany","duration":"3ms","model":"Patient"},"timestamp":"2024-12-05T04:15:42.238Z"}
{"level":"info","message":"Fetched 1 patients from the database.","timestamp":"2024-12-05T04:15:42.238Z"}
{"level":"info","message":{"action":"findUnique","duration":"2ms","model":"Patient"},"timestamp":"2024-12-05T04:15:50.999Z"}
{"level":"info","message":"Fetched details for patient ID: cm4asjr2r0002u6u5d7nl3xcx","timestamp":"2024-12-05T04:15:50.999Z"}
{"level":"info","message":{"action":"findMany","duration":"2ms","model":"Patient"},"timestamp":"2024-12-05T04:15:57.012Z"}
{"level":"info","message":"Fetched 1 patients from the database.","timestamp":"2024-12-05T04:15:57.013Z"}
{"level":"info","message":{"action":"findUnique","duration":"2ms","model":"Patient"},"timestamp":"2024-12-05T04:15:58.103Z"}
{"level":"info","message":"Fetched details for patient ID: cm4asjr2r0002u6u5d7nl3xcx","timestamp":"2024-12-05T04:15:58.103Z"}
{"level":"info","message":{"action":"findMany","duration":"5ms","model":"Patient"},"timestamp":"2024-12-05T04:18:20.619Z"}
{"level":"info","message":"Fetched 1 patients from the database.","timestamp":"2024-12-05T04:18:20.619Z"}
{"level":"info","message":{"action":"findMany","duration":"3ms","model":"Patient"},"timestamp":"2024-12-05T04:18:23.050Z"}
{"level":"info","message":"Fetched 1 patients from the database.","timestamp":"2024-12-05T04:18:23.050Z"}
{"level":"info","message":{"action":"findUnique","duration":"1ms","model":"Patient"},"timestamp":"2024-12-05T04:18:24.416Z"}
{"level":"info","message":"Fetched details for patient ID: cm4asjr2r0002u6u5d7nl3xcx","timestamp":"2024-12-05T04:18:24.416Z"}
{"level":"info","message":{"action":"findMany","duration":"2ms","model":"Patient"},"timestamp":"2024-12-05T04:18:31.149Z"}
{"level":"info","message":"Fetched 1 patients from the database.","timestamp":"2024-12-05T04:18:31.150Z"}
{"level":"info","message":{"action":"findUnique","duration":"2ms","model":"Patient"},"timestamp":"2024-12-05T04:18:32.573Z"}
{"level":"info","message":"Fetched details for patient ID: cm4asjr2r0002u6u5d7nl3xcx","timestamp":"2024-12-05T04:18:32.574Z"}
{"level":"info","message":{"action":"findFirst","duration":"1ms","model":"User"},"timestamp":"2024-12-05T04:19:46.924Z"}
{"level":"info","message":{"action":"update","duration":"3ms","model":"User"},"timestamp":"2024-12-05T04:19:46.992Z"}
{"level":"info","message":{"action":"findUnique","duration":"1ms","model":"User"},"timestamp":"2024-12-05T04:19:47.002Z"}
{"level":"info","message":{"action":"findMany","duration":"3ms","model":"Patient"},"timestamp":"2024-12-05T04:19:47.035Z"}
{"level":"info","message":"Fetched 1 patients from the database.","timestamp":"2024-12-05T04:19:47.035Z"}
{"level":"info","message":{"action":"findMany","duration":"4ms","model":"Patient"},"timestamp":"2024-12-05T04:22:16.066Z"}
{"level":"info","message":"Fetched 1 patients from the database.","timestamp":"2024-12-05T04:22:16.066Z"}
{"level":"info","message":{"action":"findFirst","duration":"4ms","model":"User"},"timestamp":"2024-12-05T04:34:45.695Z"}
{"level":"info","message":{"action":"update","duration":"5ms","model":"User"},"timestamp":"2024-12-05T04:34:45.760Z"}
{"level":"info","message":{"action":"findUnique","duration":"1ms","model":"User"},"timestamp":"2024-12-05T04:34:45.769Z"}
{"level":"info","message":{"action":"findMany","duration":"3ms","model":"Patient"},"timestamp":"2024-12-05T04:34:45.793Z"}
{"level":"info","message":"Fetched 1 patients from the database.","timestamp":"2024-12-05T04:34:45.793Z"}
{"level":"info","message":{"action":"findUnique","duration":"2ms","model":"Patient"},"timestamp":"2024-12-05T04:34:47.655Z"}
{"level":"info","message":"Fetched details for patient ID: cm4asjr2r0002u6u5d7nl3xcx","timestamp":"2024-12-05T04:34:47.655Z"}
{"level":"info","message":{"action":"findMany","duration":"3ms","model":"Patient"},"timestamp":"2024-12-05T04:37:21.074Z"}
{"level":"info","message":"Fetched 1 patients from the database.","timestamp":"2024-12-05T04:37:21.074Z"}
{"level":"info","message":{"action":"findMany","duration":"1ms","model":"Patient"},"timestamp":"2024-12-05T04:37:22.056Z"}
{"level":"info","message":"Fetched 1 patients from the database.","timestamp":"2024-12-05T04:37:22.056Z"}
{"level":"info","message":{"action":"findUnique","duration":"2ms","model":"Patient"},"timestamp":"2024-12-05T04:37:26.424Z"}
{"level":"info","message":"Fetched details for patient ID: cm4asjr2r0002u6u5d7nl3xcx","timestamp":"2024-12-05T04:37:26.424Z"}
{"level":"info","message":{"action":"findMany","duration":"4ms","model":"Patient"},"timestamp":"2024-12-05T04:37:28.671Z"}
{"level":"info","message":"Fetched 1 patients from the database.","timestamp":"2024-12-05T04:37:28.671Z"}
{"level":"info","message":{"action":"findUnique","duration":"1ms","model":"Patient"},"timestamp":"2024-12-05T04:37:30.365Z"}
{"level":"info","message":"Fetched details for patient ID: cm4asjr2r0002u6u5d7nl3xcx","timestamp":"2024-12-05T04:37:30.365Z"}
{"level":"info","message":{"action":"findFirst","duration":"7ms","model":"User"},"timestamp":"2024-12-05T05:10:52.820Z"}
{"level":"info","message":{"action":"update","duration":"8ms","model":"User"},"timestamp":"2024-12-05T05:10:53.061Z"}
{"level":"info","message":{"action":"findUnique","duration":"3ms","model":"User"},"timestamp":"2024-12-05T05:10:53.077Z"}
{"level":"info","message":{"action":"findMany","duration":"11ms","model":"Patient"},"timestamp":"2024-12-05T05:10:53.138Z"}
{"level":"info","message":"Fetched 1 patients from the database.","timestamp":"2024-12-05T05:10:53.138Z"}
{"level":"info","message":{"action":"findUnique","duration":"3ms","model":"Patient"},"timestamp":"2024-12-05T05:10:54.301Z"}
{"level":"info","message":"Fetched details for patient ID: cm4asjr2r0002u6u5d7nl3xcx","timestamp":"2024-12-05T05:10:54.301Z"}
{"level":"info","message":{"action":"findMany","duration":"11ms","model":"Patient"},"timestamp":"2024-12-05T05:11:44.477Z"}
{"level":"info","message":"Fetched 1 patients from the database.","timestamp":"2024-12-05T05:11:44.477Z"}
{"level":"info","message":{"action":"findUnique","duration":"2ms","model":"Patient"},"timestamp":"2024-12-05T05:11:48.188Z"}
{"level":"info","message":"Fetched details for patient ID: cm4asjr2r0002u6u5d7nl3xcx","timestamp":"2024-12-05T05:11:48.188Z"}
{"level":"info","message":{"action":"findFirst","duration":"3ms","model":"User"},"timestamp":"2024-12-05T05:11:55.527Z"}
{"level":"info","message":{"action":"update","duration":"6ms","model":"User"},"timestamp":"2024-12-05T05:11:55.774Z"}
{"level":"info","message":{"action":"findUnique","duration":"2ms","model":"User"},"timestamp":"2024-12-05T05:11:55.790Z"}
{"level":"info","message":{"action":"findMany","duration":"5ms","model":"Patient"},"timestamp":"2024-12-05T05:11:55.831Z"}
{"level":"info","message":"Fetched 1 patients from the database.","timestamp":"2024-12-05T05:11:55.831Z"}
{"level":"info","message":{"action":"findUnique","duration":"3ms","model":"Patient"},"timestamp":"2024-12-05T05:12:06.321Z"}
{"level":"info","message":"Fetched details for patient ID: cm4asjr2r0002u6u5d7nl3xcx","timestamp":"2024-12-05T05:12:06.321Z"}
{"level":"info","message":{"action":"findMany","duration":"6ms","model":"Patient"},"timestamp":"2024-12-05T05:14:04.148Z"}
{"level":"info","message":"Fetched 1 patients from the database.","timestamp":"2024-12-05T05:14:04.148Z"}
{"level":"info","message":{"action":"findMany","duration":"2ms","model":"Patient"},"timestamp":"2024-12-05T05:14:10.061Z"}
{"level":"info","message":"Fetched 1 patients from the database.","timestamp":"2024-12-05T05:14:10.061Z"}
{"level":"info","message":{"action":"findUnique","duration":"2ms","model":"Patient"},"timestamp":"2024-12-05T05:14:13.271Z"}
{"level":"info","message":"Fetched details for patient ID: cm4asjr2r0002u6u5d7nl3xcx","timestamp":"2024-12-05T05:14:13.271Z"}
{"level":"info","message":{"action":"findMany","duration":"4ms","model":"Patient"},"timestamp":"2024-12-05T05:14:44.867Z"}
{"level":"info","message":"Fetched 1 patients from the database.","timestamp":"2024-12-05T05:14:44.868Z"}
{"level":"info","message":{"action":"findMany","duration":"15ms","model":"Patient"},"timestamp":"2024-12-05T05:17:32.469Z"}
{"level":"info","message":"Fetched 1 patients from the database.","timestamp":"2024-12-05T05:17:32.470Z"}
{"level":"info","message":{"action":"findMany","duration":"3ms","model":"Patient"},"timestamp":"2024-12-05T05:17:37.805Z"}
{"level":"info","message":"Fetched 1 patients from the database.","timestamp":"2024-12-05T05:17:37.805Z"}
{"level":"info","message":{"action":"findMany","duration":"3ms","model":"Patient"},"timestamp":"2024-12-05T05:21:51.532Z"}
{"level":"info","message":"Fetched 1 patients from the database.","timestamp":"2024-12-05T05:21:51.533Z"}
{"level":"info","message":{"action":"findMany","duration":"2ms","model":"Patient"},"timestamp":"2024-12-05T05:21:55.374Z"}
{"level":"info","message":"Fetched 1 patients from the database.","timestamp":"2024-12-05T05:21:55.374Z"}
{"level":"info","message":{"action":"findMany","duration":"2ms","model":"Patient"},"timestamp":"2024-12-05T05:21:57.765Z"}
{"level":"info","message":"Fetched 1 patients from the database.","timestamp":"2024-12-05T05:21:57.765Z"}
{"level":"info","message":{"action":"findMany","duration":"1ms","model":"Patient"},"timestamp":"2024-12-05T05:22:05.472Z"}
{"level":"info","message":"Fetched 1 patients from the database.","timestamp":"2024-12-05T05:22:05.473Z"}
{"level":"info","message":{"action":"findMany","duration":"5ms","model":"Patient"},"timestamp":"2024-12-05T05:23:05.323Z"}
{"level":"info","message":"Fetched 1 patients from the database.","timestamp":"2024-12-05T05:23:05.324Z"}
{"level":"info","message":{"action":"findMany","duration":"2ms","model":"Patient"},"timestamp":"2024-12-05T05:23:07.720Z"}
{"level":"info","message":"Fetched 1 patients from the database.","timestamp":"2024-12-05T05:23:07.720Z"}
{"level":"info","message":{"action":"findMany","duration":"1ms","model":"Patient"},"timestamp":"2024-12-05T05:23:10.124Z"}
{"level":"info","message":"Fetched 1 patients from the database.","timestamp":"2024-12-05T05:23:10.124Z"}
{"level":"info","message":{"action":"findMany","duration":"4ms","model":"Patient"},"timestamp":"2024-12-05T05:23:18.920Z"}
{"level":"info","message":"Fetched 1 patients from the database.","timestamp":"2024-12-05T05:23:18.921Z"}
{"level":"info","message":{"action":"findMany","duration":"2ms","model":"Patient"},"timestamp":"2024-12-05T05:23:32.542Z"}
{"level":"info","message":"Fetched 1 patients from the database.","timestamp":"2024-12-05T05:23:32.542Z"}
{"level":"info","message":{"action":"findMany","duration":"5ms","model":"Patient"},"timestamp":"2024-12-05T05:23:34.479Z"}
{"level":"info","message":"Fetched 1 patients from the database.","timestamp":"2024-12-05T05:23:34.479Z"}
{"level":"info","message":{"action":"findMany","duration":"2ms","model":"Patient"},"timestamp":"2024-12-05T05:23:42.352Z"}
{"level":"info","message":"Fetched 1 patients from the database.","timestamp":"2024-12-05T05:23:42.352Z"}
{"level":"info","message":{"action":"findMany","duration":"10ms","model":"Patient"},"timestamp":"2024-12-05T05:23:49.572Z"}
{"level":"info","message":"Fetched 1 patients from the database.","timestamp":"2024-12-05T05:23:49.572Z"}
{"level":"info","message":{"action":"findMany","duration":"7ms","model":"Patient"},"timestamp":"2024-12-05T05:24:00.533Z"}
{"level":"info","message":"Fetched 1 patients from the database.","timestamp":"2024-12-05T05:24:00.533Z"}
{"level":"info","message":{"action":"findMany","duration":"3ms","model":"Patient"},"timestamp":"2024-12-05T05:24:04.795Z"}
{"level":"info","message":"Fetched 1 patients from the database.","timestamp":"2024-12-05T05:24:04.795Z"}
{"level":"info","message":{"action":"findMany","duration":"2ms","model":"Patient"},"timestamp":"2024-12-05T05:24:06.939Z"}
{"level":"info","message":"Fetched 1 patients from the database.","timestamp":"2024-12-05T05:24:06.939Z"}
{"level":"info","message":{"action":"findMany","duration":"2ms","model":"Patient"},"timestamp":"2024-12-05T05:24:09.826Z"}
{"level":"info","message":"Fetched 1 patients from the database.","timestamp":"2024-12-05T05:24:09.827Z"}
{"level":"info","message":{"action":"findMany","duration":"2ms","model":"Patient"},"timestamp":"2024-12-05T05:24:11.548Z"}
{"level":"info","message":"Fetched 1 patients from the database.","timestamp":"2024-12-05T05:24:11.548Z"}
{"level":"info","message":{"action":"findMany","duration":"2ms","model":"Patient"},"timestamp":"2024-12-05T05:24:14.970Z"}
{"level":"info","message":"Fetched 1 patients from the database.","timestamp":"2024-12-05T05:24:14.970Z"}
{"level":"info","message":{"action":"findMany","duration":"1ms","model":"Patient"},"timestamp":"2024-12-05T05:24:17.842Z"}
{"level":"info","message":"Fetched 1 patients from the database.","timestamp":"2024-12-05T05:24:17.843Z"}
{"level":"info","message":{"action":"findMany","duration":"3ms","model":"Patient"},"timestamp":"2024-12-05T05:24:19.619Z"}
{"level":"info","message":"Fetched 1 patients from the database.","timestamp":"2024-12-05T05:24:19.619Z"}
{"level":"info","message":{"action":"findMany","duration":"3ms","model":"Patient"},"timestamp":"2024-12-05T05:24:45.313Z"}
{"level":"info","message":"Fetched 1 patients from the database.","timestamp":"2024-12-05T05:24:45.314Z"}
{"level":"info","message":{"action":"findMany","duration":"4ms","model":"Patient"},"timestamp":"2024-12-05T05:27:45.932Z"}
{"level":"info","message":"Fetched 1 patients from the database.","timestamp":"2024-12-05T05:27:45.932Z"}
{"level":"info","message":{"action":"findMany","duration":"2ms","model":"Patient"},"timestamp":"2024-12-05T05:28:02.473Z"}
{"level":"info","message":"Fetched 1 patients from the database.","timestamp":"2024-12-05T05:28:02.474Z"}
{"level":"info","message":{"action":"findMany","duration":"8ms","model":"Patient"},"timestamp":"2024-12-05T05:29:02.579Z"}
{"level":"info","message":"Fetched 1 patients from the database.","timestamp":"2024-12-05T05:29:02.579Z"}
{"level":"info","message":{"action":"findUnique","duration":"2ms","model":"Patient"},"timestamp":"2024-12-05T05:29:04.684Z"}
{"level":"info","message":"Fetched details for patient ID: cm4asjr2r0002u6u5d7nl3xcx","timestamp":"2024-12-05T05:29:04.684Z"}
{"level":"info","message":{"action":"findFirst","duration":"2ms","model":"User"},"timestamp":"2024-12-05T05:29:10.576Z"}
{"level":"info","message":{"action":"update","duration":"5ms","model":"User"},"timestamp":"2024-12-05T05:29:10.774Z"}
{"level":"info","message":{"action":"findUnique","duration":"2ms","model":"User"},"timestamp":"2024-12-05T05:29:10.787Z"}
{"level":"info","message":{"action":"findMany","duration":"2ms","model":"Patient"},"timestamp":"2024-12-05T05:29:10.838Z"}
{"level":"info","message":"Fetched 1 patients from the database.","timestamp":"2024-12-05T05:29:10.838Z"}
{"level":"info","message":{"action":"findMany","duration":"22ms","model":"Patient"},"timestamp":"2024-12-05T05:29:17.728Z"}
{"level":"info","message":"Fetched 1 patients from the database.","timestamp":"2024-12-05T05:29:17.728Z"}
{"level":"info","message":{"action":"findMany","duration":"3ms","model":"Patient"},"timestamp":"2024-12-05T05:29:21.220Z"}
{"level":"info","message":"Fetched 1 patients from the database.","timestamp":"2024-12-05T05:29:21.220Z"}
{"level":"info","message":{"action":"findMany","duration":"3ms","model":"Patient"},"timestamp":"2024-12-05T05:29:34.759Z"}
{"level":"info","message":"Fetched 1 patients from the database.","timestamp":"2024-12-05T05:29:34.760Z"}
{"level":"info","message":{"action":"findMany","duration":"3ms","model":"Patient"},"timestamp":"2024-12-05T05:29:36.085Z"}
{"level":"info","message":"Fetched 1 patients from the database.","timestamp":"2024-12-05T05:29:36.085Z"}
{"level":"info","message":{"action":"findMany","duration":"1ms","model":"Patient"},"timestamp":"2024-12-05T05:29:38.033Z"}
{"level":"info","message":"Fetched 1 patients from the database.","timestamp":"2024-12-05T05:29:38.034Z"}
{"level":"info","message":{"action":"findMany","duration":"2ms","model":"Patient"},"timestamp":"2024-12-05T05:30:03.162Z"}
{"level":"info","message":"Fetched 1 patients from the database.","timestamp":"2024-12-05T05:30:03.162Z"}
{"level":"info","message":{"action":"findMany","duration":"1ms","model":"Patient"},"timestamp":"2024-12-05T05:30:05.282Z"}
{"level":"info","message":"Fetched 1 patients from the database.","timestamp":"2024-12-05T05:30:05.283Z"}
{"level":"info","message":{"action":"findMany","duration":"2ms","model":"Patient"},"timestamp":"2024-12-05T05:30:10.189Z"}
{"level":"info","message":"Fetched 1 patients from the database.","timestamp":"2024-12-05T05:30:10.189Z"}
{"level":"info","message":{"action":"findMany","duration":"1ms","model":"Patient"},"timestamp":"2024-12-05T05:30:15.942Z"}
{"level":"info","message":"Fetched 1 patients from the database.","timestamp":"2024-12-05T05:30:15.942Z"}
{"level":"info","message":{"action":"findMany","duration":"2ms","model":"Patient"},"timestamp":"2024-12-05T05:30:17.815Z"}
{"level":"info","message":"Fetched 1 patients from the database.","timestamp":"2024-12-05T05:30:17.816Z"}
{"level":"info","message":{"action":"findUnique","duration":"2ms","model":"Patient"},"timestamp":"2024-12-05T05:30:21.592Z"}
{"level":"info","message":"Fetched details for patient ID: cm4asjr2r0002u6u5d7nl3xcx","timestamp":"2024-12-05T05:30:21.592Z"}
{"level":"info","message":{"action":"findMany","duration":"3ms","model":"Patient"},"timestamp":"2024-12-05T05:30:40.664Z"}
{"level":"info","message":"Fetched 1 patients from the database.","timestamp":"2024-12-05T05:30:40.665Z"}
{"level":"info","message":{"action":"findFirst","duration":"13ms","model":"User"},"timestamp":"2024-12-05T06:14:40.570Z"}
{"level":"info","message":{"action":"update","duration":"6ms","model":"User"},"timestamp":"2024-12-05T06:14:40.665Z"}
{"level":"info","message":{"action":"findUnique","duration":"2ms","model":"User"},"timestamp":"2024-12-05T06:14:40.685Z"}
{"level":"info","message":{"action":"findMany","duration":"4ms","model":"Patient"},"timestamp":"2024-12-05T06:14:40.739Z"}
{"level":"info","message":"Fetched 1 patients from the database.","timestamp":"2024-12-05T06:14:40.739Z"}
{"level":"info","message":{"action":"findUnique","duration":"2ms","model":"Patient"},"timestamp":"2024-12-05T06:14:43.842Z"}
{"level":"info","message":"Fetched details for patient ID: cm4asjr2r0002u6u5d7nl3xcx","timestamp":"2024-12-05T06:14:43.842Z"}
{"level":"info","message":{"action":"findMany","duration":"3ms","model":"Patient"},"timestamp":"2024-12-05T06:16:13.076Z"}
{"level":"info","message":"Fetched 1 patients from the database.","timestamp":"2024-12-05T06:16:13.076Z"}
{"level":"info","message":{"action":"findMany","duration":"2ms","model":"Patient"},"timestamp":"2024-12-05T06:16:21.074Z"}
{"level":"info","message":"Fetched 1 patients from the database.","timestamp":"2024-12-05T06:16:21.075Z"}
{"level":"info","message":{"action":"findMany","duration":"2ms","model":"Patient"},"timestamp":"2024-12-05T06:16:25.072Z"}
{"level":"info","message":"Fetched 1 patients from the database.","timestamp":"2024-12-05T06:16:25.073Z"}
{"level":"info","message":{"action":"findMany","duration":"2ms","model":"Patient"},"timestamp":"2024-12-05T06:16:29.064Z"}
{"level":"info","message":"Fetched 1 patients from the database.","timestamp":"2024-12-05T06:16:29.064Z"}
{"level":"info","message":{"action":"findMany","duration":"3ms","model":"Patient"},"timestamp":"2024-12-05T06:16:48.480Z"}
{"level":"info","message":"Fetched 1 patients from the database.","timestamp":"2024-12-05T06:16:48.480Z"}
{"level":"info","message":{"action":"findUnique","duration":"3ms","model":"Patient"},"timestamp":"2024-12-05T06:16:49.744Z"}
{"level":"info","message":"Fetched details for patient ID: cm4asjr2r0002u6u5d7nl3xcx","timestamp":"2024-12-05T06:16:49.745Z"}
{"level":"info","message":{"action":"findMany","duration":"4ms","model":"Patient"},"timestamp":"2024-12-05T06:18:17.178Z"}
{"level":"info","message":"Fetched 1 patients from the database.","timestamp":"2024-12-05T06:18:17.178Z"}
{"level":"info","message":{"action":"findMany","duration":"3ms","model":"Patient"},"timestamp":"2024-12-05T06:18:26.076Z"}
{"level":"info","message":"Fetched 1 patients from the database.","timestamp":"2024-12-05T06:18:26.077Z"}
{"level":"info","message":{"action":"findMany","duration":"3ms","model":"Patient"},"timestamp":"2024-12-05T06:18:28.292Z"}
{"level":"info","message":"Fetched 1 patients from the database.","timestamp":"2024-12-05T06:18:28.292Z"}
{"level":"info","message":{"action":"findUnique","duration":"2ms","model":"Patient"},"timestamp":"2024-12-05T06:18:29.867Z"}
{"level":"info","message":"Fetched details for patient ID: cm4asjr2r0002u6u5d7nl3xcx","timestamp":"2024-12-05T06:18:29.867Z"}
{"level":"info","message":{"action":"findMany","duration":"4ms","model":"Patient"},"timestamp":"2024-12-05T06:20:34.387Z"}
{"level":"info","message":"Fetched 1 patients from the database.","timestamp":"2024-12-05T06:20:34.387Z"}
{"level":"info","message":{"action":"findMany","duration":"2ms","model":"Patient"},"timestamp":"2024-12-05T06:20:51.139Z"}
{"level":"info","message":"Fetched 1 patients from the database.","timestamp":"2024-12-05T06:20:51.139Z"}
{"level":"info","message":{"action":"findMany","duration":"2ms","model":"Patient"},"timestamp":"2024-12-05T06:22:03.070Z"}
{"level":"info","message":"Fetched 1 patients from the database.","timestamp":"2024-12-05T06:22:03.070Z"}
{"level":"info","message":{"action":"findMany","duration":"2ms","model":"Patient"},"timestamp":"2024-12-05T06:22:23.114Z"}
{"level":"info","message":"Fetched 1 patients from the database.","timestamp":"2024-12-05T06:22:23.114Z"}
{"level":"info","message":{"action":"findUnique","duration":"2ms","model":"Patient"},"timestamp":"2024-12-05T06:22:24.971Z"}
{"level":"info","message":"Fetched details for patient ID: cm4asjr2r0002u6u5d7nl3xcx","timestamp":"2024-12-05T06:22:24.971Z"}
{"level":"info","message":{"action":"findMany","duration":"2ms","model":"Patient"},"timestamp":"2024-12-05T06:22:34.600Z"}
{"level":"info","message":"Fetched 1 patients from the database.","timestamp":"2024-12-05T06:22:34.600Z"}
{"level":"info","message":{"action":"findUnique","duration":"2ms","model":"Patient"},"timestamp":"2024-12-05T06:22:36.295Z"}
{"level":"info","message":"Fetched details for patient ID: cm4asjr2r0002u6u5d7nl3xcx","timestamp":"2024-12-05T06:22:36.295Z"}
{"level":"info","message":{"action":"findMany","duration":"2ms","model":"Patient"},"timestamp":"2024-12-05T06:22:54.200Z"}
{"level":"info","message":"Fetched 1 patients from the database.","timestamp":"2024-12-05T06:22:54.200Z"}
{"level":"info","message":{"action":"findMany","duration":"2ms","model":"Patient"},"timestamp":"2024-12-05T06:23:23.397Z"}
{"level":"info","message":"Fetched 1 patients from the database.","timestamp":"2024-12-05T06:23:23.397Z"}
{"level":"info","message":{"action":"findMany","duration":"2ms","model":"Patient"},"timestamp":"2024-12-05T06:23:35.875Z"}
{"level":"info","message":"Fetched 1 patients from the database.","timestamp":"2024-12-05T06:23:35.875Z"}
{"level":"info","message":{"action":"findMany","duration":"4ms","model":"Patient"},"timestamp":"2024-12-05T06:23:40.771Z"}
{"level":"info","message":"Fetched 1 patients from the database.","timestamp":"2024-12-05T06:23:40.771Z"}
{"level":"info","message":{"action":"findMany","duration":"2ms","model":"Patient"},"timestamp":"2024-12-05T06:24:25.101Z"}
{"level":"info","message":"Fetched 1 patients from the database.","timestamp":"2024-12-05T06:24:25.101Z"}
{"level":"info","message":{"action":"findMany","duration":"1ms","model":"Patient"},"timestamp":"2024-12-05T06:24:29.437Z"}
{"level":"info","message":"Fetched 1 patients from the database.","timestamp":"2024-12-05T06:24:29.437Z"}
{"level":"info","message":{"action":"findUnique","duration":"3ms","model":"Patient"},"timestamp":"2024-12-05T06:24:32.421Z"}
{"level":"info","message":"Fetched details for patient ID: cm4asjr2r0002u6u5d7nl3xcx","timestamp":"2024-12-05T06:24:32.421Z"}
{"level":"info","message":{"action":"findMany","duration":"8ms","model":"Patient"},"timestamp":"2024-12-05T06:26:21.374Z"}
{"level":"info","message":"Fetched 1 patients from the database.","timestamp":"2024-12-05T06:26:21.374Z"}
{"level":"info","message":{"action":"findMany","duration":"2ms","model":"Patient"},"timestamp":"2024-12-05T06:26:25.691Z"}
{"level":"info","message":"Fetched 1 patients from the database.","timestamp":"2024-12-05T06:26:25.691Z"}
{"level":"info","message":{"action":"findMany","duration":"2ms","model":"Patient"},"timestamp":"2024-12-05T06:26:33.415Z"}
{"level":"info","message":"Fetched 1 patients from the database.","timestamp":"2024-12-05T06:26:33.415Z"}
{"level":"info","message":{"action":"findMany","duration":"3ms","model":"Patient"},"timestamp":"2024-12-05T06:26:42.937Z"}
{"level":"info","message":"Fetched 1 patients from the database.","timestamp":"2024-12-05T06:26:42.937Z"}
{"level":"info","message":{"action":"findMany","duration":"1ms","model":"Patient"},"timestamp":"2024-12-05T06:26:51.470Z"}
{"level":"info","message":"Fetched 1 patients from the database.","timestamp":"2024-12-05T06:26:51.471Z"}
{"level":"info","message":{"action":"findUnique","duration":"5ms","model":"Patient"},"timestamp":"2024-12-05T06:36:37.957Z"}
{"level":"info","message":{"action":"findUnique","duration":"1ms","model":"Patient"},"timestamp":"2024-12-05T06:36:37.958Z"}
{"level":"info","message":{"action":"create","duration":"4ms","model":"Patient"},"timestamp":"2024-12-05T06:36:37.963Z"}
{"level":"info","message":"Patient registered: chanakaprasath456@gmail.com","timestamp":"2024-12-05T06:36:37.963Z"}
{"level":"info","message":{"action":"findFirst","duration":"2ms","model":"User"},"timestamp":"2024-12-05T06:37:09.453Z"}
{"level":"info","message":{"action":"update","duration":"5ms","model":"User"},"timestamp":"2024-12-05T06:37:09.520Z"}
{"level":"info","message":{"action":"findUnique","duration":"2ms","model":"User"},"timestamp":"2024-12-05T06:37:09.530Z"}
{"level":"info","message":{"action":"findMany","duration":"2ms","model":"Patient"},"timestamp":"2024-12-05T06:37:09.557Z"}
{"level":"info","message":"Fetched 1 patients from the database.","timestamp":"2024-12-05T06:37:09.557Z"}
{"level":"info","message":{"action":"findMany","duration":"2ms","model":"Patient"},"timestamp":"2024-12-05T06:37:40.515Z"}
{"level":"info","message":"Fetched 1 patients from the database.","timestamp":"2024-12-05T06:37:40.515Z"}
{"level":"info","message":{"action":"findUnique","duration":"2ms","model":"Patient"},"timestamp":"2024-12-05T06:37:42.086Z"}
{"level":"info","message":"Fetched details for patient ID: cm4ay1xaf00005eg5c1u4o3pe","timestamp":"2024-12-05T06:37:42.086Z"}
{"level":"info","message":{"action":"findMany","duration":"1ms","model":"Patient"},"timestamp":"2024-12-05T06:37:56.146Z"}
{"level":"info","message":"Fetched 1 patients from the database.","timestamp":"2024-12-05T06:37:56.147Z"}
{"level":"info","message":{"action":"findMany","duration":"2ms","model":"Patient"},"timestamp":"2024-12-05T06:37:57.473Z"}
{"level":"info","message":"Fetched 1 patients from the database.","timestamp":"2024-12-05T06:37:57.474Z"}
{"level":"info","message":{"action":"findMany","duration":"2ms","model":"Patient"},"timestamp":"2024-12-05T06:38:12.340Z"}
{"level":"info","message":"Fetched 1 patients from the database.","timestamp":"2024-12-05T06:38:12.340Z"}
{"level":"info","message":{"action":"findMany","duration":"2ms","model":"Patient"},"timestamp":"2024-12-05T06:38:29.020Z"}
{"level":"info","message":"Fetched 1 patients from the database.","timestamp":"2024-12-05T06:38:29.020Z"}
{"level":"info","message":{"action":"findMany","duration":"3ms","model":"Patient"},"timestamp":"2024-12-05T06:40:27.070Z"}
{"level":"info","message":"Fetched 1 patients from the database.","timestamp":"2024-12-05T06:40:27.070Z"}
{"level":"info","message":{"action":"findMany","duration":"1ms","model":"Patient"},"timestamp":"2024-12-05T06:40:29.058Z"}
{"level":"info","message":"Fetched 1 patients from the database.","timestamp":"2024-12-05T06:40:29.058Z"}
{"level":"info","message":{"action":"findMany","duration":"6ms","model":"Patient"},"timestamp":"2024-12-05T06:41:55.608Z"}
{"level":"info","message":"Fetched 1 patients from the database.","timestamp":"2024-12-05T06:41:55.608Z"}
{"level":"info","message":{"action":"findMany","duration":"3ms","model":"Patient"},"timestamp":"2024-12-05T06:41:58.124Z"}
{"level":"info","message":"Fetched 1 patients from the database.","timestamp":"2024-12-05T06:41:58.124Z"}
{"level":"info","message":{"action":"findMany","duration":"9ms","model":"Patient"},"timestamp":"2024-12-05T06:42:03.578Z"}
{"level":"info","message":"Fetched 1 patients from the database.","timestamp":"2024-12-05T06:42:03.578Z"}
{"level":"info","message":{"action":"findMany","duration":"2ms","model":"Patient"},"timestamp":"2024-12-05T06:42:10.851Z"}
{"level":"info","message":"Fetched 1 patients from the database.","timestamp":"2024-12-05T06:42:10.852Z"}
{"level":"info","message":{"action":"findMany","duration":"2ms","model":"Patient"},"timestamp":"2024-12-05T06:42:22.053Z"}
{"level":"info","message":"Fetched 1 patients from the database.","timestamp":"2024-12-05T06:42:22.053Z"}
{"level":"info","message":{"action":"findMany","duration":"2ms","model":"Patient"},"timestamp":"2024-12-05T06:43:59.322Z"}
{"level":"info","message":"Fetched 1 patients from the database.","timestamp":"2024-12-05T06:43:59.322Z"}
{"level":"info","message":{"action":"findMany","duration":"2ms","model":"Patient"},"timestamp":"2024-12-05T06:44:03.342Z"}
{"level":"info","message":"Fetched 1 patients from the database.","timestamp":"2024-12-05T06:44:03.342Z"}
{"level":"info","message":{"action":"findMany","duration":"2ms","model":"Patient"},"timestamp":"2024-12-05T06:44:16.181Z"}
{"level":"info","message":"Fetched 1 patients from the database.","timestamp":"2024-12-05T06:44:16.181Z"}
{"level":"info","message":{"action":"findMany","duration":"1ms","model":"Patient"},"timestamp":"2024-12-05T06:44:24.377Z"}
{"level":"info","message":"Fetched 1 patients from the database.","timestamp":"2024-12-05T06:44:24.377Z"}
{"level":"info","message":{"action":"findMany","duration":"1ms","model":"Patient"},"timestamp":"2024-12-05T06:44:27.995Z"}
{"level":"info","message":"Fetched 1 patients from the database.","timestamp":"2024-12-05T06:44:27.996Z"}
{"level":"info","message":{"action":"findMany","duration":"2ms","model":"Patient"},"timestamp":"2024-12-05T06:44:33.665Z"}
{"level":"info","message":"Fetched 1 patients from the database.","timestamp":"2024-12-05T06:44:33.665Z"}
{"level":"info","message":{"action":"findMany","duration":"2ms","model":"Patient"},"timestamp":"2024-12-05T06:45:08.311Z"}
{"level":"info","message":"Fetched 1 patients from the database.","timestamp":"2024-12-05T06:45:08.311Z"}
{"level":"info","message":{"action":"findMany","duration":"1ms","model":"Patient"},"timestamp":"2024-12-05T06:45:09.518Z"}
{"level":"info","message":"Fetched 1 patients from the database.","timestamp":"2024-12-05T06:45:09.518Z"}
{"level":"info","message":{"action":"findMany","duration":"1ms","model":"Patient"},"timestamp":"2024-12-05T06:45:14.583Z"}
{"level":"info","message":"Fetched 1 patients from the database.","timestamp":"2024-12-05T06:45:14.584Z"}
{"level":"info","message":{"action":"findMany","duration":"3ms","model":"Patient"},"timestamp":"2024-12-05T06:45:16.732Z"}
{"level":"info","message":"Fetched 1 patients from the database.","timestamp":"2024-12-05T06:45:16.732Z"}
{"level":"info","message":{"action":"findMany","duration":"3ms","model":"Patient"},"timestamp":"2024-12-05T06:45:29.005Z"}
{"level":"info","message":"Fetched 1 patients from the database.","timestamp":"2024-12-05T06:45:29.006Z"}
{"level":"info","message":{"action":"findMany","duration":"2ms","model":"Patient"},"timestamp":"2024-12-05T06:45:44.224Z"}
{"level":"info","message":"Fetched 1 patients from the database.","timestamp":"2024-12-05T06:45:44.224Z"}
{"level":"info","message":{"action":"findMany","duration":"1ms","model":"Patient"},"timestamp":"2024-12-05T06:45:49.335Z"}
{"level":"info","message":"Fetched 1 patients from the database.","timestamp":"2024-12-05T06:45:49.335Z"}
{"level":"info","message":{"action":"findMany","duration":"2ms","model":"Patient"},"timestamp":"2024-12-05T06:46:29.989Z"}
{"level":"info","message":"Fetched 1 patients from the database.","timestamp":"2024-12-05T06:46:29.990Z"}
{"level":"info","message":{"action":"findFirst","duration":"5ms","model":"User"},"timestamp":"2024-12-05T06:47:07.378Z"}
{"level":"info","message":{"action":"update","duration":"3ms","model":"User"},"timestamp":"2024-12-05T06:47:07.445Z"}
{"level":"info","message":{"action":"findUnique","duration":"1ms","model":"User"},"timestamp":"2024-12-05T06:47:07.454Z"}
{"level":"info","message":{"action":"findMany","duration":"2ms","model":"Patient"},"timestamp":"2024-12-05T06:47:07.493Z"}
{"level":"info","message":"Fetched 1 patients from the database.","timestamp":"2024-12-05T06:47:07.493Z"}
{"level":"info","message":{"action":"findMany","duration":"2ms","model":"Patient"},"timestamp":"2024-12-05T06:47:21.113Z"}
{"level":"info","message":"Fetched 1 patients from the database.","timestamp":"2024-12-05T06:47:21.113Z"}
{"level":"info","message":{"action":"findMany","duration":"1ms","model":"Patient"},"timestamp":"2024-12-05T06:47:27.948Z"}
{"level":"info","message":"Fetched 1 patients from the database.","timestamp":"2024-12-05T06:47:27.948Z"}
{"level":"info","message":{"action":"findMany","duration":"1ms","model":"Patient"},"timestamp":"2024-12-05T06:47:41.414Z"}
{"level":"info","message":"Fetched 1 patients from the database.","timestamp":"2024-12-05T06:47:41.415Z"}
{"level":"info","message":{"action":"findMany","duration":"1ms","model":"Patient"},"timestamp":"2024-12-05T06:47:49.706Z"}
{"level":"info","message":"Fetched 1 patients from the database.","timestamp":"2024-12-05T06:47:49.706Z"}
{"level":"info","message":{"action":"findMany","duration":"1ms","model":"Patient"},"timestamp":"2024-12-05T06:47:52.567Z"}
{"level":"info","message":"Fetched 1 patients from the database.","timestamp":"2024-12-05T06:47:52.567Z"}
{"level":"info","message":{"action":"findMany","duration":"2ms","model":"Patient"},"timestamp":"2024-12-05T06:49:32.836Z"}
{"level":"info","message":"Fetched 1 patients from the database.","timestamp":"2024-12-05T06:49:32.836Z"}
{"level":"info","message":{"action":"findMany","duration":"1ms","model":"Patient"},"timestamp":"2024-12-05T06:49:36.080Z"}
{"level":"info","message":"Fetched 1 patients from the database.","timestamp":"2024-12-05T06:49:36.081Z"}
{"level":"info","message":{"action":"findUnique","duration":"2ms","model":"Patient"},"timestamp":"2024-12-05T06:49:41.094Z"}
{"level":"info","message":"Fetched details for patient ID: cm4ay1xaf00005eg5c1u4o3pe","timestamp":"2024-12-05T06:49:41.094Z"}
{"level":"info","message":{"action":"findMany","duration":"5ms","model":"Patient"},"timestamp":"2024-12-05T06:54:29.066Z"}
{"level":"info","message":"Fetched 1 patients from the database.","timestamp":"2024-12-05T06:54:29.066Z"}
{"level":"info","message":{"action":"findUnique","duration":"5ms","model":"Patient"},"timestamp":"2024-12-05T08:30:02.965Z"}
{"level":"info","message":{"action":"findUnique","duration":"1ms","model":"Patient"},"timestamp":"2024-12-05T08:30:02.967Z"}
{"level":"info","message":{"action":"create","duration":"63ms","model":"Patient"},"timestamp":"2024-12-05T08:30:03.031Z"}
{"level":"info","message":"Patient registered: charith@gmail.com","timestamp":"2024-12-05T08:30:03.032Z"}
{"level":"info","message":{"action":"findFirst","duration":"1ms","model":"User"},"timestamp":"2024-12-05T08:30:15.774Z"}
{"level":"info","message":{"action":"update","duration":"5ms","model":"User"},"timestamp":"2024-12-05T08:30:15.845Z"}
{"level":"info","message":{"action":"findUnique","duration":"1ms","model":"User"},"timestamp":"2024-12-05T08:30:15.854Z"}
{"level":"info","message":{"action":"findMany","duration":"2ms","model":"Patient"},"timestamp":"2024-12-05T08:30:15.881Z"}
{"level":"info","message":"Fetched 2 patients from the database.","timestamp":"2024-12-05T08:30:15.881Z"}
{"level":"info","message":{"action":"findUnique","duration":"2ms","model":"Patient"},"timestamp":"2024-12-05T08:30:18.120Z"}
{"level":"info","message":"Fetched details for patient ID: cm4b23s2h00015eg55azohmaf","timestamp":"2024-12-05T08:30:18.120Z"}
{"level":"info","message":{"action":"findUnique","duration":"2ms","model":"Patient"},"timestamp":"2024-12-05T08:30:28.851Z"}
{"level":"info","message":"Fetched details for patient ID: cm4ay1xaf00005eg5c1u4o3pe","timestamp":"2024-12-05T08:30:28.851Z"}
{"level":"info","message":{"action":"findUnique","duration":"2ms","model":"Patient"},"timestamp":"2024-12-05T08:30:36.008Z"}
{"level":"info","message":"Fetched details for patient ID: cm4b23s2h00015eg55azohmaf","timestamp":"2024-12-05T08:30:36.008Z"}
{"level":"info","message":{"action":"findMany","duration":"6ms","model":"Patient"},"timestamp":"2024-12-05T08:35:56.493Z"}
{"level":"info","message":"Fetched 2 patients from the database.","timestamp":"2024-12-05T08:35:56.494Z"}
{"level":"info","message":{"action":"findFirst","duration":"13ms","model":"User"},"timestamp":"2024-12-05T08:54:06.137Z"}
{"level":"info","message":{"action":"update","duration":"22ms","model":"User"},"timestamp":"2024-12-05T08:54:06.239Z"}
{"level":"info","message":{"action":"create","duration":"31ms","model":"NetworkLog"},"timestamp":"2024-12-05T08:54:07.062Z"}
{"level":"info","message":{"action":"findFirst","duration":"5ms","model":"User"},"timestamp":"2024-12-05T09:04:54.812Z"}
{"level":"info","message":{"action":"update","duration":"6ms","model":"User"},"timestamp":"2024-12-05T09:04:54.884Z"}
{"level":"info","message":{"action":"create","duration":"5ms","model":"NetworkLog"},"timestamp":"2024-12-05T09:04:55.436Z"}
{"level":"info","message":{"action":"findUnique","duration":"2ms","model":"User"},"timestamp":"2024-12-05T09:04:55.446Z"}
{"level":"info","message":{"action":"findMany","duration":"4ms","model":"Patient"},"timestamp":"2024-12-05T09:04:55.475Z"}
{"level":"info","message":"Fetched 2 patients from the database.","timestamp":"2024-12-05T09:04:55.475Z"}
{"level":"info","message":{"action":"findUnique","duration":"3ms","model":"Patient"},"timestamp":"2024-12-05T09:07:17.313Z"}
{"level":"info","message":"Fetched details for patient ID: cm4ay1xaf00005eg5c1u4o3pe","timestamp":"2024-12-05T09:07:17.313Z"}
{"level":"info","message":{"action":"findMany","duration":"30ms","model":"Patient"},"timestamp":"2024-12-05T10:32:03.104Z"}
{"level":"info","message":"Fetched 2 patients from the database.","timestamp":"2024-12-05T10:32:03.106Z"}
{"level":"info","message":{"action":"findMany","duration":"4ms","model":"Patient"},"timestamp":"2024-12-05T10:32:32.925Z"}
{"level":"info","message":"Fetched 2 patients from the database.","timestamp":"2024-12-05T10:32:32.925Z"}
{"level":"info","message":{"action":"findMany","duration":"2ms","model":"Patient"},"timestamp":"2024-12-05T10:35:09.915Z"}
{"level":"info","message":"Fetched 2 patients from the database.","timestamp":"2024-12-05T10:35:09.916Z"}
{"level":"info","message":{"action":"findMany","duration":"2ms","model":"Patient"},"timestamp":"2024-12-05T10:35:46.523Z"}
{"level":"info","message":"Fetched 2 patients from the database.","timestamp":"2024-12-05T10:35:46.523Z"}
{"level":"info","message":{"action":"findMany","duration":"4ms","model":"Patient"},"timestamp":"2024-12-05T10:35:50.440Z"}
{"level":"info","message":"Fetched 2 patients from the database.","timestamp":"2024-12-05T10:35:50.440Z"}
{"level":"info","message":{"action":"findMany","duration":"1ms","model":"Patient"},"timestamp":"2024-12-05T10:35:51.500Z"}
{"level":"info","message":"Fetched 2 patients from the database.","timestamp":"2024-12-05T10:35:51.501Z"}
{"level":"info","message":{"action":"findMany","duration":"2ms","model":"Patient"},"timestamp":"2024-12-05T10:36:12.541Z"}
{"level":"info","message":"Fetched 2 patients from the database.","timestamp":"2024-12-05T10:36:12.541Z"}
{"level":"info","message":{"action":"findMany","duration":"1ms","model":"Patient"},"timestamp":"2024-12-05T10:36:19.107Z"}
{"level":"info","message":"Fetched 2 patients from the database.","timestamp":"2024-12-05T10:36:19.107Z"}
{"level":"info","message":{"action":"findMany","duration":"2ms","model":"Patient"},"timestamp":"2024-12-05T10:36:25.064Z"}
{"level":"info","message":"Fetched 2 patients from the database.","timestamp":"2024-12-05T10:36:25.064Z"}
{"level":"info","message":{"action":"findMany","duration":"2ms","model":"Patient"},"timestamp":"2024-12-05T10:36:27.889Z"}
{"level":"info","message":"Fetched 2 patients from the database.","timestamp":"2024-12-05T10:36:27.889Z"}
{"level":"info","message":{"action":"findMany","duration":"1ms","model":"Patient"},"timestamp":"2024-12-05T10:36:35.990Z"}
{"level":"info","message":"Fetched 2 patients from the database.","timestamp":"2024-12-05T10:36:35.990Z"}
{"level":"info","message":{"action":"findMany","duration":"1ms","model":"Patient"},"timestamp":"2024-12-05T10:36:39.789Z"}
{"level":"info","message":"Fetched 2 patients from the database.","timestamp":"2024-12-05T10:36:39.790Z"}
{"level":"info","message":{"action":"findMany","duration":"2ms","model":"Patient"},"timestamp":"2024-12-05T10:36:49.684Z"}
{"level":"info","message":"Fetched 2 patients from the database.","timestamp":"2024-12-05T10:36:49.684Z"}
{"level":"info","message":{"action":"findMany","duration":"1ms","model":"Patient"},"timestamp":"2024-12-05T10:36:50.995Z"}
{"level":"info","message":"Fetched 2 patients from the database.","timestamp":"2024-12-05T10:36:50.995Z"}
{"level":"info","message":{"action":"findMany","duration":"5ms","model":"Patient"},"timestamp":"2024-12-05T10:37:18.787Z"}
{"level":"info","message":"Fetched 2 patients from the database.","timestamp":"2024-12-05T10:37:18.787Z"}
{"level":"info","message":{"action":"findMany","duration":"3ms","model":"Patient"},"timestamp":"2024-12-05T10:39:14.286Z"}
{"level":"info","message":"Fetched 2 patients from the database.","timestamp":"2024-12-05T10:39:14.286Z"}
{"level":"info","message":{"action":"findMany","duration":"1ms","model":"Patient"},"timestamp":"2024-12-05T10:39:17.064Z"}
{"level":"info","message":"Fetched 2 patients from the database.","timestamp":"2024-12-05T10:39:17.065Z"}
{"level":"info","message":{"action":"findMany","duration":"1ms","model":"Patient"},"timestamp":"2024-12-05T10:39:21.145Z"}
{"level":"info","message":"Fetched 2 patients from the database.","timestamp":"2024-12-05T10:39:21.145Z"}
{"level":"info","message":{"action":"findMany","duration":"2ms","model":"Patient"},"timestamp":"2024-12-05T10:39:26.384Z"}
{"level":"info","message":"Fetched 2 patients from the database.","timestamp":"2024-12-05T10:39:26.384Z"}
{"level":"info","message":{"action":"findMany","duration":"2ms","model":"Patient"},"timestamp":"2024-12-05T10:39:29.508Z"}
{"level":"info","message":"Fetched 2 patients from the database.","timestamp":"2024-12-05T10:39:29.509Z"}
{"level":"info","message":{"action":"findMany","duration":"2ms","model":"Patient"},"timestamp":"2024-12-05T10:39:33.104Z"}
{"level":"info","message":"Fetched 2 patients from the database.","timestamp":"2024-12-05T10:39:33.104Z"}
{"level":"info","message":{"action":"findMany","duration":"2ms","model":"Patient"},"timestamp":"2024-12-05T10:39:39.235Z"}
{"level":"info","message":"Fetched 2 patients from the database.","timestamp":"2024-12-05T10:39:39.235Z"}
{"level":"info","message":{"action":"findUnique","duration":"2ms","model":"Patient"},"timestamp":"2024-12-05T10:39:44.923Z"}
{"level":"info","message":"Fetched details for patient ID: cm4ay1xaf00005eg5c1u4o3pe","timestamp":"2024-12-05T10:39:44.924Z"}
{"level":"info","message":{"action":"findUnique","duration":"2ms","model":"Patient"},"timestamp":"2024-12-05T10:40:00.162Z"}
{"level":"info","message":"Fetched details for patient ID: cm4b23s2h00015eg55azohmaf","timestamp":"2024-12-05T10:40:00.163Z"}
{"level":"info","message":{"action":"findUnique","duration":"2ms","model":"Patient"},"timestamp":"2024-12-05T10:40:11.836Z"}
{"level":"info","message":"Fetched details for patient ID: cm4ay1xaf00005eg5c1u4o3pe","timestamp":"2024-12-05T10:40:11.836Z"}
{"level":"info","message":{"action":"findFirst","duration":"2ms","model":"User"},"timestamp":"2024-12-05T10:40:51.253Z"}
{"level":"info","message":{"action":"update","duration":"6ms","model":"User"},"timestamp":"2024-12-05T10:40:51.322Z"}
{"level":"info","message":{"action":"create","duration":"3ms","model":"NetworkLog"},"timestamp":"2024-12-05T10:40:51.940Z"}
{"level":"info","message":{"action":"findUnique","duration":"1ms","model":"User"},"timestamp":"2024-12-05T10:40:51.949Z"}
{"level":"info","message":{"action":"findMany","duration":"2ms","model":"Patient"},"timestamp":"2024-12-05T10:40:51.973Z"}
{"level":"info","message":"Fetched 2 patients from the database.","timestamp":"2024-12-05T10:40:51.973Z"}
{"level":"info","message":{"action":"findMany","duration":"7ms","model":"Patient"},"timestamp":"2024-12-05T10:49:38.215Z"}
{"level":"info","message":"Fetched 2 patients from the database.","timestamp":"2024-12-05T10:49:38.216Z"}
{"level":"info","message":{"action":"findMany","duration":"1ms","model":"Patient"},"timestamp":"2024-12-05T10:49:43.226Z"}
{"level":"info","message":"Fetched 2 patients from the database.","timestamp":"2024-12-05T10:49:43.227Z"}
{"level":"info","message":{"action":"findMany","duration":"2ms","model":"Patient"},"timestamp":"2024-12-05T10:49:45.807Z"}
{"level":"info","message":"Fetched 2 patients from the database.","timestamp":"2024-12-05T10:49:45.807Z"}
{"level":"info","message":{"action":"findMany","duration":"1ms","model":"Patient"},"timestamp":"2024-12-05T10:49:48.853Z"}
{"level":"info","message":"Fetched 2 patients from the database.","timestamp":"2024-12-05T10:49:48.853Z"}
{"level":"info","message":{"action":"findMany","duration":"2ms","model":"Patient"},"timestamp":"2024-12-05T10:49:52.457Z"}
{"level":"info","message":"Fetched 2 patients from the database.","timestamp":"2024-12-05T10:49:52.457Z"}
{"level":"info","message":{"action":"findMany","duration":"7ms","model":"Patient"},"timestamp":"2024-12-05T10:55:10.600Z"}
{"level":"info","message":"Fetched 2 patients from the database.","timestamp":"2024-12-05T10:55:10.601Z"}
{"level":"info","message":{"action":"findUnique","duration":"6ms","model":"Patient"},"timestamp":"2024-12-05T11:13:32.034Z"}
{"level":"info","message":"Fetched details for patient ID: cm4ay1xaf00005eg5c1u4o3pe","timestamp":"2024-12-05T11:13:32.034Z"}
{"level":"info","message":{"action":"findUnique","duration":"2ms","model":"Patient"},"timestamp":"2024-12-05T11:13:35.590Z"}
{"level":"info","message":"Fetched details for patient ID: cm4ay1xaf00005eg5c1u4o3pe","timestamp":"2024-12-05T11:13:35.590Z"}
{"level":"info","message":{"action":"findMany","duration":"2ms","model":"Patient"},"timestamp":"2024-12-05T11:14:46.394Z"}
{"level":"info","message":"Fetched 2 patients from the database.","timestamp":"2024-12-05T11:14:46.395Z"}
{"level":"info","message":{"action":"findUnique","duration":"2ms","model":"Patient"},"timestamp":"2024-12-05T11:14:48.755Z"}
{"level":"info","message":"Fetched details for patient ID: cm4ay1xaf00005eg5c1u4o3pe","timestamp":"2024-12-05T11:14:48.755Z"}
{"level":"info","message":{"action":"findUnique","duration":"2ms","model":"Patient"},"timestamp":"2024-12-05T11:14:49.809Z"}
{"level":"info","message":"Fetched details for patient ID: cm4b23s2h00015eg55azohmaf","timestamp":"2024-12-05T11:14:49.809Z"}
{"level":"info","message":{"action":"findUnique","duration":"1ms","model":"Patient"},"timestamp":"2024-12-05T11:14:50.243Z"}
{"level":"info","message":"Fetched details for patient ID: cm4ay1xaf00005eg5c1u4o3pe","timestamp":"2024-12-05T11:14:50.244Z"}
{"level":"info","message":{"action":"findUnique","duration":"2ms","model":"Patient"},"timestamp":"2024-12-05T11:14:50.300Z"}
{"level":"info","message":"Fetched details for patient ID: cm4ay1xaf00005eg5c1u4o3pe","timestamp":"2024-12-05T11:14:50.300Z"}
{"level":"info","message":{"action":"findUnique","duration":"1ms","model":"Patient"},"timestamp":"2024-12-05T11:14:50.609Z"}
{"level":"info","message":"Fetched details for patient ID: cm4ay1xaf00005eg5c1u4o3pe","timestamp":"2024-12-05T11:14:50.609Z"}
{"level":"info","message":{"action":"findUnique","duration":"2ms","model":"Patient"},"timestamp":"2024-12-05T11:15:11.866Z"}
{"level":"info","message":"Fetched details for patient ID: cm4ay1xaf00005eg5c1u4o3pe","timestamp":"2024-12-05T11:15:11.866Z"}
{"level":"info","message":{"action":"findMany","duration":"1ms","model":"Patient"},"timestamp":"2024-12-05T11:15:51.127Z"}
{"level":"info","message":"Fetched 2 patients from the database.","timestamp":"2024-12-05T11:15:51.128Z"}
{"level":"info","message":{"action":"findUnique","duration":"2ms","model":"Patient"},"timestamp":"2024-12-05T11:15:53.198Z"}
{"level":"info","message":"Fetched details for patient ID: cm4ay1xaf00005eg5c1u4o3pe","timestamp":"2024-12-05T11:15:53.198Z"}
{"level":"info","message":{"action":"findUnique","duration":"2ms","model":"Patient"},"timestamp":"2024-12-05T11:15:53.973Z"}
{"level":"info","message":"Fetched details for patient ID: cm4ay1xaf00005eg5c1u4o3pe","timestamp":"2024-12-05T11:15:53.973Z"}
{"level":"info","message":{"action":"findUnique","duration":"2ms","model":"Patient"},"timestamp":"2024-12-05T11:15:54.414Z"}
{"level":"info","message":"Fetched details for patient ID: cm4b23s2h00015eg55azohmaf","timestamp":"2024-12-05T11:15:54.414Z"}
{"level":"info","message":{"action":"findUnique","duration":"2ms","model":"Patient"},"timestamp":"2024-12-05T11:15:54.881Z"}
{"level":"info","message":"Fetched details for patient ID: cm4ay1xaf00005eg5c1u4o3pe","timestamp":"2024-12-05T11:15:54.881Z"}
{"level":"info","message":{"action":"findUnique","duration":"1ms","model":"Patient"},"timestamp":"2024-12-05T11:15:55.231Z"}
{"level":"info","message":"Fetched details for patient ID: cm4b23s2h00015eg55azohmaf","timestamp":"2024-12-05T11:15:55.231Z"}
{"level":"info","message":{"action":"findUnique","duration":"1ms","model":"Patient"},"timestamp":"2024-12-05T11:15:55.517Z"}
{"level":"info","message":"Fetched details for patient ID: cm4ay1xaf00005eg5c1u4o3pe","timestamp":"2024-12-05T11:15:55.517Z"}
{"level":"info","message":{"action":"findMany","duration":"2ms","model":"Patient"},"timestamp":"2024-12-05T11:16:09.013Z"}
{"level":"info","message":"Fetched 2 patients from the database.","timestamp":"2024-12-05T11:16:09.013Z"}
{"level":"info","message":{"action":"findUnique","duration":"2ms","model":"Patient"},"timestamp":"2024-12-05T11:16:10.857Z"}
{"level":"info","message":"Fetched details for patient ID: cm4ay1xaf00005eg5c1u4o3pe","timestamp":"2024-12-05T11:16:10.858Z"}
{"level":"info","message":{"action":"findMany","duration":"2ms","model":"Patient"},"timestamp":"2024-12-05T11:16:26.191Z"}
{"level":"info","message":"Fetched 2 patients from the database.","timestamp":"2024-12-05T11:16:26.191Z"}
{"level":"info","message":{"action":"findMany","duration":"9ms","model":"Patient"},"timestamp":"2024-12-05T11:19:55.006Z"}
{"level":"info","message":"Fetched 2 patients from the database.","timestamp":"2024-12-05T11:19:55.007Z"}
{"level":"info","message":{"action":"findUnique","duration":"2ms","model":"Patient"},"timestamp":"2024-12-05T11:19:56.324Z"}
{"level":"info","message":"Fetched details for patient ID: cm4ay1xaf00005eg5c1u4o3pe","timestamp":"2024-12-05T11:19:56.324Z"}
{"level":"info","message":{"action":"findUnique","duration":"2ms","model":"Patient"},"timestamp":"2024-12-05T11:19:57.830Z"}
{"level":"info","message":"Fetched details for patient ID: cm4b23s2h00015eg55azohmaf","timestamp":"2024-12-05T11:19:57.830Z"}
{"level":"info","message":{"action":"findUnique","duration":"2ms","model":"Patient"},"timestamp":"2024-12-05T11:19:58.426Z"}
{"level":"info","message":"Fetched details for patient ID: cm4ay1xaf00005eg5c1u4o3pe","timestamp":"2024-12-05T11:19:58.426Z"}
{"level":"info","message":{"action":"findUnique","duration":"2ms","model":"Patient"},"timestamp":"2024-12-05T11:19:58.813Z"}
{"level":"info","message":"Fetched details for patient ID: cm4b23s2h00015eg55azohmaf","timestamp":"2024-12-05T11:19:58.813Z"}
{"level":"info","message":{"action":"findUnique","duration":"1ms","model":"Patient"},"timestamp":"2024-12-05T11:19:59.101Z"}
{"level":"info","message":"Fetched details for patient ID: cm4ay1xaf00005eg5c1u4o3pe","timestamp":"2024-12-05T11:19:59.101Z"}
{"level":"info","message":{"action":"findUnique","duration":"2ms","model":"Patient"},"timestamp":"2024-12-05T11:19:59.347Z"}
{"level":"info","message":"Fetched details for patient ID: cm4b23s2h00015eg55azohmaf","timestamp":"2024-12-05T11:19:59.347Z"}
{"level":"info","message":{"action":"findUnique","duration":"2ms","model":"Patient"},"timestamp":"2024-12-05T11:19:59.589Z"}
{"level":"info","message":"Fetched details for patient ID: cm4ay1xaf00005eg5c1u4o3pe","timestamp":"2024-12-05T11:19:59.589Z"}
{"level":"info","message":{"action":"findUnique","duration":"2ms","model":"Patient"},"timestamp":"2024-12-05T11:19:59.904Z"}
{"level":"info","message":"Fetched details for patient ID: cm4b23s2h00015eg55azohmaf","timestamp":"2024-12-05T11:19:59.904Z"}
{"level":"info","message":{"action":"findUnique","duration":"1ms","model":"Patient"},"timestamp":"2024-12-05T11:20:00.172Z"}
{"level":"info","message":"Fetched details for patient ID: cm4ay1xaf00005eg5c1u4o3pe","timestamp":"2024-12-05T11:20:00.172Z"}
{"level":"info","message":{"action":"findMany","duration":"2ms","model":"Patient"},"timestamp":"2024-12-05T11:20:43.011Z"}
{"level":"info","message":"Fetched 2 patients from the database.","timestamp":"2024-12-05T11:20:43.011Z"}
{"level":"info","message":{"action":"findUnique","duration":"2ms","model":"Patient"},"timestamp":"2024-12-05T11:20:45.751Z"}
{"level":"info","message":"Fetched details for patient ID: cm4ay1xaf00005eg5c1u4o3pe","timestamp":"2024-12-05T11:20:45.751Z"}
{"level":"info","message":{"action":"findMany","duration":"2ms","model":"Patient"},"timestamp":"2024-12-05T11:20:49.756Z"}
{"level":"info","message":"Fetched 2 patients from the database.","timestamp":"2024-12-05T11:20:49.756Z"}
{"level":"info","message":{"action":"findMany","duration":"1ms","model":"Patient"},"timestamp":"2024-12-05T11:20:50.769Z"}
{"level":"info","message":"Fetched 2 patients from the database.","timestamp":"2024-12-05T11:20:50.769Z"}
{"level":"info","message":{"action":"findUnique","duration":"5ms","model":"Patient"},"timestamp":"2024-12-05T11:27:26.858Z"}
{"level":"info","message":"Fetched details for patient ID: cm4ay1xaf00005eg5c1u4o3pe","timestamp":"2024-12-05T11:27:26.858Z"}
{"level":"info","message":{"action":"findUnique","duration":"2ms","model":"Patient"},"timestamp":"2024-12-05T11:27:27.586Z"}
{"level":"info","message":"Fetched details for patient ID: cm4ay1xaf00005eg5c1u4o3pe","timestamp":"2024-12-05T11:27:27.586Z"}
{"level":"info","message":{"action":"findUnique","duration":"2ms","model":"Patient"},"timestamp":"2024-12-05T11:27:27.748Z"}
{"level":"info","message":"Fetched details for patient ID: cm4ay1xaf00005eg5c1u4o3pe","timestamp":"2024-12-05T11:27:27.748Z"}
{"level":"info","message":{"action":"findUnique","duration":"2ms","model":"Patient"},"timestamp":"2024-12-05T11:27:27.918Z"}
{"level":"info","message":"Fetched details for patient ID: cm4ay1xaf00005eg5c1u4o3pe","timestamp":"2024-12-05T11:27:27.918Z"}
{"level":"info","message":{"action":"findUnique","duration":"2ms","model":"Patient"},"timestamp":"2024-12-05T11:27:28.081Z"}
{"level":"info","message":"Fetched details for patient ID: cm4ay1xaf00005eg5c1u4o3pe","timestamp":"2024-12-05T11:27:28.081Z"}
{"level":"info","message":{"action":"findUnique","duration":"1ms","model":"Patient"},"timestamp":"2024-12-05T11:27:28.239Z"}
{"level":"info","message":"Fetched details for patient ID: cm4ay1xaf00005eg5c1u4o3pe","timestamp":"2024-12-05T11:27:28.239Z"}
{"level":"info","message":{"action":"findUnique","duration":"1ms","model":"Patient"},"timestamp":"2024-12-05T11:27:28.403Z"}
{"level":"info","message":"Fetched details for patient ID: cm4ay1xaf00005eg5c1u4o3pe","timestamp":"2024-12-05T11:27:28.403Z"}
{"level":"info","message":{"action":"findUnique","duration":"2ms","model":"Patient"},"timestamp":"2024-12-05T11:27:28.569Z"}
{"level":"info","message":"Fetched details for patient ID: cm4ay1xaf00005eg5c1u4o3pe","timestamp":"2024-12-05T11:27:28.569Z"}
{"level":"info","message":{"action":"findUnique","duration":"1ms","model":"Patient"},"timestamp":"2024-12-05T11:27:28.727Z"}
{"level":"info","message":"Fetched details for patient ID: cm4ay1xaf00005eg5c1u4o3pe","timestamp":"2024-12-05T11:27:28.727Z"}
{"level":"info","message":{"action":"findMany","duration":"2ms","model":"Patient"},"timestamp":"2024-12-05T11:28:03.845Z"}
{"level":"info","message":"Fetched 2 patients from the database.","timestamp":"2024-12-05T11:28:03.845Z"}
{"level":"info","message":{"action":"findMany","duration":"2ms","model":"Patient"},"timestamp":"2024-12-05T11:29:25.343Z"}
{"level":"info","message":"Fetched 2 patients from the database.","timestamp":"2024-12-05T11:29:25.344Z"}
{"level":"info","message":{"action":"findUnique","duration":"6ms","model":"Patient"},"timestamp":"2024-12-05T11:35:46.660Z"}
{"level":"info","message":"Fetched details for patient ID: cm4ay1xaf00005eg5c1u4o3pe","timestamp":"2024-12-05T11:35:46.660Z"}
{"level":"info","message":{"action":"findMany","duration":"3ms","model":"Patient"},"timestamp":"2024-12-05T11:38:02.318Z"}
{"level":"info","message":"Fetched 2 patients from the database.","timestamp":"2024-12-05T11:38:02.318Z"}
{"level":"info","message":{"action":"findMany","duration":"2ms","model":"Patient"},"timestamp":"2024-12-05T11:38:05.034Z"}
{"level":"info","message":"Fetched 2 patients from the database.","timestamp":"2024-12-05T11:38:05.034Z"}
{"level":"info","message":{"action":"findMany","duration":"15ms","model":"Patient"},"timestamp":"2024-12-05T11:38:07.587Z"}
{"level":"info","message":"Fetched 2 patients from the database.","timestamp":"2024-12-05T11:38:07.587Z"}
{"level":"info","message":{"action":"findUnique","duration":"1ms","model":"Patient"},"timestamp":"2024-12-05T11:38:10.022Z"}
{"level":"info","message":"Fetched details for patient ID: cm4ay1xaf00005eg5c1u4o3pe","timestamp":"2024-12-05T11:38:10.022Z"}
{"level":"info","message":{"action":"findMany","duration":"15ms","model":"Patient"},"timestamp":"2024-12-05T11:39:01.452Z"}
{"level":"info","message":"Fetched 2 patients from the database.","timestamp":"2024-12-05T11:39:01.452Z"}
{"level":"info","message":{"action":"findUnique","duration":"2ms","model":"Patient"},"timestamp":"2024-12-05T11:39:03.703Z"}
{"level":"info","message":"Fetched details for patient ID: cm4ay1xaf00005eg5c1u4o3pe","timestamp":"2024-12-05T11:39:03.703Z"}
{"level":"info","message":{"action":"findUnique","duration":"1ms","model":"Patient"},"timestamp":"2024-12-05T11:39:07.590Z"}
{"level":"info","message":"Fetched details for patient ID: cm4ay1xaf00005eg5c1u4o3pe","timestamp":"2024-12-05T11:39:07.590Z"}
{"level":"info","message":{"action":"findUnique","duration":"2ms","model":"Patient"},"timestamp":"2024-12-05T11:39:08.634Z"}
{"level":"info","message":"Fetched details for patient ID: cm4ay1xaf00005eg5c1u4o3pe","timestamp":"2024-12-05T11:39:08.634Z"}
{"level":"info","message":{"action":"findUnique","duration":"2ms","model":"Patient"},"timestamp":"2024-12-05T11:39:09.354Z"}
{"level":"info","message":"Fetched details for patient ID: cm4ay1xaf00005eg5c1u4o3pe","timestamp":"2024-12-05T11:39:09.354Z"}
{"level":"info","message":{"action":"findUnique","duration":"1ms","model":"Patient"},"timestamp":"2024-12-05T11:39:12.262Z"}
{"level":"info","message":"Fetched details for patient ID: cm4ay1xaf00005eg5c1u4o3pe","timestamp":"2024-12-05T11:39:12.262Z"}
{"level":"info","message":{"action":"findMany","duration":"4ms","model":"Patient"},"timestamp":"2024-12-05T11:39:13.472Z"}
{"level":"info","message":"Fetched 2 patients from the database.","timestamp":"2024-12-05T11:39:13.472Z"}
{"level":"info","message":{"action":"findUnique","duration":"2ms","model":"Patient"},"timestamp":"2024-12-05T11:39:20.638Z"}
{"level":"info","message":"Fetched details for patient ID: cm4b23s2h00015eg55azohmaf","timestamp":"2024-12-05T11:39:20.638Z"}
{"level":"info","message":{"action":"findUnique","duration":"2ms","model":"Patient"},"timestamp":"2024-12-05T11:39:21.545Z"}
{"level":"info","message":"Fetched details for patient ID: cm4ay1xaf00005eg5c1u4o3pe","timestamp":"2024-12-05T11:39:21.545Z"}
{"level":"info","message":{"action":"findMany","duration":"2ms","model":"Patient"},"timestamp":"2024-12-05T11:39:26.872Z"}
{"level":"info","message":"Fetched 2 patients from the database.","timestamp":"2024-12-05T11:39:26.873Z"}
{"level":"info","message":{"action":"findUnique","duration":"2ms","model":"Patient"},"timestamp":"2024-12-05T11:39:29.230Z"}
{"level":"info","message":"Fetched details for patient ID: cm4ay1xaf00005eg5c1u4o3pe","timestamp":"2024-12-05T11:39:29.230Z"}
{"level":"info","message":{"action":"findMany","duration":"2ms","model":"Patient"},"timestamp":"2024-12-05T11:39:34.543Z"}
{"level":"info","message":"Fetched 2 patients from the database.","timestamp":"2024-12-05T11:39:34.543Z"}
{"level":"info","message":{"action":"findMany","duration":"3ms","model":"Patient"},"timestamp":"2024-12-05T11:39:38.018Z"}
{"level":"info","message":"Fetched 2 patients from the database.","timestamp":"2024-12-05T11:39:38.018Z"}
{"level":"info","message":{"action":"findUnique","duration":"2ms","model":"Patient"},"timestamp":"2024-12-05T11:39:39.193Z"}
{"level":"info","message":"Fetched details for patient ID: cm4ay1xaf00005eg5c1u4o3pe","timestamp":"2024-12-05T11:39:39.193Z"}
{"level":"info","message":{"action":"findUnique","duration":"1ms","model":"Patient"},"timestamp":"2024-12-05T11:39:42.119Z"}
{"level":"info","message":"Fetched details for patient ID: cm4ay1xaf00005eg5c1u4o3pe","timestamp":"2024-12-05T11:39:42.119Z"}
{"level":"info","message":{"action":"findUnique","duration":"1ms","model":"Patient"},"timestamp":"2024-12-05T11:39:49.498Z"}
{"level":"info","message":"Fetched details for patient ID: cm4ay1xaf00005eg5c1u4o3pe","timestamp":"2024-12-05T11:39:49.498Z"}
{"level":"info","message":{"action":"findMany","duration":"2ms","model":"Patient"},"timestamp":"2024-12-05T11:39:58.978Z"}
{"level":"info","message":"Fetched 2 patients from the database.","timestamp":"2024-12-05T11:39:58.978Z"}
{"level":"info","message":{"action":"findUnique","duration":"2ms","model":"Patient"},"timestamp":"2024-12-05T11:40:00.163Z"}
{"level":"info","message":"Fetched details for patient ID: cm4ay1xaf00005eg5c1u4o3pe","timestamp":"2024-12-05T11:40:00.163Z"}
{"level":"info","message":{"action":"findUnique","duration":"2ms","model":"Patient"},"timestamp":"2024-12-05T11:40:01.052Z"}
{"level":"info","message":"Fetched details for patient ID: cm4ay1xaf00005eg5c1u4o3pe","timestamp":"2024-12-05T11:40:01.052Z"}
{"level":"info","message":{"action":"findMany","duration":"3ms","model":"Patient"},"timestamp":"2024-12-05T11:40:05.996Z"}
{"level":"info","message":"Fetched 2 patients from the database.","timestamp":"2024-12-05T11:40:05.996Z"}
{"level":"info","message":{"action":"findUnique","duration":"2ms","model":"Patient"},"timestamp":"2024-12-05T11:40:07.059Z"}
{"level":"info","message":"Fetched details for patient ID: cm4ay1xaf00005eg5c1u4o3pe","timestamp":"2024-12-05T11:40:07.059Z"}
{"level":"info","message":{"action":"findUnique","duration":"1ms","model":"Patient"},"timestamp":"2024-12-05T11:40:14.316Z"}
{"level":"info","message":"Fetched details for patient ID: cm4b23s2h00015eg55azohmaf","timestamp":"2024-12-05T11:40:14.316Z"}
{"level":"info","message":{"action":"findUnique","duration":"2ms","model":"Patient"},"timestamp":"2024-12-05T11:40:15.872Z"}
{"level":"info","message":"Fetched details for patient ID: cm4ay1xaf00005eg5c1u4o3pe","timestamp":"2024-12-05T11:40:15.872Z"}
{"level":"info","message":{"action":"findUnique","duration":"1ms","model":"Patient"},"timestamp":"2024-12-05T11:40:17.611Z"}
{"level":"info","message":"Fetched details for patient ID: cm4ay1xaf00005eg5c1u4o3pe","timestamp":"2024-12-05T11:40:17.611Z"}
{"level":"info","message":{"action":"findUnique","duration":"1ms","model":"Patient"},"timestamp":"2024-12-05T11:40:20.497Z"}
{"level":"info","message":"Fetched details for patient ID: cm4ay1xaf00005eg5c1u4o3pe","timestamp":"2024-12-05T11:40:20.497Z"}
{"level":"info","message":{"action":"findMany","duration":"2ms","model":"Patient"},"timestamp":"2024-12-05T11:40:28.170Z"}
{"level":"info","message":"Fetched 2 patients from the database.","timestamp":"2024-12-05T11:40:28.170Z"}
{"level":"info","message":{"action":"findUnique","duration":"2ms","model":"Patient"},"timestamp":"2024-12-05T11:40:29.043Z"}
{"level":"info","message":"Fetched details for patient ID: cm4ay1xaf00005eg5c1u4o3pe","timestamp":"2024-12-05T11:40:29.043Z"}
{"level":"info","message":{"action":"findMany","duration":"1ms","model":"Patient"},"timestamp":"2024-12-05T11:40:33.262Z"}
{"level":"info","message":"Fetched 2 patients from the database.","timestamp":"2024-12-05T11:40:33.262Z"}
{"level":"info","message":{"action":"findMany","duration":"6ms","model":"Patient"},"timestamp":"2024-12-05T11:41:06.847Z"}
{"level":"info","message":"Fetched 2 patients from the database.","timestamp":"2024-12-05T11:41:06.847Z"}
{"level":"info","message":{"action":"findUnique","duration":"3ms","model":"Patient"},"timestamp":"2024-12-05T11:41:07.516Z"}
{"level":"info","message":"Fetched details for patient ID: cm4ay1xaf00005eg5c1u4o3pe","timestamp":"2024-12-05T11:41:07.516Z"}
{"level":"info","message":{"action":"findUnique","duration":"1ms","model":"Patient"},"timestamp":"2024-12-05T11:41:08.242Z"}
{"level":"info","message":"Fetched details for patient ID: cm4b23s2h00015eg55azohmaf","timestamp":"2024-12-05T11:41:08.242Z"}
{"level":"info","message":{"action":"findMany","duration":"4ms","model":"Patient"},"timestamp":"2024-12-05T11:41:09.876Z"}
{"level":"info","message":"Fetched 2 patients from the database.","timestamp":"2024-12-05T11:41:09.876Z"}
{"level":"info","message":{"action":"findUnique","duration":"2ms","model":"Patient"},"timestamp":"2024-12-05T11:41:12.689Z"}
{"level":"info","message":"Fetched details for patient ID: cm4ay1xaf00005eg5c1u4o3pe","timestamp":"2024-12-05T11:41:12.689Z"}
{"level":"info","message":{"action":"findUnique","duration":"1ms","model":"Patient"},"timestamp":"2024-12-05T11:41:13.125Z"}
{"level":"info","message":"Fetched details for patient ID: cm4b23s2h00015eg55azohmaf","timestamp":"2024-12-05T11:41:13.125Z"}
{"level":"info","message":{"action":"findMany","duration":"2ms","model":"Patient"},"timestamp":"2024-12-05T11:41:21.000Z"}
{"level":"info","message":"Fetched 2 patients from the database.","timestamp":"2024-12-05T11:41:21.001Z"}
{"level":"info","message":{"action":"findMany","duration":"1ms","model":"Patient"},"timestamp":"2024-12-05T11:41:24.127Z"}
{"level":"info","message":"Fetched 2 patients from the database.","timestamp":"2024-12-05T11:41:24.127Z"}
{"level":"info","message":{"action":"findMany","duration":"1ms","model":"Patient"},"timestamp":"2024-12-05T11:41:26.936Z"}
{"level":"info","message":"Fetched 2 patients from the database.","timestamp":"2024-12-05T11:41:26.937Z"}
{"level":"info","message":{"action":"findMany","duration":"8ms","model":"Patient"},"timestamp":"2024-12-05T11:41:30.109Z"}
{"level":"info","message":"Fetched 2 patients from the database.","timestamp":"2024-12-05T11:41:30.109Z"}
{"level":"info","message":{"action":"findUnique","duration":"1ms","model":"Patient"},"timestamp":"2024-12-05T11:41:32.441Z"}
{"level":"info","message":"Fetched details for patient ID: cm4ay1xaf00005eg5c1u4o3pe","timestamp":"2024-12-05T11:41:32.441Z"}
{"level":"info","message":{"action":"findUnique","duration":"2ms","model":"Patient"},"timestamp":"2024-12-05T11:41:32.943Z"}
{"level":"info","message":"Fetched details for patient ID: cm4b23s2h00015eg55azohmaf","timestamp":"2024-12-05T11:41:32.943Z"}
{"level":"info","message":{"action":"findUnique","duration":"1ms","model":"Patient"},"timestamp":"2024-12-05T11:41:33.288Z"}
{"level":"info","message":"Fetched details for patient ID: cm4ay1xaf00005eg5c1u4o3pe","timestamp":"2024-12-05T11:41:33.288Z"}
{"level":"info","message":{"action":"findUnique","duration":"1ms","model":"Patient"},"timestamp":"2024-12-05T11:41:33.637Z"}
{"level":"info","message":"Fetched details for patient ID: cm4b23s2h00015eg55azohmaf","timestamp":"2024-12-05T11:41:33.638Z"}
{"level":"info","message":{"action":"findUnique","duration":"1ms","model":"Patient"},"timestamp":"2024-12-05T11:41:33.901Z"}
{"level":"info","message":"Fetched details for patient ID: cm4ay1xaf00005eg5c1u4o3pe","timestamp":"2024-12-05T11:41:33.901Z"}
{"level":"info","message":{"action":"findFirst","duration":"335ms","model":"User"},"timestamp":"2024-12-05T15:44:56.341Z"}
{"level":"info","message":{"action":"update","duration":"11ms","model":"User"},"timestamp":"2024-12-05T15:44:56.459Z"}
{"level":"info","message":{"action":"create","duration":"5ms","model":"NetworkLog"},"timestamp":"2024-12-05T15:44:57.246Z"}
{"level":"info","message":{"action":"findUnique","duration":"2ms","model":"User"},"timestamp":"2024-12-05T15:44:57.259Z"}
{"level":"info","message":{"action":"findMany","duration":"9ms","model":"Patient"},"timestamp":"2024-12-05T15:44:57.290Z"}
{"level":"info","message":"Fetched 2 patients from the database.","timestamp":"2024-12-05T15:44:57.291Z"}
{"level":"info","message":{"action":"findUnique","duration":"20ms","model":"Patient"},"timestamp":"2024-12-05T15:45:11.653Z"}
{"level":"info","message":"Fetched details for patient ID: cm4ay1xaf00005eg5c1u4o3pe","timestamp":"2024-12-05T15:45:11.653Z"}
{"level":"info","message":{"action":"findMany","duration":"2ms","model":"Patient"},"timestamp":"2024-12-05T15:47:42.203Z"}
{"level":"info","message":"Fetched 2 patients from the database.","timestamp":"2024-12-05T15:47:42.204Z"}
{"level":"info","message":{"action":"findUnique","duration":"2ms","model":"Patient"},"timestamp":"2024-12-05T15:48:16.978Z"}
{"level":"info","message":"Fetched details for patient ID: cm4ay1xaf00005eg5c1u4o3pe","timestamp":"2024-12-05T15:48:16.978Z"}
{"level":"info","message":{"action":"findUnique","duration":"2ms","model":"Patient"},"timestamp":"2024-12-05T15:48:17.888Z"}
{"level":"info","message":"Fetched details for patient ID: cm4b23s2h00015eg55azohmaf","timestamp":"2024-12-05T15:48:17.888Z"}
{"level":"info","message":{"action":"findUnique","duration":"2ms","model":"Patient"},"timestamp":"2024-12-05T15:48:18.837Z"}
{"level":"info","message":"Fetched details for patient ID: cm4ay1xaf00005eg5c1u4o3pe","timestamp":"2024-12-05T15:48:18.837Z"}
{"level":"info","message":{"action":"findUnique","duration":"2ms","model":"Patient"},"timestamp":"2024-12-05T15:48:20.549Z"}
{"level":"info","message":"Fetched details for patient ID: cm4ay1xaf00005eg5c1u4o3pe","timestamp":"2024-12-05T15:48:20.549Z"}
{"level":"info","message":{"action":"findMany","duration":"31ms","model":"Patient"},"timestamp":"2024-12-05T15:53:17.227Z"}
{"level":"info","message":"Fetched 2 patients from the database.","timestamp":"2024-12-05T15:53:17.227Z"}
{"level":"info","message":{"action":"findMany","duration":"2ms","model":"Patient"},"timestamp":"2024-12-05T15:53:31.214Z"}
{"level":"info","message":"Fetched 2 patients from the database.","timestamp":"2024-12-05T15:53:31.214Z"}
{"level":"info","message":{"action":"findMany","duration":"3ms","model":"Patient"},"timestamp":"2024-12-05T15:53:46.197Z"}
{"level":"info","message":"Fetched 2 patients from the database.","timestamp":"2024-12-05T15:53:46.197Z"}
{"level":"info","message":{"action":"findMany","duration":"2ms","model":"Patient"},"timestamp":"2024-12-05T15:53:50.196Z"}
{"level":"info","message":"Fetched 2 patients from the database.","timestamp":"2024-12-05T15:53:50.196Z"}
{"level":"info","message":{"action":"findMany","duration":"2ms","model":"Patient"},"timestamp":"2024-12-05T15:55:06.133Z"}
{"level":"info","message":"Fetched 2 patients from the database.","timestamp":"2024-12-05T15:55:06.133Z"}
{"level":"info","message":{"action":"findUnique","duration":"2ms","model":"Patient"},"timestamp":"2024-12-05T15:55:09.221Z"}
{"level":"info","message":"Fetched details for patient ID: cm4ay1xaf00005eg5c1u4o3pe","timestamp":"2024-12-05T15:55:09.221Z"}
{"level":"info","message":{"action":"findUnique","duration":"1ms","model":"Patient"},"timestamp":"2024-12-05T15:55:10.678Z"}
{"level":"info","message":"Fetched details for patient ID: cm4b23s2h00015eg55azohmaf","timestamp":"2024-12-05T15:55:10.678Z"}
{"level":"info","message":{"action":"findUnique","duration":"2ms","model":"Patient"},"timestamp":"2024-12-05T15:55:18.850Z"}
{"level":"info","message":"Fetched details for patient ID: cm4ay1xaf00005eg5c1u4o3pe","timestamp":"2024-12-05T15:55:18.850Z"}
{"level":"info","message":{"action":"findMany","duration":"2ms","model":"Patient"},"timestamp":"2024-12-05T15:55:54.003Z"}
{"level":"info","message":"Fetched 2 patients from the database.","timestamp":"2024-12-05T15:55:54.003Z"}
{"level":"info","message":{"action":"findUnique","duration":"1ms","model":"Patient"},"timestamp":"2024-12-05T15:55:55.888Z"}
{"level":"info","message":"Fetched details for patient ID: cm4ay1xaf00005eg5c1u4o3pe","timestamp":"2024-12-05T15:55:55.888Z"}
{"level":"info","message":{"action":"findUnique","duration":"2ms","model":"Patient"},"timestamp":"2024-12-05T15:55:56.995Z"}
{"level":"info","message":"Fetched details for patient ID: cm4b23s2h00015eg55azohmaf","timestamp":"2024-12-05T15:55:56.995Z"}
{"level":"info","message":{"action":"findUnique","duration":"1ms","model":"Patient"},"timestamp":"2024-12-05T15:55:59.820Z"}
{"level":"info","message":"Fetched details for patient ID: cm4ay1xaf00005eg5c1u4o3pe","timestamp":"2024-12-05T15:55:59.820Z"}
{"level":"info","message":{"action":"findUnique","duration":"2ms","model":"Patient"},"timestamp":"2024-12-05T15:56:01.255Z"}
{"level":"info","message":"Fetched details for patient ID: cm4b23s2h00015eg55azohmaf","timestamp":"2024-12-05T15:56:01.255Z"}
{"level":"info","message":{"action":"findMany","duration":"7ms","model":"Patient"},"timestamp":"2024-12-05T16:11:30.696Z"}
{"level":"info","message":"Fetched 2 patients from the database.","timestamp":"2024-12-05T16:11:30.697Z"}
{"level":"info","message":{"action":"findMany","duration":"2ms","model":"Patient"},"timestamp":"2024-12-05T16:11:38.643Z"}
{"level":"info","message":"Fetched 2 patients from the database.","timestamp":"2024-12-05T16:11:38.643Z"}
{"level":"info","message":{"action":"findMany","duration":"1ms","model":"Patient"},"timestamp":"2024-12-05T16:11:50.936Z"}
{"level":"info","message":"Fetched 2 patients from the database.","timestamp":"2024-12-05T16:11:50.936Z"}
{"level":"info","message":{"action":"findMany","duration":"2ms","model":"Patient"},"timestamp":"2024-12-05T16:11:58.941Z"}
{"level":"info","message":"Fetched 2 patients from the database.","timestamp":"2024-12-05T16:11:58.942Z"}
{"level":"info","message":{"action":"findMany","duration":"1ms","model":"Patient"},"timestamp":"2024-12-05T16:12:12.639Z"}
{"level":"info","message":"Fetched 2 patients from the database.","timestamp":"2024-12-05T16:12:12.639Z"}
{"level":"info","message":{"action":"findMany","duration":"3ms","model":"Patient"},"timestamp":"2024-12-05T16:12:14.524Z"}
{"level":"info","message":"Fetched 2 patients from the database.","timestamp":"2024-12-05T16:12:14.524Z"}
{"level":"info","message":{"action":"findMany","duration":"2ms","model":"Patient"},"timestamp":"2024-12-05T16:12:24.095Z"}
{"level":"info","message":"Fetched 2 patients from the database.","timestamp":"2024-12-05T16:12:24.095Z"}
{"level":"info","message":{"action":"findMany","duration":"1ms","model":"Patient"},"timestamp":"2024-12-05T16:12:28.909Z"}
{"level":"info","message":"Fetched 2 patients from the database.","timestamp":"2024-12-05T16:12:28.910Z"}
{"level":"info","message":{"action":"findMany","duration":"2ms","model":"Patient"},"timestamp":"2024-12-05T16:12:33.662Z"}
{"level":"info","message":"Fetched 2 patients from the database.","timestamp":"2024-12-05T16:12:33.662Z"}
{"level":"info","message":{"action":"findMany","duration":"1ms","model":"Patient"},"timestamp":"2024-12-05T16:12:35.968Z"}
{"level":"info","message":"Fetched 2 patients from the database.","timestamp":"2024-12-05T16:12:35.968Z"}
{"level":"info","message":{"action":"findMany","duration":"2ms","model":"Patient"},"timestamp":"2024-12-05T16:13:22.206Z"}
{"level":"info","message":"Fetched 2 patients from the database.","timestamp":"2024-12-05T16:13:22.206Z"}
{"level":"info","message":{"action":"findMany","duration":"7ms","model":"Patient"},"timestamp":"2024-12-05T16:37:54.091Z"}
{"level":"info","message":"Fetched 2 patients from the database.","timestamp":"2024-12-05T16:37:54.091Z"}
{"level":"info","message":{"action":"findMany","duration":"2ms","model":"Patient"},"timestamp":"2024-12-05T16:38:07.081Z"}
{"level":"info","message":"Fetched 2 patients from the database.","timestamp":"2024-12-05T16:38:07.081Z"}
{"level":"info","message":{"action":"findMany","duration":"1ms","model":"Patient"},"timestamp":"2024-12-05T16:38:08.072Z"}
{"level":"info","message":"Fetched 2 patients from the database.","timestamp":"2024-12-05T16:38:08.073Z"}
{"level":"info","message":{"action":"findMany","duration":"2ms","model":"Patient"},"timestamp":"2024-12-05T16:39:47.093Z"}
{"level":"info","message":"Fetched 2 patients from the database.","timestamp":"2024-12-05T16:39:47.093Z"}
{"level":"info","message":{"action":"findMany","duration":"9ms","model":"Patient"},"timestamp":"2024-12-05T16:43:49.298Z"}
{"level":"info","message":"Fetched 2 patients from the database.","timestamp":"2024-12-05T16:43:49.298Z"}
{"level":"info","message":{"action":"findFirst","duration":"2ms","model":"User"},"timestamp":"2024-12-05T16:44:02.408Z"}
{"level":"info","message":{"action":"update","duration":"4ms","model":"User"},"timestamp":"2024-12-05T16:44:02.478Z"}
{"level":"info","message":{"action":"create","duration":"8ms","model":"NetworkLog"},"timestamp":"2024-12-05T16:44:02.905Z"}
{"level":"info","message":{"action":"findUnique","duration":"1ms","model":"User"},"timestamp":"2024-12-05T16:44:02.914Z"}
{"level":"info","message":{"action":"findMany","duration":"1ms","model":"Patient"},"timestamp":"2024-12-05T16:44:02.941Z"}
{"level":"info","message":"Fetched 2 patients from the database.","timestamp":"2024-12-05T16:44:02.941Z"}
{"level":"info","message":{"action":"findMany","duration":"7ms","model":"Patient"},"timestamp":"2024-12-05T17:36:55.402Z"}
{"level":"info","message":"Fetched 2 patients from the database.","timestamp":"2024-12-05T17:36:55.403Z"}
{"level":"info","message":{"action":"findMany","duration":"2ms","model":"Patient"},"timestamp":"2024-12-05T17:37:01.196Z"}
{"level":"info","message":"Fetched 2 patients from the database.","timestamp":"2024-12-05T17:37:01.196Z"}
{"level":"info","message":{"action":"findMany","duration":"2ms","model":"Patient"},"timestamp":"2024-12-05T17:37:09.216Z"}
{"level":"info","message":"Fetched 2 patients from the database.","timestamp":"2024-12-05T17:37:09.217Z"}
{"level":"info","message":{"action":"findMany","duration":"2ms","model":"Patient"},"timestamp":"2024-12-05T17:37:14.699Z"}
{"level":"info","message":"Fetched 2 patients from the database.","timestamp":"2024-12-05T17:37:14.699Z"}
{"level":"info","message":{"action":"findMany","duration":"1ms","model":"Patient"},"timestamp":"2024-12-05T17:37:29.204Z"}
{"level":"info","message":"Fetched 2 patients from the database.","timestamp":"2024-12-05T17:37:29.205Z"}
{"level":"info","message":{"action":"findMany","duration":"2ms","model":"Patient"},"timestamp":"2024-12-05T17:37:32.039Z"}
{"level":"info","message":"Fetched 2 patients from the database.","timestamp":"2024-12-05T17:37:32.039Z"}
{"level":"info","message":{"action":"findMany","duration":"2ms","model":"Patient"},"timestamp":"2024-12-05T17:37:41.888Z"}
{"level":"info","message":"Fetched 2 patients from the database.","timestamp":"2024-12-05T17:37:41.888Z"}
{"level":"info","message":{"action":"findMany","duration":"3ms","model":"Patient"},"timestamp":"2024-12-05T17:39:04.103Z"}
{"level":"info","message":"Fetched 2 patients from the database.","timestamp":"2024-12-05T17:39:04.103Z"}
{"level":"info","message":{"action":"findMany","duration":"2ms","model":"Patient"},"timestamp":"2024-12-05T17:39:04.897Z"}
{"level":"info","message":"Fetched 2 patients from the database.","timestamp":"2024-12-05T17:39:04.897Z"}
{"level":"info","message":{"action":"findMany","duration":"2ms","model":"Patient"},"timestamp":"2024-12-05T17:39:16.095Z"}
{"level":"info","message":"Fetched 2 patients from the database.","timestamp":"2024-12-05T17:39:16.095Z"}
{"level":"info","message":{"action":"findMany","duration":"1ms","model":"Patient"},"timestamp":"2024-12-05T17:39:56.615Z"}
{"level":"info","message":"Fetched 2 patients from the database.","timestamp":"2024-12-05T17:39:56.615Z"}
{"level":"info","message":{"action":"findMany","duration":"2ms","model":"Patient"},"timestamp":"2024-12-05T17:40:06.374Z"}
{"level":"info","message":"Fetched 2 patients from the database.","timestamp":"2024-12-05T17:40:06.374Z"}
{"level":"info","message":{"action":"findMany","duration":"1ms","model":"Patient"},"timestamp":"2024-12-05T17:40:13.623Z"}
{"level":"info","message":"Fetched 2 patients from the database.","timestamp":"2024-12-05T17:40:13.623Z"}
{"level":"info","message":{"action":"findMany","duration":"2ms","model":"Patient"},"timestamp":"2024-12-05T17:40:16.490Z"}
{"level":"info","message":"Fetched 2 patients from the database.","timestamp":"2024-12-05T17:40:16.490Z"}
{"level":"info","message":{"action":"findMany","duration":"2ms","model":"Patient"},"timestamp":"2024-12-05T17:40:20.039Z"}
{"level":"info","message":"Fetched 2 patients from the database.","timestamp":"2024-12-05T17:40:20.039Z"}
{"level":"info","message":{"action":"findMany","duration":"2ms","model":"Patient"},"timestamp":"2024-12-05T17:40:32.392Z"}
{"level":"info","message":"Fetched 2 patients from the database.","timestamp":"2024-12-05T17:40:32.392Z"}
{"level":"info","message":{"action":"findMany","duration":"1ms","model":"Patient"},"timestamp":"2024-12-05T17:40:43.109Z"}
{"level":"info","message":"Fetched 2 patients from the database.","timestamp":"2024-12-05T17:40:43.109Z"}
{"level":"info","message":{"action":"findMany","duration":"2ms","model":"Patient"},"timestamp":"2024-12-05T17:40:49.321Z"}
{"level":"info","message":"Fetched 2 patients from the database.","timestamp":"2024-12-05T17:40:49.321Z"}
{"level":"info","message":{"action":"findMany","duration":"5ms","model":"Patient"},"timestamp":"2024-12-05T17:51:26.094Z"}
{"level":"info","message":"Fetched 2 patients from the database.","timestamp":"2024-12-05T17:51:26.094Z"}
{"level":"info","message":{"action":"findMany","duration":"1ms","model":"Patient"},"timestamp":"2024-12-05T17:51:37.076Z"}
{"level":"info","message":"Fetched 2 patients from the database.","timestamp":"2024-12-05T17:51:37.076Z"}
{"level":"info","message":{"action":"findMany","duration":"1ms","model":"Patient"},"timestamp":"2024-12-05T17:51:38.076Z"}
{"level":"info","message":"Fetched 2 patients from the database.","timestamp":"2024-12-05T17:51:38.076Z"}
{"level":"info","message":{"action":"findMany","duration":"2ms","model":"Patient"},"timestamp":"2024-12-05T17:52:00.080Z"}
{"level":"info","message":"Fetched 2 patients from the database.","timestamp":"2024-12-05T17:52:00.080Z"}
{"level":"info","message":{"action":"findMany","duration":"1ms","model":"Patient"},"timestamp":"2024-12-05T17:52:20.086Z"}
{"level":"info","message":"Fetched 2 patients from the database.","timestamp":"2024-12-05T17:52:20.086Z"}
{"level":"info","message":{"action":"findMany","duration":"2ms","model":"Patient"},"timestamp":"2024-12-05T17:53:00.097Z"}
{"level":"info","message":"Fetched 2 patients from the database.","timestamp":"2024-12-05T17:53:00.098Z"}
{"level":"info","message":{"action":"findMany","duration":"1ms","model":"Patient"},"timestamp":"2024-12-05T17:55:01.216Z"}
{"level":"info","message":"Fetched 2 patients from the database.","timestamp":"2024-12-05T17:55:01.216Z"}
{"level":"info","message":{"action":"findMany","duration":"5ms","model":"Patient"},"timestamp":"2024-12-05T17:58:37.793Z"}
{"level":"info","message":"Fetched 2 patients from the database.","timestamp":"2024-12-05T17:58:37.793Z"}
{"level":"info","message":{"action":"findMany","duration":"1ms","model":"Patient"},"timestamp":"2024-12-05T17:58:39.987Z"}
{"level":"info","message":"Fetched 2 patients from the database.","timestamp":"2024-12-05T17:58:39.987Z"}
{"level":"info","message":{"action":"findMany","duration":"2ms","model":"Patient"},"timestamp":"2024-12-05T17:58:41.102Z"}
{"level":"info","message":"Fetched 2 patients from the database.","timestamp":"2024-12-05T17:58:41.102Z"}
{"level":"info","message":{"action":"findMany","duration":"2ms","model":"Patient"},"timestamp":"2024-12-05T17:58:49.143Z"}
{"level":"info","message":"Fetched 2 patients from the database.","timestamp":"2024-12-05T17:58:49.143Z"}
{"level":"info","message":{"action":"findMany","duration":"2ms","model":"Patient"},"timestamp":"2024-12-05T17:58:51.410Z"}
{"level":"info","message":"Fetched 2 patients from the database.","timestamp":"2024-12-05T17:58:51.410Z"}
{"level":"info","message":{"action":"findUnique","duration":"4ms","model":"Patient"},"timestamp":"2024-12-05T18:05:49.680Z"}
{"level":"info","message":"Fetched details for patient ID: cm4ay1xaf00005eg5c1u4o3pe","timestamp":"2024-12-05T18:05:49.681Z"}
{"level":"info","message":{"action":"findUnique","duration":"2ms","model":"Patient"},"timestamp":"2024-12-05T18:05:52.701Z"}
{"level":"info","message":"Fetched details for patient ID: cm4b23s2h00015eg55azohmaf","timestamp":"2024-12-05T18:05:52.701Z"}
{"level":"info","message":{"action":"findUnique","duration":"1ms","model":"Patient"},"timestamp":"2024-12-05T18:05:53.720Z"}
{"level":"info","message":"Fetched details for patient ID: cm4ay1xaf00005eg5c1u4o3pe","timestamp":"2024-12-05T18:05:53.720Z"}
{"level":"info","message":{"action":"findMany","duration":"3ms","model":"Patient"},"timestamp":"2024-12-05T18:06:25.777Z"}
{"level":"info","message":"Fetched 2 patients from the database.","timestamp":"2024-12-05T18:06:25.777Z"}
{"level":"info","message":{"action":"findMany","duration":"3ms","model":"Patient"},"timestamp":"2024-12-05T18:07:19.226Z"}
{"level":"info","message":"Fetched 2 patients from the database.","timestamp":"2024-12-05T18:07:19.227Z"}
