{"level":"info","message":{"action":"findFirst","duration":"5ms","model":"User"},"timestamp":"2025-01-06T18:30:12.738Z"}
{"level":"info","message":{"action":"findFirst","duration":"2ms","model":"masterUser"},"timestamp":"2025-01-06T18:30:12.741Z"}
{"level":"info","message":{"action":"findFirst","duration":"1ms","model":"User"},"timestamp":"2025-01-06T18:30:50.482Z"}
{"level":"info","message":{"action":"findFirst","duration":"1ms","model":"masterUser"},"timestamp":"2025-01-06T18:30:50.483Z"}
{"level":"info","message":{"action":"findFirst","duration":"1ms","model":"User"},"timestamp":"2025-01-06T18:31:58.147Z"}
{"level":"info","message":{"action":"findFirst","duration":"1ms","model":"masterUser"},"timestamp":"2025-01-06T18:31:58.149Z"}
{"level":"info","message":{"action":"findFirst","duration":"5ms","model":"User"},"timestamp":"2025-01-06T18:37:06.248Z"}
{"level":"info","message":{"action":"findFirst","duration":"2ms","model":"masterUser"},"timestamp":"2025-01-06T18:37:06.250Z"}
{"level":"info","message":{"action":"findFirst","duration":"95ms","model":"User"},"timestamp":"2025-01-07T15:11:01.806Z"}
{"level":"info","message":{"action":"findFirst","duration":"15ms","model":"masterUser"},"timestamp":"2025-01-07T15:11:01.823Z"}
{"level":"info","message":{"action":"update","duration":"17ms","model":"User"},"timestamp":"2025-01-07T15:11:01.916Z"}
{"level":"info","message":{"action":"create","duration":"11ms","model":"NetworkLog"},"timestamp":"2025-01-07T15:11:02.852Z"}
{"level":"info","message":{"action":"findUnique","duration":"4ms","model":"User"},"timestamp":"2025-01-07T15:11:04.960Z"}
{"level":"info","message":{"action":"update","duration":"43ms","model":"User"},"timestamp":"2025-01-07T15:11:05.009Z"}
{"level":"info","message":{"action":"findUnique","duration":"2ms","model":"User"},"timestamp":"2025-01-07T15:11:05.039Z"}
{"level":"info","message":{"action":"findFirst","duration":"17ms","model":"User"},"timestamp":"2025-01-07T15:34:25.807Z"}
{"level":"info","message":{"action":"findFirst","duration":"3ms","model":"masterUser"},"timestamp":"2025-01-07T15:34:25.812Z"}
{"level":"info","message":{"action":"findFirst","duration":"2ms","model":"User"},"timestamp":"2025-01-07T15:34:32.745Z"}
{"level":"info","message":{"action":"findFirst","duration":"1ms","model":"masterUser"},"timestamp":"2025-01-07T15:34:32.747Z"}
{"level":"info","message":{"action":"findFirst","duration":"1ms","model":"User"},"timestamp":"2025-01-07T15:34:37.451Z"}
{"level":"info","message":{"action":"findFirst","duration":"1ms","model":"masterUser"},"timestamp":"2025-01-07T15:34:37.453Z"}
{"level":"info","message":{"action":"findFirst","duration":"1ms","model":"User"},"timestamp":"2025-01-07T15:34:39.914Z"}
{"level":"info","message":{"action":"findFirst","duration":"2ms","model":"masterUser"},"timestamp":"2025-01-07T15:34:39.916Z"}
{"level":"info","message":{"action":"findFirst","duration":"2ms","model":"User"},"timestamp":"2025-01-07T15:34:42.440Z"}
{"level":"info","message":{"action":"findFirst","duration":"2ms","model":"masterUser"},"timestamp":"2025-01-07T15:34:42.442Z"}
{"level":"info","message":{"action":"findFirst","duration":"2ms","model":"User"},"timestamp":"2025-01-07T15:38:00.627Z"}
{"level":"info","message":{"action":"findFirst","duration":"1ms","model":"masterUser"},"timestamp":"2025-01-07T15:38:00.628Z"}
{"level":"info","message":{"action":"findFirst","duration":"1ms","model":"User"},"timestamp":"2025-01-07T15:38:55.900Z"}
{"level":"info","message":{"action":"findFirst","duration":"1ms","model":"masterUser"},"timestamp":"2025-01-07T15:38:55.902Z"}
{"level":"info","message":{"action":"findFirst","duration":"5ms","model":"User"},"timestamp":"2025-01-07T15:40:20.810Z"}
{"level":"info","message":{"action":"findFirst","duration":"2ms","model":"masterUser"},"timestamp":"2025-01-07T15:40:20.813Z"}
{"level":"info","message":{"action":"update","duration":"6ms","model":"User"},"timestamp":"2025-01-07T15:40:20.893Z"}
{"level":"info","message":{"action":"create","duration":"5ms","model":"NetworkLog"},"timestamp":"2025-01-07T15:40:21.872Z"}
{"level":"info","message":{"action":"findUnique","duration":"24ms","model":"DynamicField"},"timestamp":"2025-01-07T16:32:18.160Z"}
{"level":"info","message":{"action":"create","duration":"6ms","model":"DynamicField"},"timestamp":"2025-01-07T16:32:18.167Z"}
{"level":"info","message":{"action":"delete","duration":"14ms","model":"DynamicField"},"timestamp":"2025-01-07T16:52:07.599Z"}
{"level":"info","message":{"action":"findUnique","duration":"4ms","model":"DynamicField"},"timestamp":"2025-01-07T16:59:29.238Z"}
{"level":"info","message":{"action":"create","duration":"4ms","model":"DynamicField"},"timestamp":"2025-01-07T16:59:29.243Z"}
{"level":"info","message":{"action":"findUnique","duration":"5ms","model":"DynamicField"},"timestamp":"2025-01-07T17:25:18.027Z"}
{"level":"info","message":{"action":"create","duration":"4ms","model":"DynamicField"},"timestamp":"2025-01-07T17:25:18.032Z"}
