{"level":"error","message":"Error during registration: \nInvalid `prisma.user.findUnique()` invocation in\nD:\\Projects\\user_authentication\\backend\\controllers\\registerController.js:16:50\n\n  13 \n  14 try {\n  15     // Check for duplicate email or username in the database\n→ 16     const duplicateEmail = await prisma.user.findUnique(\nAuthentication failed against database server at `localhost`, the provided database credentials for `root` are not valid.\n\nPlease make sure to provide valid database credentials for the database server at `localhost`.","timestamp":"2025-01-04T10:09:38.905Z"}
{"level":"info","message":{"action":"findUnique","duration":"362ms","model":"User"},"timestamp":"2025-01-04T10:11:28.666Z"}
{"level":"info","message":{"action":"findUnique","duration":"1ms","model":"User"},"timestamp":"2025-01-04T10:11:28.669Z"}
{"level":"info","message":{"action":"create","duration":"32ms","model":"User"},"timestamp":"2025-01-04T10:11:28.766Z"}
{"level":"info","message":"User registered: admin@gmail.com","timestamp":"2025-01-04T10:11:28.766Z"}
{"level":"info","message":{"action":"create","duration":"6ms","model":"InformationSource"},"timestamp":"2025-01-04T10:11:35.029Z"}
{"level":"info","message":{"action":"create","duration":"20ms","model":"PatientType"},"timestamp":"2025-01-04T10:41:01.612Z"}
{"level":"info","message":{"action":"create","duration":"28ms","model":"PatientType"},"timestamp":"2025-01-04T10:43:54.643Z"}
{"level":"info","message":{"action":"create","duration":"4ms","model":"PatientType"},"timestamp":"2025-01-04T10:44:43.308Z"}
{"level":"info","message":{"action":"create","duration":"5ms","model":"PatientType"},"timestamp":"2025-01-04T10:45:04.407Z"}
{"level":"info","message":{"action":"create","duration":"4ms","model":"PatientType"},"timestamp":"2025-01-04T10:45:26.927Z"}
{"level":"info","message":{"action":"create","duration":"3ms","model":"PatientType"},"timestamp":"2025-01-04T10:45:52.138Z"}
{"level":"info","message":{"action":"findMany","duration":"93ms","model":"PatientType"},"timestamp":"2025-01-04T10:46:41.996Z"}
{"level":"info","message":{"action":"update","duration":"87ms","model":"PatientType"},"timestamp":"2025-01-04T10:49:01.920Z"}
{"level":"info","message":{"action":"findMany","duration":"2ms","model":"PatientType"},"timestamp":"2025-01-04T10:49:07.244Z"}
{"level":"info","message":{"action":"delete","duration":"5ms","model":"PatientType"},"timestamp":"2025-01-04T10:49:54.272Z"}
{"level":"info","message":{"action":"findMany","duration":"1ms","model":"PatientType"},"timestamp":"2025-01-04T10:49:58.036Z"}
{"level":"info","message":{"action":"create","duration":"21ms","model":"NurseType"},"timestamp":"2025-01-04T11:33:02.966Z"}
{"level":"info","message":{"action":"create","duration":"5ms","model":"NurseType"},"timestamp":"2025-01-04T11:33:48.531Z"}
{"level":"info","message":{"action":"create","duration":"4ms","model":"NurseType"},"timestamp":"2025-01-04T11:34:12.257Z"}
{"level":"info","message":{"action":"create","duration":"4ms","model":"NurseType"},"timestamp":"2025-01-04T11:34:40.490Z"}
{"level":"info","message":{"action":"create","duration":"3ms","model":"NurseType"},"timestamp":"2025-01-04T11:35:03.086Z"}
{"level":"info","message":{"action":"findMany","duration":"2ms","model":"NurseType"},"timestamp":"2025-01-04T11:35:33.216Z"}
{"level":"info","message":{"action":"update","duration":"6ms","model":"NurseType"},"timestamp":"2025-01-04T11:36:27.066Z"}
{"level":"info","message":{"action":"findMany","duration":"2ms","model":"NurseType"},"timestamp":"2025-01-04T11:36:31.164Z"}
{"level":"info","message":{"action":"delete","duration":"5ms","model":"NurseType"},"timestamp":"2025-01-04T11:37:01.244Z"}
{"level":"info","message":{"action":"findMany","duration":"1ms","model":"NurseType"},"timestamp":"2025-01-04T11:37:07.977Z"}
{"level":"info","message":{"action":"create","duration":"22ms","model":"PatientPriority"},"timestamp":"2025-01-04T12:07:04.246Z"}
{"level":"info","message":{"action":"create","duration":"4ms","model":"PatientPriority"},"timestamp":"2025-01-04T12:07:26.665Z"}
{"level":"info","message":{"action":"create","duration":"5ms","model":"PatientPriority"},"timestamp":"2025-01-04T12:08:36.639Z"}
{"level":"info","message":{"action":"create","duration":"5ms","model":"PatientPriority"},"timestamp":"2025-01-04T12:08:50.075Z"}
{"level":"info","message":{"action":"findMany","duration":"2ms","model":"PatientPriority"},"timestamp":"2025-01-04T12:09:15.560Z"}
{"level":"info","message":{"action":"update","duration":"7ms","model":"PatientPriority"},"timestamp":"2025-01-04T12:10:10.938Z"}
{"level":"info","message":{"action":"findMany","duration":"1ms","model":"PatientPriority"},"timestamp":"2025-01-04T12:10:14.142Z"}
{"level":"info","message":{"action":"delete","duration":"5ms","model":"PatientPriority"},"timestamp":"2025-01-04T12:10:38.952Z"}
{"level":"info","message":{"action":"findMany","duration":"1ms","model":"PatientPriority"},"timestamp":"2025-01-04T12:10:43.588Z"}
{"level":"info","message":{"action":"create","duration":"5ms","model":"OverBooking"},"timestamp":"2025-01-04T13:13:24.071Z"}
{"level":"info","message":{"action":"create","duration":"5ms","model":"OverBooking"},"timestamp":"2025-01-04T13:16:50.103Z"}
{"level":"info","message":{"action":"create","duration":"4ms","model":"OverBooking"},"timestamp":"2025-01-04T13:17:01.957Z"}
{"level":"info","message":{"action":"create","duration":"4ms","model":"OverBooking"},"timestamp":"2025-01-04T13:18:49.582Z"}
{"level":"info","message":{"action":"findUnique","duration":"15ms","model":"Doctor"},"timestamp":"2025-01-04T13:28:51.215Z"}
{"level":"info","message":{"action":"findUnique","duration":"2ms","model":"Doctor"},"timestamp":"2025-01-04T13:29:07.072Z"}
{"level":"info","message":{"action":"create","duration":"6ms","model":"OverBooking"},"timestamp":"2025-01-04T13:29:07.078Z"}
{"level":"info","message":{"action":"findMany","duration":"82ms","model":"OverBooking"},"timestamp":"2025-01-04T13:36:06.318Z"}
{"level":"info","message":{"action":"findMany","duration":"28ms","model":"OverBooking"},"timestamp":"2025-01-04T13:39:47.177Z"}
{"level":"info","message":{"action":"findMany","duration":"8ms","model":"OverBooking"},"timestamp":"2025-01-04T13:53:47.147Z"}
{"level":"info","message":{"action":"update","duration":"8ms","model":"OverBooking"},"timestamp":"2025-01-04T13:54:42.398Z"}
{"level":"info","message":{"action":"findMany","duration":"2ms","model":"OverBooking"},"timestamp":"2025-01-04T13:54:47.334Z"}
{"level":"info","message":{"action":"delete","duration":"5ms","model":"OverBooking"},"timestamp":"2025-01-04T13:55:20.142Z"}
{"level":"info","message":{"action":"findMany","duration":"2ms","model":"OverBooking"},"timestamp":"2025-01-04T13:55:23.948Z"}
{"level":"info","message":{"action":"create","duration":"20ms","model":"EncounterType"},"timestamp":"2025-01-04T14:17:02.955Z"}
{"level":"info","message":{"action":"create","duration":"26ms","model":"EncounterType"},"timestamp":"2025-01-04T14:17:16.493Z"}
{"level":"info","message":{"action":"create","duration":"4ms","model":"EncounterType"},"timestamp":"2025-01-04T14:17:54.781Z"}
{"level":"info","message":{"action":"findMany","duration":"15ms","model":"EncounterType"},"timestamp":"2025-01-04T14:18:26.302Z"}
{"level":"info","message":{"action":"create","duration":"5ms","model":"EncounterType"},"timestamp":"2025-01-04T14:19:02.983Z"}
{"level":"info","message":{"action":"findMany","duration":"1ms","model":"EncounterType"},"timestamp":"2025-01-04T14:19:06.098Z"}
{"level":"info","message":{"action":"update","duration":"5ms","model":"EncounterType"},"timestamp":"2025-01-04T14:19:58.697Z"}
{"level":"info","message":{"action":"findMany","duration":"0ms","model":"EncounterType"},"timestamp":"2025-01-04T14:20:03.642Z"}
{"level":"info","message":{"action":"delete","duration":"4ms","model":"EncounterType"},"timestamp":"2025-01-04T14:20:25.711Z"}
{"level":"info","message":{"action":"findMany","duration":"1ms","model":"EncounterType"},"timestamp":"2025-01-04T14:20:29.478Z"}
{"level":"info","message":{"action":"create","duration":"22ms","model":"OtherID"},"timestamp":"2025-01-04T15:06:43.950Z"}
{"level":"info","message":{"action":"create","duration":"6ms","model":"OtherID"},"timestamp":"2025-01-04T15:11:08.958Z"}
{"level":"info","message":{"action":"create","duration":"44ms","model":"OtherID"},"timestamp":"2025-01-04T15:21:05.702Z"}
{"level":"info","message":{"action":"findMany","duration":"2ms","model":"OtherID"},"timestamp":"2025-01-04T15:21:26.203Z"}
{"level":"info","message":{"action":"update","duration":"33ms","model":"OtherID"},"timestamp":"2025-01-04T15:24:10.006Z"}
{"level":"info","message":{"action":"findMany","duration":"1ms","model":"OtherID"},"timestamp":"2025-01-04T15:24:13.122Z"}
{"level":"info","message":{"action":"delete","duration":"6ms","model":"OtherID"},"timestamp":"2025-01-04T15:24:41.301Z"}
{"level":"info","message":{"action":"findMany","duration":"1ms","model":"OtherID"},"timestamp":"2025-01-04T15:24:44.228Z"}
{"level":"info","message":{"action":"create","duration":"4ms","model":"OtherID"},"timestamp":"2025-01-04T15:24:47.856Z"}
{"level":"info","message":{"action":"findMany","duration":"2ms","model":"OtherID"},"timestamp":"2025-01-04T15:24:53.083Z"}
