{"level":"info","message":{"action":"findUnique","duration":"2070ms","model":"Patient"},"timestamp":"2024-12-04T03:33:40.215Z"}
{"level":"info","message":{"action":"findUnique","duration":"5ms","model":"Patient"},"timestamp":"2024-12-04T03:33:40.225Z"}
{"level":"info","message":{"action":"create","duration":"41ms","model":"Patient"},"timestamp":"2024-12-04T03:33:40.267Z"}
{"level":"info","message":"Patient registered: sample123@example.com","timestamp":"2024-12-04T03:33:40.268Z"}
{"level":"info","message":{"action":"findUnique","duration":"20ms","model":"Patient"},"timestamp":"2024-12-04T03:51:17.103Z"}
{"level":"info","message":{"action":"findUnique","duration":"3ms","model":"Patient"},"timestamp":"2024-12-04T03:51:17.109Z"}
{"level":"info","message":{"action":"create","duration":"8ms","model":"Patient"},"timestamp":"2024-12-04T03:51:17.118Z"}
{"level":"info","message":"Patient registered: sample123@example.com","timestamp":"2024-12-04T03:51:17.119Z"}
{"level":"info","message":{"action":"findUnique","duration":"34ms","model":"Patient"},"timestamp":"2024-12-04T04:07:44.969Z"}
{"level":"info","message":{"action":"findUnique","duration":"5ms","model":"Patient"},"timestamp":"2024-12-04T04:07:44.981Z"}
{"level":"info","message":{"action":"create","duration":"10ms","model":"Patient"},"timestamp":"2024-12-04T04:07:44.992Z"}
{"level":"info","message":"Patient registered: sample123@example.com","timestamp":"2024-12-04T04:07:44.993Z"}
{"level":"info","message":{"action":"findUnique","duration":"52ms","model":"Patient"},"timestamp":"2024-12-04T04:24:34.294Z"}
{"level":"info","message":{"action":"findUnique","duration":"5ms","model":"Patient"},"timestamp":"2024-12-04T04:24:34.301Z"}
{"level":"info","message":{"action":"create","duration":"8ms","model":"Patient"},"timestamp":"2024-12-04T04:24:34.310Z"}
{"level":"info","message":"Patient registered: sample123@example.com","timestamp":"2024-12-04T04:24:34.311Z"}
{"level":"info","message":{"action":"findUnique","duration":"11ms","model":"Patient"},"timestamp":"2024-12-04T04:50:56.949Z"}
{"level":"info","message":{"action":"findUnique","duration":"3ms","model":"Patient"},"timestamp":"2024-12-04T04:50:56.954Z"}
{"level":"info","message":{"action":"create","duration":"6ms","model":"Patient"},"timestamp":"2024-12-04T04:50:56.961Z"}
{"level":"info","message":"Patient registered: sample123@example.com","timestamp":"2024-12-04T04:50:56.961Z"}
{"level":"info","message":{"action":"findUnique","duration":"14ms","model":"Patient"},"timestamp":"2024-12-04T04:53:36.302Z"}
{"level":"info","message":{"action":"findUnique","duration":"4ms","model":"Patient"},"timestamp":"2024-12-04T04:53:36.309Z"}
{"level":"info","message":{"action":"create","duration":"7ms","model":"Patient"},"timestamp":"2024-12-04T04:53:36.316Z"}
{"level":"info","message":"Patient registered: sample123@example.com","timestamp":"2024-12-04T04:53:36.317Z"}
{"level":"info","message":{"action":"findUnique","duration":"12ms","model":"Patient"},"timestamp":"2024-12-04T05:28:25.481Z"}
{"level":"info","message":{"action":"findUnique","duration":"2ms","model":"Patient"},"timestamp":"2024-12-04T05:28:25.485Z"}
{"level":"error","message":"calculateAge is not defined","timestamp":"2024-12-04T05:28:25.485Z"}
{"level":"info","message":{"action":"findUnique","duration":"1ms","model":"Patient"},"timestamp":"2024-12-04T05:28:37.522Z"}
{"level":"info","message":{"action":"findUnique","duration":"1ms","model":"Patient"},"timestamp":"2024-12-04T05:28:37.524Z"}
{"level":"error","message":"calculateAge is not defined","timestamp":"2024-12-04T05:28:37.525Z"}
{"level":"info","message":{"action":"findUnique","duration":"14ms","model":"Patient"},"timestamp":"2024-12-04T05:28:48.392Z"}
{"level":"info","message":{"action":"findUnique","duration":"4ms","model":"Patient"},"timestamp":"2024-12-04T05:28:48.398Z"}
{"level":"info","message":{"action":"create","duration":"10ms","model":"Patient"},"timestamp":"2024-12-04T05:28:48.409Z"}
{"level":"info","message":"Patient registered: sample123@example.com","timestamp":"2024-12-04T05:28:48.409Z"}
{"level":"info","message":{"action":"findUnique","duration":"14ms","model":"Patient"},"timestamp":"2024-12-04T05:34:42.216Z"}
{"level":"info","message":{"action":"findUnique","duration":"2ms","model":"Patient"},"timestamp":"2024-12-04T05:34:42.219Z"}
{"level":"error","message":"Error during patient registration: \nInvalid `prisma.patient.create()` invocation in\nD:\\Projects\\user_authentication\\backend\\controllers\\patientRegisterController.js:70:49\n\n  67 \n  68 const normalizedGender = gender.charAt(0).toUpperCase() + gender.slice(1).toLowerCase();\n  69 \n→ 70 const newPatient = await prisma.patient.create({\n       data: {\n         fullName: \"RCP Rajapaksha\",\n         dateOfBirth: new Date(\"2002-06-04T00:00:00.000Z\"),\n         age: 22,\n         gender: \"Male\",\n         nationality: null,\n         email: \"chanakaprasath456@gmail.com\",\n         maritalStatus: null,\n         visaType: null,\n         nationalId: \"992051060V\",\n         otherIdType: null,\n         otherIdValue: null,\n         contactNumberWork: null,\n         consultationType: \"General\",\n         doctorName: \"Dr. John Smith\",\n         appointmentDate: new Date(\"2024-12-04T00:00:00.000Z\"),\n         speciality: null,\n         consultationReason: null,\n         paymentType: \"insurance\",\n         insurancePlan: null,\n         insuranceCardNumber: null,\n         insuranceProvider: null,\n         insuranceSubProvider: null,\n         policyNumber: null,\n         policyExpiryDate: null,\n         customFields: {\n           mobileNumber: \"97154366\",\n           workNumber: \"971124465337\",\n           insuranceDetails: \"\"\n         },\n     +   contactNumberMobile: String\n       }\n     })\n\nArgument `contactNumberMobile` is missing.","timestamp":"2024-12-04T05:34:42.273Z"}
{"level":"info","message":{"action":"findUnique","duration":"14ms","model":"Patient"},"timestamp":"2024-12-04T05:35:01.419Z"}
{"level":"info","message":{"action":"findUnique","duration":"3ms","model":"Patient"},"timestamp":"2024-12-04T05:35:01.423Z"}
{"level":"error","message":"Error during patient registration: \nInvalid `prisma.patient.create()` invocation in\nD:\\Projects\\user_authentication\\backend\\controllers\\patientRegisterController.js:70:49\n\n  67 \n  68 const normalizedGender = gender.charAt(0).toUpperCase() + gender.slice(1).toLowerCase();\n  69 \n→ 70 const newPatient = await prisma.patient.create({\n       data: {\n         fullName: \"RCP Rajapaksha\",\n         dateOfBirth: new Date(\"2002-06-04T00:00:00.000Z\"),\n         age: 22,\n         gender: \"Male\",\n         nationality: null,\n         email: \"chanakaprasath456@gmail.com\",\n         maritalStatus: null,\n         visaType: null,\n         nationalId: \"992051060V\",\n         otherIdType: null,\n         otherIdValue: null,\n         contactNumberWork: null,\n         consultationType: \"General\",\n         doctorName: \"Dr. John Smith\",\n         appointmentDate: new Date(\"2024-12-04T00:00:00.000Z\"),\n         speciality: null,\n         consultationReason: null,\n         paymentType: \"insurance\",\n         insurancePlan: null,\n         insuranceCardNumber: null,\n         insuranceProvider: null,\n         insuranceSubProvider: null,\n         policyNumber: null,\n         policyExpiryDate: null,\n         customFields: {\n           mobileNumber: \"97154366\",\n           workNumber: \"971124465337\",\n           insuranceDetails: \"\"\n         },\n     +   contactNumberMobile: String\n       }\n     })\n\nArgument `contactNumberMobile` is missing.","timestamp":"2024-12-04T05:35:01.441Z"}
{"level":"info","message":{"action":"findUnique","duration":"12ms","model":"Patient"},"timestamp":"2024-12-04T05:36:33.158Z"}
{"level":"info","message":{"action":"findUnique","duration":"2ms","model":"Patient"},"timestamp":"2024-12-04T05:36:33.163Z"}
{"level":"error","message":"Error during patient registration: \nInvalid `prisma.patient.create()` invocation in\nD:\\Projects\\user_authentication\\backend\\controllers\\patientRegisterController.js:71:49\n\n  68 \n  69 const normalizedGender = gender.charAt(0).toUpperCase() + gender.slice(1).toLowerCase();\n  70 \n→ 71 const newPatient = await prisma.patient.create({\n       data: {\n         fullName: \"RCP Rajapaksha\",\n         dateOfBirth: new Date(\"2002-06-04T00:00:00.000Z\"),\n         age: 22,\n         gender: \"Male\",\n         nationality: null,\n         email: \"chanakaprasath456@gmail.com\",\n         maritalStatus: null,\n         visaType: null,\n         nationalId: \"992051060V\",\n         otherIdType: null,\n         otherIdValue: null,\n         contactNumberWork: null,\n         consultationType: \"General\",\n         doctorName: \"Dr. John Smith\",\n         appointmentDate: new Date(\"2024-12-04T00:00:00.000Z\"),\n         speciality: null,\n         consultationReason: null,\n         paymentType: \"insurance\",\n         insurancePlan: null,\n         insuranceCardNumber: null,\n         insuranceProvider: null,\n         insuranceSubProvider: null,\n         policyNumber: null,\n         policyExpiryDate: null,\n         customFields: {\n           mobileNumber: \"97154366\",\n           workNumber: \"971124465337\",\n           insuranceDetails: \"\"\n         },\n     +   contactNumberMobile: String\n       }\n     })\n\nArgument `contactNumberMobile` must not be null.","timestamp":"2024-12-04T05:36:33.177Z"}
{"level":"info","message":{"action":"findUnique","duration":"13ms","model":"Patient"},"timestamp":"2024-12-04T05:38:59.072Z"}
{"level":"info","message":{"action":"findUnique","duration":"2ms","model":"Patient"},"timestamp":"2024-12-04T05:38:59.075Z"}
{"level":"info","message":{"action":"create","duration":"7ms","model":"Patient"},"timestamp":"2024-12-04T05:38:59.083Z"}
{"level":"info","message":"Patient registered: chanakaprasath456@gmail.com","timestamp":"2024-12-04T05:38:59.083Z"}
{"level":"info","message":{"action":"findUnique","duration":"12ms","model":"Patient"},"timestamp":"2024-12-04T06:04:02.313Z"}
{"level":"info","message":{"action":"findUnique","duration":"2ms","model":"Patient"},"timestamp":"2024-12-04T06:04:02.316Z"}
{"level":"info","message":{"action":"create","duration":"4ms","model":"Patient"},"timestamp":"2024-12-04T06:04:02.321Z"}
{"level":"info","message":"Patient registered: chanakaprasath456@gmail.com","timestamp":"2024-12-04T06:04:02.322Z"}
{"level":"info","message":{"action":"findUnique","duration":"10ms","model":"Patient"},"timestamp":"2024-12-04T06:07:47.954Z"}
{"level":"info","message":{"action":"findUnique","duration":"2ms","model":"Patient"},"timestamp":"2024-12-04T06:07:47.959Z"}
{"level":"info","message":{"action":"create","duration":"6ms","model":"Patient"},"timestamp":"2024-12-04T06:07:47.965Z"}
{"level":"info","message":"Patient registered: chanakaprasath456@gmail.com","timestamp":"2024-12-04T06:07:47.965Z"}
{"level":"info","message":{"action":"findFirst","duration":"101ms","model":"User"},"timestamp":"2024-12-04T06:11:28.748Z"}
{"level":"info","message":{"action":"update","duration":"63ms","model":"User"},"timestamp":"2024-12-04T06:11:28.890Z"}
{"level":"info","message":{"action":"findUnique","duration":"2ms","model":"User"},"timestamp":"2024-12-04T06:11:28.901Z"}
{"level":"info","message":{"action":"findMany","duration":"3ms","model":"Patient"},"timestamp":"2024-12-04T06:11:28.927Z"}
{"level":"info","message":"Fetched 1 patients from the database.","timestamp":"2024-12-04T06:11:28.928Z"}
{"level":"info","message":{"action":"findUnique","duration":"2ms","model":"Patient"},"timestamp":"2024-12-04T06:11:30.724Z"}
{"level":"info","message":"Fetched details for patient ID: cm49hkzqx0000xxxly18iznjp","timestamp":"2024-12-04T06:11:30.724Z"}
{"level":"info","message":{"action":"findUnique","duration":"25ms","model":"User"},"timestamp":"2024-12-04T06:25:36.266Z"}
{"level":"info","message":{"action":"update","duration":"4ms","model":"User"},"timestamp":"2024-12-04T06:25:36.271Z"}
{"level":"info","message":{"action":"findFirst","duration":"95ms","model":"User"},"timestamp":"2024-12-04T06:26:06.146Z"}
{"level":"info","message":{"action":"update","duration":"72ms","model":"User"},"timestamp":"2024-12-04T06:26:06.314Z"}
{"level":"info","message":{"action":"findUnique","duration":"1ms","model":"User"},"timestamp":"2024-12-04T06:26:41.402Z"}
{"level":"info","message":{"action":"update","duration":"3ms","model":"User"},"timestamp":"2024-12-04T06:26:41.406Z"}
{"level":"info","message":{"action":"findFirst","duration":"1ms","model":"User"},"timestamp":"2024-12-04T06:27:03.111Z"}
{"level":"info","message":{"action":"update","duration":"3ms","model":"User"},"timestamp":"2024-12-04T06:27:03.177Z"}
{"level":"info","message":{"action":"findUnique","duration":"13ms","model":"Patient"},"timestamp":"2024-12-04T06:35:45.716Z"}
{"level":"info","message":{"action":"findUnique","duration":"4ms","model":"Patient"},"timestamp":"2024-12-04T06:35:45.723Z"}
{"level":"info","message":{"action":"create","duration":"6ms","model":"Patient"},"timestamp":"2024-12-04T06:35:45.730Z"}
{"level":"info","message":"Patient registered: sample123@example.com","timestamp":"2024-12-04T06:35:45.731Z"}
{"level":"info","message":{"action":"findUnique","duration":"1ms","model":"Patient"},"timestamp":"2024-12-04T06:37:30.025Z"}
{"level":"info","message":{"action":"findUnique","duration":"1ms","model":"Patient"},"timestamp":"2024-12-04T06:37:30.027Z"}
{"level":"info","message":{"action":"create","duration":"3ms","model":"Patient"},"timestamp":"2024-12-04T06:37:30.031Z"}
{"level":"info","message":"Patient registered: chanakaprasath456@gmail.com","timestamp":"2024-12-04T06:37:30.031Z"}
{"level":"info","message":{"action":"findUnique","duration":"1ms","model":"Patient"},"timestamp":"2024-12-04T06:39:46.477Z"}
{"level":"info","message":{"action":"findUnique","duration":"1ms","model":"Patient"},"timestamp":"2024-12-04T06:39:46.479Z"}
{"level":"info","message":{"action":"create","duration":"3ms","model":"Patient"},"timestamp":"2024-12-04T06:39:46.483Z"}
{"level":"info","message":"Patient registered: chanakaprasath456@gmail.com","timestamp":"2024-12-04T06:39:46.483Z"}
{"level":"info","message":{"action":"findUnique","duration":"5ms","model":"Patient"},"timestamp":"2024-12-04T06:48:31.463Z"}
{"level":"info","message":{"action":"findUnique","duration":"2ms","model":"Patient"},"timestamp":"2024-12-04T06:48:31.465Z"}
{"level":"info","message":{"action":"create","duration":"4ms","model":"Patient"},"timestamp":"2024-12-04T06:48:31.469Z"}
{"level":"info","message":"Patient registered: chanakaprasath456@gmail.com","timestamp":"2024-12-04T06:48:31.470Z"}
{"level":"info","message":{"action":"findUnique","duration":"13ms","model":"Patient"},"timestamp":"2024-12-04T07:11:07.623Z"}
{"level":"info","message":{"action":"findUnique","duration":"2ms","model":"Patient"},"timestamp":"2024-12-04T07:11:07.627Z"}
{"level":"error","message":"Error during patient registration: \nInvalid `prisma.patient.create()` invocation in\nD:\\Projects\\user_authentication\\backend\\controllers\\patientRegisterController.js:79:49\n\n  76 \n  77 const normalizedGender = gender.charAt(0).toUpperCase() + gender.slice(1).toLowerCase();\n  78 \n→ 79 const newPatient = await prisma.patient.create({\n       data: {\n         fullName: \"RCP Rajapaksha\",\n         dateOfBirth: new Date(\"1999-07-23T00:00:00.000Z\"),\n         age: 25,\n         gender: \"Male\",\n         email: \"chanakaprasath456@gmail.com\",\n         maritalStatus: null,\n         visaType: null,\n         nationalId: \"992051060V\",\n         otherIdType: null,\n         otherIdValue: null,\n         contactNumberMobile: null,\n         contactNumberWork: null,\n         consultationType: \"General\",\n         doctorName: \"Dr. John Smith\",\n         appointmentDate: new Date(\"2024-12-04T00:00:00.000Z\"),\n         speciality: null,\n         consultationReason: null,\n         paymentType: \"cash\",\n         insurancePlan: null,\n         insuranceCardNumber: null,\n         insuranceProvider: null,\n         insuranceSubProvider: null,\n         policyNumber: null,\n         policyExpiryDate: null,\n         customFields: {\n           mobileNumber: \"94715264449\",\n           workNumber: \"94713435001\",\n           insuranceDetails: \"\",\n           customFields: {\n             fullName: \"RCP Rajapaksha\",\n             dateOfBirth: \"1999-07-23\",\n             gender: \"Male\",\n             email: \"chanakaprasath456@gmail.com\",\n             mobileNumber: \"94715264449\",\n             workNumber: \"94713435001\",\n             nationalId: \"992051060V\",\n             consultationType: \"General\",\n             doctorName: \"Dr. John Smith\",\n             appointmentDate: \"2024-12-04\"\n           }\n         },\n     +   nationality: String\n       }\n     })\n\nArgument `nationality` must not be null.","timestamp":"2024-12-04T07:11:07.688Z"}
{"level":"info","message":{"action":"findUnique","duration":"13ms","model":"Patient"},"timestamp":"2024-12-04T07:12:04.996Z"}
{"level":"info","message":{"action":"findUnique","duration":"5ms","model":"Patient"},"timestamp":"2024-12-04T07:12:05.003Z"}
{"level":"error","message":"Error during patient registration: \nInvalid `prisma.patient.create()` invocation in\nD:\\Projects\\user_authentication\\backend\\controllers\\patientRegisterController.js:79:49\n\n  76 \n  77 const normalizedGender = gender.charAt(0).toUpperCase() + gender.slice(1).toLowerCase();\n  78 \n→ 79 const newPatient = await prisma.patient.create({\n       data: {\n         fullName: \"RCP Rajapaksha\",\n         dateOfBirth: new Date(\"1999-07-23T00:00:00.000Z\"),\n         age: 25,\n         gender: \"Male\",\n         email: \"chanakaprasath456@gmail.com\",\n         maritalStatus: null,\n         visaType: null,\n         nationalId: \"992051060V\",\n         otherIdType: null,\n         otherIdValue: null,\n         contactNumberMobile: null,\n         contactNumberWork: null,\n         consultationType: \"General\",\n         doctorName: \"Dr. John Smith\",\n         appointmentDate: new Date(\"2024-12-04T00:00:00.000Z\"),\n         speciality: null,\n         consultationReason: null,\n         paymentType: \"cash\",\n         insurancePlan: null,\n         insuranceCardNumber: null,\n         insuranceProvider: null,\n         insuranceSubProvider: null,\n         policyNumber: null,\n         policyExpiryDate: null,\n         customFields: {\n           mobileNumber: \"94715264449\",\n           workNumber: \"94713435001\",\n           insuranceDetails: \"\",\n           customFields: {\n             fullName: \"RCP Rajapaksha\",\n             dateOfBirth: \"1999-07-23\",\n             gender: \"Male\",\n             email: \"chanakaprasath456@gmail.com\",\n             mobileNumber: \"94715264449\",\n             workNumber: \"94713435001\",\n             nationalId: \"992051060V\",\n             consultationType: \"General\",\n             doctorName: \"Dr. John Smith\",\n             appointmentDate: \"2024-12-04\"\n           }\n         },\n     +   nationality: String\n       }\n     })\n\nArgument `nationality` must not be null.","timestamp":"2024-12-04T07:12:05.017Z"}
{"level":"info","message":{"action":"findUnique","duration":"2ms","model":"Patient"},"timestamp":"2024-12-04T07:12:47.983Z"}
{"level":"info","message":{"action":"findUnique","duration":"2ms","model":"Patient"},"timestamp":"2024-12-04T07:12:47.985Z"}
{"level":"error","message":"Error during patient registration: \nInvalid `prisma.patient.create()` invocation in\nD:\\Projects\\user_authentication\\backend\\controllers\\patientRegisterController.js:79:49\n\n  76 \n  77 const normalizedGender = gender.charAt(0).toUpperCase() + gender.slice(1).toLowerCase();\n  78 \n→ 79 const newPatient = await prisma.patient.create({\n       data: {\n         fullName: \"RCP Rajapaksha\",\n         dateOfBirth: new Date(\"2024-12-04T00:00:00.000Z\"),\n         age: 0,\n         gender: \"Male\",\n         email: \"chanakaprasath456@gmail.com\",\n         maritalStatus: null,\n         visaType: null,\n         nationalId: \"992051060V\",\n         otherIdType: null,\n         otherIdValue: null,\n         contactNumberMobile: null,\n         contactNumberWork: null,\n         consultationType: \"Specialist\",\n         doctorName: \"Dr. Sarah Connor\",\n         appointmentDate: new Date(\"2024-12-03T00:00:00.000Z\"),\n         speciality: null,\n         consultationReason: null,\n         paymentType: \"cash\",\n         insurancePlan: null,\n         insuranceCardNumber: null,\n         insuranceProvider: null,\n         insuranceSubProvider: null,\n         policyNumber: null,\n         policyExpiryDate: null,\n         customFields: {\n           mobileNumber: \"9713423524245\",\n           workNumber: \"9712431435\",\n           insuranceDetails: \"\",\n           customFields: {\n             fullName: \"RCP Rajapaksha\",\n             dateOfBirth: \"2024-12-04\",\n             gender: \"Male\",\n             email: \"chanakaprasath456@gmail.com\",\n             mobileNumber: \"9713423524245\",\n             workNumber: \"9712431435\",\n             nationalId: \"992051060V\",\n             consultationType: \"Specialist\",\n             doctorName: \"Dr. Sarah Connor\",\n             appointmentDate: \"2024-12-03\"\n           }\n         },\n     +   nationality: String\n       }\n     })\n\nArgument `nationality` must not be null.","timestamp":"2024-12-04T07:12:47.992Z"}
{"level":"info","message":{"action":"findUnique","duration":"8ms","model":"Patient"},"timestamp":"2024-12-04T07:16:50.085Z"}
{"level":"info","message":{"action":"findUnique","duration":"3ms","model":"Patient"},"timestamp":"2024-12-04T07:16:50.088Z"}
{"level":"error","message":"Error during patient registration: \nInvalid `prisma.patient.create()` invocation in\nD:\\Projects\\user_authentication\\backend\\controllers\\patientRegisterController.js:79:49\n\n  76 \n  77 const normalizedGender = gender.charAt(0).toUpperCase() + gender.slice(1).toLowerCase();\n  78 \n→ 79 const newPatient = await prisma.patient.create({\n       data: {\n         fullName: \"RCP Rajapaksha\",\n         dateOfBirth: new Date(\"2024-12-04T00:00:00.000Z\"),\n         age: 0,\n         gender: \"Male\",\n         email: \"chanakaprasath456@gmail.com\",\n         maritalStatus: null,\n         visaType: null,\n         nationalId: \"992051060V\",\n         otherIdType: null,\n         otherIdValue: null,\n         contactNumberMobile: null,\n         contactNumberWork: null,\n         consultationType: \"Specialist\",\n         doctorName: \"Dr. Sarah Connor\",\n         appointmentDate: new Date(\"2024-12-03T00:00:00.000Z\"),\n         speciality: null,\n         consultationReason: null,\n         paymentType: \"cash\",\n         insurancePlan: null,\n         insuranceCardNumber: null,\n         insuranceProvider: null,\n         insuranceSubProvider: null,\n         policyNumber: null,\n         policyExpiryDate: null,\n         customFields: {\n           mobileNumber: \"9713423524245\",\n           workNumber: \"9712431435\",\n           insuranceDetails: \"\",\n           customFields: {\n             fullName: \"RCP Rajapaksha\",\n             dateOfBirth: \"2024-12-04\",\n             gender: \"Male\",\n             email: \"chanakaprasath456@gmail.com\",\n             mobileNumber: \"9713423524245\",\n             workNumber: \"9712431435\",\n             nationalId: \"992051060V\",\n             consultationType: \"Specialist\",\n             doctorName: \"Dr. Sarah Connor\",\n             appointmentDate: \"2024-12-03\"\n           }\n         },\n     +   nationality: String\n       }\n     })\n\nArgument `nationality` must not be null.","timestamp":"2024-12-04T07:16:50.097Z"}
{"level":"info","message":{"action":"findUnique","duration":"2ms","model":"Patient"},"timestamp":"2024-12-04T07:17:31.946Z"}
{"level":"info","message":{"action":"findUnique","duration":"1ms","model":"Patient"},"timestamp":"2024-12-04T07:17:31.948Z"}
{"level":"error","message":"Error during patient registration: \nInvalid `prisma.patient.create()` invocation in\nD:\\Projects\\user_authentication\\backend\\controllers\\patientRegisterController.js:79:49\n\n  76 \n  77 const normalizedGender = gender.charAt(0).toUpperCase() + gender.slice(1).toLowerCase();\n  78 \n→ 79 const newPatient = await prisma.patient.create({\n       data: {\n         fullName: \"RCP Rajapaksha\",\n         dateOfBirth: new Date(\"2010-07-08T00:00:00.000Z\"),\n         age: 14,\n         gender: \"Male\",\n         email: \"chanakaprasath456@gmail.com\",\n         maritalStatus: null,\n         visaType: null,\n         nationalId: \"992051060V\",\n         otherIdType: null,\n         otherIdValue: null,\n         contactNumberMobile: null,\n         contactNumberWork: null,\n         consultationType: \"General\",\n         doctorName: \"Dr. John Smith\",\n         appointmentDate: new Date(\"2024-12-04T00:00:00.000Z\"),\n         speciality: null,\n         consultationReason: null,\n         paymentType: \"cash\",\n         insurancePlan: null,\n         insuranceCardNumber: null,\n         insuranceProvider: null,\n         insuranceSubProvider: null,\n         policyNumber: null,\n         policyExpiryDate: null,\n         customFields: {\n           mobileNumber: \"9717272381\",\n           workNumber: \"9717339891\",\n           insuranceDetails: \"\",\n           customFields: {\n             fullName: \"RCP Rajapaksha\",\n             dateOfBirth: \"2010-07-08\",\n             gender: \"Male\",\n             email: \"chanakaprasath456@gmail.com\",\n             mobileNumber: \"9717272381\",\n             workNumber: \"9717339891\",\n             nationalId: \"992051060V\",\n             consultationType: \"General\",\n             doctorName: \"Dr. John Smith\",\n             appointmentDate: \"2024-12-04\"\n           }\n         },\n     +   nationality: String\n       }\n     })\n\nArgument `nationality` must not be null.","timestamp":"2024-12-04T07:17:32.032Z"}
{"level":"info","message":{"action":"findFirst","duration":"495ms","model":"User"},"timestamp":"2024-12-04T11:09:25.977Z"}
{"level":"info","message":{"action":"findFirst","duration":"22ms","model":"User"},"timestamp":"2024-12-04T11:09:59.463Z"}
{"level":"info","message":{"action":"findFirst","duration":"1ms","model":"User"},"timestamp":"2024-12-04T11:10:29.879Z"}
{"level":"info","message":{"action":"findUnique","duration":"19ms","model":"User"},"timestamp":"2024-12-04T11:10:43.654Z"}
{"level":"info","message":{"action":"update","duration":"53ms","model":"User"},"timestamp":"2024-12-04T11:10:43.707Z"}
{"level":"info","message":{"action":"findFirst","duration":"173ms","model":"User"},"timestamp":"2024-12-04T11:11:11.212Z"}
{"level":"info","message":{"action":"findFirst","duration":"2ms","model":"User"},"timestamp":"2024-12-04T11:11:25.348Z"}
{"level":"info","message":{"action":"update","duration":"38ms","model":"User"},"timestamp":"2024-12-04T11:11:25.472Z"}
{"level":"info","message":{"action":"findFirst","duration":"2ms","model":"User"},"timestamp":"2024-12-04T11:11:43.184Z"}
{"level":"info","message":{"action":"update","duration":"6ms","model":"User"},"timestamp":"2024-12-04T11:11:43.253Z"}
{"level":"info","message":{"action":"findFirst","duration":"33ms","model":"User"},"timestamp":"2024-12-04T11:14:46.963Z"}
{"level":"info","message":{"action":"update","duration":"4ms","model":"User"},"timestamp":"2024-12-04T11:14:47.028Z"}
{"level":"info","message":{"action":"findUnique","duration":"1ms","model":"User"},"timestamp":"2024-12-04T11:14:47.040Z"}
{"level":"info","message":{"action":"findMany","duration":"22ms","model":"Patient"},"timestamp":"2024-12-04T11:14:47.249Z"}
{"level":"info","message":"Fetched 0 patients from the database.","timestamp":"2024-12-04T11:14:47.250Z"}
{"level":"info","message":{"action":"findMany","duration":"2ms","model":"Patient"},"timestamp":"2024-12-04T11:15:16.671Z"}
{"level":"info","message":"Fetched 0 patients from the database.","timestamp":"2024-12-04T11:15:16.671Z"}
{"level":"info","message":{"action":"findMany","duration":"2ms","model":"Patient"},"timestamp":"2024-12-04T11:15:16.811Z"}
{"level":"info","message":"Fetched 0 patients from the database.","timestamp":"2024-12-04T11:15:16.811Z"}
{"level":"info","message":{"action":"findFirst","duration":"635ms","model":"User"},"timestamp":"2024-12-04T14:55:03.027Z"}
{"level":"info","message":{"action":"findFirst","duration":"107ms","model":"User"},"timestamp":"2024-12-04T15:10:18.661Z"}
{"level":"info","message":{"action":"findFirst","duration":"1ms","model":"User"},"timestamp":"2024-12-04T15:10:29.540Z"}
{"level":"info","message":{"action":"update","duration":"329ms","model":"User"},"timestamp":"2024-12-04T15:10:29.939Z"}
{"level":"info","message":{"action":"findUnique","duration":"1ms","model":"User"},"timestamp":"2024-12-04T15:10:29.949Z"}
{"level":"info","message":{"action":"findMany","duration":"4ms","model":"Patient"},"timestamp":"2024-12-04T15:10:30.104Z"}
{"level":"info","message":"Fetched 0 patients from the database.","timestamp":"2024-12-04T15:10:30.104Z"}
{"level":"info","message":{"action":"findFirst","duration":"1ms","model":"User"},"timestamp":"2024-12-04T15:10:59.416Z"}
{"level":"info","message":{"action":"update","duration":"4ms","model":"User"},"timestamp":"2024-12-04T15:10:59.483Z"}
{"level":"info","message":{"action":"findUnique","duration":"1ms","model":"User"},"timestamp":"2024-12-04T15:10:59.491Z"}
{"level":"info","message":{"action":"findMany","duration":"2ms","model":"Patient"},"timestamp":"2024-12-04T15:10:59.509Z"}
{"level":"info","message":"Fetched 0 patients from the database.","timestamp":"2024-12-04T15:10:59.509Z"}
{"level":"info","message":{"action":"findFirst","duration":"2ms","model":"User"},"timestamp":"2024-12-04T15:11:01.059Z"}
{"level":"info","message":{"action":"update","duration":"109ms","model":"User"},"timestamp":"2024-12-04T15:11:01.168Z"}
{"level":"info","message":{"action":"findFirst","duration":"32ms","model":"User"},"timestamp":"2024-12-04T15:25:16.320Z"}
{"level":"info","message":{"action":"update","duration":"42ms","model":"User"},"timestamp":"2024-12-04T15:25:16.430Z"}
{"level":"info","message":{"action":"findUnique","duration":"1ms","model":"User"},"timestamp":"2024-12-04T15:25:16.438Z"}
{"level":"info","message":{"action":"findMany","duration":"2ms","model":"Patient"},"timestamp":"2024-12-04T15:25:16.455Z"}
{"level":"info","message":"Fetched 0 patients from the database.","timestamp":"2024-12-04T15:25:16.455Z"}
